Sender: LSF System <hpcadmin@node04>
Subject: Job 22100: <./fibonacci.o 10 12 1> Exited

Job <./fibonacci.o 10 12 1> was submitted from host <head1> by user <kmd14> in cluster <head1_cluster1>.
Job was executed on host(s) <12*node04>, in queue <medium_priority>, as user <kmd14> in cluster <head1_cluster1>.
</gpfs1/kmd14> was used as the home directory.
</gpfs1/kmd14/297M/Assignments/Assignment 4/Problem 2> was used as the working directory.
Started at Thu Apr 24 15:29:00 2014
Results reported at Thu Apr 24 15:29:00 2014

Your job looked like:

------------------------------------------------------------
# LSBATCH: User input
./fibonacci.o 10 12 1
------------------------------------------------------------

Exited with exit code 49.

Resource usage summary:

    CPU time   :      0.03 sec.
    Max Memory :         1 MB
    Max Swap   :        30 MB

    Max Processes  :         1
    Max Threads    :         1

The output (if any) follows:

0.001573,10,12,1,kinan
Fibonacci Number 10 is: 55Sender: LSF System <hpcadmin@node02>
Subject: Job 22091: <./fibonacci.o 10 2 1> Exited

Job <./fibonacci.o 10 2 1> was submitted from host <head1> by user <kmd14> in cluster <head1_cluster1>.
Job was executed on host(s) <2*node02>, in queue <medium_priority>, as user <kmd14> in cluster <head1_cluster1>.
</gpfs1/kmd14> was used as the home directory.
</gpfs1/kmd14/297M/Assignments/Assignment 4/Problem 2> was used as the working directory.
Started at Thu Apr 24 15:29:00 2014
Results reported at Thu Apr 24 15:29:00 2014

Your job looked like:

------------------------------------------------------------
# LSBATCH: User input
./fibonacci.o 10 2 1
------------------------------------------------------------

Exited with exit code 48.

Resource usage summary:

    CPU time   :      0.02 sec.
    Max Memory :         1 MB
    Max Swap   :        30 MB

    Max Processes  :         1
    Max Threads    :         1

The output (if any) follows:

0.000268,10,2,1,kinan
Fibonacci Number 10 is: 55Sender: LSF System <hpcadmin@node02>
Subject: Job 22088: <./fibonacci.o 10 1 1> Exited

Job <./fibonacci.o 10 1 1> was submitted from host <head1> by user <kmd14> in cluster <head1_cluster1>.
Job was executed on host(s) <node02>, in queue <medium_priority>, as user <kmd14> in cluster <head1_cluster1>.
</gpfs1/kmd14> was used as the home directory.
</gpfs1/kmd14/297M/Assignments/Assignment 4/Problem 2> was used as the working directory.
Started at Thu Apr 24 15:29:00 2014
Results reported at Thu Apr 24 15:29:00 2014

Your job looked like:

------------------------------------------------------------
# LSBATCH: User input
./fibonacci.o 10 1 1
------------------------------------------------------------

Exited with exit code 48.

Resource usage summary:

    CPU time   :      0.02 sec.
    Max Memory :         1 MB
    Max Swap   :        30 MB

    Max Processes  :         1
    Max Threads    :         1

The output (if any) follows:

0.000159,10,1,1,kinan
Fibonacci Number 10 is: 55Sender: LSF System <hpcadmin@node01>
Subject: Job 22097: <./fibonacci.o 10 8 1> Exited

Job <./fibonacci.o 10 8 1> was submitted from host <head1> by user <kmd14> in cluster <head1_cluster1>.
Job was executed on host(s) <8*node01>, in queue <medium_priority>, as user <kmd14> in cluster <head1_cluster1>.
</gpfs1/kmd14> was used as the home directory.
</gpfs1/kmd14/297M/Assignments/Assignment 4/Problem 2> was used as the working directory.
Started at Thu Apr 24 15:29:00 2014
Results reported at Thu Apr 24 15:29:00 2014

Your job looked like:

------------------------------------------------------------
# LSBATCH: User input
./fibonacci.o 10 8 1
------------------------------------------------------------

Exited with exit code 48.

Resource usage summary:

    CPU time   :      0.02 sec.
    Max Memory :         1 MB
    Max Swap   :        30 MB

    Max Processes  :         1
    Max Threads    :         1

The output (if any) follows:

0.000962,10,8,1,kinan
Fibonacci Number 10 is: 55Sender: LSF System <hpcadmin@node02>
Subject: Job 22094: <./fibonacci.o 10 4 1> Exited

Job <./fibonacci.o 10 4 1> was submitted from host <head1> by user <kmd14> in cluster <head1_cluster1>.
Job was executed on host(s) <4*node02>, in queue <medium_priority>, as user <kmd14> in cluster <head1_cluster1>.
</gpfs1/kmd14> was used as the home directory.
</gpfs1/kmd14/297M/Assignments/Assignment 4/Problem 2> was used as the working directory.
Started at Thu Apr 24 15:29:00 2014
Results reported at Thu Apr 24 15:29:00 2014

Your job looked like:

------------------------------------------------------------
# LSBATCH: User input
./fibonacci.o 10 4 1
------------------------------------------------------------

Exited with exit code 48.

Resource usage summary:

    CPU time   :      0.01 sec.
    Max Memory :         1 MB
    Max Swap   :        30 MB

    Max Processes  :         1
    Max Threads    :         1

The output (if any) follows:

0.000673,10,4,1,kinan
Fibonacci Number 10 is: 55Sender: LSF System <hpcadmin@node02>
Subject: Job 22103: <./fibonacci.o 25 1 1> Exited

Job <./fibonacci.o 25 1 1> was submitted from host <head1> by user <kmd14> in cluster <head1_cluster1>.
Job was executed on host(s) <node02>, in queue <medium_priority>, as user <kmd14> in cluster <head1_cluster1>.
</gpfs1/kmd14> was used as the home directory.
</gpfs1/kmd14/297M/Assignments/Assignment 4/Problem 2> was used as the working directory.
Started at Thu Apr 24 15:29:00 2014
Results reported at Thu Apr 24 15:29:00 2014

Your job looked like:

------------------------------------------------------------
# LSBATCH: User input
./fibonacci.o 25 1 1
------------------------------------------------------------

Exited with exit code 51.

Resource usage summary:

    CPU time   :      0.05 sec.
    Max Memory :         1 MB
    Max Swap   :        30 MB

    Max Processes  :         1
    Max Threads    :         1

The output (if any) follows:

0.032835,25,1,1,kinan
Fibonacci Number 25 is: 75025Sender: LSF System <hpcadmin@node02>
Subject: Job 22106: <./fibonacci.o 25 2 1> Exited

Job <./fibonacci.o 25 2 1> was submitted from host <head1> by user <kmd14> in cluster <head1_cluster1>.
Job was executed on host(s) <2*node02>, in queue <medium_priority>, as user <kmd14> in cluster <head1_cluster1>.
</gpfs1/kmd14> was used as the home directory.
</gpfs1/kmd14/297M/Assignments/Assignment 4/Problem 2> was used as the working directory.
Started at Thu Apr 24 15:29:01 2014
Results reported at Thu Apr 24 15:29:04 2014

Your job looked like:

------------------------------------------------------------
# LSBATCH: User input
./fibonacci.o 25 2 1
------------------------------------------------------------

Exited with exit code 51.

Resource usage summary:

    CPU time   :      0.21 sec.
    Max Memory :         1 MB
    Max Swap   :        30 MB

    Max Processes  :         1
    Max Threads    :         1

The output (if any) follows:

0.097496,25,2,1,kinan
Fibonacci Number 25 is: 75025Sender: LSF System <hpcadmin@node02>
Subject: Job 22109: <./fibonacci.o 25 4 1> Exited

Job <./fibonacci.o 25 4 1> was submitted from host <head1> by user <kmd14> in cluster <head1_cluster1>.
Job was executed on host(s) <4*node02>, in queue <medium_priority>, as user <kmd14> in cluster <head1_cluster1>.
</gpfs1/kmd14> was used as the home directory.
</gpfs1/kmd14/297M/Assignments/Assignment 4/Problem 2> was used as the working directory.
Started at Thu Apr 24 15:29:01 2014
Results reported at Thu Apr 24 15:29:04 2014

Your job looked like:

------------------------------------------------------------
# LSBATCH: User input
./fibonacci.o 25 4 1
------------------------------------------------------------

Exited with exit code 51.

Resource usage summary:

    CPU time   :      0.52 sec.
    Max Memory :         1 MB
    Max Swap   :        30 MB

    Max Processes  :         1
    Max Threads    :         1

The output (if any) follows:

0.126526,25,4,1,kinan
Fibonacci Number 25 is: 75025Sender: LSF System <hpcadmin@node01>
Subject: Job 22112: <./fibonacci.o 25 8 1> Exited

Job <./fibonacci.o 25 8 1> was submitted from host <head1> by user <kmd14> in cluster <head1_cluster1>.
Job was executed on host(s) <8*node01>, in queue <medium_priority>, as user <kmd14> in cluster <head1_cluster1>.
</gpfs1/kmd14> was used as the home directory.
</gpfs1/kmd14/297M/Assignments/Assignment 4/Problem 2> was used as the working directory.
Started at Thu Apr 24 15:29:01 2014
Results reported at Thu Apr 24 15:29:04 2014

Your job looked like:

------------------------------------------------------------
# LSBATCH: User input
./fibonacci.o 25 8 1
------------------------------------------------------------

Exited with exit code 51.

Resource usage summary:

    CPU time   :      2.57 sec.
    Max Memory :         1 MB
    Max Swap   :        30 MB

    Max Processes  :         1
    Max Threads    :         1

The output (if any) follows:

0.433390,25,8,1,kinan
Fibonacci Number 25 is: 75025Sender: LSF System <hpcadmin@node04>
Subject: Job 22115: <./fibonacci.o 25 12 1> Exited

Job <./fibonacci.o 25 12 1> was submitted from host <head1> by user <kmd14> in cluster <head1_cluster1>.
Job was executed on host(s) <12*node04>, in queue <medium_priority>, as user <kmd14> in cluster <head1_cluster1>.
</gpfs1/kmd14> was used as the home directory.
</gpfs1/kmd14/297M/Assignments/Assignment 4/Problem 2> was used as the working directory.
Started at Thu Apr 24 15:29:01 2014
Results reported at Thu Apr 24 15:29:04 2014

Your job looked like:

------------------------------------------------------------
# LSBATCH: User input
./fibonacci.o 25 12 1
------------------------------------------------------------

Exited with exit code 52.

Resource usage summary:

    CPU time   :      4.56 sec.
    Max Memory :         1 MB
    Max Swap   :        30 MB

    Max Processes  :         1
    Max Threads    :         1

The output (if any) follows:

0.561682,25,12,1,kinan
Fibonacci Number 25 is: 75025Sender: LSF System <hpcadmin@node01>
Subject: Job 22118: <./fibonacci.o 50 1 1> Exited

Job <./fibonacci.o 50 1 1> was submitted from host <head1> by user <kmd14> in cluster <head1_cluster1>.
Job was executed on host(s) <node01>, in queue <medium_priority>, as user <kmd14> in cluster <head1_cluster1>.
</gpfs1/kmd14> was used as the home directory.
</gpfs1/kmd14/297M/Assignments/Assignment 4/Problem 2> was used as the working directory.
Started at Thu Apr 24 15:29:01 2014
Results reported at Thu Apr 24 16:35:03 2014

Your job looked like:

------------------------------------------------------------
# LSBATCH: User input
./fibonacci.o 50 1 1
------------------------------------------------------------

Exited with exit code 59.

Resource usage summary:

    CPU time   :   3960.58 sec.
    Max Memory :         1 MB
    Max Swap   :       130 MB

    Max Processes  :         3
    Max Threads    :         4

The output (if any) follows:

3959.850653,50,1,1,kinan
Fibonacci Number 50 is: -298632863Sender: LSF System <hpcadmin@node04>
Subject: Job 22121: <./fibonacci.o 50 2 1> Exited

Job <./fibonacci.o 50 2 1> was submitted from host <head1> by user <kmd14> in cluster <head1_cluster1>.
Job was executed on host(s) <2*node04>, in queue <medium_priority>, as user <kmd14> in cluster <head1_cluster1>.
</gpfs1/kmd14> was used as the home directory.
</gpfs1/kmd14/297M/Assignments/Assignment 4/Problem 2> was used as the working directory.
Started at Thu Apr 24 15:29:01 2014
Results reported at Thu Apr 24 18:15:47 2014

Your job looked like:

------------------------------------------------------------
# LSBATCH: User input
./fibonacci.o 50 2 1
------------------------------------------------------------

TERM_OWNER: job killed by owner.
Exited with exit code 130.

Resource usage summary:

    CPU time   :  19988.88 sec.
    Max Memory :         1 MB
    Max Swap   :       196 MB

    Max Processes  :         3
    Max Threads    :         5

The output (if any) follows:

Sender: LSF System <hpcadmin@node11>
Subject: Job 22124: <./fibonacci.o 50 4 1> Exited

Job <./fibonacci.o 50 4 1> was submitted from host <head1> by user <kmd14> in cluster <head1_cluster1>.
Job was executed on host(s) <4*node11>, in queue <medium_priority>, as user <kmd14> in cluster <head1_cluster1>.
</gpfs1/kmd14> was used as the home directory.
</gpfs1/kmd14/297M/Assignments/Assignment 4/Problem 2> was used as the working directory.
Started at Thu Apr 24 15:29:01 2014
Results reported at Thu Apr 24 18:15:47 2014

Your job looked like:

------------------------------------------------------------
# LSBATCH: User input
./fibonacci.o 50 4 1
------------------------------------------------------------

TERM_OWNER: job killed by owner.
Exited with exit code 130.

Resource usage summary:

    CPU time   :  29973.16 sec.
    Max Memory :         1 MB
    Max Swap   :       328 MB

    Max Processes  :         3
    Max Threads    :         7

The output (if any) follows:

Sender: LSF System <hpcadmin@node13>
Subject: Job 22127: <./fibonacci.o 50 8 1> Exited

Job <./fibonacci.o 50 8 1> was submitted from host <head1> by user <kmd14> in cluster <head1_cluster1>.
Job was executed on host(s) <8*node13>, in queue <medium_priority>, as user <kmd14> in cluster <head1_cluster1>.
</gpfs1/kmd14> was used as the home directory.
</gpfs1/kmd14/297M/Assignments/Assignment 4/Problem 2> was used as the working directory.
Started at Thu Apr 24 15:29:01 2014
Results reported at Thu Apr 24 18:15:47 2014

Your job looked like:

------------------------------------------------------------
# LSBATCH: User input
./fibonacci.o 50 8 1
------------------------------------------------------------

TERM_OWNER: job killed by owner.
Exited with exit code 130.

Resource usage summary:

    CPU time   :  49954.69 sec.
    Max Memory :         1 MB
    Max Swap   :       592 MB

    Max Processes  :         3
    Max Threads    :        11

The output (if any) follows:

Sender: LSF System <hpcadmin@node14>
Subject: Job 22130: <./fibonacci.o 50 12 1> Exited

Job <./fibonacci.o 50 12 1> was submitted from host <head1> by user <kmd14> in cluster <head1_cluster1>.
Job was executed on host(s) <12*node14>, in queue <medium_priority>, as user <kmd14> in cluster <head1_cluster1>.
</gpfs1/kmd14> was used as the home directory.
</gpfs1/kmd14/297M/Assignments/Assignment 4/Problem 2> was used as the working directory.
Started at Thu Apr 24 15:29:01 2014
Results reported at Thu Apr 24 18:15:47 2014

Your job looked like:

------------------------------------------------------------
# LSBATCH: User input
./fibonacci.o 50 12 1
------------------------------------------------------------

TERM_OWNER: job killed by owner.
Exited with exit code 130.

Resource usage summary:

    CPU time   :  69931.23 sec.
    Max Memory :         1 MB
    Max Swap   :       856 MB

    Max Processes  :         3
    Max Threads    :        15

The output (if any) follows:

