Sender: LSF System <hpcadmin@node01>
Subject: Job 21270: <./fibonacci.o 14 4 0> Exited

Job <./fibonacci.o 14 4 0> was submitted from host <head1> by user <kmd14> in cluster <head1_cluster1>.
Job was executed on host(s) <4*node01>, in queue <medium_priority>, as user <kmd14> in cluster <head1_cluster1>.
</gpfs1/kmd14> was used as the home directory.
</gpfs1/kmd14/297M/Assignments/Assignment 4/Problem 2> was used as the working directory.
Started at Tue Apr 22 11:29:15 2014
Results reported at Tue Apr 22 11:29:15 2014

Your job looked like:

------------------------------------------------------------
# LSBATCH: User input
./fibonacci.o 14 4 0
------------------------------------------------------------

Exited with exit code 139.

Resource usage summary:

    CPU time   :      0.02 sec.
    Max Memory :         1 MB
    Max Swap   :        30 MB

    Max Processes  :         1
    Max Threads    :         1

The output (if any) follows:

/gpfs1/kmd14/.lsbatch/1398155353.21270: line 8: 14240 Segmentation fault      (core dumped) ./fibonacci.o 14 4 0
