Sender: LSF System <hpcadmin@node16>
Subject: Job 16336: <./sharedcilk --stats 1 --nproc 1 10000> Done

Job <./sharedcilk --stats 1 --nproc 1 10000> was submitted from host <head1> by user <kmd14> in cluster <head1_cluster1>.
Job was executed on host(s) <node16>, in queue <medium_priority>, as user <kmd14> in cluster <head1_cluster1>.
</gpfs1/kmd14> was used as the home directory.
</gpfs1/kmd14/297M/Assignments/ExtraGrades/mergesort> was used as the working directory.
Started at Wed Apr 16 02:29:53 2014
Results reported at Wed Apr 16 02:30:03 2014

Your job looked like:

------------------------------------------------------------
# LSBATCH: User input
./sharedcilk --stats 1 --nproc 1 10000
------------------------------------------------------------

Successfully completed.

Resource usage summary:

    CPU time   :      0.01 sec.
    Max Memory :         1 MB
    Max Swap   :        30 MB

    Max Processes  :         1
    Max Threads    :         1

The output (if any) follows:


RUNTIME SYSTEM STATISTICS:

Wall-clock running time on 1 processor: 4.171000 ms
Total work = 3.763000 ms
Total work (accumulated) = 3.732000 ms
Span = 1.066000 ms
Parallelism = 3.500938
[Realtime]	 0.003081
[Clocktime]	 0.000000
Sender: LSF System <hpcadmin@node16>
Subject: Job 16337: <./sharedcilk --stats 1 --nproc 1 1000000> Done

Job <./sharedcilk --stats 1 --nproc 1 1000000> was submitted from host <head1> by user <kmd14> in cluster <head1_cluster1>.
Job was executed on host(s) <node16>, in queue <medium_priority>, as user <kmd14> in cluster <head1_cluster1>.
</gpfs1/kmd14> was used as the home directory.
</gpfs1/kmd14/297M/Assignments/ExtraGrades/mergesort> was used as the working directory.
Started at Wed Apr 16 02:29:53 2014
Results reported at Wed Apr 16 02:30:03 2014

Your job looked like:

------------------------------------------------------------
# LSBATCH: User input
./sharedcilk --stats 1 --nproc 1 1000000
------------------------------------------------------------

Successfully completed.

Resource usage summary:

    CPU time   :      0.29 sec.
    Max Memory :         1 MB
    Max Swap   :        30 MB

    Max Processes  :         1
    Max Threads    :         1

The output (if any) follows:


RUNTIME SYSTEM STATISTICS:

Wall-clock running time on 1 processor: 277.838000 ms
Total work = 277.340000 ms
Total work (accumulated) = 277.116000 ms
Span = 50.713000 ms
Parallelism = 5.464398
[Realtime]	 0.241665
[Clocktime]	 0.240000
Sender: LSF System <hpcadmin@node16>
Subject: Job 16338: <./sharedcilk --stats 1 --nproc 1 100000000> Done

Job <./sharedcilk --stats 1 --nproc 1 100000000> was submitted from host <head1> by user <kmd14> in cluster <head1_cluster1>.
Job was executed on host(s) <node16>, in queue <medium_priority>, as user <kmd14> in cluster <head1_cluster1>.
</gpfs1/kmd14> was used as the home directory.
</gpfs1/kmd14/297M/Assignments/ExtraGrades/mergesort> was used as the working directory.
Started at Wed Apr 16 02:29:53 2014
Results reported at Wed Apr 16 02:30:21 2014

Your job looked like:

------------------------------------------------------------
# LSBATCH: User input
./sharedcilk --stats 1 --nproc 1 100000000
------------------------------------------------------------

Successfully completed.

Resource usage summary:

    CPU time   :     24.88 sec.
    Max Memory :       459 MB
    Max Swap   :       960 MB

    Max Processes  :         3
    Max Threads    :         5

The output (if any) follows:


RUNTIME SYSTEM STATISTICS:

Wall-clock running time on 1 processor: 24.925115 s
Total work = 24.924513 s
Total work (accumulated) = 24.901802 s
Span = 3.539696 s
Parallelism = 7.035011
[Realtime]	 22.755483
[Clocktime]	 22.760000
Sender: LSF System <hpcadmin@node16>
Subject: Job 16339: <./sharedcilk --stats 1 --nproc 1 200000000> Done

Job <./sharedcilk --stats 1 --nproc 1 200000000> was submitted from host <head1> by user <kmd14> in cluster <head1_cluster1>.
Job was executed on host(s) <node16>, in queue <medium_priority>, as user <kmd14> in cluster <head1_cluster1>.
</gpfs1/kmd14> was used as the home directory.
</gpfs1/kmd14/297M/Assignments/ExtraGrades/mergesort> was used as the working directory.
Started at Wed Apr 16 02:29:53 2014
Results reported at Wed Apr 16 02:30:47 2014

Your job looked like:

------------------------------------------------------------
# LSBATCH: User input
./sharedcilk --stats 1 --nproc 1 200000000
------------------------------------------------------------

Successfully completed.

Resource usage summary:

    CPU time   :     50.29 sec.
    Max Memory :       801 MB
    Max Swap   :      1722 MB

    Max Processes  :         3
    Max Threads    :         5

The output (if any) follows:


RUNTIME SYSTEM STATISTICS:

Wall-clock running time on 1 processor: 50.355652 s
Total work = 50.355250 s
Total work (accumulated) = 50.312264 s
Span = 6.939909 s
Parallelism = 7.249701
[Realtime]	 46.071269
[Clocktime]	 46.060000
Sender: LSF System <hpcadmin@node16>
Subject: Job 16340: <./sharedcilk --stats 1 --nproc 1 400000000> Done

Job <./sharedcilk --stats 1 --nproc 1 400000000> was submitted from host <head1> by user <kmd14> in cluster <head1_cluster1>.
Job was executed on host(s) <node16>, in queue <medium_priority>, as user <kmd14> in cluster <head1_cluster1>.
</gpfs1/kmd14> was used as the home directory.
</gpfs1/kmd14/297M/Assignments/ExtraGrades/mergesort> was used as the working directory.
Started at Wed Apr 16 02:29:53 2014
Results reported at Wed Apr 16 02:31:40 2014

Your job looked like:

------------------------------------------------------------
# LSBATCH: User input
./sharedcilk --stats 1 --nproc 1 400000000
------------------------------------------------------------

Successfully completed.

Resource usage summary:

    CPU time   :    102.90 sec.
    Max Memory :      3052 MB
    Max Swap   :      3248 MB

    Max Processes  :         3
    Max Threads    :         5

The output (if any) follows:


RUNTIME SYSTEM STATISTICS:

Wall-clock running time on 1 processor: 103.545458 s
Total work = 103.540867 s
Total work (accumulated) = 103.454146 s
Span = 14.851709 s
Parallelism = 6.965808
[Realtime]	 94.890090
[Clocktime]	 94.380000
Sender: LSF System <hpcadmin@node16>
Subject: Job 16341: <./sharedcilk --stats 1 --nproc 1 500000000> Done

Job <./sharedcilk --stats 1 --nproc 1 500000000> was submitted from host <head1> by user <kmd14> in cluster <head1_cluster1>.
Job was executed on host(s) <node16>, in queue <medium_priority>, as user <kmd14> in cluster <head1_cluster1>.
</gpfs1/kmd14> was used as the home directory.
</gpfs1/kmd14/297M/Assignments/ExtraGrades/mergesort> was used as the working directory.
Started at Wed Apr 16 02:29:53 2014
Results reported at Wed Apr 16 02:32:20 2014

Your job looked like:

------------------------------------------------------------
# LSBATCH: User input
./sharedcilk --stats 1 --nproc 1 500000000
------------------------------------------------------------

Successfully completed.

Resource usage summary:

    CPU time   :    141.08 sec.
    Max Memory :      3685 MB
    Max Swap   :      4011 MB

    Max Processes  :         3
    Max Threads    :         5

The output (if any) follows:


RUNTIME SYSTEM STATISTICS:

Wall-clock running time on 1 processor: 142.992996 s
Total work = 142.992292 s
Total work (accumulated) = 142.903400 s
Span = 18.197697 s
Parallelism = 7.852829
[Realtime]	 132.130695
[Clocktime]	 130.430000
