Sender: LSF System <hpcadmin@node13>
Subject: Job 16367: <./sharedcilk --stats 1 --nproc 12 1000000> Done

Job <./sharedcilk --stats 1 --nproc 12 1000000> was submitted from host <head1> by user <kmd14> in cluster <head1_cluster1>.
Job was executed on host(s) <12*node13>, in queue <medium_priority>, as user <kmd14> in cluster <head1_cluster1>.
</gpfs1/kmd14> was used as the home directory.
</gpfs1/kmd14/297M/Assignments/ExtraGrades/mergesort> was used as the working directory.
Started at Wed Apr 16 02:29:54 2014
Results reported at Wed Apr 16 02:29:54 2014

Your job looked like:

------------------------------------------------------------
# LSBATCH: User input
./sharedcilk --stats 1 --nproc 12 1000000
------------------------------------------------------------

Successfully completed.

Resource usage summary:

    CPU time   :      0.82 sec.
    Max Memory :         2 MB
    Max Swap   :        30 MB

    Max Processes  :         1
    Max Threads    :         1

The output (if any) follows:


RUNTIME SYSTEM STATISTICS:

Wall-clock running time on 12 processors: 73.246000 ms
Total work = 296.909000 ms
Total work (accumulated) = 296.125000 ms
Span = 57.397000 ms
Parallelism = 5.159242
[Realtime]	 0.036000
[Clocktime]	 0.400000
Sender: LSF System <hpcadmin@node08>
Subject: Job 16366: <./sharedcilk --stats 1 --nproc 12 10000> Done

Job <./sharedcilk --stats 1 --nproc 12 10000> was submitted from host <head1> by user <kmd14> in cluster <head1_cluster1>.
Job was executed on host(s) <12*node08>, in queue <medium_priority>, as user <kmd14> in cluster <head1_cluster1>.
</gpfs1/kmd14> was used as the home directory.
</gpfs1/kmd14/297M/Assignments/ExtraGrades/mergesort> was used as the working directory.
Started at Wed Apr 16 02:29:54 2014
Results reported at Wed Apr 16 02:29:57 2014

Your job looked like:

------------------------------------------------------------
# LSBATCH: User input
./sharedcilk --stats 1 --nproc 12 10000
------------------------------------------------------------

Successfully completed.

Resource usage summary:

    CPU time   :      0.03 sec.
    Max Memory :         1 MB
    Max Swap   :        30 MB

    Max Processes  :         1
    Max Threads    :         1

The output (if any) follows:


RUNTIME SYSTEM STATISTICS:

Wall-clock running time on 12 processors: 3.188000 ms
Total work = 4.203000 ms
Total work (accumulated) = 3.239000 ms
Span = 1.828000 ms
Parallelism = 1.771882
[Realtime]	 0.000806
[Clocktime]	 0.000000
Sender: LSF System <hpcadmin@node02>
Subject: Job 16368: <./sharedcilk --stats 1 --nproc 12 100000000> Done

Job <./sharedcilk --stats 1 --nproc 12 100000000> was submitted from host <head1> by user <kmd14> in cluster <head1_cluster1>.
Job was executed on host(s) <12*node02>, in queue <medium_priority>, as user <kmd14> in cluster <head1_cluster1>.
</gpfs1/kmd14> was used as the home directory.
</gpfs1/kmd14/297M/Assignments/ExtraGrades/mergesort> was used as the working directory.
Started at Wed Apr 16 02:29:55 2014
Results reported at Wed Apr 16 02:30:02 2014

Your job looked like:

------------------------------------------------------------
# LSBATCH: User input
./sharedcilk --stats 1 --nproc 12 100000000
------------------------------------------------------------

Successfully completed.

Resource usage summary:

    CPU time   :     61.05 sec.
    Max Memory :         1 MB
    Max Swap   :        30 MB

    Max Processes  :         1
    Max Threads    :         1

The output (if any) follows:


RUNTIME SYSTEM STATISTICS:

Wall-clock running time on 12 processors: 5.477553 s
Total work = 26.295051 s
Total work (accumulated) = 26.270511 s
Span = 3.705136 s
Parallelism = 7.090296
[Realtime]	 3.223461
[Clocktime]	 35.830000
Sender: LSF System <hpcadmin@node03>
Subject: Job 16369: <./sharedcilk --stats 1 --nproc 12 200000000> Done

Job <./sharedcilk --stats 1 --nproc 12 200000000> was submitted from host <head1> by user <kmd14> in cluster <head1_cluster1>.
Job was executed on host(s) <12*node03>, in queue <medium_priority>, as user <kmd14> in cluster <head1_cluster1>.
</gpfs1/kmd14> was used as the home directory.
</gpfs1/kmd14/297M/Assignments/ExtraGrades/mergesort> was used as the working directory.
Started at Wed Apr 16 02:30:11 2014
Results reported at Wed Apr 16 02:30:22 2014

Your job looked like:

------------------------------------------------------------
# LSBATCH: User input
./sharedcilk --stats 1 --nproc 12 200000000
------------------------------------------------------------

Successfully completed.

Resource usage summary:

    CPU time   :    126.51 sec.
    Max Memory :         1 MB
    Max Swap   :        30 MB

    Max Processes  :         1
    Max Threads    :         1

The output (if any) follows:


RUNTIME SYSTEM STATISTICS:

Wall-clock running time on 12 processors: 11.357611 s
Total work = 54.967439 s
Total work (accumulated) = 54.919316 s
Span = 7.683650 s
Parallelism = 7.147556
[Realtime]	 6.610024
[Clocktime]	 73.740000
Sender: LSF System <hpcadmin@node03>
Subject: Job 16370: <./sharedcilk --stats 1 --nproc 12 400000000> Done

Job <./sharedcilk --stats 1 --nproc 12 400000000> was submitted from host <head1> by user <kmd14> in cluster <head1_cluster1>.
Job was executed on host(s) <12*node03>, in queue <medium_priority>, as user <kmd14> in cluster <head1_cluster1>.
</gpfs1/kmd14> was used as the home directory.
</gpfs1/kmd14/297M/Assignments/ExtraGrades/mergesort> was used as the working directory.
Started at Wed Apr 16 02:30:23 2014
Results reported at Wed Apr 16 02:30:45 2014

Your job looked like:

------------------------------------------------------------
# LSBATCH: User input
./sharedcilk --stats 1 --nproc 12 400000000
------------------------------------------------------------

Successfully completed.

Resource usage summary:

    CPU time   :    251.93 sec.
    Max Memory :         1 MB
    Max Swap   :        30 MB

    Max Processes  :         1
    Max Threads    :         1

The output (if any) follows:


RUNTIME SYSTEM STATISTICS:

Wall-clock running time on 12 processors: 22.342185 s
Total work = 108.739123 s
Total work (accumulated) = 108.645924 s
Span = 14.825075 s
Parallelism = 7.328524
[Realtime]	 13.314076
[Clocktime]	 149.150000
Sender: LSF System <hpcadmin@node02>
Subject: Job 16371: <./sharedcilk --stats 1 --nproc 12 500000000> Done

Job <./sharedcilk --stats 1 --nproc 12 500000000> was submitted from host <head1> by user <kmd14> in cluster <head1_cluster1>.
Job was executed on host(s) <12*node02>, in queue <medium_priority>, as user <kmd14> in cluster <head1_cluster1>.
</gpfs1/kmd14> was used as the home directory.
</gpfs1/kmd14/297M/Assignments/ExtraGrades/mergesort> was used as the working directory.
Started at Wed Apr 16 02:30:29 2014
Results reported at Wed Apr 16 02:30:58 2014

Your job looked like:

------------------------------------------------------------
# LSBATCH: User input
./sharedcilk --stats 1 --nproc 12 500000000
------------------------------------------------------------

Successfully completed.

Resource usage summary:

    CPU time   :    324.87 sec.
    Max Memory :         1 MB
    Max Swap   :        30 MB

    Max Processes  :         1
    Max Threads    :         1

The output (if any) follows:


RUNTIME SYSTEM STATISTICS:

Wall-clock running time on 12 processors: 29.228393 s
Total work = 151.874423 s
Total work (accumulated) = 151.760005 s
Span = 18.545909 s
Parallelism = 8.182937
[Realtime]	 17.895190
[Clocktime]	 200.050000
