Sender: LSF System <hpcadmin@node06>
Subject: Job 9082: <./product 16 150000> Done

Job <./product 16 150000> was submitted from host <head1> by user <kmd14> in cluster <head1_cluster1>.
Job was executed on host(s) <16*node06>, in queue <medium_priority>, as user <kmd14> in cluster <head1_cluster1>.
</gpfs1/kmd14> was used as the home directory.
</gpfs1/kmd14/297M/Assignments/Assignment 1/BSP> was used as the working directory.
Started at Sun Feb 23 19:46:30 2014
Results reported at Sun Feb 23 19:46:33 2014

Your job looked like:

------------------------------------------------------------
# LSBATCH: User input
./product 16 150000
------------------------------------------------------------

Successfully completed.

Resource usage summary:

    CPU time   :      0.06 sec.
    Max Memory :         1 MB
    Max Swap   :        30 MB

    Max Processes  :         1
    Max Threads    :         1

The output (if any) follows:

Processor 6: sum of squares up to 150000*150000 is 1125011250025000
Processor 0: sum of squares up to 150000*150000 is 1125011250025000
This took only 0.000516 seconds.
Processor 14: sum of squares up to 150000*150000 is 1125011250025000
Processor 2: sum of squares up to 150000*150000 is 1125011250025000
Processor 9: sum of squares up to 150000*150000 is 1125011250025000
Processor 4: sum of squares up to 150000*150000 is 1125011250025000
Processor 3: sum of squares up to 150000*150000 is 1125011250025000
Processor 5: sum of squares up to 150000*150000 is 1125011250025000
Processor 13: sum of squares up to 150000*150000 is 1125011250025000
Processor 7: sum of squares up to 150000*150000 is 1125011250025000
Processor 15: sum of squares up to 150000*150000 is 1125011250025000
Processor 11: sum of squares up to 150000*150000 is 1125011250025000
Processor 12: sum of squares up to 150000*150000 is 1125011250025000
Processor 10: sum of squares up to 150000*150000 is 1125011250025000
Processor 1: sum of squares up to 150000*150000 is 1125011250025000
Processor 8: sum of squares up to 150000*150000 is 1125011250025000
Sender: LSF System <hpcadmin@node01>
Subject: Job 9081: <./product 16 100000> Done

Job <./product 16 100000> was submitted from host <head1> by user <kmd14> in cluster <head1_cluster1>.
Job was executed on host(s) <16*node01>, in queue <medium_priority>, as user <kmd14> in cluster <head1_cluster1>.
</gpfs1/kmd14> was used as the home directory.
</gpfs1/kmd14/297M/Assignments/Assignment 1/BSP> was used as the working directory.
Started at Sun Feb 23 19:46:30 2014
Results reported at Sun Feb 23 19:46:33 2014

Your job looked like:

------------------------------------------------------------
# LSBATCH: User input
./product 16 100000
------------------------------------------------------------

Successfully completed.

Resource usage summary:

    CPU time   :      0.06 sec.
    Max Memory :         1 MB
    Max Swap   :        30 MB

    Max Processes  :         1
    Max Threads    :         1

The output (if any) follows:

Processor 6: sum of squares up to 100000*100000 is 333338333350000
Processor 11: sum of squares up to 100000*100000 is 333338333350000
Processor 13: sum of squares up to 100000*100000 is 333338333350000
Processor 9: sum of squares up to 100000*100000 is 333338333350000
Processor 4: sum of squares up to 100000*100000 is 333338333350000
Processor 5: sum of squares up to 100000*100000 is 333338333350000
Processor 7: sum of squares up to 100000*100000 is 333338333350000
Processor 2: sum of squares up to 100000*100000 is 333338333350000
Processor 12: sum of squares up to 100000*100000 is 333338333350000
Processor 3: sum of squares up to 100000*100000 is 333338333350000
Processor 1: sum of squares up to 100000*100000 is 333338333350000
Processor 14: sum of squares up to 100000*100000 is 333338333350000
Processor 15: sum of squares up to 100000*100000 is 333338333350000
Processor 0: sum of squares up to 100000*100000 is 333338333350000
This took only 0.000441 seconds.
Processor 8: sum of squares up to 100000*100000 is 333338333350000
Processor 10: sum of squares up to 100000*100000 is 333338333350000
Sender: LSF System <hpcadmin@node03>
Subject: Job 9084: <./product 16 250000> Done

Job <./product 16 250000> was submitted from host <head1> by user <kmd14> in cluster <head1_cluster1>.
Job was executed on host(s) <16*node03>, in queue <medium_priority>, as user <kmd14> in cluster <head1_cluster1>.
</gpfs1/kmd14> was used as the home directory.
</gpfs1/kmd14/297M/Assignments/Assignment 1/BSP> was used as the working directory.
Started at Sun Feb 23 19:46:31 2014
Results reported at Sun Feb 23 19:46:34 2014

Your job looked like:

------------------------------------------------------------
# LSBATCH: User input
./product 16 250000
------------------------------------------------------------

Successfully completed.

Resource usage summary:

    CPU time   :      0.05 sec.
    Max Memory :         1 MB
    Max Swap   :        30 MB

    Max Processes  :         1
    Max Threads    :         1

The output (if any) follows:

Processor 6: sum of squares up to 250000*250000 is 5208364583375000
Processor 0: sum of squares up to 250000*250000 is 5208364583375000
This took only 0.000586 seconds.
Processor 11: sum of squares up to 250000*250000 is 5208364583375000
Processor 7: sum of squares up to 250000*250000 is 5208364583375000
Processor 9: sum of squares up to 250000*250000 is 5208364583375000
Processor 10: sum of squares up to 250000*250000 is 5208364583375000
Processor 8: sum of squares up to 250000*250000 is 5208364583375000
Processor 3: sum of squares up to 250000*250000 is 5208364583375000
Processor 4: sum of squares up to 250000*250000 is 5208364583375000
Processor 2: sum of squares up to 250000*250000 is 5208364583375000
Processor 15: sum of squares up to 250000*250000 is 5208364583375000
Processor 5: sum of squares up to 250000*250000 is 5208364583375000
Processor 13: sum of squares up to 250000*250000 is 5208364583375000
Processor 12: sum of squares up to 250000*250000 is 5208364583375000
Processor 1: sum of squares up to 250000*250000 is 5208364583375000
Processor 14: sum of squares up to 250000*250000 is 5208364583375000
Sender: LSF System <hpcadmin@node13>
Subject: Job 9083: <./product 16 200000> Done

Job <./product 16 200000> was submitted from host <head1> by user <kmd14> in cluster <head1_cluster1>.
Job was executed on host(s) <16*node13>, in queue <medium_priority>, as user <kmd14> in cluster <head1_cluster1>.
</gpfs1/kmd14> was used as the home directory.
</gpfs1/kmd14/297M/Assignments/Assignment 1/BSP> was used as the working directory.
Started at Sun Feb 23 19:46:31 2014
Results reported at Sun Feb 23 19:46:34 2014

Your job looked like:

------------------------------------------------------------
# LSBATCH: User input
./product 16 200000
------------------------------------------------------------

Successfully completed.

Resource usage summary:

    CPU time   :      0.07 sec.
    Max Memory :         2 MB
    Max Swap   :        30 MB

    Max Processes  :         1
    Max Threads    :         1

The output (if any) follows:

Processor 12: sum of squares up to 200000*200000 is 2666686666700000
Processor 6: sum of squares up to 200000*200000 is 2666686666700000
Processor 8: sum of squares up to 200000*200000 is 2666686666700000
Processor 13: sum of squares up to 200000*200000 is 2666686666700000
Processor 1: sum of squares up to 200000*200000 is 2666686666700000
Processor 3: sum of squares up to 200000*200000 is 2666686666700000
Processor 7: sum of squares up to 200000*200000 is 2666686666700000
Processor 4: sum of squares up to 200000*200000 is 2666686666700000
Processor 14: sum of squares up to 200000*200000 is 2666686666700000
Processor 10: sum of squares up to 200000*200000 is 2666686666700000
Processor 5: sum of squares up to 200000*200000 is 2666686666700000
Processor 11: sum of squares up to 200000*200000 is 2666686666700000
Processor 9: sum of squares up to 200000*200000 is 2666686666700000
Processor 2: sum of squares up to 200000*200000 is 2666686666700000
Processor 15: sum of squares up to 200000*200000 is 2666686666700000
Processor 0: sum of squares up to 200000*200000 is 2666686666700000
This took only 0.000782 seconds.
Sender: LSF System <hpcadmin@node01>
Subject: Job 9086: <./product 16 350000> Done

Job <./product 16 350000> was submitted from host <head1> by user <kmd14> in cluster <head1_cluster1>.
Job was executed on host(s) <16*node01>, in queue <medium_priority>, as user <kmd14> in cluster <head1_cluster1>.
</gpfs1/kmd14> was used as the home directory.
</gpfs1/kmd14/297M/Assignments/Assignment 1/BSP> was used as the working directory.
Started at Sun Feb 23 19:46:34 2014
Results reported at Sun Feb 23 19:46:36 2014

Your job looked like:

------------------------------------------------------------
# LSBATCH: User input
./product 16 350000
------------------------------------------------------------

Successfully completed.

Resource usage summary:

    CPU time   :      0.08 sec.
    Max Memory :         1 MB
    Max Swap   :        30 MB

    Max Processes  :         1
    Max Threads    :         1

The output (if any) follows:

Processor 13: sum of squares up to 350000*350000 is 14291727916725000
Processor 5: sum of squares up to 350000*350000 is 14291727916725000
Processor 3: sum of squares up to 350000*350000 is 14291727916725000
Processor 4: sum of squares up to 350000*350000 is 14291727916725000
Processor 2: sum of squares up to 350000*350000 is 14291727916725000
Processor 7: sum of squares up to 350000*350000 is 14291727916725000
Processor 15: sum of squares up to 350000*350000 is 14291727916725000
Processor 1: sum of squares up to 350000*350000 is 14291727916725000
Processor 8: sum of squares up to 350000*350000 is 14291727916725000
Processor 0: sum of squares up to 350000*350000 is 14291727916725000
This took only 0.000965 seconds.
Processor 12: sum of squares up to 350000*350000 is 14291727916725000
Processor 14: sum of squares up to 350000*350000 is 14291727916725000
Processor 9: sum of squares up to 350000*350000 is 14291727916725000
Processor 11: sum of squares up to 350000*350000 is 14291727916725000
Processor 6: sum of squares up to 350000*350000 is 14291727916725000
Processor 10: sum of squares up to 350000*350000 is 14291727916725000
Sender: LSF System <hpcadmin@node03>
Subject: Job 9087: <./product 16 400000> Done

Job <./product 16 400000> was submitted from host <head1> by user <kmd14> in cluster <head1_cluster1>.
Job was executed on host(s) <16*node03>, in queue <medium_priority>, as user <kmd14> in cluster <head1_cluster1>.
</gpfs1/kmd14> was used as the home directory.
</gpfs1/kmd14/297M/Assignments/Assignment 1/BSP> was used as the working directory.
Started at Sun Feb 23 19:46:34 2014
Results reported at Sun Feb 23 19:46:36 2014

Your job looked like:

------------------------------------------------------------
# LSBATCH: User input
./product 16 400000
------------------------------------------------------------

Successfully completed.

Resource usage summary:

    CPU time   :      0.05 sec.
    Max Memory :         1 MB
    Max Swap   :        30 MB

    Max Processes  :         1
    Max Threads    :         1

The output (if any) follows:

Processor 7: sum of squares up to 400000*400000 is 21333413333400000
Processor 1: sum of squares up to 400000*400000 is 21333413333400000
Processor 2: sum of squares up to 400000*400000 is 21333413333400000
Processor 6: sum of squares up to 400000*400000 is 21333413333400000
Processor 0: sum of squares up to 400000*400000 is 21333413333400000
This took only 0.000640 seconds.
Processor 9: sum of squares up to 400000*400000 is 21333413333400000
Processor 13: sum of squares up to 400000*400000 is 21333413333400000
Processor 8: sum of squares up to 400000*400000 is 21333413333400000
Processor 11: sum of squares up to 400000*400000 is 21333413333400000
Processor 4: sum of squares up to 400000*400000 is 21333413333400000
Processor 15: sum of squares up to 400000*400000 is 21333413333400000
Processor 12: sum of squares up to 400000*400000 is 21333413333400000
Processor 3: sum of squares up to 400000*400000 is 21333413333400000
Processor 10: sum of squares up to 400000*400000 is 21333413333400000
Processor 14: sum of squares up to 400000*400000 is 21333413333400000
Processor 5: sum of squares up to 400000*400000 is 21333413333400000
Sender: LSF System <hpcadmin@node06>
Subject: Job 9085: <./product 16 300000> Done

Job <./product 16 300000> was submitted from host <head1> by user <kmd14> in cluster <head1_cluster1>.
Job was executed on host(s) <16*node06>, in queue <medium_priority>, as user <kmd14> in cluster <head1_cluster1>.
</gpfs1/kmd14> was used as the home directory.
</gpfs1/kmd14/297M/Assignments/Assignment 1/BSP> was used as the working directory.
Started at Sun Feb 23 19:46:33 2014
Results reported at Sun Feb 23 19:46:36 2014

Your job looked like:

------------------------------------------------------------
# LSBATCH: User input
./product 16 300000
------------------------------------------------------------

Successfully completed.

Resource usage summary:

    CPU time   :      0.08 sec.
    Max Memory :         1 MB
    Max Swap   :        30 MB

    Max Processes  :         1
    Max Threads    :         1

The output (if any) follows:

Processor 8: sum of squares up to 300000*300000 is 9000045000050000
Processor 3: sum of squares up to 300000*300000 is 9000045000050000
Processor 11: sum of squares up to 300000*300000 is 9000045000050000
Processor 7: sum of squares up to 300000*300000 is 9000045000050000
Processor 0: sum of squares up to 300000*300000 is 9000045000050000
This took only 0.001018 seconds.
Processor 9: sum of squares up to 300000*300000 is 9000045000050000
Processor 10: sum of squares up to 300000*300000 is 9000045000050000
Processor 14: sum of squares up to 300000*300000 is 9000045000050000
Processor 6: sum of squares up to 300000*300000 is 9000045000050000
Processor 5: sum of squares up to 300000*300000 is 9000045000050000
Processor 1: sum of squares up to 300000*300000 is 9000045000050000
Processor 12: sum of squares up to 300000*300000 is 9000045000050000
Processor 13: sum of squares up to 300000*300000 is 9000045000050000
Processor 15: sum of squares up to 300000*300000 is 9000045000050000
Processor 2: sum of squares up to 300000*300000 is 9000045000050000
Processor 4: sum of squares up to 300000*300000 is 9000045000050000
Sender: LSF System <hpcadmin@node13>
Subject: Job 9088: <./product 16 450000> Done

Job <./product 16 450000> was submitted from host <head1> by user <kmd14> in cluster <head1_cluster1>.
Job was executed on host(s) <16*node13>, in queue <medium_priority>, as user <kmd14> in cluster <head1_cluster1>.
</gpfs1/kmd14> was used as the home directory.
</gpfs1/kmd14/297M/Assignments/Assignment 1/BSP> was used as the working directory.
Started at Sun Feb 23 19:46:36 2014
Results reported at Sun Feb 23 19:46:37 2014

Your job looked like:

------------------------------------------------------------
# LSBATCH: User input
./product 16 450000
------------------------------------------------------------

Successfully completed.

Resource usage summary:

    CPU time   :      0.07 sec.
    Max Memory :         1 MB
    Max Swap   :        30 MB

    Max Processes  :         1
    Max Threads    :         1

The output (if any) follows:

Processor 3: sum of squares up to 450000*450000 is 30375101250074996
Processor 5: sum of squares up to 450000*450000 is 30375101250074996
Processor 6: sum of squares up to 450000*450000 is 30375101250074996
Processor 1: sum of squares up to 450000*450000 is 30375101250074996
Processor 13: sum of squares up to 450000*450000 is 30375101250074996
Processor 2: sum of squares up to 450000*450000 is 30375101250074996
Processor 10: sum of squares up to 450000*450000 is 30375101250074996
Processor 12: sum of squares up to 450000*450000 is 30375101250074996
Processor 9: sum of squares up to 450000*450000 is 30375101250074996
Processor 14: sum of squares up to 450000*450000 is 30375101250074996
Processor 15: sum of squares up to 450000*450000 is 30375101250074996
Processor 8: sum of squares up to 450000*450000 is 30375101250074996
Processor 11: sum of squares up to 450000*450000 is 30375101250074996
Processor 4: sum of squares up to 450000*450000 is 30375101250074996
Processor 7: sum of squares up to 450000*450000 is 30375101250074996
Processor 0: sum of squares up to 450000*450000 is 30375101250074996
This took only 0.000795 seconds.
Sender: LSF System <hpcadmin@node01>
Subject: Job 9089: <./product 16 500000> Done

Job <./product 16 500000> was submitted from host <head1> by user <kmd14> in cluster <head1_cluster1>.
Job was executed on host(s) <16*node01>, in queue <medium_priority>, as user <kmd14> in cluster <head1_cluster1>.
</gpfs1/kmd14> was used as the home directory.
</gpfs1/kmd14/297M/Assignments/Assignment 1/BSP> was used as the working directory.
Started at Sun Feb 23 19:46:37 2014
Results reported at Sun Feb 23 19:46:39 2014

Your job looked like:

------------------------------------------------------------
# LSBATCH: User input
./product 16 500000
------------------------------------------------------------

Successfully completed.

Resource usage summary:

    CPU time   :      0.10 sec.
    Max Memory :         1 MB
    Max Swap   :        30 MB

    Max Processes  :         1
    Max Threads    :         1

The output (if any) follows:

Processor 12: sum of squares up to 500000*500000 is 41666791666749992
Processor 2: sum of squares up to 500000*500000 is 41666791666749992
Processor 3: sum of squares up to 500000*500000 is 41666791666749992
Processor 7: sum of squares up to 500000*500000 is 41666791666749992
Processor 13: sum of squares up to 500000*500000 is 41666791666749992
Processor 15: sum of squares up to 500000*500000 is 41666791666749992
Processor 14: sum of squares up to 500000*500000 is 41666791666749992
Processor 4: sum of squares up to 500000*500000 is 41666791666749992
Processor 0: sum of squares up to 500000*500000 is 41666791666749992
This took only 0.001105 seconds.
Processor 5: sum of squares up to 500000*500000 is 41666791666749992
Processor 11: sum of squares up to 500000*500000 is 41666791666749992
Processor 6: sum of squares up to 500000*500000 is 41666791666749992
Processor 1: sum of squares up to 500000*500000 is 41666791666749992
Processor 10: sum of squares up to 500000*500000 is 41666791666749992
Processor 9: sum of squares up to 500000*500000 is 41666791666749992
Processor 8: sum of squares up to 500000*500000 is 41666791666749992
Sender: LSF System <hpcadmin@node06>
Subject: Job 9092: <./product 16 650000> Done

Job <./product 16 650000> was submitted from host <head1> by user <kmd14> in cluster <head1_cluster1>.
Job was executed on host(s) <16*node06>, in queue <medium_priority>, as user <kmd14> in cluster <head1_cluster1>.
</gpfs1/kmd14> was used as the home directory.
</gpfs1/kmd14/297M/Assignments/Assignment 1/BSP> was used as the working directory.
Started at Sun Feb 23 19:46:37 2014
Results reported at Sun Feb 23 19:46:39 2014

Your job looked like:

------------------------------------------------------------
# LSBATCH: User input
./product 16 650000
------------------------------------------------------------

Successfully completed.

Resource usage summary:

    CPU time   :      0.08 sec.
    Max Memory :         1 MB
    Max Swap   :        30 MB

    Max Processes  :         1
    Max Threads    :         1

The output (if any) follows:

Processor 11: sum of squares up to 650000*650000 is 91541877916774992
Processor 9: sum of squares up to 650000*650000 is 91541877916774992
Processor 7: sum of squares up to 650000*650000 is 91541877916774992
Processor 2: sum of squares up to 650000*650000 is 91541877916774992
Processor 13: sum of squares up to 650000*650000 is 91541877916774992
Processor 6: sum of squares up to 650000*650000 is 91541877916774992
Processor 4: sum of squares up to 650000*650000 is 91541877916774992
Processor 3: sum of squares up to 650000*650000 is 91541877916774992
Processor 14: sum of squares up to 650000*650000 is 91541877916774992
Processor 0: sum of squares up to 650000*650000 is 91541877916774992
Processor 12: sum of squares up to 650000*650000 is 91541877916774992
Processor 15: sum of squares up to 650000*650000 is 91541877916774992
Processor 5: sum of squares up to 650000*650000 is 91541877916774992
Processor 10: sum of squares up to 650000*650000 is 91541877916774992
Processor 8: sum of squares up to 650000*650000 is 91541877916774992
This took only 0.001225 seconds.
Processor 1: sum of squares up to 650000*650000 is 91541877916774992
Sender: LSF System <hpcadmin@node03>
Subject: Job 9091: <./product 16 600000> Done

Job <./product 16 600000> was submitted from host <head1> by user <kmd14> in cluster <head1_cluster1>.
Job was executed on host(s) <16*node03>, in queue <medium_priority>, as user <kmd14> in cluster <head1_cluster1>.
</gpfs1/kmd14> was used as the home directory.
</gpfs1/kmd14/297M/Assignments/Assignment 1/BSP> was used as the working directory.
Started at Sun Feb 23 19:46:37 2014
Results reported at Sun Feb 23 19:46:39 2014

Your job looked like:

------------------------------------------------------------
# LSBATCH: User input
./product 16 600000
------------------------------------------------------------

Successfully completed.

Resource usage summary:

    CPU time   :      0.09 sec.
    Max Memory :         1 MB
    Max Swap   :        30 MB

    Max Processes  :         1
    Max Threads    :         1

The output (if any) follows:

Processor 3: sum of squares up to 600000*600000 is 72000180000100016
Processor 2: sum of squares up to 600000*600000 is 72000180000100016
Processor 10: sum of squares up to 600000*600000 is 72000180000100016
Processor 6: sum of squares up to 600000*600000 is 72000180000100016
Processor 5: sum of squares up to 600000*600000 is 72000180000100016
Processor 4: sum of squares up to 600000*600000 is 72000180000100016
Processor 9: sum of squares up to 600000*600000 is 72000180000100016
Processor 11: sum of squares up to 600000*600000 is 72000180000100016
Processor 7: sum of squares up to 600000*600000 is 72000180000100016
Processor 0: sum of squares up to 600000*600000 is 72000180000100016
This took only 0.001366 seconds.
Processor 12: sum of squares up to 600000*600000 is 72000180000100016
Processor 8: sum of squares up to 600000*600000 is 72000180000100016
Processor 15: sum of squares up to 600000*600000 is 72000180000100016
Processor 13: sum of squares up to 600000*600000 is 72000180000100016
Processor 14: sum of squares up to 600000*600000 is 72000180000100016
Processor 1: sum of squares up to 600000*600000 is 72000180000100016
Sender: LSF System <hpcadmin@node13>
Subject: Job 9090: <./product 16 550000> Done

Job <./product 16 550000> was submitted from host <head1> by user <kmd14> in cluster <head1_cluster1>.
Job was executed on host(s) <16*node13>, in queue <medium_priority>, as user <kmd14> in cluster <head1_cluster1>.
</gpfs1/kmd14> was used as the home directory.
</gpfs1/kmd14/297M/Assignments/Assignment 1/BSP> was used as the working directory.
Started at Sun Feb 23 19:46:37 2014
Results reported at Sun Feb 23 19:46:40 2014

Your job looked like:

------------------------------------------------------------
# LSBATCH: User input
./product 16 550000
------------------------------------------------------------

Successfully completed.

Resource usage summary:

    CPU time   :      0.09 sec.
    Max Memory :         1 MB
    Max Swap   :        30 MB

    Max Processes  :         1
    Max Threads    :         1

The output (if any) follows:

Processor 2: sum of squares up to 550000*550000 is 55458484583425000
Processor 7: sum of squares up to 550000*550000 is 55458484583425000
Processor 1: sum of squares up to 550000*550000 is 55458484583425000
Processor 14: sum of squares up to 550000*550000 is 55458484583425000
Processor 6: sum of squares up to 550000*550000 is 55458484583425000
Processor 10: sum of squares up to 550000*550000 is 55458484583425000
Processor 4: sum of squares up to 550000*550000 is 55458484583425000
Processor 8: sum of squares up to 550000*550000 is 55458484583425000
Processor 0: sum of squares up to 550000*550000 is 55458484583425000
This took only 0.000895 seconds.
Processor 15: sum of squares up to 550000*550000 is 55458484583425000
Processor 11: sum of squares up to 550000*550000 is 55458484583425000
Processor 3: sum of squares up to 550000*550000 is 55458484583425000
Processor 12: sum of squares up to 550000*550000 is 55458484583425000
Processor 13: sum of squares up to 550000*550000 is 55458484583425000
Processor 9: sum of squares up to 550000*550000 is 55458484583425000
Processor 5: sum of squares up to 550000*550000 is 55458484583425000
Sender: LSF System <hpcadmin@node01>
Subject: Job 9093: <./product 16 700000> Done

Job <./product 16 700000> was submitted from host <head1> by user <kmd14> in cluster <head1_cluster1>.
Job was executed on host(s) <16*node01>, in queue <medium_priority>, as user <kmd14> in cluster <head1_cluster1>.
</gpfs1/kmd14> was used as the home directory.
</gpfs1/kmd14/297M/Assignments/Assignment 1/BSP> was used as the working directory.
Started at Sun Feb 23 19:46:40 2014
Results reported at Sun Feb 23 19:46:42 2014

Your job looked like:

------------------------------------------------------------
# LSBATCH: User input
./product 16 700000
------------------------------------------------------------

Successfully completed.

Resource usage summary:

    CPU time   :      0.11 sec.
    Max Memory :         1 MB
    Max Swap   :        30 MB

    Max Processes  :         1
    Max Threads    :         1

The output (if any) follows:

Processor 8: sum of squares up to 700000*700000 is 114333578333449984
Processor 0: sum of squares up to 700000*700000 is 114333578333449984
This took only 0.001427 seconds.
Processor 6: sum of squares up to 700000*700000 is 114333578333449984
Processor 12: sum of squares up to 700000*700000 is 114333578333449984
Processor 15: sum of squares up to 700000*700000 is 114333578333449984
Processor 4: sum of squares up to 700000*700000 is 114333578333449984
Processor 13: sum of squares up to 700000*700000 is 114333578333449984
Processor 2: sum of squares up to 700000*700000 is 114333578333449984
Processor 11: sum of squares up to 700000*700000 is 114333578333449984
Processor 14: sum of squares up to 700000*700000 is 114333578333449984
Processor 7: sum of squares up to 700000*700000 is 114333578333449984
Processor 3: sum of squares up to 700000*700000 is 114333578333449984
Processor 5: sum of squares up to 700000*700000 is 114333578333449984
Processor 10: sum of squares up to 700000*700000 is 114333578333449984
Processor 1: sum of squares up to 700000*700000 is 114333578333449984
Processor 9: sum of squares up to 700000*700000 is 114333578333449984
Sender: LSF System <hpcadmin@node03>
Subject: Job 9095: <./product 16 800000> Done

Job <./product 16 800000> was submitted from host <head1> by user <kmd14> in cluster <head1_cluster1>.
Job was executed on host(s) <16*node03>, in queue <medium_priority>, as user <kmd14> in cluster <head1_cluster1>.
</gpfs1/kmd14> was used as the home directory.
</gpfs1/kmd14/297M/Assignments/Assignment 1/BSP> was used as the working directory.
Started at Sun Feb 23 19:46:40 2014
Results reported at Sun Feb 23 19:46:42 2014

Your job looked like:

------------------------------------------------------------
# LSBATCH: User input
./product 16 800000
------------------------------------------------------------

Successfully completed.

Resource usage summary:

    CPU time   :      0.10 sec.
    Max Memory :         1 MB
    Max Swap   :        30 MB

    Max Processes  :         1
    Max Threads    :         1

The output (if any) follows:

Processor 5: sum of squares up to 800000*800000 is 170666986666778080
Processor 12: sum of squares up to 800000*800000 is 170666986666778080
Processor 10: sum of squares up to 800000*800000 is 170666986666778080
Processor 3: sum of squares up to 800000*800000 is 170666986666778080
Processor 9: sum of squares up to 800000*800000 is 170666986666778080
Processor 14: sum of squares up to 800000*800000 is 170666986666778080
Processor 0: sum of squares up to 800000*800000 is 170666986666778080
This took only 0.001625 seconds.
Processor 8: sum of squares up to 800000*800000 is 170666986666778080
Processor 15: sum of squares up to 800000*800000 is 170666986666778080
Processor 11: sum of squares up to 800000*800000 is 170666986666778080
Processor 13: sum of squares up to 800000*800000 is 170666986666778080
Processor 4: sum of squares up to 800000*800000 is 170666986666778080
Processor 6: sum of squares up to 800000*800000 is 170666986666778080
Processor 2: sum of squares up to 800000*800000 is 170666986666778080
Processor 1: sum of squares up to 800000*800000 is 170666986666778080
Processor 7: sum of squares up to 800000*800000 is 170666986666778080
Sender: LSF System <hpcadmin@node06>
Subject: Job 9096: <./product 16 850000> Done

Job <./product 16 850000> was submitted from host <head1> by user <kmd14> in cluster <head1_cluster1>.
Job was executed on host(s) <16*node06>, in queue <medium_priority>, as user <kmd14> in cluster <head1_cluster1>.
</gpfs1/kmd14> was used as the home directory.
</gpfs1/kmd14/297M/Assignments/Assignment 1/BSP> was used as the working directory.
Started at Sun Feb 23 19:46:40 2014
Results reported at Sun Feb 23 19:46:42 2014

Your job looked like:

------------------------------------------------------------
# LSBATCH: User input
./product 16 850000
------------------------------------------------------------

Successfully completed.

Resource usage summary:

    CPU time   :      0.58 sec.
    Max Memory :         1 MB
    Max Swap   :        30 MB

    Max Processes  :         1
    Max Threads    :         1

The output (if any) follows:

Processor 11: sum of squares up to 850000*850000 is 204708694583428096
Processor 15: sum of squares up to 850000*850000 is 204708694583428096
Processor 0: sum of squares up to 850000*850000 is 204708694583428096
This took only 0.029448 seconds.
Processor 2: sum of squares up to 850000*850000 is 204708694583428096
Processor 12: sum of squares up to 850000*850000 is 204708694583428096
Processor 13: sum of squares up to 850000*850000 is 204708694583428096
Processor 14: sum of squares up to 850000*850000 is 204708694583428096
Processor 4: sum of squares up to 850000*850000 is 204708694583428096
Processor 1: sum of squares up to 850000*850000 is 204708694583428096
Processor 9: sum of squares up to 850000*850000 is 204708694583428096
Processor 5: sum of squares up to 850000*850000 is 204708694583428096
Processor 8: sum of squares up to 850000*850000 is 204708694583428096
Processor 10: sum of squares up to 850000*850000 is 204708694583428096
Processor 6: sum of squares up to 850000*850000 is 204708694583428096
Processor 3: sum of squares up to 850000*850000 is 204708694583428096
Processor 7: sum of squares up to 850000*850000 is 204708694583428096
Sender: LSF System <hpcadmin@node13>
Subject: Job 9094: <./product 16 750000> Done

Job <./product 16 750000> was submitted from host <head1> by user <kmd14> in cluster <head1_cluster1>.
Job was executed on host(s) <16*node13>, in queue <medium_priority>, as user <kmd14> in cluster <head1_cluster1>.
</gpfs1/kmd14> was used as the home directory.
</gpfs1/kmd14/297M/Assignments/Assignment 1/BSP> was used as the working directory.
Started at Sun Feb 23 19:46:40 2014
Results reported at Sun Feb 23 19:46:43 2014

Your job looked like:

------------------------------------------------------------
# LSBATCH: User input
./product 16 750000
------------------------------------------------------------

Successfully completed.

Resource usage summary:

    CPU time   :      0.10 sec.
    Max Memory :         1 MB
    Max Swap   :        30 MB

    Max Processes  :         1
    Max Threads    :         1

The output (if any) follows:

Processor 6: sum of squares up to 750000*750000 is 140625281250125008
Processor 7: sum of squares up to 750000*750000 is 140625281250125008
Processor 12: sum of squares up to 750000*750000 is 140625281250125008
Processor 15: sum of squares up to 750000*750000 is 140625281250125008
Processor 13: sum of squares up to 750000*750000 is 140625281250125008
Processor 8: sum of squares up to 750000*750000 is 140625281250125008
Processor 2: sum of squares up to 750000*750000 is 140625281250125008
Processor 5: sum of squares up to 750000*750000 is 140625281250125008
Processor 1: sum of squares up to 750000*750000 is 140625281250125008
Processor 10: sum of squares up to 750000*750000 is 140625281250125008
Processor 9: sum of squares up to 750000*750000 is 140625281250125008
Processor 3: sum of squares up to 750000*750000 is 140625281250125008
Processor 4: sum of squares up to 750000*750000 is 140625281250125008
Processor 11: sum of squares up to 750000*750000 is 140625281250125008
Processor 14: sum of squares up to 750000*750000 is 140625281250125008
Processor 0: sum of squares up to 750000*750000 is 140625281250125008
This took only 0.001386 seconds.
Sender: LSF System <hpcadmin@node01>
Subject: Job 9097: <./product 16 900000> Done

Job <./product 16 900000> was submitted from host <head1> by user <kmd14> in cluster <head1_cluster1>.
Job was executed on host(s) <16*node01>, in queue <medium_priority>, as user <kmd14> in cluster <head1_cluster1>.
</gpfs1/kmd14> was used as the home directory.
</gpfs1/kmd14/297M/Assignments/Assignment 1/BSP> was used as the working directory.
Started at Sun Feb 23 19:46:43 2014
Results reported at Sun Feb 23 19:46:45 2014

Your job looked like:

------------------------------------------------------------
# LSBATCH: User input
./product 16 900000
------------------------------------------------------------

Successfully completed.

Resource usage summary:

    CPU time   :      0.10 sec.
    Max Memory :         1 MB
    Max Swap   :        30 MB

    Max Processes  :         1
    Max Threads    :         1

The output (if any) follows:

Processor 3: sum of squares up to 900000*900000 is 243000405000078048
Processor 1: sum of squares up to 900000*900000 is 243000405000078048
Processor 7: sum of squares up to 900000*900000 is 243000405000078048
Processor 11: sum of squares up to 900000*900000 is 243000405000078048
Processor 5: sum of squares up to 900000*900000 is 243000405000078048
Processor 15: sum of squares up to 900000*900000 is 243000405000078048
Processor 13: sum of squares up to 900000*900000 is 243000405000078048
Processor 12: sum of squares up to 900000*900000 is 243000405000078048
Processor 14: sum of squares up to 900000*900000 is 243000405000078048
Processor 2: sum of squares up to 900000*900000 is 243000405000078048
Processor 10: sum of squares up to 900000*900000 is 243000405000078048
Processor 8: sum of squares up to 900000*900000 is 243000405000078048
Processor 4: sum of squares up to 900000*900000 is 243000405000078048
Processor 9: sum of squares up to 900000*900000 is 243000405000078048
Processor 0: sum of squares up to 900000*900000 is 243000405000078048
This took only 0.001488 seconds.
Processor 6: sum of squares up to 900000*900000 is 243000405000078048
Sender: LSF System <hpcadmin@node03>
Subject: Job 9099: <./product 16 1000000> Done

Job <./product 16 1000000> was submitted from host <head1> by user <kmd14> in cluster <head1_cluster1>.
Job was executed on host(s) <16*node03>, in queue <medium_priority>, as user <kmd14> in cluster <head1_cluster1>.
</gpfs1/kmd14> was used as the home directory.
</gpfs1/kmd14/297M/Assignments/Assignment 1/BSP> was used as the working directory.
Started at Sun Feb 23 19:46:43 2014
Results reported at Sun Feb 23 19:46:45 2014

Your job looked like:

------------------------------------------------------------
# LSBATCH: User input
./product 16 1000000
------------------------------------------------------------

Successfully completed.

Resource usage summary:

    CPU time   :      0.11 sec.
    Max Memory :         1 MB
    Max Swap   :        30 MB

    Max Processes  :         1
    Max Threads    :         1

The output (if any) follows:

Processor 6: sum of squares up to 1000000*1000000 is 333333833333378048
Processor 9: sum of squares up to 1000000*1000000 is 333333833333378048
Processor 11: sum of squares up to 1000000*1000000 is 333333833333378048
Processor 3: sum of squares up to 1000000*1000000 is 333333833333378048
Processor 5: sum of squares up to 1000000*1000000 is 333333833333378048
Processor 13: sum of squares up to 1000000*1000000 is 333333833333378048
Processor 0: sum of squares up to 1000000*1000000 is 333333833333378048
This took only 0.002021 seconds.
Processor 1: sum of squares up to 1000000*1000000 is 333333833333378048
Processor 15: sum of squares up to 1000000*1000000 is 333333833333378048
Processor 7: sum of squares up to 1000000*1000000 is 333333833333378048
Processor 10: sum of squares up to 1000000*1000000 is 333333833333378048
Processor 4: sum of squares up to 1000000*1000000 is 333333833333378048
Processor 8: sum of squares up to 1000000*1000000 is 333333833333378048
Processor 2: sum of squares up to 1000000*1000000 is 333333833333378048
Processor 12: sum of squares up to 1000000*1000000 is 333333833333378048
Processor 14: sum of squares up to 1000000*1000000 is 333333833333378048
Sender: LSF System <hpcadmin@node13>
Subject: Job 9098: <./product 16 950000> Done

Job <./product 16 950000> was submitted from host <head1> by user <kmd14> in cluster <head1_cluster1>.
Job was executed on host(s) <16*node13>, in queue <medium_priority>, as user <kmd14> in cluster <head1_cluster1>.
</gpfs1/kmd14> was used as the home directory.
</gpfs1/kmd14/297M/Assignments/Assignment 1/BSP> was used as the working directory.
Started at Sun Feb 23 19:46:43 2014
Results reported at Sun Feb 23 19:46:46 2014

Your job looked like:

------------------------------------------------------------
# LSBATCH: User input
./product 16 950000
------------------------------------------------------------

Successfully completed.

Resource usage summary:

    CPU time   :      0.11 sec.
    Max Memory :         1 MB
    Max Swap   :        30 MB

    Max Processes  :         1
    Max Threads    :         1

The output (if any) follows:

Processor 3: sum of squares up to 950000*950000 is 285792117916728128
Processor 1: sum of squares up to 950000*950000 is 285792117916728128
Processor 8: sum of squares up to 950000*950000 is 285792117916728128
Processor 7: sum of squares up to 950000*950000 is 285792117916728128
Processor 2: sum of squares up to 950000*950000 is 285792117916728128
Processor 11: sum of squares up to 950000*950000 is 285792117916728128
Processor 0: sum of squares up to 950000*950000 is 285792117916728128
This took only 0.001565 seconds.
Processor 5: sum of squares up to 950000*950000 is 285792117916728128
Processor 9: sum of squares up to 950000*950000 is 285792117916728128
Processor 6: sum of squares up to 950000*950000 is 285792117916728128
Processor 4: sum of squares up to 950000*950000 is 285792117916728128
Processor 14: sum of squares up to 950000*950000 is 285792117916728128
Processor 15: sum of squares up to 950000*950000 is 285792117916728128
Processor 12: sum of squares up to 950000*950000 is 285792117916728128
Processor 10: sum of squares up to 950000*950000 is 285792117916728128
Processor 13: sum of squares up to 950000*950000 is 285792117916728128
