Sender: LSF System <hpcadmin@node03>
Subject: Job 9062: <./product 12 100000> Done

Job <./product 12 100000> was submitted from host <head1> by user <kmd14> in cluster <head1_cluster1>.
Job was executed on host(s) <12*node03>, in queue <medium_priority>, as user <kmd14> in cluster <head1_cluster1>.
</gpfs1/kmd14> was used as the home directory.
</gpfs1/kmd14/297M/Assignments/Assignment 1/BSP> was used as the working directory.
Started at Sun Feb 23 19:46:15 2014
Results reported at Sun Feb 23 19:46:18 2014

Your job looked like:

------------------------------------------------------------
# LSBATCH: User input
./product 12 100000
------------------------------------------------------------

Successfully completed.

Resource usage summary:

    CPU time   :      0.03 sec.
    Max Memory :         1 MB
    Max Swap   :        30 MB

    Max Processes  :         1
    Max Threads    :         1

The output (if any) follows:

Processor 6: sum of squares up to 100000*100000 is 333338333350000
Processor 4: sum of squares up to 100000*100000 is 333338333350000
Processor 9: sum of squares up to 100000*100000 is 333338333350000
Processor 2: sum of squares up to 100000*100000 is 333338333350000
Processor 7: sum of squares up to 100000*100000 is 333338333350000
Processor 1: sum of squares up to 100000*100000 is 333338333350000
Processor 0: sum of squares up to 100000*100000 is 333338333350000
This took only 0.000305 seconds.
Processor 5: sum of squares up to 100000*100000 is 333338333350000
Processor 8: sum of squares up to 100000*100000 is 333338333350000
Processor 10: sum of squares up to 100000*100000 is 333338333350000
Processor 3: sum of squares up to 100000*100000 is 333338333350000
Processor 11: sum of squares up to 100000*100000 is 333338333350000
Sender: LSF System <hpcadmin@node01>
Subject: Job 9063: <./product 12 150000> Done

Job <./product 12 150000> was submitted from host <head1> by user <kmd14> in cluster <head1_cluster1>.
Job was executed on host(s) <12*node01>, in queue <medium_priority>, as user <kmd14> in cluster <head1_cluster1>.
</gpfs1/kmd14> was used as the home directory.
</gpfs1/kmd14/297M/Assignments/Assignment 1/BSP> was used as the working directory.
Started at Sun Feb 23 19:46:16 2014
Results reported at Sun Feb 23 19:46:18 2014

Your job looked like:

------------------------------------------------------------
# LSBATCH: User input
./product 12 150000
------------------------------------------------------------

Successfully completed.

Resource usage summary:

    CPU time   :      0.05 sec.
    Max Memory :         1 MB
    Max Swap   :        30 MB

    Max Processes  :         1
    Max Threads    :         1

The output (if any) follows:

Processor 8: sum of squares up to 150000*150000 is 1125011250025000
Processor 0: sum of squares up to 150000*150000 is 1125011250025000
Processor 3: sum of squares up to 150000*150000 is 1125011250025000
This took only 0.000590 seconds.
Processor 2: sum of squares up to 150000*150000 is 1125011250025000
Processor 11: sum of squares up to 150000*150000 is 1125011250025000
Processor 4: sum of squares up to 150000*150000 is 1125011250025000
Processor 6: sum of squares up to 150000*150000 is 1125011250025000
Processor 7: sum of squares up to 150000*150000 is 1125011250025000
Processor 1: sum of squares up to 150000*150000 is 1125011250025000
Processor 9: sum of squares up to 150000*150000 is 1125011250025000
Processor 10: sum of squares up to 150000*150000 is 1125011250025000
Processor 5: sum of squares up to 150000*150000 is 1125011250025000
Sender: LSF System <hpcadmin@node13>
Subject: Job 9064: <./product 12 200000> Done

Job <./product 12 200000> was submitted from host <head1> by user <kmd14> in cluster <head1_cluster1>.
Job was executed on host(s) <12*node13>, in queue <medium_priority>, as user <kmd14> in cluster <head1_cluster1>.
</gpfs1/kmd14> was used as the home directory.
</gpfs1/kmd14/297M/Assignments/Assignment 1/BSP> was used as the working directory.
Started at Sun Feb 23 19:46:17 2014
Results reported at Sun Feb 23 19:46:19 2014

Your job looked like:

------------------------------------------------------------
# LSBATCH: User input
./product 12 200000
------------------------------------------------------------

Successfully completed.

Resource usage summary:

    CPU time   :      0.05 sec.
    Max Memory :         1 MB
    Max Swap   :        30 MB

    Max Processes  :         1
    Max Threads    :         1

The output (if any) follows:

Processor 7: sum of squares up to 200000*200000 is 2666686666700000
Processor 11: sum of squares up to 200000*200000 is 2666686666700000
Processor 2: sum of squares up to 200000*200000 is 2666686666700000
Processor 6: sum of squares up to 200000*200000 is 2666686666700000
Processor 8: sum of squares up to 200000*200000 is 2666686666700000
Processor 0: sum of squares up to 200000*200000 is 2666686666700000
This took only 0.000672 seconds.
Processor 4: sum of squares up to 200000*200000 is 2666686666700000
Processor 1: sum of squares up to 200000*200000 is 2666686666700000
Processor 10: sum of squares up to 200000*200000 is 2666686666700000
Processor 9: sum of squares up to 200000*200000 is 2666686666700000
Processor 5: sum of squares up to 200000*200000 is 2666686666700000
Processor 3: sum of squares up to 200000*200000 is 2666686666700000
Sender: LSF System <hpcadmin@node06>
Subject: Job 9065: <./product 12 250000> Done

Job <./product 12 250000> was submitted from host <head1> by user <kmd14> in cluster <head1_cluster1>.
Job was executed on host(s) <12*node06>, in queue <medium_priority>, as user <kmd14> in cluster <head1_cluster1>.
</gpfs1/kmd14> was used as the home directory.
</gpfs1/kmd14/297M/Assignments/Assignment 1/BSP> was used as the working directory.
Started at Sun Feb 23 19:46:18 2014
Results reported at Sun Feb 23 19:46:20 2014

Your job looked like:

------------------------------------------------------------
# LSBATCH: User input
./product 12 250000
------------------------------------------------------------

Successfully completed.

Resource usage summary:

    CPU time   :      0.05 sec.
    Max Memory :         1 MB
    Max Swap   :        30 MB

    Max Processes  :         1
    Max Threads    :         1

The output (if any) follows:

Processor 0: sum of squares up to 250000*250000 is 5208364583375000
Processor 1: sum of squares up to 250000*250000 is 5208364583375000
Processor 7: sum of squares up to 250000*250000 is 5208364583375000
Processor 4: sum of squares up to 250000*250000 is 5208364583375000
Processor 3: sum of squares up to 250000*250000 is 5208364583375000
Processor 11: sum of squares up to 250000*250000 is 5208364583375000
Processor 10: sum of squares up to 250000*250000 is 5208364583375000
This took only 0.000919 seconds.
Processor 8: sum of squares up to 250000*250000 is 5208364583375000
Processor 5: sum of squares up to 250000*250000 is 5208364583375000
Processor 6: sum of squares up to 250000*250000 is 5208364583375000
Processor 2: sum of squares up to 250000*250000 is 5208364583375000
Processor 9: sum of squares up to 250000*250000 is 5208364583375000
Sender: LSF System <hpcadmin@node01>
Subject: Job 9066: <./product 12 300000> Done

Job <./product 12 300000> was submitted from host <head1> by user <kmd14> in cluster <head1_cluster1>.
Job was executed on host(s) <12*node01>, in queue <medium_priority>, as user <kmd14> in cluster <head1_cluster1>.
</gpfs1/kmd14> was used as the home directory.
</gpfs1/kmd14/297M/Assignments/Assignment 1/BSP> was used as the working directory.
Started at Sun Feb 23 19:46:19 2014
Results reported at Sun Feb 23 19:46:21 2014

Your job looked like:

------------------------------------------------------------
# LSBATCH: User input
./product 12 300000
------------------------------------------------------------

Successfully completed.

Resource usage summary:

    CPU time   :      0.06 sec.
    Max Memory :         1 MB
    Max Swap   :        30 MB

    Max Processes  :         1
    Max Threads    :         1

The output (if any) follows:

Processor 9: sum of squares up to 300000*300000 is 9000045000050000
Processor 0: sum of squares up to 300000*300000 is 9000045000050000
This took only 0.000670 seconds.
Processor 10: sum of squares up to 300000*300000 is 9000045000050000
Processor 7: sum of squares up to 300000*300000 is 9000045000050000
Processor 8: sum of squares up to 300000*300000 is 9000045000050000
Processor 3: sum of squares up to 300000*300000 is 9000045000050000
Processor 11: sum of squares up to 300000*300000 is 9000045000050000
Processor 2: sum of squares up to 300000*300000 is 9000045000050000
Processor 6: sum of squares up to 300000*300000 is 9000045000050000
Processor 4: sum of squares up to 300000*300000 is 9000045000050000
Processor 5: sum of squares up to 300000*300000 is 9000045000050000
Processor 1: sum of squares up to 300000*300000 is 9000045000050000
Sender: LSF System <hpcadmin@node03>
Subject: Job 9068: <./product 12 400000> Done

Job <./product 12 400000> was submitted from host <head1> by user <kmd14> in cluster <head1_cluster1>.
Job was executed on host(s) <12*node03>, in queue <medium_priority>, as user <kmd14> in cluster <head1_cluster1>.
</gpfs1/kmd14> was used as the home directory.
</gpfs1/kmd14/297M/Assignments/Assignment 1/BSP> was used as the working directory.
Started at Sun Feb 23 19:46:19 2014
Results reported at Sun Feb 23 19:46:21 2014

Your job looked like:

------------------------------------------------------------
# LSBATCH: User input
./product 12 400000
------------------------------------------------------------

Successfully completed.

Resource usage summary:

    CPU time   :      0.06 sec.
    Max Memory :         1 MB
    Max Swap   :        30 MB

    Max Processes  :         1
    Max Threads    :         1

The output (if any) follows:

Processor 10: sum of squares up to 400000*400000 is 21333413333399996
Processor 11: sum of squares up to 400000*400000 is 21333413333399996
Processor 4: sum of squares up to 400000*400000 is 21333413333399996
Processor 1: sum of squares up to 400000*400000 is 21333413333399996
Processor 2: sum of squares up to 400000*400000 is 21333413333399996
Processor 5: sum of squares up to 400000*400000 is 21333413333399996
Processor 6: sum of squares up to 400000*400000 is 21333413333399996
Processor 3: sum of squares up to 400000*400000 is 21333413333399996
Processor 7: sum of squares up to 400000*400000 is 21333413333399996
Processor 8: sum of squares up to 400000*400000 is 21333413333399996
Processor 9: sum of squares up to 400000*400000 is 21333413333399996
Processor 0: sum of squares up to 400000*400000 is 21333413333399996
This took only 0.001070 seconds.
Sender: LSF System <hpcadmin@node13>
Subject: Job 9067: <./product 12 350000> Done

Job <./product 12 350000> was submitted from host <head1> by user <kmd14> in cluster <head1_cluster1>.
Job was executed on host(s) <12*node13>, in queue <medium_priority>, as user <kmd14> in cluster <head1_cluster1>.
</gpfs1/kmd14> was used as the home directory.
</gpfs1/kmd14/297M/Assignments/Assignment 1/BSP> was used as the working directory.
Started at Sun Feb 23 19:46:19 2014
Results reported at Sun Feb 23 19:46:22 2014

Your job looked like:

------------------------------------------------------------
# LSBATCH: User input
./product 12 350000
------------------------------------------------------------

Successfully completed.

Resource usage summary:

    CPU time   :      0.05 sec.
    Max Memory :         1 MB
    Max Swap   :        30 MB

    Max Processes  :         1
    Max Threads    :         1

The output (if any) follows:

Processor 4: sum of squares up to 350000*350000 is 14291727916725000
Processor 5: sum of squares up to 350000*350000 is 14291727916725000
Processor 9: sum of squares up to 350000*350000 is 14291727916725000
Processor 7: sum of squares up to 350000*350000 is 14291727916725000
Processor 6: sum of squares up to 350000*350000 is 14291727916725000
Processor 2: sum of squares up to 350000*350000 is 14291727916725000
Processor 11: sum of squares up to 350000*350000 is 14291727916725000
Processor 0: sum of squares up to 350000*350000 is 14291727916725000
This took only 0.000746 seconds.
Processor 3: sum of squares up to 350000*350000 is 14291727916725000
Processor 1: sum of squares up to 350000*350000 is 14291727916725000
Processor 10: sum of squares up to 350000*350000 is 14291727916725000
Processor 8: sum of squares up to 350000*350000 is 14291727916725000
Sender: LSF System <hpcadmin@node06>
Subject: Job 9069: <./product 12 450000> Done

Job <./product 12 450000> was submitted from host <head1> by user <kmd14> in cluster <head1_cluster1>.
Job was executed on host(s) <12*node06>, in queue <medium_priority>, as user <kmd14> in cluster <head1_cluster1>.
</gpfs1/kmd14> was used as the home directory.
</gpfs1/kmd14/297M/Assignments/Assignment 1/BSP> was used as the working directory.
Started at Sun Feb 23 19:46:20 2014
Results reported at Sun Feb 23 19:46:23 2014

Your job looked like:

------------------------------------------------------------
# LSBATCH: User input
./product 12 450000
------------------------------------------------------------

Successfully completed.

Resource usage summary:

    CPU time   :      0.05 sec.
    Max Memory :         1 MB
    Max Swap   :        30 MB

    Max Processes  :         1
    Max Threads    :         1

The output (if any) follows:

Processor 10: sum of squares up to 450000*450000 is 30375101250075000
Processor 11: sum of squares up to 450000*450000 is 30375101250075000
Processor 3: sum of squares up to 450000*450000 is 30375101250075000
Processor 1: sum of squares up to 450000*450000 is 30375101250075000
Processor 9: sum of squares up to 450000*450000 is 30375101250075000
Processor 0: sum of squares up to 450000*450000 is 30375101250075000
This took only 0.001063 seconds.
Processor 2: sum of squares up to 450000*450000 is 30375101250075000
Processor 7: sum of squares up to 450000*450000 is 30375101250075000
Processor 6: sum of squares up to 450000*450000 is 30375101250075000
Processor 8: sum of squares up to 450000*450000 is 30375101250075000
Processor 5: sum of squares up to 450000*450000 is 30375101250075000
Processor 4: sum of squares up to 450000*450000 is 30375101250075000
Sender: LSF System <hpcadmin@node01>
Subject: Job 9070: <./product 12 500000> Done

Job <./product 12 500000> was submitted from host <head1> by user <kmd14> in cluster <head1_cluster1>.
Job was executed on host(s) <12*node01>, in queue <medium_priority>, as user <kmd14> in cluster <head1_cluster1>.
</gpfs1/kmd14> was used as the home directory.
</gpfs1/kmd14/297M/Assignments/Assignment 1/BSP> was used as the working directory.
Started at Sun Feb 23 19:46:22 2014
Results reported at Sun Feb 23 19:46:24 2014

Your job looked like:

------------------------------------------------------------
# LSBATCH: User input
./product 12 500000
------------------------------------------------------------

Successfully completed.

Resource usage summary:

    CPU time   :      0.06 sec.
    Max Memory :         1 MB
    Max Swap   :        30 MB

    Max Processes  :         1
    Max Threads    :         1

The output (if any) follows:

Processor 8: sum of squares up to 500000*500000 is 41666791666750000
Processor 11: sum of squares up to 500000*500000 is 41666791666750000
Processor 10: sum of squares up to 500000*500000 is 41666791666750000
Processor 5: sum of squares up to 500000*500000 is 41666791666750000
Processor 3: sum of squares up to 500000*500000 is 41666791666750000
Processor 2: sum of squares up to 500000*500000 is 41666791666750000
Processor 0: sum of squares up to 500000*500000 is 41666791666750000
This took only 0.001007 seconds.
Processor 4: sum of squares up to 500000*500000 is 41666791666750000
Processor 6: sum of squares up to 500000*500000 is 41666791666750000
Processor 9: sum of squares up to 500000*500000 is 41666791666750000
Processor 7: sum of squares up to 500000*500000 is 41666791666750000
Processor 1: sum of squares up to 500000*500000 is 41666791666750000
Sender: LSF System <hpcadmin@node03>
Subject: Job 9072: <./product 12 600000> Done

Job <./product 12 600000> was submitted from host <head1> by user <kmd14> in cluster <head1_cluster1>.
Job was executed on host(s) <12*node03>, in queue <medium_priority>, as user <kmd14> in cluster <head1_cluster1>.
</gpfs1/kmd14> was used as the home directory.
</gpfs1/kmd14/297M/Assignments/Assignment 1/BSP> was used as the working directory.
Started at Sun Feb 23 19:46:22 2014
Results reported at Sun Feb 23 19:46:24 2014

Your job looked like:

------------------------------------------------------------
# LSBATCH: User input
./product 12 600000
------------------------------------------------------------

Successfully completed.

Resource usage summary:

    CPU time   :      0.07 sec.
    Max Memory :         1 MB
    Max Swap   :        30 MB

    Max Processes  :         1
    Max Threads    :         1

The output (if any) follows:

Processor 4: sum of squares up to 600000*600000 is 72000180000100000
Processor 6: sum of squares up to 600000*600000 is 72000180000100000
Processor 1: sum of squares up to 600000*600000 is 72000180000100000
Processor 10: sum of squares up to 600000*600000 is 72000180000100000
Processor 9: sum of squares up to 600000*600000 is 72000180000100000
Processor 2: sum of squares up to 600000*600000 is 72000180000100000
Processor 7: sum of squares up to 600000*600000 is 72000180000100000
Processor 0: sum of squares up to 600000*600000 is 72000180000100000
This took only 0.001478 seconds.
Processor 8: sum of squares up to 600000*600000 is 72000180000100000
Processor 5: sum of squares up to 600000*600000 is 72000180000100000
Processor 11: sum of squares up to 600000*600000 is 72000180000100000
Processor 3: sum of squares up to 600000*600000 is 72000180000100000
Sender: LSF System <hpcadmin@node13>
Subject: Job 9071: <./product 12 550000> Done

Job <./product 12 550000> was submitted from host <head1> by user <kmd14> in cluster <head1_cluster1>.
Job was executed on host(s) <12*node13>, in queue <medium_priority>, as user <kmd14> in cluster <head1_cluster1>.
</gpfs1/kmd14> was used as the home directory.
</gpfs1/kmd14/297M/Assignments/Assignment 1/BSP> was used as the working directory.
Started at Sun Feb 23 19:46:22 2014
Results reported at Sun Feb 23 19:46:25 2014

Your job looked like:

------------------------------------------------------------
# LSBATCH: User input
./product 12 550000
------------------------------------------------------------

Successfully completed.

Resource usage summary:

    CPU time   :      0.07 sec.
    Max Memory :         1 MB
    Max Swap   :        30 MB

    Max Processes  :         1
    Max Threads    :         1

The output (if any) follows:

Processor 4: sum of squares up to 550000*550000 is 55458484583424992
Processor 10: sum of squares up to 550000*550000 is 55458484583424992
Processor 9: sum of squares up to 550000*550000 is 55458484583424992
Processor 2: sum of squares up to 550000*550000 is 55458484583424992
Processor 3: sum of squares up to 550000*550000 is 55458484583424992
Processor 0: sum of squares up to 550000*550000 is 55458484583424992
This took only 0.001245 seconds.
Processor 6: sum of squares up to 550000*550000 is 55458484583424992
Processor 5: sum of squares up to 550000*550000 is 55458484583424992
Processor 11: sum of squares up to 550000*550000 is 55458484583424992
Processor 8: sum of squares up to 550000*550000 is 55458484583424992
Processor 1: sum of squares up to 550000*550000 is 55458484583424992
Processor 7: sum of squares up to 550000*550000 is 55458484583424992
Sender: LSF System <hpcadmin@node06>
Subject: Job 9073: <./product 12 650000> Done

Job <./product 12 650000> was submitted from host <head1> by user <kmd14> in cluster <head1_cluster1>.
Job was executed on host(s) <12*node06>, in queue <medium_priority>, as user <kmd14> in cluster <head1_cluster1>.
</gpfs1/kmd14> was used as the home directory.
</gpfs1/kmd14/297M/Assignments/Assignment 1/BSP> was used as the working directory.
Started at Sun Feb 23 19:46:24 2014
Results reported at Sun Feb 23 19:46:26 2014

Your job looked like:

------------------------------------------------------------
# LSBATCH: User input
./product 12 650000
------------------------------------------------------------

Successfully completed.

Resource usage summary:

    CPU time   :      0.06 sec.
    Max Memory :         1 MB
    Max Swap   :        30 MB

    Max Processes  :         1
    Max Threads    :         1

The output (if any) follows:

Processor 9: sum of squares up to 650000*650000 is 91541877916775008
Processor 10: sum of squares up to 650000*650000 is 91541877916775008
Processor 1: sum of squares up to 650000*650000 is 91541877916775008
Processor 2: sum of squares up to 650000*650000 is 91541877916775008
Processor 8: sum of squares up to 650000*650000 is 91541877916775008
Processor 6: sum of squares up to 650000*650000 is 91541877916775008
Processor 4: sum of squares up to 650000*650000 is 91541877916775008
Processor 11: sum of squares up to 650000*650000 is 91541877916775008
Processor 7: sum of squares up to 650000*650000 is 91541877916775008
Processor 0: sum of squares up to 650000*650000 is 91541877916775008
This took only 0.001443 seconds.
Processor 3: sum of squares up to 650000*650000 is 91541877916775008
Processor 5: sum of squares up to 650000*650000 is 91541877916775008
Sender: LSF System <hpcadmin@node01>
Subject: Job 9074: <./product 12 700000> Done

Job <./product 12 700000> was submitted from host <head1> by user <kmd14> in cluster <head1_cluster1>.
Job was executed on host(s) <12*node01>, in queue <medium_priority>, as user <kmd14> in cluster <head1_cluster1>.
</gpfs1/kmd14> was used as the home directory.
</gpfs1/kmd14/297M/Assignments/Assignment 1/BSP> was used as the working directory.
Started at Sun Feb 23 19:46:25 2014
Results reported at Sun Feb 23 19:46:27 2014

Your job looked like:

------------------------------------------------------------
# LSBATCH: User input
./product 12 700000
------------------------------------------------------------

Successfully completed.

Resource usage summary:

    CPU time   :      0.08 sec.
    Max Memory :         1 MB
    Max Swap   :        30 MB

    Max Processes  :         1
    Max Threads    :         1

The output (if any) follows:

Processor 0: sum of squares up to 700000*700000 is 114333578333443504
This took only 0.001493 seconds.
Processor 9: sum of squares up to 700000*700000 is 114333578333443504
Processor 5: sum of squares up to 700000*700000 is 114333578333443504
Processor 7: sum of squares up to 700000*700000 is 114333578333443504
Processor 4: sum of squares up to 700000*700000 is 114333578333443504
Processor 11: sum of squares up to 700000*700000 is 114333578333443504
Processor 6: sum of squares up to 700000*700000 is 114333578333443504
Processor 3: sum of squares up to 700000*700000 is 114333578333443504
Processor 2: sum of squares up to 700000*700000 is 114333578333443504
Processor 8: sum of squares up to 700000*700000 is 114333578333443504
Processor 10: sum of squares up to 700000*700000 is 114333578333443504
Processor 1: sum of squares up to 700000*700000 is 114333578333443504
Sender: LSF System <hpcadmin@node03>
Subject: Job 9076: <./product 12 800000> Done

Job <./product 12 800000> was submitted from host <head1> by user <kmd14> in cluster <head1_cluster1>.
Job was executed on host(s) <12*node03>, in queue <medium_priority>, as user <kmd14> in cluster <head1_cluster1>.
</gpfs1/kmd14> was used as the home directory.
</gpfs1/kmd14/297M/Assignments/Assignment 1/BSP> was used as the working directory.
Started at Sun Feb 23 19:46:25 2014
Results reported at Sun Feb 23 19:46:27 2014

Your job looked like:

------------------------------------------------------------
# LSBATCH: User input
./product 12 800000
------------------------------------------------------------

Successfully completed.

Resource usage summary:

    CPU time   :      0.08 sec.
    Max Memory :         1 MB
    Max Swap   :        30 MB

    Max Processes  :         1
    Max Threads    :         1

The output (if any) follows:

Processor 9: sum of squares up to 800000*800000 is 170666986666743488
Processor 6: sum of squares up to 800000*800000 is 170666986666743488
Processor 7: sum of squares up to 800000*800000 is 170666986666743488
Processor 10: sum of squares up to 800000*800000 is 170666986666743488
Processor 8: sum of squares up to 800000*800000 is 170666986666743488
Processor 0: sum of squares up to 800000*800000 is 170666986666743488
This took only 0.001724 seconds.
Processor 11: sum of squares up to 800000*800000 is 170666986666743488
Processor 5: sum of squares up to 800000*800000 is 170666986666743488
Processor 2: sum of squares up to 800000*800000 is 170666986666743488
Processor 4: sum of squares up to 800000*800000 is 170666986666743488
Processor 1: sum of squares up to 800000*800000 is 170666986666743488
Processor 3: sum of squares up to 800000*800000 is 170666986666743488
Sender: LSF System <hpcadmin@node13>
Subject: Job 9075: <./product 12 750000> Done

Job <./product 12 750000> was submitted from host <head1> by user <kmd14> in cluster <head1_cluster1>.
Job was executed on host(s) <12*node13>, in queue <medium_priority>, as user <kmd14> in cluster <head1_cluster1>.
</gpfs1/kmd14> was used as the home directory.
</gpfs1/kmd14/297M/Assignments/Assignment 1/BSP> was used as the working directory.
Started at Sun Feb 23 19:46:25 2014
Results reported at Sun Feb 23 19:46:28 2014

Your job looked like:

------------------------------------------------------------
# LSBATCH: User input
./product 12 750000
------------------------------------------------------------

Successfully completed.

Resource usage summary:

    CPU time   :      0.07 sec.
    Max Memory :         1 MB
    Max Swap   :        30 MB

    Max Processes  :         1
    Max Threads    :         1

The output (if any) follows:

Processor 11: sum of squares up to 750000*750000 is 140625281250093504
Processor 4: sum of squares up to 750000*750000 is 140625281250093504
Processor 3: sum of squares up to 750000*750000 is 140625281250093504
Processor 1: sum of squares up to 750000*750000 is 140625281250093504
Processor 2: sum of squares up to 750000*750000 is 140625281250093504
Processor 0: sum of squares up to 750000*750000 is 140625281250093504
This took only 0.001405 seconds.
Processor 6: sum of squares up to 750000*750000 is 140625281250093504
Processor 5: sum of squares up to 750000*750000 is 140625281250093504
Processor 10: sum of squares up to 750000*750000 is 140625281250093504
Processor 9: sum of squares up to 750000*750000 is 140625281250093504
Processor 7: sum of squares up to 750000*750000 is 140625281250093504
Processor 8: sum of squares up to 750000*750000 is 140625281250093504
Sender: LSF System <hpcadmin@node06>
Subject: Job 9077: <./product 12 850000> Done

Job <./product 12 850000> was submitted from host <head1> by user <kmd14> in cluster <head1_cluster1>.
Job was executed on host(s) <12*node06>, in queue <medium_priority>, as user <kmd14> in cluster <head1_cluster1>.
</gpfs1/kmd14> was used as the home directory.
</gpfs1/kmd14/297M/Assignments/Assignment 1/BSP> was used as the working directory.
Started at Sun Feb 23 19:46:27 2014
Results reported at Sun Feb 23 19:46:29 2014

Your job looked like:

------------------------------------------------------------
# LSBATCH: User input
./product 12 850000
------------------------------------------------------------

Successfully completed.

Resource usage summary:

    CPU time   :      0.08 sec.
    Max Memory :         1 MB
    Max Swap   :        30 MB

    Max Processes  :         1
    Max Threads    :         1

The output (if any) follows:

Processor 5: sum of squares up to 850000*850000 is 204708694583393536
Processor 8: sum of squares up to 850000*850000 is 204708694583393536
Processor 4: sum of squares up to 850000*850000 is 204708694583393536
Processor 6: sum of squares up to 850000*850000 is 204708694583393536
Processor 0: sum of squares up to 850000*850000 is 204708694583393536
Processor 9: sum of squares up to 850000*850000 is 204708694583393536
Processor 1: sum of squares up to 850000*850000 is 204708694583393536
Processor 10: sum of squares up to 850000*850000 is 204708694583393536
Processor 2: sum of squares up to 850000*850000 is 204708694583393536
Processor 7: sum of squares up to 850000*850000 is 204708694583393536
Processor 11: sum of squares up to 850000*850000 is 204708694583393536
Processor 3: sum of squares up to 850000*850000 is 204708694583393536
This took only 0.002003 seconds.
Sender: LSF System <hpcadmin@node01>
Subject: Job 9078: <./product 12 900000> Done

Job <./product 12 900000> was submitted from host <head1> by user <kmd14> in cluster <head1_cluster1>.
Job was executed on host(s) <12*node01>, in queue <medium_priority>, as user <kmd14> in cluster <head1_cluster1>.
</gpfs1/kmd14> was used as the home directory.
</gpfs1/kmd14/297M/Assignments/Assignment 1/BSP> was used as the working directory.
Started at Sun Feb 23 19:46:28 2014
Results reported at Sun Feb 23 19:46:30 2014

Your job looked like:

------------------------------------------------------------
# LSBATCH: User input
./product 12 900000
------------------------------------------------------------

Successfully completed.

Resource usage summary:

    CPU time   :      0.09 sec.
    Max Memory :         1 MB
    Max Swap   :        30 MB

    Max Processes  :         1
    Max Threads    :         1

The output (if any) follows:

Processor 9: sum of squares up to 900000*900000 is 243000405000043488
Processor 0: sum of squares up to 900000*900000 is 243000405000043488
This took only 0.001789 seconds.
Processor 10: sum of squares up to 900000*900000 is 243000405000043488
Processor 3: sum of squares up to 900000*900000 is 243000405000043488
Processor 7: sum of squares up to 900000*900000 is 243000405000043488
Processor 6: sum of squares up to 900000*900000 is 243000405000043488
Processor 11: sum of squares up to 900000*900000 is 243000405000043488
Processor 1: sum of squares up to 900000*900000 is 243000405000043488
Processor 4: sum of squares up to 900000*900000 is 243000405000043488
Processor 2: sum of squares up to 900000*900000 is 243000405000043488
Processor 5: sum of squares up to 900000*900000 is 243000405000043488
Processor 8: sum of squares up to 900000*900000 is 243000405000043488
Sender: LSF System <hpcadmin@node03>
Subject: Job 9080: <./product 12 1000000> Done

Job <./product 12 1000000> was submitted from host <head1> by user <kmd14> in cluster <head1_cluster1>.
Job was executed on host(s) <12*node03>, in queue <medium_priority>, as user <kmd14> in cluster <head1_cluster1>.
</gpfs1/kmd14> was used as the home directory.
</gpfs1/kmd14/297M/Assignments/Assignment 1/BSP> was used as the working directory.
Started at Sun Feb 23 19:46:28 2014
Results reported at Sun Feb 23 19:46:30 2014

Your job looked like:

------------------------------------------------------------
# LSBATCH: User input
./product 12 1000000
------------------------------------------------------------

Successfully completed.

Resource usage summary:

    CPU time   :      0.08 sec.
    Max Memory :         1 MB
    Max Swap   :        30 MB

    Max Processes  :         1
    Max Threads    :         1

The output (if any) follows:

Processor 6: sum of squares up to 1000000*1000000 is 333333833333343552
Processor 1: sum of squares up to 1000000*1000000 is 333333833333343552
Processor 4: sum of squares up to 1000000*1000000 is 333333833333343552
Processor 11: sum of squares up to 1000000*1000000 is 333333833333343552
Processor 2: sum of squares up to 1000000*1000000 is 333333833333343552
Processor 0: sum of squares up to 1000000*1000000 is 333333833333343552
This took only 0.002101 seconds.
Processor 7: sum of squares up to 1000000*1000000 is 333333833333343552
Processor 10: sum of squares up to 1000000*1000000 is 333333833333343552
Processor 9: sum of squares up to 1000000*1000000 is 333333833333343552
Processor 5: sum of squares up to 1000000*1000000 is 333333833333343552
Processor 8: sum of squares up to 1000000*1000000 is 333333833333343552
Processor 3: sum of squares up to 1000000*1000000 is 333333833333343552
Sender: LSF System <hpcadmin@node13>
Subject: Job 9079: <./product 12 950000> Done

Job <./product 12 950000> was submitted from host <head1> by user <kmd14> in cluster <head1_cluster1>.
Job was executed on host(s) <12*node13>, in queue <medium_priority>, as user <kmd14> in cluster <head1_cluster1>.
</gpfs1/kmd14> was used as the home directory.
</gpfs1/kmd14/297M/Assignments/Assignment 1/BSP> was used as the working directory.
Started at Sun Feb 23 19:46:28 2014
Results reported at Sun Feb 23 19:46:31 2014

Your job looked like:

------------------------------------------------------------
# LSBATCH: User input
./product 12 950000
------------------------------------------------------------

Successfully completed.

Resource usage summary:

    CPU time   :      0.08 sec.
    Max Memory :         1 MB
    Max Swap   :        30 MB

    Max Processes  :         1
    Max Threads    :         1

The output (if any) follows:

Processor 0: sum of squares up to 950000*950000 is 285792117916693568
This took only 0.001790 seconds.
Processor 6: sum of squares up to 950000*950000 is 285792117916693568
Processor 10: sum of squares up to 950000*950000 is 285792117916693568
Processor 2: sum of squares up to 950000*950000 is 285792117916693568
Processor 11: sum of squares up to 950000*950000 is 285792117916693568
Processor 5: sum of squares up to 950000*950000 is 285792117916693568
Processor 7: sum of squares up to 950000*950000 is 285792117916693568
Processor 8: sum of squares up to 950000*950000 is 285792117916693568
Processor 3: sum of squares up to 950000*950000 is 285792117916693568
Processor 9: sum of squares up to 950000*950000 is 285792117916693568
Processor 4: sum of squares up to 950000*950000 is 285792117916693568
Processor 1: sum of squares up to 950000*950000 is 285792117916693568
