Sender: LSF System <hpcadmin@node13>
Subject: Job 9008: <./product 4 250000> Done

Job <./product 4 250000> was submitted from host <head1> by user <kmd14> in cluster <head1_cluster1>.
Job was executed on host(s) <4*node13>, in queue <medium_priority>, as user <kmd14> in cluster <head1_cluster1>.
</gpfs1/kmd14> was used as the home directory.
</gpfs1/kmd14/297M/Assignments/Assignment 1/BSP> was used as the working directory.
Started at Sun Feb 23 19:45:31 2014
Results reported at Sun Feb 23 19:45:40 2014

Your job looked like:

------------------------------------------------------------
# LSBATCH: User input
./product 4 250000
------------------------------------------------------------

Successfully completed.

Resource usage summary:

    CPU time   :      0.03 sec.
    Max Memory :         1 MB
    Max Swap   :        30 MB

    Max Processes  :         1
    Max Threads    :         1

The output (if any) follows:

Processor 1: sum of squares up to 250000*250000 is 5208364583375000
Processor 3: sum of squares up to 250000*250000 is 5208364583375000
Processor 2: sum of squares up to 250000*250000 is 5208364583375000
Processor 0: sum of squares up to 250000*250000 is 5208364583375000
This took only 0.001319 seconds.
Sender: LSF System <hpcadmin@node13>
Subject: Job 9006: <./product 4 150000> Done

Job <./product 4 150000> was submitted from host <head1> by user <kmd14> in cluster <head1_cluster1>.
Job was executed on host(s) <4*node13>, in queue <medium_priority>, as user <kmd14> in cluster <head1_cluster1>.
</gpfs1/kmd14> was used as the home directory.
</gpfs1/kmd14/297M/Assignments/Assignment 1/BSP> was used as the working directory.
Started at Sun Feb 23 19:45:31 2014
Results reported at Sun Feb 23 19:45:40 2014

Your job looked like:

------------------------------------------------------------
# LSBATCH: User input
./product 4 150000
------------------------------------------------------------

Successfully completed.

Resource usage summary:

    CPU time   :      0.04 sec.
    Max Memory :         1 MB
    Max Swap   :        30 MB

    Max Processes  :         1
    Max Threads    :         1

The output (if any) follows:

Processor 3: sum of squares up to 150000*150000 is 1125011250025000
Processor 0: sum of squares up to 150000*150000 is 1125011250025000
This took only 0.000796 seconds.
Processor 2: sum of squares up to 150000*150000 is 1125011250025000
Processor 1: sum of squares up to 150000*150000 is 1125011250025000
Sender: LSF System <hpcadmin@node13>
Subject: Job 9007: <./product 4 200000> Done

Job <./product 4 200000> was submitted from host <head1> by user <kmd14> in cluster <head1_cluster1>.
Job was executed on host(s) <4*node13>, in queue <medium_priority>, as user <kmd14> in cluster <head1_cluster1>.
</gpfs1/kmd14> was used as the home directory.
</gpfs1/kmd14/297M/Assignments/Assignment 1/BSP> was used as the working directory.
Started at Sun Feb 23 19:45:31 2014
Results reported at Sun Feb 23 19:45:40 2014

Your job looked like:

------------------------------------------------------------
# LSBATCH: User input
./product 4 200000
------------------------------------------------------------

Successfully completed.

Resource usage summary:

    CPU time   :      0.04 sec.
    Max Memory :         1 MB
    Max Swap   :        30 MB

    Max Processes  :         1
    Max Threads    :         1

The output (if any) follows:

Processor 1: sum of squares up to 200000*200000 is 2666686666700000
Processor 2: sum of squares up to 200000*200000 is 2666686666700000
Processor 0: sum of squares up to 200000*200000 is 2666686666700000
This took only 0.001048 seconds.
Processor 3: sum of squares up to 200000*200000 is 2666686666700000
Sender: LSF System <hpcadmin@node03>
Subject: Job 9010: <./product 4 350000> Done

Job <./product 4 350000> was submitted from host <head1> by user <kmd14> in cluster <head1_cluster1>.
Job was executed on host(s) <4*node03>, in queue <medium_priority>, as user <kmd14> in cluster <head1_cluster1>.
</gpfs1/kmd14> was used as the home directory.
</gpfs1/kmd14/297M/Assignments/Assignment 1/BSP> was used as the working directory.
Started at Sun Feb 23 19:45:29 2014
Results reported at Sun Feb 23 19:45:41 2014

Your job looked like:

------------------------------------------------------------
# LSBATCH: User input
./product 4 350000
------------------------------------------------------------

Successfully completed.

Resource usage summary:

    CPU time   :      0.04 sec.
    Max Memory :         1 MB
    Max Swap   :        30 MB

    Max Processes  :         1
    Max Threads    :         1

The output (if any) follows:

Processor 3: sum of squares up to 350000*350000 is 14291727916725000
Processor 0: sum of squares up to 350000*350000 is 14291727916725000
This took only 0.005656 seconds.
Processor 2: sum of squares up to 350000*350000 is 14291727916725000
Processor 1: sum of squares up to 350000*350000 is 14291727916725000
Sender: LSF System <hpcadmin@node03>
Subject: Job 9011: <./product 4 400000> Done

Job <./product 4 400000> was submitted from host <head1> by user <kmd14> in cluster <head1_cluster1>.
Job was executed on host(s) <4*node03>, in queue <medium_priority>, as user <kmd14> in cluster <head1_cluster1>.
</gpfs1/kmd14> was used as the home directory.
</gpfs1/kmd14/297M/Assignments/Assignment 1/BSP> was used as the working directory.
Started at Sun Feb 23 19:45:29 2014
Results reported at Sun Feb 23 19:45:41 2014

Your job looked like:

------------------------------------------------------------
# LSBATCH: User input
./product 4 400000
------------------------------------------------------------

Successfully completed.

Resource usage summary:

    CPU time   :      0.03 sec.
    Max Memory :         1 MB
    Max Swap   :        30 MB

    Max Processes  :         1
    Max Threads    :         1

The output (if any) follows:

Processor 2: sum of squares up to 400000*400000 is 21333413333400000
Processor 3: sum of squares up to 400000*400000 is 21333413333400000
Processor 0: sum of squares up to 400000*400000 is 21333413333400000
This took only 0.002197 seconds.
Processor 1: sum of squares up to 400000*400000 is 21333413333400000
Sender: LSF System <hpcadmin@node03>
Subject: Job 9012: <./product 4 450000> Done

Job <./product 4 450000> was submitted from host <head1> by user <kmd14> in cluster <head1_cluster1>.
Job was executed on host(s) <4*node03>, in queue <medium_priority>, as user <kmd14> in cluster <head1_cluster1>.
</gpfs1/kmd14> was used as the home directory.
</gpfs1/kmd14/297M/Assignments/Assignment 1/BSP> was used as the working directory.
Started at Sun Feb 23 19:45:29 2014
Results reported at Sun Feb 23 19:45:41 2014

Your job looked like:

------------------------------------------------------------
# LSBATCH: User input
./product 4 450000
------------------------------------------------------------

Successfully completed.

Resource usage summary:

    CPU time   :      0.04 sec.
    Max Memory :         1 MB
    Max Swap   :        30 MB

    Max Processes  :         1
    Max Threads    :         1

The output (if any) follows:

Processor 1: sum of squares up to 450000*450000 is 30375101250075000
Processor 2: sum of squares up to 450000*450000 is 30375101250075000
Processor 0: sum of squares up to 450000*450000 is 30375101250075000
This took only 0.009564 seconds.
Processor 3: sum of squares up to 450000*450000 is 30375101250075000
Sender: LSF System <hpcadmin@node13>
Subject: Job 9015: <./product 4 600000> Done

Job <./product 4 600000> was submitted from host <head1> by user <kmd14> in cluster <head1_cluster1>.
Job was executed on host(s) <4*node13>, in queue <medium_priority>, as user <kmd14> in cluster <head1_cluster1>.
</gpfs1/kmd14> was used as the home directory.
</gpfs1/kmd14/297M/Assignments/Assignment 1/BSP> was used as the working directory.
Started at Sun Feb 23 19:45:41 2014
Results reported at Sun Feb 23 19:45:43 2014

Your job looked like:

------------------------------------------------------------
# LSBATCH: User input
./product 4 600000
------------------------------------------------------------

Successfully completed.

Resource usage summary:

    CPU time   :      0.15 sec.
    Max Memory :         1 MB
    Max Swap   :        30 MB

    Max Processes  :         1
    Max Threads    :         1

The output (if any) follows:

Processor 2: sum of squares up to 600000*600000 is 72000180000038176
Processor 0: sum of squares up to 600000*600000 is 72000180000038176
This took only 0.001625 seconds.
Processor 3: sum of squares up to 600000*600000 is 72000180000038176
Processor 1: sum of squares up to 600000*600000 is 72000180000038176
Sender: LSF System <hpcadmin@node13>
Subject: Job 9017: <./product 4 700000> Done

Job <./product 4 700000> was submitted from host <head1> by user <kmd14> in cluster <head1_cluster1>.
Job was executed on host(s) <4*node13>, in queue <medium_priority>, as user <kmd14> in cluster <head1_cluster1>.
</gpfs1/kmd14> was used as the home directory.
</gpfs1/kmd14/297M/Assignments/Assignment 1/BSP> was used as the working directory.
Started at Sun Feb 23 19:45:41 2014
Results reported at Sun Feb 23 19:45:43 2014

Your job looked like:

------------------------------------------------------------
# LSBATCH: User input
./product 4 700000
------------------------------------------------------------

Successfully completed.

Resource usage summary:

    CPU time   :      0.19 sec.
    Max Memory :         1 MB
    Max Swap   :        30 MB

    Max Processes  :         1
    Max Threads    :         1

The output (if any) follows:

Processor 1: sum of squares up to 700000*700000 is 114333578333338176
Processor 0: sum of squares up to 700000*700000 is 114333578333338176
This took only 0.060002 seconds.
Processor 3: sum of squares up to 700000*700000 is 114333578333338176
Processor 2: sum of squares up to 700000*700000 is 114333578333338176
Sender: LSF System <hpcadmin@node13>
Subject: Job 9016: <./product 4 650000> Done

Job <./product 4 650000> was submitted from host <head1> by user <kmd14> in cluster <head1_cluster1>.
Job was executed on host(s) <4*node13>, in queue <medium_priority>, as user <kmd14> in cluster <head1_cluster1>.
</gpfs1/kmd14> was used as the home directory.
</gpfs1/kmd14/297M/Assignments/Assignment 1/BSP> was used as the working directory.
Started at Sun Feb 23 19:45:41 2014
Results reported at Sun Feb 23 19:45:43 2014

Your job looked like:

------------------------------------------------------------
# LSBATCH: User input
./product 4 650000
------------------------------------------------------------

Successfully completed.

Resource usage summary:

    CPU time   :      0.19 sec.
    Max Memory :         1 MB
    Max Swap   :        30 MB

    Max Processes  :         1
    Max Threads    :         1

The output (if any) follows:

Processor 2: sum of squares up to 650000*650000 is 91541877916688176
Processor 0: sum of squares up to 650000*650000 is 91541877916688176
This took only 0.064754 seconds.
Processor 3: sum of squares up to 650000*650000 is 91541877916688176
Processor 1: sum of squares up to 650000*650000 is 91541877916688176
Sender: LSF System <hpcadmin@node13>
Subject: Job 9018: <./product 4 750000> Done

Job <./product 4 750000> was submitted from host <head1> by user <kmd14> in cluster <head1_cluster1>.
Job was executed on host(s) <4*node13>, in queue <medium_priority>, as user <kmd14> in cluster <head1_cluster1>.
</gpfs1/kmd14> was used as the home directory.
</gpfs1/kmd14/297M/Assignments/Assignment 1/BSP> was used as the working directory.
Started at Sun Feb 23 19:45:41 2014
Results reported at Sun Feb 23 19:45:43 2014

Your job looked like:

------------------------------------------------------------
# LSBATCH: User input
./product 4 750000
------------------------------------------------------------

Successfully completed.

Resource usage summary:

    CPU time   :      0.22 sec.
    Max Memory :         1 MB
    Max Swap   :        30 MB

    Max Processes  :         1
    Max Threads    :         1

The output (if any) follows:

Processor 0: sum of squares up to 750000*750000 is 140625281249988176
This took only 0.013243 seconds.
Processor 3: sum of squares up to 750000*750000 is 140625281249988176
Processor 2: sum of squares up to 750000*750000 is 140625281249988176
Processor 1: sum of squares up to 750000*750000 is 140625281249988176
Sender: LSF System <hpcadmin@node03>
Subject: Job 9013: <./product 4 500000> Done

Job <./product 4 500000> was submitted from host <head1> by user <kmd14> in cluster <head1_cluster1>.
Job was executed on host(s) <4*node03>, in queue <medium_priority>, as user <kmd14> in cluster <head1_cluster1>.
</gpfs1/kmd14> was used as the home directory.
</gpfs1/kmd14/297M/Assignments/Assignment 1/BSP> was used as the working directory.
Started at Sun Feb 23 19:45:31 2014
Results reported at Sun Feb 23 19:45:44 2014

Your job looked like:

------------------------------------------------------------
# LSBATCH: User input
./product 4 500000
------------------------------------------------------------

Successfully completed.

Resource usage summary:

    CPU time   :      0.04 sec.
    Max Memory :         2 MB
    Max Swap   :        30 MB

    Max Processes  :         1
    Max Threads    :         1

The output (if any) follows:

Processor 1: sum of squares up to 500000*500000 is 41666791666738176
Processor 2: sum of squares up to 500000*500000 is 41666791666738176
Processor 3: sum of squares up to 500000*500000 is 41666791666738176
Processor 0: sum of squares up to 500000*500000 is 41666791666738176
This took only 0.002987 seconds.
Sender: LSF System <hpcadmin@node13>
Subject: Job 9023: <./product 4 1000000> Done

Job <./product 4 1000000> was submitted from host <head1> by user <kmd14> in cluster <head1_cluster1>.
Job was executed on host(s) <4*node13>, in queue <medium_priority>, as user <kmd14> in cluster <head1_cluster1>.
</gpfs1/kmd14> was used as the home directory.
</gpfs1/kmd14/297M/Assignments/Assignment 1/BSP> was used as the working directory.
Started at Sun Feb 23 19:45:44 2014
Results reported at Sun Feb 23 19:45:46 2014

Your job looked like:

------------------------------------------------------------
# LSBATCH: User input
./product 4 1000000
------------------------------------------------------------

Successfully completed.

Resource usage summary:

    CPU time   :      0.06 sec.
    Max Memory :         1 MB
    Max Swap   :        30 MB

    Max Processes  :         1
    Max Threads    :         1

The output (if any) follows:

Processor 3: sum of squares up to 1000000*1000000 is 333333833333088960
Processor 0: sum of squares up to 1000000*1000000 is 333333833333088960
This took only 0.002498 seconds.
Processor 1: sum of squares up to 1000000*1000000 is 333333833333088960
Processor 2: sum of squares up to 1000000*1000000 is 333333833333088960
Sender: LSF System <hpcadmin@node13>
Subject: Job 9022: <./product 4 950000> Done

Job <./product 4 950000> was submitted from host <head1> by user <kmd14> in cluster <head1_cluster1>.
Job was executed on host(s) <4*node13>, in queue <medium_priority>, as user <kmd14> in cluster <head1_cluster1>.
</gpfs1/kmd14> was used as the home directory.
</gpfs1/kmd14/297M/Assignments/Assignment 1/BSP> was used as the working directory.
Started at Sun Feb 23 19:45:44 2014
Results reported at Sun Feb 23 19:45:47 2014

Your job looked like:

------------------------------------------------------------
# LSBATCH: User input
./product 4 950000
------------------------------------------------------------

Successfully completed.

Resource usage summary:

    CPU time   :      0.06 sec.
    Max Memory :         1 MB
    Max Swap   :        30 MB

    Max Processes  :         1
    Max Threads    :         1

The output (if any) follows:

Processor 0: sum of squares up to 950000*950000 is 285792117916394336
This took only 0.002527 seconds.
Processor 3: sum of squares up to 950000*950000 is 285792117916394336
Processor 1: sum of squares up to 950000*950000 is 285792117916394336
Processor 2: sum of squares up to 950000*950000 is 285792117916394336
Sender: LSF System <hpcadmin@node01>
Subject: Job 9014: <./product 4 550000> Done

Job <./product 4 550000> was submitted from host <head1> by user <kmd14> in cluster <head1_cluster1>.
Job was executed on host(s) <4*node01>, in queue <medium_priority>, as user <kmd14> in cluster <head1_cluster1>.
</gpfs1/kmd14> was used as the home directory.
</gpfs1/kmd14/297M/Assignments/Assignment 1/BSP> was used as the working directory.
Started at Sun Feb 23 19:45:33 2014
Results reported at Sun Feb 23 19:45:48 2014

Your job looked like:

------------------------------------------------------------
# LSBATCH: User input
./product 4 550000
------------------------------------------------------------

Successfully completed.

Resource usage summary:

    CPU time   :      0.08 sec.
    Max Memory :         1 MB
    Max Swap   :        30 MB

    Max Processes  :         1
    Max Threads    :         1

The output (if any) follows:

Processor 0: sum of squares up to 550000*550000 is 55458484583388176
This took only 0.001433 seconds.
Processor 3: sum of squares up to 550000*550000 is 55458484583388176
Processor 1: sum of squares up to 550000*550000 is 55458484583388176
Processor 2: sum of squares up to 550000*550000 is 55458484583388176
Sender: LSF System <hpcadmin@node06>
Subject: Job 9005: <./product 4 100000> Done

Job <./product 4 100000> was submitted from host <head1> by user <kmd14> in cluster <head1_cluster1>.
Job was executed on host(s) <4*node06>, in queue <medium_priority>, as user <kmd14> in cluster <head1_cluster1>.
</gpfs1/kmd14> was used as the home directory.
</gpfs1/kmd14/297M/Assignments/Assignment 1/BSP> was used as the working directory.
Started at Sun Feb 23 19:45:28 2014
Results reported at Sun Feb 23 19:45:49 2014

Your job looked like:

------------------------------------------------------------
# LSBATCH: User input
./product 4 100000
------------------------------------------------------------

Successfully completed.

Resource usage summary:

    CPU time   :      0.05 sec.
    Max Memory :         1 MB
    Max Swap   :        30 MB

    Max Processes  :         1
    Max Threads    :         1

The output (if any) follows:

Processor 1: sum of squares up to 100000*100000 is 333338333350000
Processor 0: sum of squares up to 100000*100000 is 333338333350000
This took only 0.000305 seconds.
Processor 2: sum of squares up to 100000*100000 is 333338333350000
Processor 3: sum of squares up to 100000*100000 is 333338333350000
Sender: LSF System <hpcadmin@node06>
Subject: Job 9009: <./product 4 300000> Done

Job <./product 4 300000> was submitted from host <head1> by user <kmd14> in cluster <head1_cluster1>.
Job was executed on host(s) <4*node06>, in queue <medium_priority>, as user <kmd14> in cluster <head1_cluster1>.
</gpfs1/kmd14> was used as the home directory.
</gpfs1/kmd14/297M/Assignments/Assignment 1/BSP> was used as the working directory.
Started at Sun Feb 23 19:45:30 2014
Results reported at Sun Feb 23 19:45:49 2014

Your job looked like:

------------------------------------------------------------
# LSBATCH: User input
./product 4 300000
------------------------------------------------------------

Successfully completed.

Resource usage summary:

    CPU time   :      0.03 sec.
    Max Memory :         1 MB
    Max Swap   :        30 MB

    Max Processes  :         1
    Max Threads    :         1

The output (if any) follows:

Processor 1: sum of squares up to 300000*300000 is 9000045000050000
Processor 3: sum of squares up to 300000*300000 is 9000045000050000
Processor 2: sum of squares up to 300000*300000 is 9000045000050000
Processor 0: sum of squares up to 300000*300000 is 9000045000050000
This took only 0.001950 seconds.
Sender: LSF System <hpcadmin@node03>
Subject: Job 9021: <./product 4 900000> Done

Job <./product 4 900000> was submitted from host <head1> by user <kmd14> in cluster <head1_cluster1>.
Job was executed on host(s) <4*node03>, in queue <medium_priority>, as user <kmd14> in cluster <head1_cluster1>.
</gpfs1/kmd14> was used as the home directory.
</gpfs1/kmd14/297M/Assignments/Assignment 1/BSP> was used as the working directory.
Started at Sun Feb 23 19:45:44 2014
Results reported at Sun Feb 23 19:45:50 2014

Your job looked like:

------------------------------------------------------------
# LSBATCH: User input
./product 4 900000
------------------------------------------------------------

Successfully completed.

Resource usage summary:

    CPU time   :      0.05 sec.

The output (if any) follows:

Processor 2: sum of squares up to 900000*900000 is 243000404999794336
Processor 0: sum of squares up to 900000*900000 is 243000404999794336
This took only 0.005368 seconds.
Processor 1: sum of squares up to 900000*900000 is 243000404999794336
Processor 3: sum of squares up to 900000*900000 is 243000404999794336
Sender: LSF System <hpcadmin@node03>
Subject: Job 9019: <./product 4 800000> Done

Job <./product 4 800000> was submitted from host <head1> by user <kmd14> in cluster <head1_cluster1>.
Job was executed on host(s) <4*node03>, in queue <medium_priority>, as user <kmd14> in cluster <head1_cluster1>.
</gpfs1/kmd14> was used as the home directory.
</gpfs1/kmd14/297M/Assignments/Assignment 1/BSP> was used as the working directory.
Started at Sun Feb 23 19:45:41 2014
Results reported at Sun Feb 23 19:45:50 2014

Your job looked like:

------------------------------------------------------------
# LSBATCH: User input
./product 4 800000
------------------------------------------------------------

Successfully completed.

Resource usage summary:

    CPU time   :      0.05 sec.
    Max Memory :         1 MB
    Max Swap   :        30 MB

    Max Processes  :         1
    Max Threads    :         1

The output (if any) follows:

Processor 1: sum of squares up to 800000*800000 is 170666986666594336
Processor 0: sum of squares up to 800000*800000 is 170666986666594336
This took only 0.004810 seconds.
Processor 2: sum of squares up to 800000*800000 is 170666986666594336
Processor 3: sum of squares up to 800000*800000 is 170666986666594336
Sender: LSF System <hpcadmin@node03>
Subject: Job 9020: <./product 4 850000> Done

Job <./product 4 850000> was submitted from host <head1> by user <kmd14> in cluster <head1_cluster1>.
Job was executed on host(s) <4*node03>, in queue <medium_priority>, as user <kmd14> in cluster <head1_cluster1>.
</gpfs1/kmd14> was used as the home directory.
</gpfs1/kmd14/297M/Assignments/Assignment 1/BSP> was used as the working directory.
Started at Sun Feb 23 19:45:44 2014
Results reported at Sun Feb 23 19:45:53 2014

Your job looked like:

------------------------------------------------------------
# LSBATCH: User input
./product 4 850000
------------------------------------------------------------

Successfully completed.

Resource usage summary:

    CPU time   :      0.05 sec.
    Max Memory :         2 MB
    Max Swap   :        30 MB

    Max Processes  :         1
    Max Threads    :         1

The output (if any) follows:

Processor 0: sum of squares up to 850000*850000 is 204708694583194336
This took only 0.005093 seconds.
Processor 1: sum of squares up to 850000*850000 is 204708694583194336
Processor 2: sum of squares up to 850000*850000 is 204708694583194336
Processor 3: sum of squares up to 850000*850000 is 204708694583194336
