Sender: LSF System <hpcadmin@node10>
Subject: Job 16348: <./sharedcilk --stats 1 --nproc 4 10000> Done

Job <./sharedcilk --stats 1 --nproc 4 10000> was submitted from host <head1> by user <kmd14> in cluster <head1_cluster1>.
Job was executed on host(s) <4*node10>, in queue <medium_priority>, as user <kmd14> in cluster <head1_cluster1>.
</gpfs1/kmd14> was used as the home directory.
</gpfs1/kmd14/297M/Assignments/ExtraGrades/mergesort> was used as the working directory.
Started at Wed Apr 16 02:29:54 2014
Results reported at Wed Apr 16 02:29:56 2014

Your job looked like:

------------------------------------------------------------
# LSBATCH: User input
./sharedcilk --stats 1 --nproc 4 10000
------------------------------------------------------------

Successfully completed.

Resource usage summary:

    CPU time   :      0.02 sec.
    Max Memory :         1 MB
    Max Swap   :        30 MB

    Max Processes  :         1
    Max Threads    :         1

The output (if any) follows:


RUNTIME SYSTEM STATISTICS:

Wall-clock running time on 4 processors: 2.401000 ms
Total work = 2.107000 ms
Total work (accumulated) = 1.976000 ms
Span = 627.000000 us
Parallelism = 3.151515
[Realtime]	 0.000721
[Clocktime]	 0.000000
Sender: LSF System <hpcadmin@node16>
Subject: Job 16349: <./sharedcilk --stats 1 --nproc 4 1000000> Done

Job <./sharedcilk --stats 1 --nproc 4 1000000> was submitted from host <head1> by user <kmd14> in cluster <head1_cluster1>.
Job was executed on host(s) <4*node16>, in queue <medium_priority>, as user <kmd14> in cluster <head1_cluster1>.
</gpfs1/kmd14> was used as the home directory.
</gpfs1/kmd14/297M/Assignments/ExtraGrades/mergesort> was used as the working directory.
Started at Wed Apr 16 02:29:57 2014
Results reported at Wed Apr 16 02:30:03 2014

Your job looked like:

------------------------------------------------------------
# LSBATCH: User input
./sharedcilk --stats 1 --nproc 4 1000000
------------------------------------------------------------

Successfully completed.

Resource usage summary:

    CPU time   :      0.34 sec.
    Max Memory :         1 MB
    Max Swap   :        30 MB

    Max Processes  :         1
    Max Threads    :         1

The output (if any) follows:


RUNTIME SYSTEM STATISTICS:

Wall-clock running time on 4 processors: 87.434000 ms
Total work = 242.035000 ms
Total work (accumulated) = 241.693000 ms
Span = 37.757000 ms
Parallelism = 6.401277
[Realtime]	 0.063393
[Clocktime]	 0.240000
Sender: LSF System <hpcadmin@node16>
Subject: Job 16350: <./sharedcilk --stats 1 --nproc 4 100000000> Done

Job <./sharedcilk --stats 1 --nproc 4 100000000> was submitted from host <head1> by user <kmd14> in cluster <head1_cluster1>.
Job was executed on host(s) <4*node16>, in queue <medium_priority>, as user <kmd14> in cluster <head1_cluster1>.
</gpfs1/kmd14> was used as the home directory.
</gpfs1/kmd14/297M/Assignments/ExtraGrades/mergesort> was used as the working directory.
Started at Wed Apr 16 02:29:57 2014
Results reported at Wed Apr 16 02:30:12 2014

Your job looked like:

------------------------------------------------------------
# LSBATCH: User input
./sharedcilk --stats 1 --nproc 4 100000000
------------------------------------------------------------

Successfully completed.

Resource usage summary:

    CPU time   :     34.23 sec.
    Max Memory :         1 MB
    Max Swap   :        30 MB

    Max Processes  :         1
    Max Threads    :         1

The output (if any) follows:


RUNTIME SYSTEM STATISTICS:

Wall-clock running time on 4 processors: 8.903994 s
Total work = 25.459355 s
Total work (accumulated) = 25.437407 s
Span = 3.621959 s
Parallelism = 7.023107
[Realtime]	 6.668886
[Clocktime]	 25.920000
Sender: LSF System <hpcadmin@node14>
Subject: Job 16351: <./sharedcilk --stats 1 --nproc 4 200000000> Done

Job <./sharedcilk --stats 1 --nproc 4 200000000> was submitted from host <head1> by user <kmd14> in cluster <head1_cluster1>.
Job was executed on host(s) <4*node14>, in queue <medium_priority>, as user <kmd14> in cluster <head1_cluster1>.
</gpfs1/kmd14> was used as the home directory.
</gpfs1/kmd14/297M/Assignments/ExtraGrades/mergesort> was used as the working directory.
Started at Wed Apr 16 02:30:00 2014
Results reported at Wed Apr 16 02:30:23 2014

Your job looked like:

------------------------------------------------------------
# LSBATCH: User input
./sharedcilk --stats 1 --nproc 4 200000000
------------------------------------------------------------

Successfully completed.

Resource usage summary:

    CPU time   :     76.58 sec.
    Max Memory :       447 MB
    Max Swap   :      1921 MB

    Max Processes  :         3
    Max Threads    :         8

The output (if any) follows:


RUNTIME SYSTEM STATISTICS:

Wall-clock running time on 4 processors: 19.960245 s
Total work = 55.395458 s
Total work (accumulated) = 55.349516 s
Span = 8.217053 s
Parallelism = 6.735933
[Realtime]	 14.666809
[Clocktime]	 56.450000
Sender: LSF System <hpcadmin@node13>
Subject: Job 16352: <./sharedcilk --stats 1 --nproc 4 400000000> Done

Job <./sharedcilk --stats 1 --nproc 4 400000000> was submitted from host <head1> by user <kmd14> in cluster <head1_cluster1>.
Job was executed on host(s) <4*node13>, in queue <medium_priority>, as user <kmd14> in cluster <head1_cluster1>.
</gpfs1/kmd14> was used as the home directory.
</gpfs1/kmd14/297M/Assignments/ExtraGrades/mergesort> was used as the working directory.
Started at Wed Apr 16 02:29:55 2014
Results reported at Wed Apr 16 02:30:34 2014

Your job looked like:

------------------------------------------------------------
# LSBATCH: User input
./sharedcilk --stats 1 --nproc 4 400000000
------------------------------------------------------------

Successfully completed.

Resource usage summary:

    CPU time   :    144.51 sec.
    Max Memory :         1 MB
    Max Swap   :        30 MB

    Max Processes  :         1
    Max Threads    :         1

The output (if any) follows:


RUNTIME SYSTEM STATISTICS:

Wall-clock running time on 4 processors: 37.476104 s
Total work = 107.836915 s
Total work (accumulated) = 107.751214 s
Span = 14.996688 s
Parallelism = 7.185001
[Realtime]	 28.022715
[Clocktime]	 109.080000
Sender: LSF System <hpcadmin@node10>
Subject: Job 16353: <./sharedcilk --stats 1 --nproc 4 500000000> Done

Job <./sharedcilk --stats 1 --nproc 4 500000000> was submitted from host <head1> by user <kmd14> in cluster <head1_cluster1>.
Job was executed on host(s) <4*node10>, in queue <medium_priority>, as user <kmd14> in cluster <head1_cluster1>.
</gpfs1/kmd14> was used as the home directory.
</gpfs1/kmd14/297M/Assignments/ExtraGrades/mergesort> was used as the working directory.
Started at Wed Apr 16 02:29:56 2014
Results reported at Wed Apr 16 02:30:51 2014

Your job looked like:

------------------------------------------------------------
# LSBATCH: User input
./sharedcilk --stats 1 --nproc 4 500000000
------------------------------------------------------------

Successfully completed.

Resource usage summary:

    CPU time   :    188.63 sec.
    Max Memory :       501 MB
    Max Swap   :      4210 MB

    Max Processes  :         3
    Max Threads    :         8

The output (if any) follows:


RUNTIME SYSTEM STATISTICS:

Wall-clock running time on 4 processors: 48.836068 s
Total work = 144.920269 s
Total work (accumulated) = 144.830111 s
Span = 18.073661 s
Parallelism = 8.013325
[Realtime]	 37.507295
[Clocktime]	 146.330000
