Sender: LSF System <hpcadmin@node01>
Subject: Job 9987: <./modproduct 1 100000> Done

Job <./modproduct 1 100000> was submitted from host <head1> by user <kmd14> in cluster <head1_cluster1>.
Job was executed on host(s) <node01>, in queue <medium_priority>, as user <kmd14> in cluster <head1_cluster1>.
</gpfs1/kmd14> was used as the home directory.
</gpfs1/kmd14/297M/Assignments/Assignment 1/BSP> was used as the working directory.
Started at Tue Feb 25 01:10:38 2014
Results reported at Tue Feb 25 01:10:41 2014

Your job looked like:

------------------------------------------------------------
# LSBATCH: User input
./modproduct 1 100000
------------------------------------------------------------

Successfully completed.

Resource usage summary:

    CPU time   :      0.02 sec.

The output (if any) follows:

Processor 0: sum of squares up to 100000*100000 is 333338333350000
This took only 0.001974 seconds.
Sender: LSF System <hpcadmin@node01>
Subject: Job 9988: <./modproduct 1 150000> Done

Job <./modproduct 1 150000> was submitted from host <head1> by user <kmd14> in cluster <head1_cluster1>.
Job was executed on host(s) <node01>, in queue <medium_priority>, as user <kmd14> in cluster <head1_cluster1>.
</gpfs1/kmd14> was used as the home directory.
</gpfs1/kmd14/297M/Assignments/Assignment 1/BSP> was used as the working directory.
Started at Tue Feb 25 01:10:38 2014
Results reported at Tue Feb 25 01:10:44 2014

Your job looked like:

------------------------------------------------------------
# LSBATCH: User input
./modproduct 1 150000
------------------------------------------------------------

Successfully completed.

Resource usage summary:

    CPU time   :      0.02 sec.
    Max Memory :         1 MB
    Max Swap   :        30 MB

    Max Processes  :         1
    Max Threads    :         1

The output (if any) follows:

Processor 0: sum of squares up to 150000*150000 is 1125011250025000
This took only 0.003007 seconds.
Sender: LSF System <hpcadmin@node03>
Subject: Job 10003: <./modproduct 1 900000> Done

Job <./modproduct 1 900000> was submitted from host <head1> by user <kmd14> in cluster <head1_cluster1>.
Job was executed on host(s) <node03>, in queue <medium_priority>, as user <kmd14> in cluster <head1_cluster1>.
</gpfs1/kmd14> was used as the home directory.
</gpfs1/kmd14/297M/Assignments/Assignment 1/BSP> was used as the working directory.
Started at Tue Feb 25 01:10:40 2014
Results reported at Tue Feb 25 01:10:49 2014

Your job looked like:

------------------------------------------------------------
# LSBATCH: User input
./modproduct 1 900000
------------------------------------------------------------

Successfully completed.

Resource usage summary:

    CPU time   :      0.04 sec.
    Max Memory :         1 MB
    Max Swap   :        30 MB

    Max Processes  :         1
    Max Threads    :         1

The output (if any) follows:

Processor 0: sum of squares up to 900000*900000 is 243000404999738368
This took only 0.009257 seconds.
Sender: LSF System <hpcadmin@node03>
Subject: Job 10004: <./modproduct 1 950000> Done

Job <./modproduct 1 950000> was submitted from host <head1> by user <kmd14> in cluster <head1_cluster1>.
Job was executed on host(s) <node03>, in queue <medium_priority>, as user <kmd14> in cluster <head1_cluster1>.
</gpfs1/kmd14> was used as the home directory.
</gpfs1/kmd14/297M/Assignments/Assignment 1/BSP> was used as the working directory.
Started at Tue Feb 25 01:10:40 2014
Results reported at Tue Feb 25 01:10:49 2014

Your job looked like:

------------------------------------------------------------
# LSBATCH: User input
./modproduct 1 950000
------------------------------------------------------------

Successfully completed.

Resource usage summary:

    CPU time   :      0.04 sec.
    Max Memory :         1 MB
    Max Swap   :        30 MB

    Max Processes  :         1
    Max Threads    :         1

The output (if any) follows:

Processor 0: sum of squares up to 950000*950000 is 285792117916338368
This took only 0.009327 seconds.
Sender: LSF System <hpcadmin@node01>
Subject: Job 9989: <./modproduct 1 200000> Done

Job <./modproduct 1 200000> was submitted from host <head1> by user <kmd14> in cluster <head1_cluster1>.
Job was executed on host(s) <node01>, in queue <medium_priority>, as user <kmd14> in cluster <head1_cluster1>.
</gpfs1/kmd14> was used as the home directory.
</gpfs1/kmd14/297M/Assignments/Assignment 1/BSP> was used as the working directory.
Started at Tue Feb 25 01:10:38 2014
Results reported at Tue Feb 25 01:10:50 2014

Your job looked like:

------------------------------------------------------------
# LSBATCH: User input
./modproduct 1 200000
------------------------------------------------------------

Successfully completed.

Resource usage summary:

    CPU time   :      0.02 sec.
    Max Memory :         1 MB
    Max Swap   :        30 MB

    Max Processes  :         1
    Max Threads    :         1

The output (if any) follows:

Processor 0: sum of squares up to 200000*200000 is 2666686666700000
This took only 0.004752 seconds.
Sender: LSF System <hpcadmin@node01>
Subject: Job 9990: <./modproduct 1 250000> Done

Job <./modproduct 1 250000> was submitted from host <head1> by user <kmd14> in cluster <head1_cluster1>.
Job was executed on host(s) <node01>, in queue <medium_priority>, as user <kmd14> in cluster <head1_cluster1>.
</gpfs1/kmd14> was used as the home directory.
</gpfs1/kmd14/297M/Assignments/Assignment 1/BSP> was used as the working directory.
Started at Tue Feb 25 01:10:38 2014
Results reported at Tue Feb 25 01:10:50 2014

Your job looked like:

------------------------------------------------------------
# LSBATCH: User input
./modproduct 1 250000
------------------------------------------------------------

Successfully completed.

Resource usage summary:

    CPU time   :      0.03 sec.
    Max Memory :         1 MB
    Max Swap   :        30 MB

    Max Processes  :         1
    Max Threads    :         1

The output (if any) follows:

Processor 0: sum of squares up to 250000*250000 is 5208364583375000
This took only 0.002755 seconds.
Sender: LSF System <hpcadmin@node01>
Subject: Job 9991: <./modproduct 1 300000> Done

Job <./modproduct 1 300000> was submitted from host <head1> by user <kmd14> in cluster <head1_cluster1>.
Job was executed on host(s) <node01>, in queue <medium_priority>, as user <kmd14> in cluster <head1_cluster1>.
</gpfs1/kmd14> was used as the home directory.
</gpfs1/kmd14/297M/Assignments/Assignment 1/BSP> was used as the working directory.
Started at Tue Feb 25 01:10:44 2014
Results reported at Tue Feb 25 01:10:50 2014

Your job looked like:

------------------------------------------------------------
# LSBATCH: User input
./modproduct 1 300000
------------------------------------------------------------

Successfully completed.

Resource usage summary:

    CPU time   :      0.02 sec.
    Max Memory :         1 MB
    Max Swap   :        30 MB

    Max Processes  :         1
    Max Threads    :         1

The output (if any) follows:

Processor 0: sum of squares up to 300000*300000 is 9000045000050000
This took only 0.051949 seconds.
Sender: LSF System <hpcadmin@node01>
Subject: Job 10002: <./modproduct 1 850000> Done

Job <./modproduct 1 850000> was submitted from host <head1> by user <kmd14> in cluster <head1_cluster1>.
Job was executed on host(s) <node01>, in queue <medium_priority>, as user <kmd14> in cluster <head1_cluster1>.
</gpfs1/kmd14> was used as the home directory.
</gpfs1/kmd14/297M/Assignments/Assignment 1/BSP> was used as the working directory.
Started at Tue Feb 25 01:10:44 2014
Results reported at Tue Feb 25 01:10:50 2014

Your job looked like:

------------------------------------------------------------
# LSBATCH: User input
./modproduct 1 850000
------------------------------------------------------------

Successfully completed.

Resource usage summary:

    CPU time   :      0.03 sec.
    Max Memory :         1 MB
    Max Swap   :        30 MB

    Max Processes  :         1
    Max Threads    :         1

The output (if any) follows:

Processor 0: sum of squares up to 850000*850000 is 204708694583138368
This took only 0.041791 seconds.
Sender: LSF System <hpcadmin@node01>
Subject: Job 10001: <./modproduct 1 800000> Done

Job <./modproduct 1 800000> was submitted from host <head1> by user <kmd14> in cluster <head1_cluster1>.
Job was executed on host(s) <node01>, in queue <medium_priority>, as user <kmd14> in cluster <head1_cluster1>.
</gpfs1/kmd14> was used as the home directory.
</gpfs1/kmd14/297M/Assignments/Assignment 1/BSP> was used as the working directory.
Started at Tue Feb 25 01:10:44 2014
Results reported at Tue Feb 25 01:10:51 2014

Your job looked like:

------------------------------------------------------------
# LSBATCH: User input
./modproduct 1 800000
------------------------------------------------------------

Successfully completed.

Resource usage summary:

    CPU time   :      0.03 sec.
    Max Memory :         1 MB
    Max Swap   :        30 MB

    Max Processes  :         1
    Max Threads    :         1

The output (if any) follows:

Processor 0: sum of squares up to 800000*800000 is 170666986666538368
This took only 0.030037 seconds.
Sender: LSF System <hpcadmin@node01>
Subject: Job 10000: <./modproduct 1 750000> Done

Job <./modproduct 1 750000> was submitted from host <head1> by user <kmd14> in cluster <head1_cluster1>.
Job was executed on host(s) <node01>, in queue <medium_priority>, as user <kmd14> in cluster <head1_cluster1>.
</gpfs1/kmd14> was used as the home directory.
</gpfs1/kmd14/297M/Assignments/Assignment 1/BSP> was used as the working directory.
Started at Tue Feb 25 01:10:44 2014
Results reported at Tue Feb 25 01:10:51 2014

Your job looked like:

------------------------------------------------------------
# LSBATCH: User input
./modproduct 1 750000
------------------------------------------------------------

Successfully completed.

Resource usage summary:

    CPU time   :      0.03 sec.
    Max Memory :         1 MB
    Max Swap   :        30 MB

    Max Processes  :         1
    Max Threads    :         1

The output (if any) follows:

Processor 0: sum of squares up to 750000*750000 is 140625281249926080
This took only 0.041945 seconds.
Sender: LSF System <hpcadmin@node01>
Subject: Job 9999: <./modproduct 1 700000> Done

Job <./modproduct 1 700000> was submitted from host <head1> by user <kmd14> in cluster <head1_cluster1>.
Job was executed on host(s) <node01>, in queue <medium_priority>, as user <kmd14> in cluster <head1_cluster1>.
</gpfs1/kmd14> was used as the home directory.
</gpfs1/kmd14/297M/Assignments/Assignment 1/BSP> was used as the working directory.
Started at Tue Feb 25 01:10:44 2014
Results reported at Tue Feb 25 01:10:51 2014

Your job looked like:

------------------------------------------------------------
# LSBATCH: User input
./modproduct 1 700000
------------------------------------------------------------

Successfully completed.

Resource usage summary:

    CPU time   :      0.02 sec.
    Max Memory :         1 MB
    Max Swap   :        30 MB

    Max Processes  :         1
    Max Threads    :         1

The output (if any) follows:

Processor 0: sum of squares up to 700000*700000 is 114333578333226080
This took only 0.048682 seconds.
Sender: LSF System <hpcadmin@node01>
Subject: Job 9998: <./modproduct 1 650000> Done

Job <./modproduct 1 650000> was submitted from host <head1> by user <kmd14> in cluster <head1_cluster1>.
Job was executed on host(s) <node01>, in queue <medium_priority>, as user <kmd14> in cluster <head1_cluster1>.
</gpfs1/kmd14> was used as the home directory.
</gpfs1/kmd14/297M/Assignments/Assignment 1/BSP> was used as the working directory.
Started at Tue Feb 25 01:10:44 2014
Results reported at Tue Feb 25 01:10:51 2014

Your job looked like:

------------------------------------------------------------
# LSBATCH: User input
./modproduct 1 650000
------------------------------------------------------------

Successfully completed.

Resource usage summary:

    CPU time   :      0.02 sec.
    Max Memory :         1 MB
    Max Swap   :        30 MB

    Max Processes  :         1
    Max Threads    :         1

The output (if any) follows:

Processor 0: sum of squares up to 650000*650000 is 91541877916526080
This took only 0.035714 seconds.
Sender: LSF System <hpcadmin@node01>
Subject: Job 9997: <./modproduct 1 600000> Done

Job <./modproduct 1 600000> was submitted from host <head1> by user <kmd14> in cluster <head1_cluster1>.
Job was executed on host(s) <node01>, in queue <medium_priority>, as user <kmd14> in cluster <head1_cluster1>.
</gpfs1/kmd14> was used as the home directory.
</gpfs1/kmd14/297M/Assignments/Assignment 1/BSP> was used as the working directory.
Started at Tue Feb 25 01:10:44 2014
Results reported at Tue Feb 25 01:10:51 2014

Your job looked like:

------------------------------------------------------------
# LSBATCH: User input
./modproduct 1 600000
------------------------------------------------------------

Successfully completed.

Resource usage summary:

    CPU time   :      0.02 sec.
    Max Memory :         1 MB
    Max Swap   :        30 MB

    Max Processes  :         1
    Max Threads    :         1

The output (if any) follows:

Processor 0: sum of squares up to 600000*600000 is 72000179999826400
This took only 0.005853 seconds.
Sender: LSF System <hpcadmin@node01>
Subject: Job 9996: <./modproduct 1 550000> Done

Job <./modproduct 1 550000> was submitted from host <head1> by user <kmd14> in cluster <head1_cluster1>.
Job was executed on host(s) <node01>, in queue <medium_priority>, as user <kmd14> in cluster <head1_cluster1>.
</gpfs1/kmd14> was used as the home directory.
</gpfs1/kmd14/297M/Assignments/Assignment 1/BSP> was used as the working directory.
Started at Tue Feb 25 01:10:44 2014
Results reported at Tue Feb 25 01:10:51 2014

Your job looked like:

------------------------------------------------------------
# LSBATCH: User input
./modproduct 1 550000
------------------------------------------------------------

Successfully completed.

Resource usage summary:

    CPU time   :      0.02 sec.
    Max Memory :         1 MB
    Max Swap   :        30 MB

    Max Processes  :         1
    Max Threads    :         1

The output (if any) follows:

Processor 0: sum of squares up to 550000*550000 is 55458484583226400
This took only 0.084147 seconds.
Sender: LSF System <hpcadmin@node01>
Subject: Job 9995: <./modproduct 1 500000> Done

Job <./modproduct 1 500000> was submitted from host <head1> by user <kmd14> in cluster <head1_cluster1>.
Job was executed on host(s) <node01>, in queue <medium_priority>, as user <kmd14> in cluster <head1_cluster1>.
</gpfs1/kmd14> was used as the home directory.
</gpfs1/kmd14/297M/Assignments/Assignment 1/BSP> was used as the working directory.
Started at Tue Feb 25 01:10:44 2014
Results reported at Tue Feb 25 01:10:51 2014

Your job looked like:

------------------------------------------------------------
# LSBATCH: User input
./modproduct 1 500000
------------------------------------------------------------

Successfully completed.

Resource usage summary:

    CPU time   :      0.02 sec.
    Max Memory :         1 MB
    Max Swap   :        30 MB

    Max Processes  :         1
    Max Threads    :         1

The output (if any) follows:

Processor 0: sum of squares up to 500000*500000 is 41666791666626400
This took only 0.054001 seconds.
Sender: LSF System <hpcadmin@node01>
Subject: Job 9994: <./modproduct 1 450000> Done

Job <./modproduct 1 450000> was submitted from host <head1> by user <kmd14> in cluster <head1_cluster1>.
Job was executed on host(s) <node01>, in queue <medium_priority>, as user <kmd14> in cluster <head1_cluster1>.
</gpfs1/kmd14> was used as the home directory.
</gpfs1/kmd14/297M/Assignments/Assignment 1/BSP> was used as the working directory.
Started at Tue Feb 25 01:10:44 2014
Results reported at Tue Feb 25 01:10:51 2014

Your job looked like:

------------------------------------------------------------
# LSBATCH: User input
./modproduct 1 450000
------------------------------------------------------------

Successfully completed.

Resource usage summary:

    CPU time   :      0.02 sec.
    Max Memory :         1 MB
    Max Swap   :        30 MB

    Max Processes  :         1
    Max Threads    :         1

The output (if any) follows:

Processor 0: sum of squares up to 450000*450000 is 30375101250000040
This took only 0.044718 seconds.
Sender: LSF System <hpcadmin@node01>
Subject: Job 9993: <./modproduct 1 400000> Done

Job <./modproduct 1 400000> was submitted from host <head1> by user <kmd14> in cluster <head1_cluster1>.
Job was executed on host(s) <node01>, in queue <medium_priority>, as user <kmd14> in cluster <head1_cluster1>.
</gpfs1/kmd14> was used as the home directory.
</gpfs1/kmd14/297M/Assignments/Assignment 1/BSP> was used as the working directory.
Started at Tue Feb 25 01:10:44 2014
Results reported at Tue Feb 25 01:10:51 2014

Your job looked like:

------------------------------------------------------------
# LSBATCH: User input
./modproduct 1 400000
------------------------------------------------------------

Successfully completed.

Resource usage summary:

    CPU time   :      0.02 sec.
    Max Memory :         1 MB
    Max Swap   :        30 MB

    Max Processes  :         1
    Max Threads    :         1

The output (if any) follows:

Processor 0: sum of squares up to 400000*400000 is 21333413333350040
This took only 0.076303 seconds.
Sender: LSF System <hpcadmin@node01>
Subject: Job 9992: <./modproduct 1 350000> Done

Job <./modproduct 1 350000> was submitted from host <head1> by user <kmd14> in cluster <head1_cluster1>.
Job was executed on host(s) <node01>, in queue <medium_priority>, as user <kmd14> in cluster <head1_cluster1>.
</gpfs1/kmd14> was used as the home directory.
</gpfs1/kmd14/297M/Assignments/Assignment 1/BSP> was used as the working directory.
Started at Tue Feb 25 01:10:44 2014
Results reported at Tue Feb 25 01:10:51 2014

Your job looked like:

------------------------------------------------------------
# LSBATCH: User input
./modproduct 1 350000
------------------------------------------------------------

Successfully completed.

Resource usage summary:

    CPU time   :      0.02 sec.
    Max Memory :         1 MB
    Max Swap   :        30 MB

    Max Processes  :         1
    Max Threads    :         1

The output (if any) follows:

Processor 0: sum of squares up to 350000*350000 is 14291727916700040
This took only 0.003429 seconds.
Sender: LSF System <hpcadmin@node03>
Subject: Job 10005: <./modproduct 1 1000000> Done

Job <./modproduct 1 1000000> was submitted from host <head1> by user <kmd14> in cluster <head1_cluster1>.
Job was executed on host(s) <node03>, in queue <medium_priority>, as user <kmd14> in cluster <head1_cluster1>.
</gpfs1/kmd14> was used as the home directory.
</gpfs1/kmd14/297M/Assignments/Assignment 1/BSP> was used as the working directory.
Started at Tue Feb 25 01:10:40 2014
Results reported at Tue Feb 25 01:10:53 2014

Your job looked like:

------------------------------------------------------------
# LSBATCH: User input
./modproduct 1 1000000
------------------------------------------------------------

Successfully completed.

Resource usage summary:

    CPU time   :      0.04 sec.
    Max Memory :         1 MB
    Max Swap   :        30 MB

    Max Processes  :         1
    Max Threads    :         1

The output (if any) follows:

Processor 0: sum of squares up to 1000000*1000000 is 333333833333127552
This took only 0.013637 seconds.
