Sender: LSF System <hpcadmin@node04>
Subject: Job 10014: <./modproduct 2 500000> Done

Job <./modproduct 2 500000> was submitted from host <head1> by user <kmd14> in cluster <head1_cluster1>.
Job was executed on host(s) <2*node04>, in queue <medium_priority>, as user <kmd14> in cluster <head1_cluster1>.
</gpfs1/kmd14> was used as the home directory.
</gpfs1/kmd14/297M/Assignments/Assignment 1/BSP> was used as the working directory.
Started at Tue Feb 25 01:10:41 2014
Results reported at Tue Feb 25 01:10:42 2014

Your job looked like:

------------------------------------------------------------
# LSBATCH: User input
./modproduct 2 500000
------------------------------------------------------------

Successfully completed.

Resource usage summary:

    CPU time   :      0.07 sec.
    Max Memory :         1 MB
    Max Swap   :        30 MB

    Max Processes  :         1
    Max Threads    :         1

The output (if any) follows:

Processor 0: sum of squares up to 500000*500000 is 41666791666689040
This took only 0.030008 seconds.
Processor 1: sum of squares up to 500000*500000 is 41666791666689040
Sender: LSF System <hpcadmin@node04>
Subject: Job 10012: <./modproduct 2 400000> Done

Job <./modproduct 2 400000> was submitted from host <head1> by user <kmd14> in cluster <head1_cluster1>.
Job was executed on host(s) <2*node04>, in queue <medium_priority>, as user <kmd14> in cluster <head1_cluster1>.
</gpfs1/kmd14> was used as the home directory.
</gpfs1/kmd14/297M/Assignments/Assignment 1/BSP> was used as the working directory.
Started at Tue Feb 25 01:10:41 2014
Results reported at Tue Feb 25 01:10:42 2014

Your job looked like:

------------------------------------------------------------
# LSBATCH: User input
./modproduct 2 400000
------------------------------------------------------------

Successfully completed.

Resource usage summary:

    CPU time   :      0.08 sec.
    Max Memory :         1 MB
    Max Swap   :        30 MB

    Max Processes  :         1
    Max Threads    :         1

The output (if any) follows:

Processor 1: sum of squares up to 400000*400000 is 21333413333389040
Processor 0: sum of squares up to 400000*400000 is 21333413333389040
This took only 0.006905 seconds.
Sender: LSF System <hpcadmin@node04>
Subject: Job 10013: <./modproduct 2 450000> Done

Job <./modproduct 2 450000> was submitted from host <head1> by user <kmd14> in cluster <head1_cluster1>.
Job was executed on host(s) <2*node04>, in queue <medium_priority>, as user <kmd14> in cluster <head1_cluster1>.
</gpfs1/kmd14> was used as the home directory.
</gpfs1/kmd14/297M/Assignments/Assignment 1/BSP> was used as the working directory.
Started at Tue Feb 25 01:10:41 2014
Results reported at Tue Feb 25 01:10:42 2014

Your job looked like:

------------------------------------------------------------
# LSBATCH: User input
./modproduct 2 450000
------------------------------------------------------------

Successfully completed.

Resource usage summary:

    CPU time   :      0.07 sec.
    Max Memory :         1 MB
    Max Swap   :        30 MB

    Max Processes  :         1
    Max Threads    :         1

The output (if any) follows:

Processor 1: sum of squares up to 450000*450000 is 30375101250039040
Processor 0: sum of squares up to 450000*450000 is 30375101250039040
This took only 0.019756 seconds.
Sender: LSF System <hpcadmin@node06>
Subject: Job 10023: <./modproduct 2 950000> Done

Job <./modproduct 2 950000> was submitted from host <head1> by user <kmd14> in cluster <head1_cluster1>.
Job was executed on host(s) <2*node06>, in queue <medium_priority>, as user <kmd14> in cluster <head1_cluster1>.
</gpfs1/kmd14> was used as the home directory.
</gpfs1/kmd14/297M/Assignments/Assignment 1/BSP> was used as the working directory.
Started at Tue Feb 25 01:10:43 2014
Results reported at Tue Feb 25 01:10:43 2014

Your job looked like:

------------------------------------------------------------
# LSBATCH: User input
./modproduct 2 950000
------------------------------------------------------------

Successfully completed.

Resource usage summary:

    CPU time   :      0.07 sec.
    Max Memory :         1 MB
    Max Swap   :        30 MB

    Max Processes  :         1
    Max Threads    :         1

The output (if any) follows:

Processor 1: sum of squares up to 950000*950000 is 285792117916576896
Processor 0: sum of squares up to 950000*950000 is 285792117916576896
This took only 0.059236 seconds.
Sender: LSF System <hpcadmin@node06>
Subject: Job 10024: <./modproduct 2 1000000> Done

Job <./modproduct 2 1000000> was submitted from host <head1> by user <kmd14> in cluster <head1_cluster1>.
Job was executed on host(s) <2*node06>, in queue <medium_priority>, as user <kmd14> in cluster <head1_cluster1>.
</gpfs1/kmd14> was used as the home directory.
</gpfs1/kmd14/297M/Assignments/Assignment 1/BSP> was used as the working directory.
Started at Tue Feb 25 01:10:43 2014
Results reported at Tue Feb 25 01:10:43 2014

Your job looked like:

------------------------------------------------------------
# LSBATCH: User input
./modproduct 2 1000000
------------------------------------------------------------

Successfully completed.

Resource usage summary:

    CPU time   :      0.08 sec.
    Max Memory :         1 MB
    Max Swap   :        30 MB

    Max Processes  :         1
    Max Threads    :         1

The output (if any) follows:

Processor 0: sum of squares up to 1000000*1000000 is 333333833333182336
This took only 0.050259 seconds.
Processor 1: sum of squares up to 1000000*1000000 is 333333833333182336
Sender: LSF System <hpcadmin@node03>
Subject: Job 10006: <./modproduct 2 100000> Done

Job <./modproduct 2 100000> was submitted from host <head1> by user <kmd14> in cluster <head1_cluster1>.
Job was executed on host(s) <2*node03>, in queue <medium_priority>, as user <kmd14> in cluster <head1_cluster1>.
</gpfs1/kmd14> was used as the home directory.
</gpfs1/kmd14/297M/Assignments/Assignment 1/BSP> was used as the working directory.
Started at Tue Feb 25 01:10:40 2014
Results reported at Tue Feb 25 01:10:49 2014

Your job looked like:

------------------------------------------------------------
# LSBATCH: User input
./modproduct 2 100000
------------------------------------------------------------

Successfully completed.

Resource usage summary:

    CPU time   :      0.02 sec.
    Max Memory :         1 MB
    Max Swap   :        30 MB

    Max Processes  :         1
    Max Threads    :         1

The output (if any) follows:

Processor 1: sum of squares up to 100000*100000 is 333338333350000
Processor 0: sum of squares up to 100000*100000 is 333338333350000
This took only 0.001065 seconds.
Sender: LSF System <hpcadmin@node04>
Subject: Job 10021: <./modproduct 2 850000> Done

Job <./modproduct 2 850000> was submitted from host <head1> by user <kmd14> in cluster <head1_cluster1>.
Job was executed on host(s) <2*node04>, in queue <medium_priority>, as user <kmd14> in cluster <head1_cluster1>.
</gpfs1/kmd14> was used as the home directory.
</gpfs1/kmd14/297M/Assignments/Assignment 1/BSP> was used as the working directory.
Started at Tue Feb 25 01:10:42 2014
Results reported at Tue Feb 25 01:11:08 2014

Your job looked like:

------------------------------------------------------------
# LSBATCH: User input
./modproduct 2 850000
------------------------------------------------------------

Successfully completed.

Resource usage summary:

    CPU time   :      0.04 sec.
    Max Memory :         1 MB
    Max Swap   :        30 MB

    Max Processes  :         1
    Max Threads    :         1

The output (if any) follows:

Processor 0: sum of squares up to 850000*850000 is 204708694583176896
This took only 0.004240 seconds.
Processor 1: sum of squares up to 850000*850000 is 204708694583176896
Sender: LSF System <hpcadmin@node04>
Subject: Job 10020: <./modproduct 2 800000> Done

Job <./modproduct 2 800000> was submitted from host <head1> by user <kmd14> in cluster <head1_cluster1>.
Job was executed on host(s) <2*node04>, in queue <medium_priority>, as user <kmd14> in cluster <head1_cluster1>.
</gpfs1/kmd14> was used as the home directory.
</gpfs1/kmd14/297M/Assignments/Assignment 1/BSP> was used as the working directory.
Started at Tue Feb 25 01:10:42 2014
Results reported at Tue Feb 25 01:11:08 2014

Your job looked like:

------------------------------------------------------------
# LSBATCH: User input
./modproduct 2 800000
------------------------------------------------------------

Successfully completed.

Resource usage summary:

    CPU time   :      0.09 sec.
    Max Memory :         1 MB
    Max Swap   :        30 MB

    Max Processes  :         1
    Max Threads    :         1

The output (if any) follows:

Processor 1: sum of squares up to 800000*800000 is 170666986666476896
Processor 0: sum of squares up to 800000*800000 is 170666986666476896
This took only 0.187339 seconds.
Sender: LSF System <hpcadmin@node04>
Subject: Job 10019: <./modproduct 2 750000> Done

Job <./modproduct 2 750000> was submitted from host <head1> by user <kmd14> in cluster <head1_cluster1>.
Job was executed on host(s) <2*node04>, in queue <medium_priority>, as user <kmd14> in cluster <head1_cluster1>.
</gpfs1/kmd14> was used as the home directory.
</gpfs1/kmd14/297M/Assignments/Assignment 1/BSP> was used as the working directory.
Started at Tue Feb 25 01:10:42 2014
Results reported at Tue Feb 25 01:11:08 2014

Your job looked like:

------------------------------------------------------------
# LSBATCH: User input
./modproduct 2 750000
------------------------------------------------------------

Successfully completed.

Resource usage summary:

    CPU time   :      0.07 sec.
    Max Memory :         1 MB
    Max Swap   :        30 MB

    Max Processes  :         1
    Max Threads    :         1

The output (if any) follows:

Processor 1: sum of squares up to 750000*750000 is 140625281249789200
Processor 0: sum of squares up to 750000*750000 is 140625281249789200
This took only 0.070007 seconds.
Sender: LSF System <hpcadmin@node04>
Subject: Job 10018: <./modproduct 2 700000> Done

Job <./modproduct 2 700000> was submitted from host <head1> by user <kmd14> in cluster <head1_cluster1>.
Job was executed on host(s) <2*node04>, in queue <medium_priority>, as user <kmd14> in cluster <head1_cluster1>.
</gpfs1/kmd14> was used as the home directory.
</gpfs1/kmd14/297M/Assignments/Assignment 1/BSP> was used as the working directory.
Started at Tue Feb 25 01:10:42 2014
Results reported at Tue Feb 25 01:11:08 2014

Your job looked like:

------------------------------------------------------------
# LSBATCH: User input
./modproduct 2 700000
------------------------------------------------------------

Successfully completed.

Resource usage summary:

    CPU time   :      0.07 sec.
    Max Memory :         1 MB
    Max Swap   :        30 MB

    Max Processes  :         1
    Max Threads    :         1

The output (if any) follows:

Processor 1: sum of squares up to 700000*700000 is 114333578333189200
Processor 0: sum of squares up to 700000*700000 is 114333578333189200
This took only 0.063539 seconds.
Sender: LSF System <hpcadmin@node04>
Subject: Job 10017: <./modproduct 2 650000> Done

Job <./modproduct 2 650000> was submitted from host <head1> by user <kmd14> in cluster <head1_cluster1>.
Job was executed on host(s) <2*node04>, in queue <medium_priority>, as user <kmd14> in cluster <head1_cluster1>.
</gpfs1/kmd14> was used as the home directory.
</gpfs1/kmd14/297M/Assignments/Assignment 1/BSP> was used as the working directory.
Started at Tue Feb 25 01:10:42 2014
Results reported at Tue Feb 25 01:11:08 2014

Your job looked like:

------------------------------------------------------------
# LSBATCH: User input
./modproduct 2 650000
------------------------------------------------------------

Successfully completed.

Resource usage summary:

    CPU time   :      0.09 sec.
    Max Memory :         1 MB
    Max Swap   :        30 MB

    Max Processes  :         1
    Max Threads    :         1

The output (if any) follows:

Processor 0: sum of squares up to 650000*650000 is 91541877916589200
This took only 0.154792 seconds.
Processor 1: sum of squares up to 650000*650000 is 91541877916589200
Sender: LSF System <hpcadmin@node04>
Subject: Job 10016: <./modproduct 2 600000> Done

Job <./modproduct 2 600000> was submitted from host <head1> by user <kmd14> in cluster <head1_cluster1>.
Job was executed on host(s) <2*node04>, in queue <medium_priority>, as user <kmd14> in cluster <head1_cluster1>.
</gpfs1/kmd14> was used as the home directory.
</gpfs1/kmd14/297M/Assignments/Assignment 1/BSP> was used as the working directory.
Started at Tue Feb 25 01:10:42 2014
Results reported at Tue Feb 25 01:11:08 2014

Your job looked like:

------------------------------------------------------------
# LSBATCH: User input
./modproduct 2 600000
------------------------------------------------------------

Successfully completed.

Resource usage summary:

    CPU time   :      0.10 sec.
    Max Memory :         1 MB
    Max Swap   :        30 MB

    Max Processes  :         1
    Max Threads    :         1

The output (if any) follows:

Processor 1: sum of squares up to 600000*600000 is 72000179999989040
Processor 0: sum of squares up to 600000*600000 is 72000179999989040
This took only 0.035005 seconds.
Sender: LSF System <hpcadmin@node04>
Subject: Job 10015: <./modproduct 2 550000> Done

Job <./modproduct 2 550000> was submitted from host <head1> by user <kmd14> in cluster <head1_cluster1>.
Job was executed on host(s) <2*node04>, in queue <medium_priority>, as user <kmd14> in cluster <head1_cluster1>.
</gpfs1/kmd14> was used as the home directory.
</gpfs1/kmd14/297M/Assignments/Assignment 1/BSP> was used as the working directory.
Started at Tue Feb 25 01:10:42 2014
Results reported at Tue Feb 25 01:11:08 2014

Your job looked like:

------------------------------------------------------------
# LSBATCH: User input
./modproduct 2 550000
------------------------------------------------------------

Successfully completed.

Resource usage summary:

    CPU time   :      0.08 sec.
    Max Memory :         1 MB
    Max Swap   :        30 MB

    Max Processes  :         1
    Max Threads    :         1

The output (if any) follows:

Processor 0: sum of squares up to 550000*550000 is 55458484583339040
This took only 0.096853 seconds.
Processor 1: sum of squares up to 550000*550000 is 55458484583339040
Sender: LSF System <hpcadmin@node04>
Subject: Job 10022: <./modproduct 2 900000> Done

Job <./modproduct 2 900000> was submitted from host <head1> by user <kmd14> in cluster <head1_cluster1>.
Job was executed on host(s) <2*node04>, in queue <medium_priority>, as user <kmd14> in cluster <head1_cluster1>.
</gpfs1/kmd14> was used as the home directory.
</gpfs1/kmd14/297M/Assignments/Assignment 1/BSP> was used as the working directory.
Started at Tue Feb 25 01:10:44 2014
Results reported at Tue Feb 25 01:11:09 2014

Your job looked like:

------------------------------------------------------------
# LSBATCH: User input
./modproduct 2 900000
------------------------------------------------------------

Successfully completed.

Resource usage summary:

    CPU time   :      0.04 sec.
    Max Memory :         1 MB
    Max Swap   :        30 MB

    Max Processes  :         1
    Max Threads    :         1

The output (if any) follows:

Processor 1: sum of squares up to 900000*900000 is 243000404999876896
Processor 0: sum of squares up to 900000*900000 is 243000404999876896
This took only 0.006578 seconds.
Sender: LSF System <hpcadmin@node03>
Subject: Job 10011: <./modproduct 2 350000> Done

Job <./modproduct 2 350000> was submitted from host <head1> by user <kmd14> in cluster <head1_cluster1>.
Job was executed on host(s) <2*node03>, in queue <medium_priority>, as user <kmd14> in cluster <head1_cluster1>.
</gpfs1/kmd14> was used as the home directory.
</gpfs1/kmd14/297M/Assignments/Assignment 1/BSP> was used as the working directory.
Started at Tue Feb 25 01:10:49 2014
Results reported at Tue Feb 25 01:11:11 2014

Your job looked like:

------------------------------------------------------------
# LSBATCH: User input
./modproduct 2 350000
------------------------------------------------------------

Successfully completed.

Resource usage summary:

    CPU time   :      0.04 sec.
    Max Memory :         1 MB
    Max Swap   :        30 MB

    Max Processes  :         1
    Max Threads    :         1

The output (if any) follows:

Processor 1: sum of squares up to 350000*350000 is 14291727916725000
Processor 0: sum of squares up to 350000*350000 is 14291727916725000
This took only 0.027698 seconds.
Sender: LSF System <hpcadmin@node03>
Subject: Job 10010: <./modproduct 2 300000> Done

Job <./modproduct 2 300000> was submitted from host <head1> by user <kmd14> in cluster <head1_cluster1>.
Job was executed on host(s) <2*node03>, in queue <medium_priority>, as user <kmd14> in cluster <head1_cluster1>.
</gpfs1/kmd14> was used as the home directory.
</gpfs1/kmd14/297M/Assignments/Assignment 1/BSP> was used as the working directory.
Started at Tue Feb 25 01:10:49 2014
Results reported at Tue Feb 25 01:11:11 2014

Your job looked like:

------------------------------------------------------------
# LSBATCH: User input
./modproduct 2 300000
------------------------------------------------------------

Successfully completed.

Resource usage summary:

    CPU time   :      0.07 sec.
    Max Memory :         1 MB
    Max Swap   :        30 MB

    Max Processes  :         1
    Max Threads    :         1

The output (if any) follows:

Processor 0: sum of squares up to 300000*300000 is 9000045000050000
This took only 0.028914 seconds.
Processor 1: sum of squares up to 300000*300000 is 9000045000050000
Sender: LSF System <hpcadmin@node03>
Subject: Job 10009: <./modproduct 2 250000> Done

Job <./modproduct 2 250000> was submitted from host <head1> by user <kmd14> in cluster <head1_cluster1>.
Job was executed on host(s) <2*node03>, in queue <medium_priority>, as user <kmd14> in cluster <head1_cluster1>.
</gpfs1/kmd14> was used as the home directory.
</gpfs1/kmd14/297M/Assignments/Assignment 1/BSP> was used as the working directory.
Started at Tue Feb 25 01:10:49 2014
Results reported at Tue Feb 25 01:11:11 2014

Your job looked like:

------------------------------------------------------------
# LSBATCH: User input
./modproduct 2 250000
------------------------------------------------------------

Successfully completed.

Resource usage summary:

    CPU time   :      0.06 sec.
    Max Memory :         1 MB
    Max Swap   :        30 MB

    Max Processes  :         1
    Max Threads    :         1

The output (if any) follows:

Processor 1: sum of squares up to 250000*250000 is 5208364583375000
Processor 0: sum of squares up to 250000*250000 is 5208364583375000
This took only 0.011489 seconds.
Sender: LSF System <hpcadmin@node03>
Subject: Job 10008: <./modproduct 2 200000> Done

Job <./modproduct 2 200000> was submitted from host <head1> by user <kmd14> in cluster <head1_cluster1>.
Job was executed on host(s) <2*node03>, in queue <medium_priority>, as user <kmd14> in cluster <head1_cluster1>.
</gpfs1/kmd14> was used as the home directory.
</gpfs1/kmd14/297M/Assignments/Assignment 1/BSP> was used as the working directory.
Started at Tue Feb 25 01:10:49 2014
Results reported at Tue Feb 25 01:11:11 2014

Your job looked like:

------------------------------------------------------------
# LSBATCH: User input
./modproduct 2 200000
------------------------------------------------------------

Successfully completed.

Resource usage summary:

    CPU time   :      0.08 sec.
    Max Memory :         1 MB
    Max Swap   :        30 MB

    Max Processes  :         1
    Max Threads    :         1

The output (if any) follows:

Processor 0: sum of squares up to 200000*200000 is 2666686666700000
This took only 0.047565 seconds.
Processor 1: sum of squares up to 200000*200000 is 2666686666700000
Sender: LSF System <hpcadmin@node03>
Subject: Job 10007: <./modproduct 2 150000> Done

Job <./modproduct 2 150000> was submitted from host <head1> by user <kmd14> in cluster <head1_cluster1>.
Job was executed on host(s) <2*node03>, in queue <medium_priority>, as user <kmd14> in cluster <head1_cluster1>.
</gpfs1/kmd14> was used as the home directory.
</gpfs1/kmd14/297M/Assignments/Assignment 1/BSP> was used as the working directory.
Started at Tue Feb 25 01:10:49 2014
Results reported at Tue Feb 25 01:11:11 2014

Your job looked like:

------------------------------------------------------------
# LSBATCH: User input
./modproduct 2 150000
------------------------------------------------------------

Successfully completed.

Resource usage summary:

    CPU time   :      0.05 sec.
    Max Memory :         1 MB
    Max Swap   :        30 MB

    Max Processes  :         1
    Max Threads    :         1

The output (if any) follows:

Processor 0: sum of squares up to 150000*150000 is 1125011250025000
This took only 0.035537 seconds.
Processor 1: sum of squares up to 150000*150000 is 1125011250025000
