Sender: LSF System <hpcadmin@node13>
Subject: Job 10028: <./modproduct 4 250000> Done

Job <./modproduct 4 250000> was submitted from host <head1> by user <kmd14> in cluster <head1_cluster1>.
Job was executed on host(s) <4*node13>, in queue <medium_priority>, as user <kmd14> in cluster <head1_cluster1>.
</gpfs1/kmd14> was used as the home directory.
</gpfs1/kmd14/297M/Assignments/Assignment 1/BSP> was used as the working directory.
Started at Tue Feb 25 01:10:43 2014
Results reported at Tue Feb 25 01:10:43 2014

Your job looked like:

------------------------------------------------------------
# LSBATCH: User input
./modproduct 4 250000
------------------------------------------------------------

Successfully completed.

Resource usage summary:

    CPU time   :      0.08 sec.
    Max Memory :         1 MB
    Max Swap   :        30 MB

    Max Processes  :         1
    Max Threads    :         1

The output (if any) follows:

Processor 0: sum of squares up to 250000*250000 is 5208364583375000
This took only 0.025771 seconds.
Processor 1: sum of squares up to 250000*250000 is 5208364583375000
Processor 2: sum of squares up to 250000*250000 is 5208364583375000
Processor 3: sum of squares up to 250000*250000 is 5208364583375000
Sender: LSF System <hpcadmin@node13>
Subject: Job 10029: <./modproduct 4 300000> Done

Job <./modproduct 4 300000> was submitted from host <head1> by user <kmd14> in cluster <head1_cluster1>.
Job was executed on host(s) <4*node13>, in queue <medium_priority>, as user <kmd14> in cluster <head1_cluster1>.
</gpfs1/kmd14> was used as the home directory.
</gpfs1/kmd14/297M/Assignments/Assignment 1/BSP> was used as the working directory.
Started at Tue Feb 25 01:10:43 2014
Results reported at Tue Feb 25 01:10:43 2014

Your job looked like:

------------------------------------------------------------
# LSBATCH: User input
./modproduct 4 300000
------------------------------------------------------------

Successfully completed.

Resource usage summary:

    CPU time   :      0.08 sec.
    Max Memory :         1 MB
    Max Swap   :        30 MB

    Max Processes  :         1
    Max Threads    :         1

The output (if any) follows:

Processor 3: sum of squares up to 300000*300000 is 9000045000050000
Processor 2: sum of squares up to 300000*300000 is 9000045000050000
Processor 1: sum of squares up to 300000*300000 is 9000045000050000
Processor 0: sum of squares up to 300000*300000 is 9000045000050000
This took only 0.005829 seconds.
Sender: LSF System <hpcadmin@node06>
Subject: Job 10027: <./modproduct 4 200000> Done

Job <./modproduct 4 200000> was submitted from host <head1> by user <kmd14> in cluster <head1_cluster1>.
Job was executed on host(s) <4*node06>, in queue <medium_priority>, as user <kmd14> in cluster <head1_cluster1>.
</gpfs1/kmd14> was used as the home directory.
</gpfs1/kmd14/297M/Assignments/Assignment 1/BSP> was used as the working directory.
Started at Tue Feb 25 01:10:43 2014
Results reported at Tue Feb 25 01:10:43 2014

Your job looked like:

------------------------------------------------------------
# LSBATCH: User input
./modproduct 4 200000
------------------------------------------------------------

Successfully completed.

Resource usage summary:

    CPU time   :      0.24 sec.
    Max Memory :         1 MB
    Max Swap   :        30 MB

    Max Processes  :         1
    Max Threads    :         1

The output (if any) follows:

Processor 3: sum of squares up to 200000*200000 is 2666686666700000
Processor 1: sum of squares up to 200000*200000 is 2666686666700000
Processor 0: sum of squares up to 200000*200000 is 2666686666700000
This took only 0.081352 seconds.
Processor 2: sum of squares up to 200000*200000 is 2666686666700000
Sender: LSF System <hpcadmin@node06>
Subject: Job 10026: <./modproduct 4 150000> Done

Job <./modproduct 4 150000> was submitted from host <head1> by user <kmd14> in cluster <head1_cluster1>.
Job was executed on host(s) <4*node06>, in queue <medium_priority>, as user <kmd14> in cluster <head1_cluster1>.
</gpfs1/kmd14> was used as the home directory.
</gpfs1/kmd14/297M/Assignments/Assignment 1/BSP> was used as the working directory.
Started at Tue Feb 25 01:10:43 2014
Results reported at Tue Feb 25 01:10:43 2014

Your job looked like:

------------------------------------------------------------
# LSBATCH: User input
./modproduct 4 150000
------------------------------------------------------------

Successfully completed.

Resource usage summary:

    CPU time   :      0.24 sec.
    Max Memory :         1 MB
    Max Swap   :        30 MB

    Max Processes  :         1
    Max Threads    :         1

The output (if any) follows:

Processor 3: sum of squares up to 150000*150000 is 1125011250025000
Processor 2: sum of squares up to 150000*150000 is 1125011250025000
Processor 1: sum of squares up to 150000*150000 is 1125011250025000
Processor 0: sum of squares up to 150000*150000 is 1125011250025000
This took only 0.058953 seconds.
Sender: LSF System <hpcadmin@node06>
Subject: Job 10025: <./modproduct 4 100000> Done

Job <./modproduct 4 100000> was submitted from host <head1> by user <kmd14> in cluster <head1_cluster1>.
Job was executed on host(s) <4*node06>, in queue <medium_priority>, as user <kmd14> in cluster <head1_cluster1>.
</gpfs1/kmd14> was used as the home directory.
</gpfs1/kmd14/297M/Assignments/Assignment 1/BSP> was used as the working directory.
Started at Tue Feb 25 01:10:43 2014
Results reported at Tue Feb 25 01:10:43 2014

Your job looked like:

------------------------------------------------------------
# LSBATCH: User input
./modproduct 4 100000
------------------------------------------------------------

Successfully completed.

Resource usage summary:

    CPU time   :      0.26 sec.
    Max Memory :         1 MB
    Max Swap   :        30 MB

    Max Processes  :         1
    Max Threads    :         1

The output (if any) follows:

Processor 1: sum of squares up to 100000*100000 is 333338333350000
Processor 0: sum of squares up to 100000*100000 is 333338333350000
This took only 0.065112 seconds.
Processor 2: sum of squares up to 100000*100000 is 333338333350000
Processor 3: sum of squares up to 100000*100000 is 333338333350000
Sender: LSF System <hpcadmin@node06>
Subject: Job 10033: <./modproduct 4 500000> Done

Job <./modproduct 4 500000> was submitted from host <head1> by user <kmd14> in cluster <head1_cluster1>.
Job was executed on host(s) <4*node06>, in queue <medium_priority>, as user <kmd14> in cluster <head1_cluster1>.
</gpfs1/kmd14> was used as the home directory.
</gpfs1/kmd14/297M/Assignments/Assignment 1/BSP> was used as the working directory.
Started at Tue Feb 25 01:10:44 2014
Results reported at Tue Feb 25 01:10:47 2014

Your job looked like:

------------------------------------------------------------
# LSBATCH: User input
./modproduct 4 500000
------------------------------------------------------------

Successfully completed.

Resource usage summary:

    CPU time   :      0.24 sec.
    Max Memory :         1 MB
    Max Swap   :        30 MB

    Max Processes  :         1
    Max Threads    :         1

The output (if any) follows:

Processor 1: sum of squares up to 500000*500000 is 41666791666738176
Processor 2: sum of squares up to 500000*500000 is 41666791666738176
Processor 0: sum of squares up to 500000*500000 is 41666791666738176
This took only 0.100003 seconds.
Processor 3: sum of squares up to 500000*500000 is 41666791666738176
Sender: LSF System <hpcadmin@node06>
Subject: Job 10032: <./modproduct 4 450000> Done

Job <./modproduct 4 450000> was submitted from host <head1> by user <kmd14> in cluster <head1_cluster1>.
Job was executed on host(s) <4*node06>, in queue <medium_priority>, as user <kmd14> in cluster <head1_cluster1>.
</gpfs1/kmd14> was used as the home directory.
</gpfs1/kmd14/297M/Assignments/Assignment 1/BSP> was used as the working directory.
Started at Tue Feb 25 01:10:44 2014
Results reported at Tue Feb 25 01:10:47 2014

Your job looked like:

------------------------------------------------------------
# LSBATCH: User input
./modproduct 4 450000
------------------------------------------------------------

Successfully completed.

Resource usage summary:

    CPU time   :      0.30 sec.
    Max Memory :         1 MB
    Max Swap   :        30 MB

    Max Processes  :         1
    Max Threads    :         1

The output (if any) follows:

Processor 3: sum of squares up to 450000*450000 is 30375101250075000
Processor 0: sum of squares up to 450000*450000 is 30375101250075000
This took only 0.124813 seconds.
Processor 2: sum of squares up to 450000*450000 is 30375101250075000
Processor 1: sum of squares up to 450000*450000 is 30375101250075000
Sender: LSF System <hpcadmin@node13>
Subject: Job 10036: <./modproduct 4 650000> Done

Job <./modproduct 4 650000> was submitted from host <head1> by user <kmd14> in cluster <head1_cluster1>.
Job was executed on host(s) <4*node13>, in queue <medium_priority>, as user <kmd14> in cluster <head1_cluster1>.
</gpfs1/kmd14> was used as the home directory.
</gpfs1/kmd14/297M/Assignments/Assignment 1/BSP> was used as the working directory.
Started at Tue Feb 25 01:10:44 2014
Results reported at Tue Feb 25 01:10:47 2014

Your job looked like:

------------------------------------------------------------
# LSBATCH: User input
./modproduct 4 650000
------------------------------------------------------------

Successfully completed.

Resource usage summary:

    CPU time   :      0.29 sec.
    Max Memory :         1 MB
    Max Swap   :        30 MB

    Max Processes  :         1
    Max Threads    :         1

The output (if any) follows:

Processor 0: sum of squares up to 650000*650000 is 91541877916688176
This took only 0.188999 seconds.
Processor 2: sum of squares up to 650000*650000 is 91541877916688176
Processor 1: sum of squares up to 650000*650000 is 91541877916688176
Processor 3: sum of squares up to 650000*650000 is 91541877916688176
Sender: LSF System <hpcadmin@node06>
Subject: Job 10031: <./modproduct 4 400000> Done

Job <./modproduct 4 400000> was submitted from host <head1> by user <kmd14> in cluster <head1_cluster1>.
Job was executed on host(s) <4*node06>, in queue <medium_priority>, as user <kmd14> in cluster <head1_cluster1>.
</gpfs1/kmd14> was used as the home directory.
</gpfs1/kmd14/297M/Assignments/Assignment 1/BSP> was used as the working directory.
Started at Tue Feb 25 01:10:44 2014
Results reported at Tue Feb 25 01:10:47 2014

Your job looked like:

------------------------------------------------------------
# LSBATCH: User input
./modproduct 4 400000
------------------------------------------------------------

Successfully completed.

Resource usage summary:

    CPU time   :      0.33 sec.
    Max Memory :         1 MB
    Max Swap   :        30 MB

    Max Processes  :         1
    Max Threads    :         1

The output (if any) follows:

Processor 1: sum of squares up to 400000*400000 is 21333413333400000
Processor 3: sum of squares up to 400000*400000 is 21333413333400000
Processor 0: sum of squares up to 400000*400000 is 21333413333400000
This took only 0.209875 seconds.
Processor 2: sum of squares up to 400000*400000 is 21333413333400000
Sender: LSF System <hpcadmin@node13>
Subject: Job 10035: <./modproduct 4 600000> Done

Job <./modproduct 4 600000> was submitted from host <head1> by user <kmd14> in cluster <head1_cluster1>.
Job was executed on host(s) <4*node13>, in queue <medium_priority>, as user <kmd14> in cluster <head1_cluster1>.
</gpfs1/kmd14> was used as the home directory.
</gpfs1/kmd14/297M/Assignments/Assignment 1/BSP> was used as the working directory.
Started at Tue Feb 25 01:10:44 2014
Results reported at Tue Feb 25 01:10:47 2014

Your job looked like:

------------------------------------------------------------
# LSBATCH: User input
./modproduct 4 600000
------------------------------------------------------------

Successfully completed.

Resource usage summary:

    CPU time   :      0.33 sec.
    Max Memory :         1 MB
    Max Swap   :        30 MB

    Max Processes  :         1
    Max Threads    :         1

The output (if any) follows:

Processor 3: sum of squares up to 600000*600000 is 72000180000038176
Processor 0: sum of squares up to 600000*600000 is 72000180000038176
This took only 0.215250 seconds.
Processor 1: sum of squares up to 600000*600000 is 72000180000038176
Processor 2: sum of squares up to 600000*600000 is 72000180000038176
Sender: LSF System <hpcadmin@node06>
Subject: Job 10030: <./modproduct 4 350000> Done

Job <./modproduct 4 350000> was submitted from host <head1> by user <kmd14> in cluster <head1_cluster1>.
Job was executed on host(s) <4*node06>, in queue <medium_priority>, as user <kmd14> in cluster <head1_cluster1>.
</gpfs1/kmd14> was used as the home directory.
</gpfs1/kmd14/297M/Assignments/Assignment 1/BSP> was used as the working directory.
Started at Tue Feb 25 01:10:44 2014
Results reported at Tue Feb 25 01:10:47 2014

Your job looked like:

------------------------------------------------------------
# LSBATCH: User input
./modproduct 4 350000
------------------------------------------------------------

Successfully completed.

Resource usage summary:

    CPU time   :      0.30 sec.
    Max Memory :         1 MB
    Max Swap   :        30 MB

    Max Processes  :         1
    Max Threads    :         1

The output (if any) follows:

Processor 1: sum of squares up to 350000*350000 is 14291727916725000
Processor 2: sum of squares up to 350000*350000 is 14291727916725000
Processor 0: sum of squares up to 350000*350000 is 14291727916725000
This took only 0.200221 seconds.
Processor 3: sum of squares up to 350000*350000 is 14291727916725000
Sender: LSF System <hpcadmin@node13>
Subject: Job 10034: <./modproduct 4 550000> Done

Job <./modproduct 4 550000> was submitted from host <head1> by user <kmd14> in cluster <head1_cluster1>.
Job was executed on host(s) <4*node13>, in queue <medium_priority>, as user <kmd14> in cluster <head1_cluster1>.
</gpfs1/kmd14> was used as the home directory.
</gpfs1/kmd14/297M/Assignments/Assignment 1/BSP> was used as the working directory.
Started at Tue Feb 25 01:10:44 2014
Results reported at Tue Feb 25 01:10:47 2014

Your job looked like:

------------------------------------------------------------
# LSBATCH: User input
./modproduct 4 550000
------------------------------------------------------------

Successfully completed.

Resource usage summary:

    CPU time   :      0.35 sec.
    Max Memory :         1 MB
    Max Swap   :        30 MB

    Max Processes  :         1
    Max Threads    :         1

The output (if any) follows:

Processor 3: sum of squares up to 550000*550000 is 55458484583388176
Processor 1: sum of squares up to 550000*550000 is 55458484583388176
Processor 2: sum of squares up to 550000*550000 is 55458484583388176
Processor 0: sum of squares up to 550000*550000 is 55458484583388176
This took only 0.245079 seconds.
Sender: LSF System <hpcadmin@node13>
Subject: Job 10037: <./modproduct 4 700000> Done

Job <./modproduct 4 700000> was submitted from host <head1> by user <kmd14> in cluster <head1_cluster1>.
Job was executed on host(s) <4*node13>, in queue <medium_priority>, as user <kmd14> in cluster <head1_cluster1>.
</gpfs1/kmd14> was used as the home directory.
</gpfs1/kmd14/297M/Assignments/Assignment 1/BSP> was used as the working directory.
Started at Tue Feb 25 01:10:44 2014
Results reported at Tue Feb 25 01:10:47 2014

Your job looked like:

------------------------------------------------------------
# LSBATCH: User input
./modproduct 4 700000
------------------------------------------------------------

Successfully completed.

Resource usage summary:

    CPU time   :      0.32 sec.
    Max Memory :         1 MB
    Max Swap   :        30 MB

    Max Processes  :         1
    Max Threads    :         1

The output (if any) follows:

Processor 0: sum of squares up to 700000*700000 is 114333578333338176
This took only 0.217349 seconds.
Processor 3: sum of squares up to 700000*700000 is 114333578333338176
Processor 2: sum of squares up to 700000*700000 is 114333578333338176
Processor 1: sum of squares up to 700000*700000 is 114333578333338176
Sender: LSF System <hpcadmin@node16>
Subject: Job 10041: <./modproduct 4 900000> Done

Job <./modproduct 4 900000> was submitted from host <head1> by user <kmd14> in cluster <head1_cluster1>.
Job was executed on host(s) <4*node16>, in queue <medium_priority>, as user <kmd14> in cluster <head1_cluster1>.
</gpfs1/kmd14> was used as the home directory.
</gpfs1/kmd14/297M/Assignments/Assignment 1/BSP> was used as the working directory.
Started at Tue Feb 25 01:10:45 2014
Results reported at Tue Feb 25 01:10:49 2014

Your job looked like:

------------------------------------------------------------
# LSBATCH: User input
./modproduct 4 900000
------------------------------------------------------------

Successfully completed.

Resource usage summary:

    CPU time   :      0.35 sec.
    Max Memory :         1 MB
    Max Swap   :        30 MB

    Max Processes  :         1
    Max Threads    :         1

The output (if any) follows:

Processor 3: sum of squares up to 900000*900000 is 243000404999794336
Processor 1: sum of squares up to 900000*900000 is 243000404999794336
Processor 2: sum of squares up to 900000*900000 is 243000404999794336
Processor 0: sum of squares up to 900000*900000 is 243000404999794336
This took only 0.233994 seconds.
Sender: LSF System <hpcadmin@node16>
Subject: Job 10040: <./modproduct 4 850000> Done

Job <./modproduct 4 850000> was submitted from host <head1> by user <kmd14> in cluster <head1_cluster1>.
Job was executed on host(s) <4*node16>, in queue <medium_priority>, as user <kmd14> in cluster <head1_cluster1>.
</gpfs1/kmd14> was used as the home directory.
</gpfs1/kmd14/297M/Assignments/Assignment 1/BSP> was used as the working directory.
Started at Tue Feb 25 01:10:45 2014
Results reported at Tue Feb 25 01:10:49 2014

Your job looked like:

------------------------------------------------------------
# LSBATCH: User input
./modproduct 4 850000
------------------------------------------------------------

Successfully completed.

Resource usage summary:

    CPU time   :      0.42 sec.
    Max Memory :         1 MB
    Max Swap   :        30 MB

    Max Processes  :         1
    Max Threads    :         1

The output (if any) follows:

Processor 3: sum of squares up to 850000*850000 is 204708694583194336
Processor 2: sum of squares up to 850000*850000 is 204708694583194336
Processor 0: sum of squares up to 850000*850000 is 204708694583194336
This took only 0.256017 seconds.
Processor 1: sum of squares up to 850000*850000 is 204708694583194336
Sender: LSF System <hpcadmin@node16>
Subject: Job 10039: <./modproduct 4 800000> Done

Job <./modproduct 4 800000> was submitted from host <head1> by user <kmd14> in cluster <head1_cluster1>.
Job was executed on host(s) <4*node16>, in queue <medium_priority>, as user <kmd14> in cluster <head1_cluster1>.
</gpfs1/kmd14> was used as the home directory.
</gpfs1/kmd14/297M/Assignments/Assignment 1/BSP> was used as the working directory.
Started at Tue Feb 25 01:10:45 2014
Results reported at Tue Feb 25 01:10:49 2014

Your job looked like:

------------------------------------------------------------
# LSBATCH: User input
./modproduct 4 800000
------------------------------------------------------------

Successfully completed.

Resource usage summary:

    CPU time   :      0.38 sec.
    Max Memory :         1 MB
    Max Swap   :        30 MB

    Max Processes  :         1
    Max Threads    :         1

The output (if any) follows:

Processor 1: sum of squares up to 800000*800000 is 170666986666594336
Processor 3: sum of squares up to 800000*800000 is 170666986666594336
Processor 2: sum of squares up to 800000*800000 is 170666986666594336
Processor 0: sum of squares up to 800000*800000 is 170666986666594336
This took only 0.225232 seconds.
Sender: LSF System <hpcadmin@node16>
Subject: Job 10038: <./modproduct 4 750000> Done

Job <./modproduct 4 750000> was submitted from host <head1> by user <kmd14> in cluster <head1_cluster1>.
Job was executed on host(s) <4*node16>, in queue <medium_priority>, as user <kmd14> in cluster <head1_cluster1>.
</gpfs1/kmd14> was used as the home directory.
</gpfs1/kmd14/297M/Assignments/Assignment 1/BSP> was used as the working directory.
Started at Tue Feb 25 01:10:45 2014
Results reported at Tue Feb 25 01:10:49 2014

Your job looked like:

------------------------------------------------------------
# LSBATCH: User input
./modproduct 4 750000
------------------------------------------------------------

Successfully completed.

Resource usage summary:

    CPU time   :      0.35 sec.
    Max Memory :         1 MB
    Max Swap   :        30 MB

    Max Processes  :         1
    Max Threads    :         1

The output (if any) follows:

Processor 3: sum of squares up to 750000*750000 is 140625281249988176
Processor 1: sum of squares up to 750000*750000 is 140625281249988176
Processor 2: sum of squares up to 750000*750000 is 140625281249988176
Processor 0: sum of squares up to 750000*750000 is 140625281249988176
This took only 0.200129 seconds.
Sender: LSF System <hpcadmin@node06>
Subject: Job 10042: <./modproduct 4 950000> Done

Job <./modproduct 4 950000> was submitted from host <head1> by user <kmd14> in cluster <head1_cluster1>.
Job was executed on host(s) <4*node06>, in queue <medium_priority>, as user <kmd14> in cluster <head1_cluster1>.
</gpfs1/kmd14> was used as the home directory.
</gpfs1/kmd14/297M/Assignments/Assignment 1/BSP> was used as the working directory.
Started at Tue Feb 25 01:10:47 2014
Results reported at Tue Feb 25 01:10:55 2014

Your job looked like:

------------------------------------------------------------
# LSBATCH: User input
./modproduct 4 950000
------------------------------------------------------------

Successfully completed.

Resource usage summary:

    CPU time   :      0.06 sec.
    Max Memory :         1 MB
    Max Swap   :        30 MB

    Max Processes  :         1
    Max Threads    :         1

The output (if any) follows:

Processor 2: sum of squares up to 950000*950000 is 285792117916394336
Processor 0: sum of squares up to 950000*950000 is 285792117916394336
This took only 0.005076 seconds.
Processor 3: sum of squares up to 950000*950000 is 285792117916394336
Processor 1: sum of squares up to 950000*950000 is 285792117916394336
Sender: LSF System <hpcadmin@node06>
Subject: Job 10043: <./modproduct 4 1000000> Done

Job <./modproduct 4 1000000> was submitted from host <head1> by user <kmd14> in cluster <head1_cluster1>.
Job was executed on host(s) <4*node06>, in queue <medium_priority>, as user <kmd14> in cluster <head1_cluster1>.
</gpfs1/kmd14> was used as the home directory.
</gpfs1/kmd14/297M/Assignments/Assignment 1/BSP> was used as the working directory.
Started at Tue Feb 25 01:10:49 2014
Results reported at Tue Feb 25 01:10:55 2014

Your job looked like:

------------------------------------------------------------
# LSBATCH: User input
./modproduct 4 1000000
------------------------------------------------------------

Successfully completed.

Resource usage summary:

    CPU time   :      0.08 sec.
    Max Memory :         1 MB
    Max Swap   :        30 MB

    Max Processes  :         1
    Max Threads    :         1

The output (if any) follows:

Processor 1: sum of squares up to 1000000*1000000 is 333333833333088960
Processor 2: sum of squares up to 1000000*1000000 is 333333833333088960
Processor 3: sum of squares up to 1000000*1000000 is 333333833333088960
Processor 0: sum of squares up to 1000000*1000000 is 333333833333088960
This took only 0.009949 seconds.
