Sender: LSF System <hpcadmin@node04>
Subject: Job 10101: <./modproduct 16 100000> Done

Job <./modproduct 16 100000> was submitted from host <head1> by user <kmd14> in cluster <head1_cluster1>.
Job was executed on host(s) <16*node04>, in queue <medium_priority>, as user <kmd14> in cluster <head1_cluster1>.
</gpfs1/kmd14> was used as the home directory.
</gpfs1/kmd14/297M/Assignments/Assignment 1/BSP> was used as the working directory.
Started at Tue Feb 25 01:11:22 2014
Results reported at Tue Feb 25 01:11:24 2014

Your job looked like:

------------------------------------------------------------
# LSBATCH: User input
./modproduct 16 100000
------------------------------------------------------------

Successfully completed.

Resource usage summary:

    CPU time   :      0.07 sec.
    Max Memory :         1 MB
    Max Swap   :        30 MB

    Max Processes  :         1
    Max Threads    :         1

The output (if any) follows:

Processor 14: sum of squares up to 100000*100000 is 333338333350000
Processor 2: sum of squares up to 100000*100000 is 333338333350000
Processor 13: sum of squares up to 100000*100000 is 333338333350000
Processor 6: sum of squares up to 100000*100000 is 333338333350000
Processor 12: sum of squares up to 100000*100000 is 333338333350000
Processor 15: sum of squares up to 100000*100000 is 333338333350000
Processor 0: sum of squares up to 100000*100000 is 333338333350000
This took only 0.000861 seconds.
Processor 7: sum of squares up to 100000*100000 is 333338333350000
Processor 5: sum of squares up to 100000*100000 is 333338333350000
Processor 10: sum of squares up to 100000*100000 is 333338333350000
Processor 11: sum of squares up to 100000*100000 is 333338333350000
Processor 1: sum of squares up to 100000*100000 is 333338333350000
Processor 8: sum of squares up to 100000*100000 is 333338333350000
Processor 3: sum of squares up to 100000*100000 is 333338333350000
Processor 9: sum of squares up to 100000*100000 is 333338333350000
Processor 4: sum of squares up to 100000*100000 is 333338333350000
Sender: LSF System <hpcadmin@node06>
Subject: Job 10103: <./modproduct 16 200000> Done

Job <./modproduct 16 200000> was submitted from host <head1> by user <kmd14> in cluster <head1_cluster1>.
Job was executed on host(s) <16*node06>, in queue <medium_priority>, as user <kmd14> in cluster <head1_cluster1>.
</gpfs1/kmd14> was used as the home directory.
</gpfs1/kmd14/297M/Assignments/Assignment 1/BSP> was used as the working directory.
Started at Tue Feb 25 01:11:23 2014
Results reported at Tue Feb 25 01:11:25 2014

Your job looked like:

------------------------------------------------------------
# LSBATCH: User input
./modproduct 16 200000
------------------------------------------------------------

Successfully completed.

Resource usage summary:

    CPU time   :      0.06 sec.
    Max Memory :         1 MB
    Max Swap   :        30 MB

    Max Processes  :         1
    Max Threads    :         1

The output (if any) follows:

Processor 15: sum of squares up to 200000*200000 is 2666686666700000
Processor 6: sum of squares up to 200000*200000 is 2666686666700000
Processor 5: sum of squares up to 200000*200000 is 2666686666700000
Processor 3: sum of squares up to 200000*200000 is 2666686666700000
Processor 7: sum of squares up to 200000*200000 is 2666686666700000
Processor 8: sum of squares up to 200000*200000 is 2666686666700000
Processor 13: sum of squares up to 200000*200000 is 2666686666700000
Processor 2: sum of squares up to 200000*200000 is 2666686666700000
Processor 14: sum of squares up to 200000*200000 is 2666686666700000
Processor 10: sum of squares up to 200000*200000 is 2666686666700000
Processor 12: sum of squares up to 200000*200000 is 2666686666700000
Processor 9: sum of squares up to 200000*200000 is 2666686666700000
Processor 11: sum of squares up to 200000*200000 is 2666686666700000
Processor 4: sum of squares up to 200000*200000 is 2666686666700000
Processor 1: sum of squares up to 200000*200000 is 2666686666700000
Processor 0: sum of squares up to 200000*200000 is 2666686666700000
This took only 0.000863 seconds.
Sender: LSF System <hpcadmin@node16>
Subject: Job 10104: <./modproduct 16 250000> Done

Job <./modproduct 16 250000> was submitted from host <head1> by user <kmd14> in cluster <head1_cluster1>.
Job was executed on host(s) <16*node16>, in queue <medium_priority>, as user <kmd14> in cluster <head1_cluster1>.
</gpfs1/kmd14> was used as the home directory.
</gpfs1/kmd14/297M/Assignments/Assignment 1/BSP> was used as the working directory.
Started at Tue Feb 25 01:11:23 2014
Results reported at Tue Feb 25 01:11:26 2014

Your job looked like:

------------------------------------------------------------
# LSBATCH: User input
./modproduct 16 250000
------------------------------------------------------------

Successfully completed.

Resource usage summary:

    CPU time   :      0.08 sec.
    Max Memory :         1 MB
    Max Swap   :        30 MB

    Max Processes  :         1
    Max Threads    :         1

The output (if any) follows:

Processor 0: sum of squares up to 250000*250000 is 5208364583375000
This took only 0.001230 seconds.
Processor 14: sum of squares up to 250000*250000 is 5208364583375000
Processor 10: sum of squares up to 250000*250000 is 5208364583375000
Processor 12: sum of squares up to 250000*250000 is 5208364583375000
Processor 5: sum of squares up to 250000*250000 is 5208364583375000
Processor 11: sum of squares up to 250000*250000 is 5208364583375000
Processor 1: sum of squares up to 250000*250000 is 5208364583375000
Processor 6: sum of squares up to 250000*250000 is 5208364583375000
Processor 2: sum of squares up to 250000*250000 is 5208364583375000
Processor 13: sum of squares up to 250000*250000 is 5208364583375000
Processor 15: sum of squares up to 250000*250000 is 5208364583375000
Processor 8: sum of squares up to 250000*250000 is 5208364583375000
Processor 9: sum of squares up to 250000*250000 is 5208364583375000
Processor 7: sum of squares up to 250000*250000 is 5208364583375000
Processor 3: sum of squares up to 250000*250000 is 5208364583375000
Processor 4: sum of squares up to 250000*250000 is 5208364583375000
Sender: LSF System <hpcadmin@node03>
Subject: Job 10102: <./modproduct 16 150000> Done

Job <./modproduct 16 150000> was submitted from host <head1> by user <kmd14> in cluster <head1_cluster1>.
Job was executed on host(s) <16*node03>, in queue <medium_priority>, as user <kmd14> in cluster <head1_cluster1>.
</gpfs1/kmd14> was used as the home directory.
</gpfs1/kmd14/297M/Assignments/Assignment 1/BSP> was used as the working directory.
Started at Tue Feb 25 01:11:23 2014
Results reported at Tue Feb 25 01:11:26 2014

Your job looked like:

------------------------------------------------------------
# LSBATCH: User input
./modproduct 16 150000
------------------------------------------------------------

Successfully completed.

Resource usage summary:

    CPU time   :      0.07 sec.
    Max Memory :         1 MB
    Max Swap   :        30 MB

    Max Processes  :         1
    Max Threads    :         1

The output (if any) follows:

Processor 6: sum of squares up to 150000*150000 is 1125011250025000
Processor 5: sum of squares up to 150000*150000 is 1125011250025000
Processor 1: sum of squares up to 150000*150000 is 1125011250025000
Processor 15: sum of squares up to 150000*150000 is 1125011250025000
Processor 10: sum of squares up to 150000*150000 is 1125011250025000
Processor 2: sum of squares up to 150000*150000 is 1125011250025000
Processor 13: sum of squares up to 150000*150000 is 1125011250025000
Processor 14: sum of squares up to 150000*150000 is 1125011250025000
Processor 12: sum of squares up to 150000*150000 is 1125011250025000
Processor 8: sum of squares up to 150000*150000 is 1125011250025000
Processor 3: sum of squares up to 150000*150000 is 1125011250025000
Processor 11: sum of squares up to 150000*150000 is 1125011250025000
Processor 7: sum of squares up to 150000*150000 is 1125011250025000
Processor 0: sum of squares up to 150000*150000 is 1125011250025000
This took only 0.001028 seconds.
Processor 9: sum of squares up to 150000*150000 is 1125011250025000
Processor 4: sum of squares up to 150000*150000 is 1125011250025000
Sender: LSF System <hpcadmin@node13>
Subject: Job 10106: <./modproduct 16 350000> Done

Job <./modproduct 16 350000> was submitted from host <head1> by user <kmd14> in cluster <head1_cluster1>.
Job was executed on host(s) <16*node13>, in queue <medium_priority>, as user <kmd14> in cluster <head1_cluster1>.
</gpfs1/kmd14> was used as the home directory.
</gpfs1/kmd14/297M/Assignments/Assignment 1/BSP> was used as the working directory.
Started at Tue Feb 25 01:11:24 2014
Results reported at Tue Feb 25 01:11:26 2014

Your job looked like:

------------------------------------------------------------
# LSBATCH: User input
./modproduct 16 350000
------------------------------------------------------------

Successfully completed.

Resource usage summary:

    CPU time   :      0.10 sec.
    Max Memory :         2 MB
    Max Swap   :        30 MB

    Max Processes  :         1
    Max Threads    :         1

The output (if any) follows:

Processor 10: sum of squares up to 350000*350000 is 14291727916725000
Processor 8: sum of squares up to 350000*350000 is 14291727916725000
Processor 11: sum of squares up to 350000*350000 is 14291727916725000
Processor 3: sum of squares up to 350000*350000 is 14291727916725000
Processor 4: sum of squares up to 350000*350000 is 14291727916725000
Processor 5: sum of squares up to 350000*350000 is 14291727916725000
Processor 2: sum of squares up to 350000*350000 is 14291727916725000
Processor 15: sum of squares up to 350000*350000 is 14291727916725000
Processor 7: sum of squares up to 350000*350000 is 14291727916725000
Processor 14: sum of squares up to 350000*350000 is 14291727916725000
Processor 12: sum of squares up to 350000*350000 is 14291727916725000
Processor 1: sum of squares up to 350000*350000 is 14291727916725000
Processor 6: sum of squares up to 350000*350000 is 14291727916725000
Processor 13: sum of squares up to 350000*350000 is 14291727916725000
Processor 0: sum of squares up to 350000*350000 is 14291727916725000
This took only 0.001215 seconds.
Processor 9: sum of squares up to 350000*350000 is 14291727916725000
Sender: LSF System <hpcadmin@node01>
Subject: Job 10107: <./modproduct 16 400000> Done

Job <./modproduct 16 400000> was submitted from host <head1> by user <kmd14> in cluster <head1_cluster1>.
Job was executed on host(s) <16*node01>, in queue <medium_priority>, as user <kmd14> in cluster <head1_cluster1>.
</gpfs1/kmd14> was used as the home directory.
</gpfs1/kmd14/297M/Assignments/Assignment 1/BSP> was used as the working directory.
Started at Tue Feb 25 01:11:25 2014
Results reported at Tue Feb 25 01:11:27 2014

Your job looked like:

------------------------------------------------------------
# LSBATCH: User input
./modproduct 16 400000
------------------------------------------------------------

Successfully completed.

Resource usage summary:

    CPU time   :      0.09 sec.
    Max Memory :         1 MB
    Max Swap   :        30 MB

    Max Processes  :         1
    Max Threads    :         1

The output (if any) follows:

Processor 3: sum of squares up to 400000*400000 is 21333413333400000
Processor 13: sum of squares up to 400000*400000 is 21333413333400000
Processor 1: sum of squares up to 400000*400000 is 21333413333400000
Processor 12: sum of squares up to 400000*400000 is 21333413333400000
Processor 6: sum of squares up to 400000*400000 is 21333413333400000
Processor 10: sum of squares up to 400000*400000 is 21333413333400000
Processor 4: sum of squares up to 400000*400000 is 21333413333400000
Processor 8: sum of squares up to 400000*400000 is 21333413333400000
Processor 0: sum of squares up to 400000*400000 is 21333413333400000
This took only 0.001270 seconds.
Processor 2: sum of squares up to 400000*400000 is 21333413333400000
Processor 9: sum of squares up to 400000*400000 is 21333413333400000
Processor 14: sum of squares up to 400000*400000 is 21333413333400000
Processor 15: sum of squares up to 400000*400000 is 21333413333400000
Processor 5: sum of squares up to 400000*400000 is 21333413333400000
Processor 7: sum of squares up to 400000*400000 is 21333413333400000
Processor 11: sum of squares up to 400000*400000 is 21333413333400000
Sender: LSF System <hpcadmin@node04>
Subject: Job 10105: <./modproduct 16 300000> Done

Job <./modproduct 16 300000> was submitted from host <head1> by user <kmd14> in cluster <head1_cluster1>.
Job was executed on host(s) <16*node04>, in queue <medium_priority>, as user <kmd14> in cluster <head1_cluster1>.
</gpfs1/kmd14> was used as the home directory.
</gpfs1/kmd14/297M/Assignments/Assignment 1/BSP> was used as the working directory.
Started at Tue Feb 25 01:11:24 2014
Results reported at Tue Feb 25 01:11:27 2014

Your job looked like:

------------------------------------------------------------
# LSBATCH: User input
./modproduct 16 300000
------------------------------------------------------------

Successfully completed.

Resource usage summary:

    CPU time   :      0.07 sec.
    Max Memory :         1 MB
    Max Swap   :        30 MB

    Max Processes  :         1
    Max Threads    :         1

The output (if any) follows:

Processor 7: sum of squares up to 300000*300000 is 9000045000050000
Processor 1: sum of squares up to 300000*300000 is 9000045000050000
Processor 11: sum of squares up to 300000*300000 is 9000045000050000
Processor 3: sum of squares up to 300000*300000 is 9000045000050000
Processor 8: sum of squares up to 300000*300000 is 9000045000050000
Processor 2: sum of squares up to 300000*300000 is 9000045000050000
Processor 15: sum of squares up to 300000*300000 is 9000045000050000
Processor 12: sum of squares up to 300000*300000 is 9000045000050000
Processor 14: sum of squares up to 300000*300000 is 9000045000050000
Processor 9: sum of squares up to 300000*300000 is 9000045000050000
Processor 4: sum of squares up to 300000*300000 is 9000045000050000
Processor 10: sum of squares up to 300000*300000 is 9000045000050000
Processor 5: sum of squares up to 300000*300000 is 9000045000050000
Processor 6: sum of squares up to 300000*300000 is 9000045000050000
Processor 13: sum of squares up to 300000*300000 is 9000045000050000
Processor 0: sum of squares up to 300000*300000 is 9000045000050000
This took only 0.000811 seconds.
Sender: LSF System <hpcadmin@node06>
Subject: Job 10108: <./modproduct 16 450000> Done

Job <./modproduct 16 450000> was submitted from host <head1> by user <kmd14> in cluster <head1_cluster1>.
Job was executed on host(s) <16*node06>, in queue <medium_priority>, as user <kmd14> in cluster <head1_cluster1>.
</gpfs1/kmd14> was used as the home directory.
</gpfs1/kmd14/297M/Assignments/Assignment 1/BSP> was used as the working directory.
Started at Tue Feb 25 01:11:25 2014
Results reported at Tue Feb 25 01:11:28 2014

Your job looked like:

------------------------------------------------------------
# LSBATCH: User input
./modproduct 16 450000
------------------------------------------------------------

Successfully completed.

Resource usage summary:

    CPU time   :      0.09 sec.
    Max Memory :         1 MB
    Max Swap   :        30 MB

    Max Processes  :         1
    Max Threads    :         1

The output (if any) follows:

Processor 14: sum of squares up to 450000*450000 is 30375101250075000
Processor 1: sum of squares up to 450000*450000 is 30375101250075000
Processor 11: sum of squares up to 450000*450000 is 30375101250075000
Processor 10: sum of squares up to 450000*450000 is 30375101250075000
Processor 2: sum of squares up to 450000*450000 is 30375101250075000
Processor 12: sum of squares up to 450000*450000 is 30375101250075000
Processor 13: sum of squares up to 450000*450000 is 30375101250075000
Processor 6: sum of squares up to 450000*450000 is 30375101250075000
Processor 9: sum of squares up to 450000*450000 is 30375101250075000
Processor 5: sum of squares up to 450000*450000 is 30375101250075000
Processor 3: sum of squares up to 450000*450000 is 30375101250075000
Processor 4: sum of squares up to 450000*450000 is 30375101250075000
Processor 0: sum of squares up to 450000*450000 is 30375101250075000
This took only 0.001025 seconds.
Processor 8: sum of squares up to 450000*450000 is 30375101250075000
Processor 15: sum of squares up to 450000*450000 is 30375101250075000
Processor 7: sum of squares up to 450000*450000 is 30375101250075000
Sender: LSF System <hpcadmin@node03>
Subject: Job 10109: <./modproduct 16 500000> Done

Job <./modproduct 16 500000> was submitted from host <head1> by user <kmd14> in cluster <head1_cluster1>.
Job was executed on host(s) <16*node03>, in queue <medium_priority>, as user <kmd14> in cluster <head1_cluster1>.
</gpfs1/kmd14> was used as the home directory.
</gpfs1/kmd14/297M/Assignments/Assignment 1/BSP> was used as the working directory.
Started at Tue Feb 25 01:11:26 2014
Results reported at Tue Feb 25 01:11:29 2014

Your job looked like:

------------------------------------------------------------
# LSBATCH: User input
./modproduct 16 500000
------------------------------------------------------------

Successfully completed.

Resource usage summary:

    CPU time   :      0.11 sec.
    Max Memory :         1 MB
    Max Swap   :        30 MB

    Max Processes  :         1
    Max Threads    :         1

The output (if any) follows:

Processor 6: sum of squares up to 500000*500000 is 41666791666750000
Processor 2: sum of squares up to 500000*500000 is 41666791666750000
Processor 0: sum of squares up to 500000*500000 is 41666791666750000
This took only 0.001528 seconds.
Processor 13: sum of squares up to 500000*500000 is 41666791666750000
Processor 14: sum of squares up to 500000*500000 is 41666791666750000
Processor 10: sum of squares up to 500000*500000 is 41666791666750000
Processor 5: sum of squares up to 500000*500000 is 41666791666750000
Processor 3: sum of squares up to 500000*500000 is 41666791666750000
Processor 11: sum of squares up to 500000*500000 is 41666791666750000
Processor 12: sum of squares up to 500000*500000 is 41666791666750000
Processor 8: sum of squares up to 500000*500000 is 41666791666750000
Processor 7: sum of squares up to 500000*500000 is 41666791666750000
Processor 4: sum of squares up to 500000*500000 is 41666791666750000
Processor 15: sum of squares up to 500000*500000 is 41666791666750000
Processor 9: sum of squares up to 500000*500000 is 41666791666750000
Processor 1: sum of squares up to 500000*500000 is 41666791666750000
Sender: LSF System <hpcadmin@node16>
Subject: Job 10110: <./modproduct 16 550000> Done

Job <./modproduct 16 550000> was submitted from host <head1> by user <kmd14> in cluster <head1_cluster1>.
Job was executed on host(s) <16*node16>, in queue <medium_priority>, as user <kmd14> in cluster <head1_cluster1>.
</gpfs1/kmd14> was used as the home directory.
</gpfs1/kmd14/297M/Assignments/Assignment 1/BSP> was used as the working directory.
Started at Tue Feb 25 01:11:26 2014
Results reported at Tue Feb 25 01:11:29 2014

Your job looked like:

------------------------------------------------------------
# LSBATCH: User input
./modproduct 16 550000
------------------------------------------------------------

Successfully completed.

Resource usage summary:

    CPU time   :      0.10 sec.
    Max Memory :         1 MB
    Max Swap   :        30 MB

    Max Processes  :         1
    Max Threads    :         1

The output (if any) follows:

Processor 10: sum of squares up to 550000*550000 is 55458484583425000
Processor 12: sum of squares up to 550000*550000 is 55458484583425000
Processor 2: sum of squares up to 550000*550000 is 55458484583425000
Processor 13: sum of squares up to 550000*550000 is 55458484583425000
Processor 3: sum of squares up to 550000*550000 is 55458484583425000
Processor 0: sum of squares up to 550000*550000 is 55458484583425000
This took only 0.001096 seconds.
Processor 1: sum of squares up to 550000*550000 is 55458484583425000
Processor 4: sum of squares up to 550000*550000 is 55458484583425000
Processor 7: sum of squares up to 550000*550000 is 55458484583425000
Processor 6: sum of squares up to 550000*550000 is 55458484583425000
Processor 9: sum of squares up to 550000*550000 is 55458484583425000
Processor 14: sum of squares up to 550000*550000 is 55458484583425000
Processor 5: sum of squares up to 550000*550000 is 55458484583425000
Processor 15: sum of squares up to 550000*550000 is 55458484583425000
Processor 8: sum of squares up to 550000*550000 is 55458484583425000
Processor 11: sum of squares up to 550000*550000 is 55458484583425000
Sender: LSF System <hpcadmin@node13>
Subject: Job 10112: <./modproduct 16 650000> Done

Job <./modproduct 16 650000> was submitted from host <head1> by user <kmd14> in cluster <head1_cluster1>.
Job was executed on host(s) <16*node13>, in queue <medium_priority>, as user <kmd14> in cluster <head1_cluster1>.
</gpfs1/kmd14> was used as the home directory.
</gpfs1/kmd14/297M/Assignments/Assignment 1/BSP> was used as the working directory.
Started at Tue Feb 25 01:11:27 2014
Results reported at Tue Feb 25 01:11:29 2014

Your job looked like:

------------------------------------------------------------
# LSBATCH: User input
./modproduct 16 650000
------------------------------------------------------------

Successfully completed.

Resource usage summary:

    CPU time   :      0.10 sec.
    Max Memory :         2 MB
    Max Swap   :        30 MB

    Max Processes  :         1
    Max Threads    :         1

The output (if any) follows:

Processor 3: sum of squares up to 650000*650000 is 91541877916774992
Processor 8: sum of squares up to 650000*650000 is 91541877916774992
Processor 14: sum of squares up to 650000*650000 is 91541877916774992
Processor 15: sum of squares up to 650000*650000 is 91541877916774992
Processor 9: sum of squares up to 650000*650000 is 91541877916774992
Processor 11: sum of squares up to 650000*650000 is 91541877916774992
Processor 10: sum of squares up to 650000*650000 is 91541877916774992
Processor 1: sum of squares up to 650000*650000 is 91541877916774992
Processor 12: sum of squares up to 650000*650000 is 91541877916774992
Processor 6: sum of squares up to 650000*650000 is 91541877916774992
Processor 2: sum of squares up to 650000*650000 is 91541877916774992
Processor 4: sum of squares up to 650000*650000 is 91541877916774992
Processor 0: sum of squares up to 650000*650000 is 91541877916774992
This took only 0.001345 seconds.
Processor 7: sum of squares up to 650000*650000 is 91541877916774992
Processor 13: sum of squares up to 650000*650000 is 91541877916774992
Processor 5: sum of squares up to 650000*650000 is 91541877916774992
Sender: LSF System <hpcadmin@node04>
Subject: Job 10113: <./modproduct 16 700000> Done

Job <./modproduct 16 700000> was submitted from host <head1> by user <kmd14> in cluster <head1_cluster1>.
Job was executed on host(s) <16*node04>, in queue <medium_priority>, as user <kmd14> in cluster <head1_cluster1>.
</gpfs1/kmd14> was used as the home directory.
</gpfs1/kmd14/297M/Assignments/Assignment 1/BSP> was used as the working directory.
Started at Tue Feb 25 01:11:28 2014
Results reported at Tue Feb 25 01:11:30 2014

Your job looked like:

------------------------------------------------------------
# LSBATCH: User input
./modproduct 16 700000
------------------------------------------------------------

Successfully completed.

Resource usage summary:

    CPU time   :      0.10 sec.
    Max Memory :         1 MB
    Max Swap   :        30 MB

    Max Processes  :         1
    Max Threads    :         1

The output (if any) follows:

Processor 3: sum of squares up to 700000*700000 is 114333578333450000
Processor 5: sum of squares up to 700000*700000 is 114333578333450000
Processor 10: sum of squares up to 700000*700000 is 114333578333450000
Processor 1: sum of squares up to 700000*700000 is 114333578333450000
Processor 12: sum of squares up to 700000*700000 is 114333578333450000
Processor 11: sum of squares up to 700000*700000 is 114333578333450000
Processor 14: sum of squares up to 700000*700000 is 114333578333450000
Processor 9: sum of squares up to 700000*700000 is 114333578333450000
Processor 8: sum of squares up to 700000*700000 is 114333578333450000
Processor 13: sum of squares up to 700000*700000 is 114333578333450000
Processor 4: sum of squares up to 700000*700000 is 114333578333450000
Processor 2: sum of squares up to 700000*700000 is 114333578333450000
Processor 15: sum of squares up to 700000*700000 is 114333578333450000
Processor 6: sum of squares up to 700000*700000 is 114333578333450000
Processor 7: sum of squares up to 700000*700000 is 114333578333450000
Processor 0: sum of squares up to 700000*700000 is 114333578333450000
This took only 0.001559 seconds.
Sender: LSF System <hpcadmin@node01>
Subject: Job 10111: <./modproduct 16 600000> Done

Job <./modproduct 16 600000> was submitted from host <head1> by user <kmd14> in cluster <head1_cluster1>.
Job was executed on host(s) <16*node01>, in queue <medium_priority>, as user <kmd14> in cluster <head1_cluster1>.
</gpfs1/kmd14> was used as the home directory.
</gpfs1/kmd14/297M/Assignments/Assignment 1/BSP> was used as the working directory.
Started at Tue Feb 25 01:11:27 2014
Results reported at Tue Feb 25 01:11:30 2014

Your job looked like:

------------------------------------------------------------
# LSBATCH: User input
./modproduct 16 600000
------------------------------------------------------------

Successfully completed.

Resource usage summary:

    CPU time   :      0.10 sec.
    Max Memory :         1 MB
    Max Swap   :        30 MB

    Max Processes  :         1
    Max Threads    :         1

The output (if any) follows:

Processor 9: sum of squares up to 600000*600000 is 72000180000100000
Processor 2: sum of squares up to 600000*600000 is 72000180000100000
Processor 3: sum of squares up to 600000*600000 is 72000180000100000
Processor 8: sum of squares up to 600000*600000 is 72000180000100000
Processor 14: sum of squares up to 600000*600000 is 72000180000100000
Processor 5: sum of squares up to 600000*600000 is 72000180000100000
Processor 0: sum of squares up to 600000*600000 is 72000180000100000
This took only 0.001587 seconds.
Processor 6: sum of squares up to 600000*600000 is 72000180000100000
Processor 7: sum of squares up to 600000*600000 is 72000180000100000
Processor 13: sum of squares up to 600000*600000 is 72000180000100000
Processor 15: sum of squares up to 600000*600000 is 72000180000100000
Processor 12: sum of squares up to 600000*600000 is 72000180000100000
Processor 10: sum of squares up to 600000*600000 is 72000180000100000
Processor 11: sum of squares up to 600000*600000 is 72000180000100000
Processor 4: sum of squares up to 600000*600000 is 72000180000100000
Processor 1: sum of squares up to 600000*600000 is 72000180000100000
Sender: LSF System <hpcadmin@node06>
Subject: Job 10114: <./modproduct 16 750000> Done

Job <./modproduct 16 750000> was submitted from host <head1> by user <kmd14> in cluster <head1_cluster1>.
Job was executed on host(s) <16*node06>, in queue <medium_priority>, as user <kmd14> in cluster <head1_cluster1>.
</gpfs1/kmd14> was used as the home directory.
</gpfs1/kmd14/297M/Assignments/Assignment 1/BSP> was used as the working directory.
Started at Tue Feb 25 01:11:28 2014
Results reported at Tue Feb 25 01:11:31 2014

Your job looked like:

------------------------------------------------------------
# LSBATCH: User input
./modproduct 16 750000
------------------------------------------------------------

Successfully completed.

Resource usage summary:

    CPU time   :      0.10 sec.
    Max Memory :         1 MB
    Max Swap   :        30 MB

    Max Processes  :         1
    Max Threads    :         1

The output (if any) follows:

Processor 0: sum of squares up to 750000*750000 is 140625281250125008
This took only 0.001521 seconds.
Processor 1: sum of squares up to 750000*750000 is 140625281250125008
Processor 3: sum of squares up to 750000*750000 is 140625281250125008
Processor 5: sum of squares up to 750000*750000 is 140625281250125008
Processor 12: sum of squares up to 750000*750000 is 140625281250125008
Processor 7: sum of squares up to 750000*750000 is 140625281250125008
Processor 6: sum of squares up to 750000*750000 is 140625281250125008
Processor 9: sum of squares up to 750000*750000 is 140625281250125008
Processor 4: sum of squares up to 750000*750000 is 140625281250125008
Processor 14: sum of squares up to 750000*750000 is 140625281250125008
Processor 10: sum of squares up to 750000*750000 is 140625281250125008
Processor 13: sum of squares up to 750000*750000 is 140625281250125008
Processor 11: sum of squares up to 750000*750000 is 140625281250125008
Processor 15: sum of squares up to 750000*750000 is 140625281250125008
Processor 8: sum of squares up to 750000*750000 is 140625281250125008
Processor 2: sum of squares up to 750000*750000 is 140625281250125008
Sender: LSF System <hpcadmin@node16>
Subject: Job 10116: <./modproduct 16 850000> Done

Job <./modproduct 16 850000> was submitted from host <head1> by user <kmd14> in cluster <head1_cluster1>.
Job was executed on host(s) <16*node16>, in queue <medium_priority>, as user <kmd14> in cluster <head1_cluster1>.
</gpfs1/kmd14> was used as the home directory.
</gpfs1/kmd14/297M/Assignments/Assignment 1/BSP> was used as the working directory.
Started at Tue Feb 25 01:11:29 2014
Results reported at Tue Feb 25 01:11:32 2014

Your job looked like:

------------------------------------------------------------
# LSBATCH: User input
./modproduct 16 850000
------------------------------------------------------------

Successfully completed.

Resource usage summary:

    CPU time   :      0.12 sec.
    Max Memory :         1 MB
    Max Swap   :        30 MB

    Max Processes  :         1
    Max Threads    :         1

The output (if any) follows:

Processor 1: sum of squares up to 850000*850000 is 204708694583428064
Processor 8: sum of squares up to 850000*850000 is 204708694583428064
Processor 9: sum of squares up to 850000*850000 is 204708694583428064
Processor 7: sum of squares up to 850000*850000 is 204708694583428064
Processor 12: sum of squares up to 850000*850000 is 204708694583428064
Processor 10: sum of squares up to 850000*850000 is 204708694583428064
Processor 6: sum of squares up to 850000*850000 is 204708694583428064
Processor 13: sum of squares up to 850000*850000 is 204708694583428064
Processor 14: sum of squares up to 850000*850000 is 204708694583428064
Processor 5: sum of squares up to 850000*850000 is 204708694583428064
Processor 0: sum of squares up to 850000*850000 is 204708694583428064
This took only 0.001907 seconds.
Processor 4: sum of squares up to 850000*850000 is 204708694583428064
Processor 3: sum of squares up to 850000*850000 is 204708694583428064
Processor 15: sum of squares up to 850000*850000 is 204708694583428064
Processor 11: sum of squares up to 850000*850000 is 204708694583428064
Processor 2: sum of squares up to 850000*850000 is 204708694583428064
Sender: LSF System <hpcadmin@node03>
Subject: Job 10115: <./modproduct 16 800000> Done

Job <./modproduct 16 800000> was submitted from host <head1> by user <kmd14> in cluster <head1_cluster1>.
Job was executed on host(s) <16*node03>, in queue <medium_priority>, as user <kmd14> in cluster <head1_cluster1>.
</gpfs1/kmd14> was used as the home directory.
</gpfs1/kmd14/297M/Assignments/Assignment 1/BSP> was used as the working directory.
Started at Tue Feb 25 01:11:29 2014
Results reported at Tue Feb 25 01:11:32 2014

Your job looked like:

------------------------------------------------------------
# LSBATCH: User input
./modproduct 16 800000
------------------------------------------------------------

Successfully completed.

Resource usage summary:

    CPU time   :      0.12 sec.
    Max Memory :         1 MB
    Max Swap   :        30 MB

    Max Processes  :         1
    Max Threads    :         1

The output (if any) follows:

Processor 2: sum of squares up to 800000*800000 is 170666986666778080
Processor 8: sum of squares up to 800000*800000 is 170666986666778080
Processor 1: sum of squares up to 800000*800000 is 170666986666778080
Processor 5: sum of squares up to 800000*800000 is 170666986666778080
Processor 14: sum of squares up to 800000*800000 is 170666986666778080
Processor 6: sum of squares up to 800000*800000 is 170666986666778080
Processor 15: sum of squares up to 800000*800000 is 170666986666778080
Processor 13: sum of squares up to 800000*800000 is 170666986666778080
Processor 9: sum of squares up to 800000*800000 is 170666986666778080
Processor 11: sum of squares up to 800000*800000 is 170666986666778080
Processor 7: sum of squares up to 800000*800000 is 170666986666778080
Processor 3: sum of squares up to 800000*800000 is 170666986666778080
Processor 0: sum of squares up to 800000*800000 is 170666986666778080
This took only 0.001826 seconds.
Processor 10: sum of squares up to 800000*800000 is 170666986666778080
Processor 4: sum of squares up to 800000*800000 is 170666986666778080
Processor 12: sum of squares up to 800000*800000 is 170666986666778080
Sender: LSF System <hpcadmin@node13>
Subject: Job 10119: <./modproduct 16 1000000> Done

Job <./modproduct 16 1000000> was submitted from host <head1> by user <kmd14> in cluster <head1_cluster1>.
Job was executed on host(s) <16*node13>, in queue <medium_priority>, as user <kmd14> in cluster <head1_cluster1>.
</gpfs1/kmd14> was used as the home directory.
</gpfs1/kmd14/297M/Assignments/Assignment 1/BSP> was used as the working directory.
Started at Tue Feb 25 01:11:30 2014
Results reported at Tue Feb 25 01:11:33 2014

Your job looked like:

------------------------------------------------------------
# LSBATCH: User input
./modproduct 16 1000000
------------------------------------------------------------

Successfully completed.

Resource usage summary:

    CPU time   :      0.12 sec.
    Max Memory :         2 MB
    Max Swap   :        30 MB

    Max Processes  :         1
    Max Threads    :         1

The output (if any) follows:

Processor 12: sum of squares up to 1000000*1000000 is 333333833333378112
Processor 11: sum of squares up to 1000000*1000000 is 333333833333378112
Processor 2: sum of squares up to 1000000*1000000 is 333333833333378112
Processor 1: sum of squares up to 1000000*1000000 is 333333833333378112
Processor 10: sum of squares up to 1000000*1000000 is 333333833333378112
Processor 6: sum of squares up to 1000000*1000000 is 333333833333378112
Processor 5: sum of squares up to 1000000*1000000 is 333333833333378112
Processor 8: sum of squares up to 1000000*1000000 is 333333833333378112
Processor 4: sum of squares up to 1000000*1000000 is 333333833333378112
Processor 15: sum of squares up to 1000000*1000000 is 333333833333378112
Processor 9: sum of squares up to 1000000*1000000 is 333333833333378112
Processor 14: sum of squares up to 1000000*1000000 is 333333833333378112
Processor 7: sum of squares up to 1000000*1000000 is 333333833333378112
Processor 13: sum of squares up to 1000000*1000000 is 333333833333378112
Processor 3: sum of squares up to 1000000*1000000 is 333333833333378112
Processor 0: sum of squares up to 1000000*1000000 is 333333833333378112
This took only 0.002084 seconds.
Sender: LSF System <hpcadmin@node04>
Subject: Job 10118: <./modproduct 16 950000> Done

Job <./modproduct 16 950000> was submitted from host <head1> by user <kmd14> in cluster <head1_cluster1>.
Job was executed on host(s) <16*node04>, in queue <medium_priority>, as user <kmd14> in cluster <head1_cluster1>.
</gpfs1/kmd14> was used as the home directory.
</gpfs1/kmd14/297M/Assignments/Assignment 1/BSP> was used as the working directory.
Started at Tue Feb 25 01:11:30 2014
Results reported at Tue Feb 25 01:11:34 2014

Your job looked like:

------------------------------------------------------------
# LSBATCH: User input
./modproduct 16 950000
------------------------------------------------------------

Successfully completed.

Resource usage summary:

    CPU time   :      0.12 sec.
    Max Memory :         1 MB
    Max Swap   :        30 MB

    Max Processes  :         1
    Max Threads    :         1

The output (if any) follows:

Processor 5: sum of squares up to 950000*950000 is 285792117916728096
Processor 9: sum of squares up to 950000*950000 is 285792117916728096
Processor 6: sum of squares up to 950000*950000 is 285792117916728096
Processor 14: sum of squares up to 950000*950000 is 285792117916728096
Processor 2: sum of squares up to 950000*950000 is 285792117916728096
Processor 4: sum of squares up to 950000*950000 is 285792117916728096
Processor 7: sum of squares up to 950000*950000 is 285792117916728096
Processor 0: sum of squares up to 950000*950000 is 285792117916728096
This took only 0.001880 seconds.
Processor 10: sum of squares up to 950000*950000 is 285792117916728096
Processor 12: sum of squares up to 950000*950000 is 285792117916728096
Processor 8: sum of squares up to 950000*950000 is 285792117916728096
Processor 11: sum of squares up to 950000*950000 is 285792117916728096
Processor 13: sum of squares up to 950000*950000 is 285792117916728096
Processor 15: sum of squares up to 950000*950000 is 285792117916728096
Processor 3: sum of squares up to 950000*950000 is 285792117916728096
Processor 1: sum of squares up to 950000*950000 is 285792117916728096
Sender: LSF System <hpcadmin@node01>
Subject: Job 10117: <./modproduct 16 900000> Done

Job <./modproduct 16 900000> was submitted from host <head1> by user <kmd14> in cluster <head1_cluster1>.
Job was executed on host(s) <16*node01>, in queue <medium_priority>, as user <kmd14> in cluster <head1_cluster1>.
</gpfs1/kmd14> was used as the home directory.
</gpfs1/kmd14/297M/Assignments/Assignment 1/BSP> was used as the working directory.
Started at Tue Feb 25 01:11:30 2014
Results reported at Tue Feb 25 01:11:34 2014

Your job looked like:

------------------------------------------------------------
# LSBATCH: User input
./modproduct 16 900000
------------------------------------------------------------

Successfully completed.

Resource usage summary:

    CPU time   :      0.11 sec.
    Max Memory :         1 MB
    Max Swap   :        30 MB

    Max Processes  :         1
    Max Threads    :         1

The output (if any) follows:

Processor 7: sum of squares up to 900000*900000 is 243000405000078080
Processor 15: sum of squares up to 900000*900000 is 243000405000078080
Processor 1: sum of squares up to 900000*900000 is 243000405000078080
Processor 4: sum of squares up to 900000*900000 is 243000405000078080
Processor 2: sum of squares up to 900000*900000 is 243000405000078080
Processor 5: sum of squares up to 900000*900000 is 243000405000078080
Processor 3: sum of squares up to 900000*900000 is 243000405000078080
Processor 6: sum of squares up to 900000*900000 is 243000405000078080
Processor 0: sum of squares up to 900000*900000 is 243000405000078080
This took only 0.001885 seconds.
Processor 13: sum of squares up to 900000*900000 is 243000405000078080
Processor 9: sum of squares up to 900000*900000 is 243000405000078080
Processor 8: sum of squares up to 900000*900000 is 243000405000078080
Processor 11: sum of squares up to 900000*900000 is 243000405000078080
Processor 14: sum of squares up to 900000*900000 is 243000405000078080
Processor 12: sum of squares up to 900000*900000 is 243000405000078080
Processor 10: sum of squares up to 900000*900000 is 243000405000078080
