Sender: LSF System <hpcadmin@node01>
Subject: Job 9986: <./modproduct 8 500000> Done

Job <./modproduct 8 500000> was submitted from host <head1> by user <kmd14> in cluster <head1_cluster1>.
Job was executed on host(s) <8*node01>, in queue <medium_priority>, as user <kmd14> in cluster <head1_cluster1>.
</gpfs1/kmd14> was used as the home directory.
</gpfs1/kmd14/297M/Assignments/Assignment 1/BSP> was used as the working directory.
Started at Tue Feb 25 01:10:00 2014
Results reported at Tue Feb 25 01:10:00 2014

Your job looked like:

------------------------------------------------------------
# LSBATCH: User input
./modproduct 8 500000
------------------------------------------------------------

Successfully completed.

Resource usage summary:

    CPU time   :      0.05 sec.
    Max Memory :         1 MB
    Max Swap   :        30 MB

    Max Processes  :         1
    Max Threads    :         1

The output (if any) follows:

Processor 6: sum of squares up to 500000*500000 is 41666791666750000
Processor 5: sum of squares up to 500000*500000 is 41666791666750000
Processor 7: sum of squares up to 500000*500000 is 41666791666750000
Processor 0: sum of squares up to 500000*500000 is 41666791666750000
This took only 0.001524 seconds.
Processor 3: sum of squares up to 500000*500000 is 41666791666750000
Processor 1: sum of squares up to 500000*500000 is 41666791666750000
Processor 2: sum of squares up to 500000*500000 is 41666791666750000
Processor 4: sum of squares up to 500000*500000 is 41666791666750000
Sender: LSF System <hpcadmin@node16>
Subject: Job 10063: <./modproduct 8 100000> Done

Job <./modproduct 8 100000> was submitted from host <head1> by user <kmd14> in cluster <head1_cluster1>.
Job was executed on host(s) <8*node16>, in queue <medium_priority>, as user <kmd14> in cluster <head1_cluster1>.
</gpfs1/kmd14> was used as the home directory.
</gpfs1/kmd14/297M/Assignments/Assignment 1/BSP> was used as the working directory.
Started at Tue Feb 25 01:10:57 2014
Results reported at Tue Feb 25 01:10:59 2014

Your job looked like:

------------------------------------------------------------
# LSBATCH: User input
./modproduct 8 100000
------------------------------------------------------------

Successfully completed.

Resource usage summary:

    CPU time   :      0.29 sec.
    Max Memory :         1 MB
    Max Swap   :        30 MB

    Max Processes  :         1
    Max Threads    :         1

The output (if any) follows:

Processor 1: sum of squares up to 100000*100000 is 333338333350000
Processor 0: sum of squares up to 100000*100000 is 333338333350000
This took only 0.024017 seconds.
Processor 7: sum of squares up to 100000*100000 is 333338333350000
Processor 2: sum of squares up to 100000*100000 is 333338333350000
Processor 3: sum of squares up to 100000*100000 is 333338333350000
Processor 6: sum of squares up to 100000*100000 is 333338333350000
Processor 5: sum of squares up to 100000*100000 is 333338333350000
Processor 4: sum of squares up to 100000*100000 is 333338333350000
Sender: LSF System <hpcadmin@node16>
Subject: Job 10068: <./modproduct 8 350000> Done

Job <./modproduct 8 350000> was submitted from host <head1> by user <kmd14> in cluster <head1_cluster1>.
Job was executed on host(s) <8*node16>, in queue <medium_priority>, as user <kmd14> in cluster <head1_cluster1>.
</gpfs1/kmd14> was used as the home directory.
</gpfs1/kmd14/297M/Assignments/Assignment 1/BSP> was used as the working directory.
Started at Tue Feb 25 01:11:00 2014
Results reported at Tue Feb 25 01:11:02 2014

Your job looked like:

------------------------------------------------------------
# LSBATCH: User input
./modproduct 8 350000
------------------------------------------------------------

Successfully completed.

Resource usage summary:

    CPU time   :      0.06 sec.
    Max Memory :         1 MB
    Max Swap   :        30 MB

    Max Processes  :         1
    Max Threads    :         1

The output (if any) follows:

Processor 7: sum of squares up to 350000*350000 is 14291727916725000
Processor 3: sum of squares up to 350000*350000 is 14291727916725000
Processor 2: sum of squares up to 350000*350000 is 14291727916725000
Processor 6: sum of squares up to 350000*350000 is 14291727916725000
Processor 4: sum of squares up to 350000*350000 is 14291727916725000
Processor 0: sum of squares up to 350000*350000 is 14291727916725000
This took only 0.001145 seconds.
Processor 1: sum of squares up to 350000*350000 is 14291727916725000
Processor 5: sum of squares up to 350000*350000 is 14291727916725000
Sender: LSF System <hpcadmin@node16>
Subject: Job 10067: <./modproduct 8 300000> Done

Job <./modproduct 8 300000> was submitted from host <head1> by user <kmd14> in cluster <head1_cluster1>.
Job was executed on host(s) <8*node16>, in queue <medium_priority>, as user <kmd14> in cluster <head1_cluster1>.
</gpfs1/kmd14> was used as the home directory.
</gpfs1/kmd14/297M/Assignments/Assignment 1/BSP> was used as the working directory.
Started at Tue Feb 25 01:11:00 2014
Results reported at Tue Feb 25 01:11:02 2014

Your job looked like:

------------------------------------------------------------
# LSBATCH: User input
./modproduct 8 300000
------------------------------------------------------------

Successfully completed.

Resource usage summary:

    CPU time   :      0.12 sec.
    Max Memory :         1 MB
    Max Swap   :        30 MB

    Max Processes  :         1
    Max Threads    :         1

The output (if any) follows:

Processor 4: sum of squares up to 300000*300000 is 9000045000050000
Processor 2: sum of squares up to 300000*300000 is 9000045000050000
Processor 0: sum of squares up to 300000*300000 is 9000045000050000
This took only 0.009677 seconds.
Processor 3: sum of squares up to 300000*300000 is 9000045000050000
Processor 5: sum of squares up to 300000*300000 is 9000045000050000
Processor 6: sum of squares up to 300000*300000 is 9000045000050000
Processor 1: sum of squares up to 300000*300000 is 9000045000050000
Processor 7: sum of squares up to 300000*300000 is 9000045000050000
Sender: LSF System <hpcadmin@node16>
Subject: Job 10070: <./modproduct 8 450000> Done

Job <./modproduct 8 450000> was submitted from host <head1> by user <kmd14> in cluster <head1_cluster1>.
Job was executed on host(s) <8*node16>, in queue <medium_priority>, as user <kmd14> in cluster <head1_cluster1>.
</gpfs1/kmd14> was used as the home directory.
</gpfs1/kmd14/297M/Assignments/Assignment 1/BSP> was used as the working directory.
Started at Tue Feb 25 01:11:04 2014
Results reported at Tue Feb 25 01:11:05 2014

Your job looked like:

------------------------------------------------------------
# LSBATCH: User input
./modproduct 8 450000
------------------------------------------------------------

Successfully completed.

Resource usage summary:

    CPU time   :      0.48 sec.
    Max Memory :         1 MB
    Max Swap   :        30 MB

    Max Processes  :         1
    Max Threads    :         1

The output (if any) follows:

Processor 2: sum of squares up to 450000*450000 is 30375101250075000
Processor 4: sum of squares up to 450000*450000 is 30375101250075000
Processor 1: sum of squares up to 450000*450000 is 30375101250075000
Processor 6: sum of squares up to 450000*450000 is 30375101250075000
Processor 5: sum of squares up to 450000*450000 is 30375101250075000
Processor 7: sum of squares up to 450000*450000 is 30375101250075000
Processor 3: sum of squares up to 450000*450000 is 30375101250075000
Processor 0: sum of squares up to 450000*450000 is 30375101250075000
This took only 0.098597 seconds.
Sender: LSF System <hpcadmin@node16>
Subject: Job 10071: <./modproduct 8 500000> Done

Job <./modproduct 8 500000> was submitted from host <head1> by user <kmd14> in cluster <head1_cluster1>.
Job was executed on host(s) <8*node16>, in queue <medium_priority>, as user <kmd14> in cluster <head1_cluster1>.
</gpfs1/kmd14> was used as the home directory.
</gpfs1/kmd14/297M/Assignments/Assignment 1/BSP> was used as the working directory.
Started at Tue Feb 25 01:11:04 2014
Results reported at Tue Feb 25 01:11:05 2014

Your job looked like:

------------------------------------------------------------
# LSBATCH: User input
./modproduct 8 500000
------------------------------------------------------------

Successfully completed.

Resource usage summary:

    CPU time   :      0.45 sec.
    Max Memory :         1 MB
    Max Swap   :        30 MB

    Max Processes  :         1
    Max Threads    :         1

The output (if any) follows:

Processor 0: sum of squares up to 500000*500000 is 41666791666750000
This took only 0.080078 seconds.
Processor 3: sum of squares up to 500000*500000 is 41666791666750000
Processor 2: sum of squares up to 500000*500000 is 41666791666750000
Processor 5: sum of squares up to 500000*500000 is 41666791666750000
Processor 1: sum of squares up to 500000*500000 is 41666791666750000
Processor 7: sum of squares up to 500000*500000 is 41666791666750000
Processor 6: sum of squares up to 500000*500000 is 41666791666750000
Processor 4: sum of squares up to 500000*500000 is 41666791666750000
Sender: LSF System <hpcadmin@node06>
Subject: Job 10064: <./modproduct 8 150000> Done

Job <./modproduct 8 150000> was submitted from host <head1> by user <kmd14> in cluster <head1_cluster1>.
Job was executed on host(s) <8*node06>, in queue <medium_priority>, as user <kmd14> in cluster <head1_cluster1>.
</gpfs1/kmd14> was used as the home directory.
</gpfs1/kmd14/297M/Assignments/Assignment 1/BSP> was used as the working directory.
Started at Tue Feb 25 01:10:58 2014
Results reported at Tue Feb 25 01:11:07 2014

Your job looked like:

------------------------------------------------------------
# LSBATCH: User input
./modproduct 8 150000
------------------------------------------------------------

Successfully completed.

Resource usage summary:

    CPU time   :      0.03 sec.
    Max Memory :         1 MB
    Max Swap   :        30 MB

    Max Processes  :         1
    Max Threads    :         1

The output (if any) follows:

Processor 4: sum of squares up to 150000*150000 is 1125011250025000
Processor 0: sum of squares up to 150000*150000 is 1125011250025000
This took only 0.000620 seconds.
Processor 1: sum of squares up to 150000*150000 is 1125011250025000
Processor 3: sum of squares up to 150000*150000 is 1125011250025000
Processor 7: sum of squares up to 150000*150000 is 1125011250025000
Processor 2: sum of squares up to 150000*150000 is 1125011250025000
Processor 5: sum of squares up to 150000*150000 is 1125011250025000
Processor 6: sum of squares up to 150000*150000 is 1125011250025000
Sender: LSF System <hpcadmin@node06>
Subject: Job 10065: <./modproduct 8 200000> Done

Job <./modproduct 8 200000> was submitted from host <head1> by user <kmd14> in cluster <head1_cluster1>.
Job was executed on host(s) <8*node06>, in queue <medium_priority>, as user <kmd14> in cluster <head1_cluster1>.
</gpfs1/kmd14> was used as the home directory.
</gpfs1/kmd14/297M/Assignments/Assignment 1/BSP> was used as the working directory.
Started at Tue Feb 25 01:11:01 2014
Results reported at Tue Feb 25 01:11:07 2014

Your job looked like:

------------------------------------------------------------
# LSBATCH: User input
./modproduct 8 200000
------------------------------------------------------------

Successfully completed.

Resource usage summary:

    CPU time   :      0.03 sec.
    Max Memory :         1 MB
    Max Swap   :        30 MB

    Max Processes  :         1
    Max Threads    :         1

The output (if any) follows:

Processor 4: sum of squares up to 200000*200000 is 2666686666700000
Processor 1: sum of squares up to 200000*200000 is 2666686666700000
Processor 3: sum of squares up to 200000*200000 is 2666686666700000
Processor 0: sum of squares up to 200000*200000 is 2666686666700000
This took only 0.000759 seconds.
Processor 7: sum of squares up to 200000*200000 is 2666686666700000
Processor 2: sum of squares up to 200000*200000 is 2666686666700000
Processor 6: sum of squares up to 200000*200000 is 2666686666700000
Processor 5: sum of squares up to 200000*200000 is 2666686666700000
Sender: LSF System <hpcadmin@node16>
Subject: Job 10075: <./modproduct 8 700000> Done

Job <./modproduct 8 700000> was submitted from host <head1> by user <kmd14> in cluster <head1_cluster1>.
Job was executed on host(s) <8*node16>, in queue <medium_priority>, as user <kmd14> in cluster <head1_cluster1>.
</gpfs1/kmd14> was used as the home directory.
</gpfs1/kmd14/297M/Assignments/Assignment 1/BSP> was used as the working directory.
Started at Tue Feb 25 01:11:06 2014
Results reported at Tue Feb 25 01:11:08 2014

Your job looked like:

------------------------------------------------------------
# LSBATCH: User input
./modproduct 8 700000
------------------------------------------------------------

Successfully completed.

Resource usage summary:

    CPU time   :      0.20 sec.
    Max Memory :         1 MB
    Max Swap   :        30 MB

    Max Processes  :         1
    Max Threads    :         1

The output (if any) follows:

Processor 0: sum of squares up to 700000*700000 is 114333578333400080
This took only 0.015956 seconds.
Processor 7: sum of squares up to 700000*700000 is 114333578333400080
Processor 1: sum of squares up to 700000*700000 is 114333578333400080
Processor 6: sum of squares up to 700000*700000 is 114333578333400080
Processor 5: sum of squares up to 700000*700000 is 114333578333400080
Processor 3: sum of squares up to 700000*700000 is 114333578333400080
Processor 4: sum of squares up to 700000*700000 is 114333578333400080
Processor 2: sum of squares up to 700000*700000 is 114333578333400080
Sender: LSF System <hpcadmin@node16>
Subject: Job 10074: <./modproduct 8 650000> Done

Job <./modproduct 8 650000> was submitted from host <head1> by user <kmd14> in cluster <head1_cluster1>.
Job was executed on host(s) <8*node16>, in queue <medium_priority>, as user <kmd14> in cluster <head1_cluster1>.
</gpfs1/kmd14> was used as the home directory.
</gpfs1/kmd14/297M/Assignments/Assignment 1/BSP> was used as the working directory.
Started at Tue Feb 25 01:11:06 2014
Results reported at Tue Feb 25 01:11:08 2014

Your job looked like:

------------------------------------------------------------
# LSBATCH: User input
./modproduct 8 650000
------------------------------------------------------------

Successfully completed.

Resource usage summary:

    CPU time   :      0.21 sec.
    Max Memory :         1 MB
    Max Swap   :        30 MB

    Max Processes  :         1
    Max Threads    :         1

The output (if any) follows:

Processor 3: sum of squares up to 650000*650000 is 91541877916750080
Processor 0: sum of squares up to 650000*650000 is 91541877916750080
This took only 0.032715 seconds.
Processor 5: sum of squares up to 650000*650000 is 91541877916750080
Processor 4: sum of squares up to 650000*650000 is 91541877916750080
Processor 1: sum of squares up to 650000*650000 is 91541877916750080
Processor 2: sum of squares up to 650000*650000 is 91541877916750080
Processor 6: sum of squares up to 650000*650000 is 91541877916750080
Processor 7: sum of squares up to 650000*650000 is 91541877916750080
Sender: LSF System <hpcadmin@node01>
Subject: Job 10073: <./modproduct 8 600000> Done

Job <./modproduct 8 600000> was submitted from host <head1> by user <kmd14> in cluster <head1_cluster1>.
Job was executed on host(s) <8*node01>, in queue <medium_priority>, as user <kmd14> in cluster <head1_cluster1>.
</gpfs1/kmd14> was used as the home directory.
</gpfs1/kmd14/297M/Assignments/Assignment 1/BSP> was used as the working directory.
Started at Tue Feb 25 01:11:06 2014
Results reported at Tue Feb 25 01:11:08 2014

Your job looked like:

------------------------------------------------------------
# LSBATCH: User input
./modproduct 8 600000
------------------------------------------------------------

Successfully completed.

Resource usage summary:

    CPU time   :      0.53 sec.
    Max Memory :         1 MB
    Max Swap   :        30 MB

    Max Processes  :         1
    Max Threads    :         1

The output (if any) follows:

Processor 3: sum of squares up to 600000*600000 is 72000180000100000
Processor 2: sum of squares up to 600000*600000 is 72000180000100000
Processor 6: sum of squares up to 600000*600000 is 72000180000100000
Processor 7: sum of squares up to 600000*600000 is 72000180000100000
Processor 0: sum of squares up to 600000*600000 is 72000180000100000
This took only 0.090072 seconds.
Processor 4: sum of squares up to 600000*600000 is 72000180000100000
Processor 1: sum of squares up to 600000*600000 is 72000180000100000
Processor 5: sum of squares up to 600000*600000 is 72000180000100000
Sender: LSF System <hpcadmin@node01>
Subject: Job 10072: <./modproduct 8 550000> Done

Job <./modproduct 8 550000> was submitted from host <head1> by user <kmd14> in cluster <head1_cluster1>.
Job was executed on host(s) <8*node01>, in queue <medium_priority>, as user <kmd14> in cluster <head1_cluster1>.
</gpfs1/kmd14> was used as the home directory.
</gpfs1/kmd14/297M/Assignments/Assignment 1/BSP> was used as the working directory.
Started at Tue Feb 25 01:11:06 2014
Results reported at Tue Feb 25 01:11:08 2014

Your job looked like:

------------------------------------------------------------
# LSBATCH: User input
./modproduct 8 550000
------------------------------------------------------------

Successfully completed.

Resource usage summary:

    CPU time   :      0.52 sec.
    Max Memory :         1 MB
    Max Swap   :        30 MB

    Max Processes  :         1
    Max Threads    :         1

The output (if any) follows:

Processor 0: sum of squares up to 550000*550000 is 55458484583425000
This took only 0.094873 seconds.
Processor 6: sum of squares up to 550000*550000 is 55458484583425000
Processor 4: sum of squares up to 550000*550000 is 55458484583425000
Processor 7: sum of squares up to 550000*550000 is 55458484583425000
Processor 5: sum of squares up to 550000*550000 is 55458484583425000
Processor 3: sum of squares up to 550000*550000 is 55458484583425000
Processor 2: sum of squares up to 550000*550000 is 55458484583425000
Processor 1: sum of squares up to 550000*550000 is 55458484583425000
Sender: LSF System <hpcadmin@node01>
Subject: Job 10079: <./modproduct 8 900000> Done

Job <./modproduct 8 900000> was submitted from host <head1> by user <kmd14> in cluster <head1_cluster1>.
Job was executed on host(s) <8*node01>, in queue <medium_priority>, as user <kmd14> in cluster <head1_cluster1>.
</gpfs1/kmd14> was used as the home directory.
</gpfs1/kmd14/297M/Assignments/Assignment 1/BSP> was used as the working directory.
Started at Tue Feb 25 01:11:09 2014
Results reported at Tue Feb 25 01:11:11 2014

Your job looked like:

------------------------------------------------------------
# LSBATCH: User input
./modproduct 8 900000
------------------------------------------------------------

Successfully completed.

Resource usage summary:

    CPU time   :      0.05 sec.

The output (if any) follows:

Processor 6: sum of squares up to 900000*900000 is 243000405000000096
Processor 0: sum of squares up to 900000*900000 is 243000405000000096
This took only 0.001446 seconds.
Processor 4: sum of squares up to 900000*900000 is 243000405000000096
Processor 7: sum of squares up to 900000*900000 is 243000405000000096
Processor 3: sum of squares up to 900000*900000 is 243000405000000096
Processor 1: sum of squares up to 900000*900000 is 243000405000000096
Processor 2: sum of squares up to 900000*900000 is 243000405000000096
Processor 5: sum of squares up to 900000*900000 is 243000405000000096
Sender: LSF System <hpcadmin@node16>
Subject: Job 10081: <./modproduct 8 1000000> Done

Job <./modproduct 8 1000000> was submitted from host <head1> by user <kmd14> in cluster <head1_cluster1>.
Job was executed on host(s) <8*node16>, in queue <medium_priority>, as user <kmd14> in cluster <head1_cluster1>.
</gpfs1/kmd14> was used as the home directory.
</gpfs1/kmd14/297M/Assignments/Assignment 1/BSP> was used as the working directory.
Started at Tue Feb 25 01:11:09 2014
Results reported at Tue Feb 25 01:11:11 2014

Your job looked like:

------------------------------------------------------------
# LSBATCH: User input
./modproduct 8 1000000
------------------------------------------------------------

Successfully completed.

Resource usage summary:

    CPU time   :      0.07 sec.
    Max Memory :         1 MB
    Max Swap   :        30 MB

    Max Processes  :         1
    Max Threads    :         1

The output (if any) follows:

Processor 7: sum of squares up to 1000000*1000000 is 333333833333252800
Processor 2: sum of squares up to 1000000*1000000 is 333333833333252800
Processor 0: sum of squares up to 1000000*1000000 is 333333833333252800
This took only 0.002781 seconds.
Processor 1: sum of squares up to 1000000*1000000 is 333333833333252800
Processor 5: sum of squares up to 1000000*1000000 is 333333833333252800
Processor 4: sum of squares up to 1000000*1000000 is 333333833333252800
Processor 6: sum of squares up to 1000000*1000000 is 333333833333252800
Processor 3: sum of squares up to 1000000*1000000 is 333333833333252800
Sender: LSF System <hpcadmin@node13>
Subject: Job 10066: <./modproduct 8 250000> Done

Job <./modproduct 8 250000> was submitted from host <head1> by user <kmd14> in cluster <head1_cluster1>.
Job was executed on host(s) <8*node13>, in queue <medium_priority>, as user <kmd14> in cluster <head1_cluster1>.
</gpfs1/kmd14> was used as the home directory.
</gpfs1/kmd14/297M/Assignments/Assignment 1/BSP> was used as the working directory.
Started at Tue Feb 25 01:11:02 2014
Results reported at Tue Feb 25 01:11:11 2014

Your job looked like:

------------------------------------------------------------
# LSBATCH: User input
./modproduct 8 250000
------------------------------------------------------------

Successfully completed.

Resource usage summary:

    CPU time   :      0.04 sec.
    Max Memory :         2 MB
    Max Swap   :        30 MB

    Max Processes  :         1
    Max Threads    :         1

The output (if any) follows:

Processor 6: sum of squares up to 250000*250000 is 5208364583375000
Processor 1: sum of squares up to 250000*250000 is 5208364583375000
Processor 7: sum of squares up to 250000*250000 is 5208364583375000
Processor 2: sum of squares up to 250000*250000 is 5208364583375000
Processor 4: sum of squares up to 250000*250000 is 5208364583375000
Processor 3: sum of squares up to 250000*250000 is 5208364583375000
Processor 5: sum of squares up to 250000*250000 is 5208364583375000
Processor 0: sum of squares up to 250000*250000 is 5208364583375000
This took only 0.000947 seconds.
Sender: LSF System <hpcadmin@node13>
Subject: Job 10069: <./modproduct 8 400000> Done

Job <./modproduct 8 400000> was submitted from host <head1> by user <kmd14> in cluster <head1_cluster1>.
Job was executed on host(s) <8*node13>, in queue <medium_priority>, as user <kmd14> in cluster <head1_cluster1>.
</gpfs1/kmd14> was used as the home directory.
</gpfs1/kmd14/297M/Assignments/Assignment 1/BSP> was used as the working directory.
Started at Tue Feb 25 01:11:05 2014
Results reported at Tue Feb 25 01:11:11 2014

Your job looked like:

------------------------------------------------------------
# LSBATCH: User input
./modproduct 8 400000
------------------------------------------------------------

Successfully completed.

Resource usage summary:

    CPU time   :      0.05 sec.
    Max Memory :         2 MB
    Max Swap   :        30 MB

    Max Processes  :         1
    Max Threads    :         1

The output (if any) follows:

Processor 3: sum of squares up to 400000*400000 is 21333413333400000
Processor 6: sum of squares up to 400000*400000 is 21333413333400000
Processor 1: sum of squares up to 400000*400000 is 21333413333400000
Processor 4: sum of squares up to 400000*400000 is 21333413333400000
Processor 7: sum of squares up to 400000*400000 is 21333413333400000
Processor 5: sum of squares up to 400000*400000 is 21333413333400000
Processor 2: sum of squares up to 400000*400000 is 21333413333400000
Processor 0: sum of squares up to 400000*400000 is 21333413333400000
This took only 0.001399 seconds.
Sender: LSF System <hpcadmin@node04>
Subject: Job 10080: <./modproduct 8 950000> Done

Job <./modproduct 8 950000> was submitted from host <head1> by user <kmd14> in cluster <head1_cluster1>.
Job was executed on host(s) <8*node04>, in queue <medium_priority>, as user <kmd14> in cluster <head1_cluster1>.
</gpfs1/kmd14> was used as the home directory.
</gpfs1/kmd14/297M/Assignments/Assignment 1/BSP> was used as the working directory.
Started at Tue Feb 25 01:11:09 2014
Results reported at Tue Feb 25 01:11:12 2014

Your job looked like:

------------------------------------------------------------
# LSBATCH: User input
./modproduct 8 950000
------------------------------------------------------------

Successfully completed.

Resource usage summary:

    CPU time   :      0.05 sec.
    Max Memory :         1 MB
    Max Swap   :        30 MB

    Max Processes  :         1
    Max Threads    :         1

The output (if any) follows:

Processor 2: sum of squares up to 950000*950000 is 285792117916650080
Processor 4: sum of squares up to 950000*950000 is 285792117916650080
Processor 7: sum of squares up to 950000*950000 is 285792117916650080
Processor 6: sum of squares up to 950000*950000 is 285792117916650080
Processor 5: sum of squares up to 950000*950000 is 285792117916650080
Processor 1: sum of squares up to 950000*950000 is 285792117916650080
Processor 3: sum of squares up to 950000*950000 is 285792117916650080
Processor 0: sum of squares up to 950000*950000 is 285792117916650080
This took only 0.001431 seconds.
Sender: LSF System <hpcadmin@node06>
Subject: Job 10076: <./modproduct 8 750000> Done

Job <./modproduct 8 750000> was submitted from host <head1> by user <kmd14> in cluster <head1_cluster1>.
Job was executed on host(s) <8*node06>, in queue <medium_priority>, as user <kmd14> in cluster <head1_cluster1>.
</gpfs1/kmd14> was used as the home directory.
</gpfs1/kmd14/297M/Assignments/Assignment 1/BSP> was used as the working directory.
Started at Tue Feb 25 01:11:07 2014
Results reported at Tue Feb 25 01:11:16 2014

Your job looked like:

------------------------------------------------------------
# LSBATCH: User input
./modproduct 8 750000
------------------------------------------------------------

Successfully completed.

Resource usage summary:

    CPU time   :      0.05 sec.
    Max Memory :         1 MB
    Max Swap   :        30 MB

    Max Processes  :         1
    Max Threads    :         1

The output (if any) follows:

Processor 4: sum of squares up to 750000*750000 is 140625281250050080
Processor 5: sum of squares up to 750000*750000 is 140625281250050080
Processor 1: sum of squares up to 750000*750000 is 140625281250050080
Processor 3: sum of squares up to 750000*750000 is 140625281250050080
Processor 2: sum of squares up to 750000*750000 is 140625281250050080
Processor 0: sum of squares up to 750000*750000 is 140625281250050080
This took only 0.001845 seconds.
Processor 6: sum of squares up to 750000*750000 is 140625281250050080
Processor 7: sum of squares up to 750000*750000 is 140625281250050080
Sender: LSF System <hpcadmin@node06>
Subject: Job 10077: <./modproduct 8 800000> Done

Job <./modproduct 8 800000> was submitted from host <head1> by user <kmd14> in cluster <head1_cluster1>.
Job was executed on host(s) <8*node06>, in queue <medium_priority>, as user <kmd14> in cluster <head1_cluster1>.
</gpfs1/kmd14> was used as the home directory.
</gpfs1/kmd14/297M/Assignments/Assignment 1/BSP> was used as the working directory.
Started at Tue Feb 25 01:11:10 2014
Results reported at Tue Feb 25 01:11:16 2014

Your job looked like:

------------------------------------------------------------
# LSBATCH: User input
./modproduct 8 800000
------------------------------------------------------------

Successfully completed.

Resource usage summary:

    CPU time   :      0.06 sec.
    Max Memory :         1 MB
    Max Swap   :        30 MB

    Max Processes  :         1
    Max Threads    :         1

The output (if any) follows:

Processor 1: sum of squares up to 800000*800000 is 170666986666700096
Processor 5: sum of squares up to 800000*800000 is 170666986666700096
Processor 7: sum of squares up to 800000*800000 is 170666986666700096
Processor 6: sum of squares up to 800000*800000 is 170666986666700096
Processor 4: sum of squares up to 800000*800000 is 170666986666700096
Processor 2: sum of squares up to 800000*800000 is 170666986666700096
Processor 3: sum of squares up to 800000*800000 is 170666986666700096
Processor 0: sum of squares up to 800000*800000 is 170666986666700096
This took only 0.002395 seconds.
Sender: LSF System <hpcadmin@node01>
Subject: Job 10078: <./modproduct 8 850000> Done

Job <./modproduct 8 850000> was submitted from host <head1> by user <kmd14> in cluster <head1_cluster1>.
Job was executed on host(s) <8*node01>, in queue <medium_priority>, as user <kmd14> in cluster <head1_cluster1>.
</gpfs1/kmd14> was used as the home directory.
</gpfs1/kmd14/297M/Assignments/Assignment 1/BSP> was used as the working directory.
Started at Tue Feb 25 01:11:09 2014
Results reported at Tue Feb 25 01:11:21 2014

Your job looked like:

------------------------------------------------------------
# LSBATCH: User input
./modproduct 8 850000
------------------------------------------------------------

Successfully completed.

Resource usage summary:

    CPU time   :      0.06 sec.
    Max Memory :         1 MB
    Max Swap   :        30 MB

    Max Processes  :         1
    Max Threads    :         1

The output (if any) follows:

Processor 6: sum of squares up to 850000*850000 is 204708694583350080
Processor 5: sum of squares up to 850000*850000 is 204708694583350080
Processor 7: sum of squares up to 850000*850000 is 204708694583350080
Processor 2: sum of squares up to 850000*850000 is 204708694583350080
Processor 4: sum of squares up to 850000*850000 is 204708694583350080
Processor 3: sum of squares up to 850000*850000 is 204708694583350080
Processor 1: sum of squares up to 850000*850000 is 204708694583350080
Processor 0: sum of squares up to 850000*850000 is 204708694583350080
This took only 0.002329 seconds.
