Sender: LSF System <hpcadmin@node15>
Subject: Job 16510: </gpfs1/openmpi/bin/mpirun ./hybrid 2 10000> Done

Job </gpfs1/openmpi/bin/mpirun ./hybrid 2 10000> was submitted from host <head1> by user <kmd14> in cluster <head1_cluster1>.
Job was executed on host(s) <1*node15>, in queue <medium_priority>, as user <kmd14> in cluster <head1_cluster1>.
                            <1*node14>
</gpfs1/kmd14> was used as the home directory.
</gpfs1/kmd14/297M/Assignments/ExtraGrades/mergesort> was used as the working directory.
Started at Wed Apr 16 02:38:01 2014
Results reported at Wed Apr 16 02:38:02 2014

Your job looked like:

------------------------------------------------------------
# LSBATCH: User input
/gpfs1/openmpi/bin/mpirun ./hybrid 2 10000
------------------------------------------------------------

Successfully completed.

Resource usage summary:

    CPU time   :      0.42 sec.
    Max Memory :         1 MB
    Max Swap   :        30 MB

    Max Processes  :         1
    Max Threads    :         1

The output (if any) follows:

--------------------------------------------------------------------------
WARNING: It appears that your OpenFabrics subsystem is configured to only
allow registering part of your physical memory.  This can cause MPI jobs to
run with erratic performance, hang, and/or crash.

This may be caused by your OpenFabrics vendor limiting the amount of
physical memory that can be registered.  You should investigate the
relevant Linux kernel module parameters that control how much physical
memory can be registered, and increase them to allow registering all
physical memory on your machine.

See this Open MPI FAQ item for more information on these Linux kernel module
parameters:

    http://www.open-mpi.org/faq/?category=openfabrics#ib-locked-pages

  Local host:              node15
  Registerable memory:     32768 MiB
  Total memory:            65508 MiB

Your MPI job will continue, but may be behave poorly and/or hang.
--------------------------------------------------------------------------
[Threads] Nodes: 2 Threads/Node: 2
[Realtime]	 0.086494
[Clocktime]	 0.080000
[node15:28192] 1 more process has sent help message help-mpi-btl-openib.txt / reg mem limit low
[node15:28192] Set MCA parameter "orte_base_help_aggregate" to 0 to see all help / error messages
Sender: LSF System <hpcadmin@node14>
Subject: Job 16511: </gpfs1/openmpi/bin/mpirun ./hybrid 2 1000000> Done

Job </gpfs1/openmpi/bin/mpirun ./hybrid 2 1000000> was submitted from host <head1> by user <kmd14> in cluster <head1_cluster1>.
Job was executed on host(s) <1*node14>, in queue <medium_priority>, as user <kmd14> in cluster <head1_cluster1>.
                            <1*node13>
</gpfs1/kmd14> was used as the home directory.
</gpfs1/kmd14/297M/Assignments/ExtraGrades/mergesort> was used as the working directory.
Started at Wed Apr 16 02:38:01 2014
Results reported at Wed Apr 16 02:38:04 2014

Your job looked like:

------------------------------------------------------------
# LSBATCH: User input
/gpfs1/openmpi/bin/mpirun ./hybrid 2 1000000
------------------------------------------------------------

Successfully completed.

Resource usage summary:

    CPU time   :      1.39 sec.
    Max Memory :         1 MB
    Max Swap   :        30 MB

    Max Processes  :         1
    Max Threads    :         1

The output (if any) follows:

--------------------------------------------------------------------------
WARNING: It appears that your OpenFabrics subsystem is configured to only
allow registering part of your physical memory.  This can cause MPI jobs to
run with erratic performance, hang, and/or crash.

This may be caused by your OpenFabrics vendor limiting the amount of
physical memory that can be registered.  You should investigate the
relevant Linux kernel module parameters that control how much physical
memory can be registered, and increase them to allow registering all
physical memory on your machine.

See this Open MPI FAQ item for more information on these Linux kernel module
parameters:

    http://www.open-mpi.org/faq/?category=openfabrics#ib-locked-pages

  Local host:              node14
  Registerable memory:     32768 MiB
  Total memory:            65508 MiB

Your MPI job will continue, but may be behave poorly and/or hang.
--------------------------------------------------------------------------
[Threads] Nodes: 2 Threads/Node: 2
[Realtime]	 0.392806
[Clocktime]	 0.640000
[node14:30782] 1 more process has sent help message help-mpi-btl-openib.txt / reg mem limit low
[node14:30782] Set MCA parameter "orte_base_help_aggregate" to 0 to see all help / error messages
Sender: LSF System <hpcadmin@node15>
Subject: Job 16512: </gpfs1/openmpi/bin/mpirun ./hybrid 2 100000000> Done

Job </gpfs1/openmpi/bin/mpirun ./hybrid 2 100000000> was submitted from host <head1> by user <kmd14> in cluster <head1_cluster1>.
Job was executed on host(s) <1*node15>, in queue <medium_priority>, as user <kmd14> in cluster <head1_cluster1>.
                            <1*node03>
</gpfs1/kmd14> was used as the home directory.
</gpfs1/kmd14/297M/Assignments/ExtraGrades/mergesort> was used as the working directory.
Started at Wed Apr 16 02:38:03 2014
Results reported at Wed Apr 16 02:38:57 2014

Your job looked like:

------------------------------------------------------------
# LSBATCH: User input
/gpfs1/openmpi/bin/mpirun ./hybrid 2 100000000
------------------------------------------------------------

Successfully completed.

Resource usage summary:

    CPU time   :    105.35 sec.
    Max Memory :         1 MB
    Max Swap   :        30 MB

    Max Processes  :         1
    Max Threads    :         1

The output (if any) follows:

--------------------------------------------------------------------------
WARNING: It appears that your OpenFabrics subsystem is configured to only
allow registering part of your physical memory.  This can cause MPI jobs to
run with erratic performance, hang, and/or crash.

This may be caused by your OpenFabrics vendor limiting the amount of
physical memory that can be registered.  You should investigate the
relevant Linux kernel module parameters that control how much physical
memory can be registered, and increase them to allow registering all
physical memory on your machine.

See this Open MPI FAQ item for more information on these Linux kernel module
parameters:

    http://www.open-mpi.org/faq/?category=openfabrics#ib-locked-pages

  Local host:              node15
  Registerable memory:     32768 MiB
  Total memory:            65508 MiB

Your MPI job will continue, but may be behave poorly and/or hang.
--------------------------------------------------------------------------
[Threads] Nodes: 2 Threads/Node: 2
[node15:28209] 1 more process has sent help message help-mpi-btl-openib.txt / reg mem limit low
[node15:28209] Set MCA parameter "orte_base_help_aggregate" to 0 to see all help / error messages
[Realtime]	 40.628272
[Clocktime]	 56.970000
Sender: LSF System <hpcadmin@node15>
Subject: Job 16513: </gpfs1/openmpi/bin/mpirun ./hybrid 2 200000000> Done

Job </gpfs1/openmpi/bin/mpirun ./hybrid 2 200000000> was submitted from host <head1> by user <kmd14> in cluster <head1_cluster1>.
Job was executed on host(s) <1*node15>, in queue <medium_priority>, as user <kmd14> in cluster <head1_cluster1>.
                            <1*node14>
</gpfs1/kmd14> was used as the home directory.
</gpfs1/kmd14/297M/Assignments/ExtraGrades/mergesort> was used as the working directory.
Started at Wed Apr 16 02:38:03 2014
Results reported at Wed Apr 16 02:39:27 2014

Your job looked like:

------------------------------------------------------------
# LSBATCH: User input
/gpfs1/openmpi/bin/mpirun ./hybrid 2 200000000
------------------------------------------------------------

Successfully completed.

Resource usage summary:

    CPU time   :    208.31 sec.
    Max Memory :       586 MB
    Max Swap   :       932 MB

    Max Processes  :         2
    Max Threads    :         5

The output (if any) follows:

--------------------------------------------------------------------------
WARNING: It appears that your OpenFabrics subsystem is configured to only
allow registering part of your physical memory.  This can cause MPI jobs to
run with erratic performance, hang, and/or crash.

This may be caused by your OpenFabrics vendor limiting the amount of
physical memory that can be registered.  You should investigate the
relevant Linux kernel module parameters that control how much physical
memory can be registered, and increase them to allow registering all
physical memory on your machine.

See this Open MPI FAQ item for more information on these Linux kernel module
parameters:

    http://www.open-mpi.org/faq/?category=openfabrics#ib-locked-pages

  Local host:              node15
  Registerable memory:     32768 MiB
  Total memory:            65508 MiB

Your MPI job will continue, but may be behave poorly and/or hang.
--------------------------------------------------------------------------
[Threads] Nodes: 2 Threads/Node: 2
[node15:28210] 1 more process has sent help message help-mpi-btl-openib.txt / reg mem limit low
[node15:28210] Set MCA parameter "orte_base_help_aggregate" to 0 to see all help / error messages
[Realtime]	 75.990910
[Clocktime]	 105.310000
Sender: LSF System <hpcadmin@node14>
Subject: Job 16514: </gpfs1/openmpi/bin/mpirun ./hybrid 2 400000000> Done

Job </gpfs1/openmpi/bin/mpirun ./hybrid 2 400000000> was submitted from host <head1> by user <kmd14> in cluster <head1_cluster1>.
Job was executed on host(s) <1*node14>, in queue <medium_priority>, as user <kmd14> in cluster <head1_cluster1>.
                            <1*node13>
</gpfs1/kmd14> was used as the home directory.
</gpfs1/kmd14/297M/Assignments/ExtraGrades/mergesort> was used as the working directory.
Started at Wed Apr 16 02:38:04 2014
Results reported at Wed Apr 16 02:41:04 2014

Your job looked like:

------------------------------------------------------------
# LSBATCH: User input
/gpfs1/openmpi/bin/mpirun ./hybrid 2 400000000
------------------------------------------------------------

Successfully completed.

Resource usage summary:

    CPU time   :    433.50 sec.
    Max Memory :       823 MB
    Max Swap   :      1694 MB

    Max Processes  :         2
    Max Threads    :         5

The output (if any) follows:

--------------------------------------------------------------------------
WARNING: It appears that your OpenFabrics subsystem is configured to only
allow registering part of your physical memory.  This can cause MPI jobs to
run with erratic performance, hang, and/or crash.

This may be caused by your OpenFabrics vendor limiting the amount of
physical memory that can be registered.  You should investigate the
relevant Linux kernel module parameters that control how much physical
memory can be registered, and increase them to allow registering all
physical memory on your machine.

See this Open MPI FAQ item for more information on these Linux kernel module
parameters:

    http://www.open-mpi.org/faq/?category=openfabrics#ib-locked-pages

  Local host:              node14
  Registerable memory:     32768 MiB
  Total memory:            65508 MiB

Your MPI job will continue, but may be behave poorly and/or hang.
--------------------------------------------------------------------------
[node14:30803] 1 more process has sent help message help-mpi-btl-openib.txt / reg mem limit low
[node14:30803] Set MCA parameter "orte_base_help_aggregate" to 0 to see all help / error messages
[Threads] Nodes: 2 Threads/Node: 2
[Realtime]	 167.730079
[Clocktime]	 210.100000
Sender: LSF System <hpcadmin@node10>
Subject: Job 16515: </gpfs1/openmpi/bin/mpirun ./hybrid 2 500000000> Done

Job </gpfs1/openmpi/bin/mpirun ./hybrid 2 500000000> was submitted from host <head1> by user <kmd14> in cluster <head1_cluster1>.
Job was executed on host(s) <1*node10>, in queue <medium_priority>, as user <kmd14> in cluster <head1_cluster1>.
                            <1*node15>
</gpfs1/kmd14> was used as the home directory.
</gpfs1/kmd14/297M/Assignments/ExtraGrades/mergesort> was used as the working directory.
Started at Wed Apr 16 02:38:07 2014
Results reported at Wed Apr 16 02:42:20 2014

Your job looked like:

------------------------------------------------------------
# LSBATCH: User input
/gpfs1/openmpi/bin/mpirun ./hybrid 2 500000000
------------------------------------------------------------

Successfully completed.

Resource usage summary:

    CPU time   :    623.50 sec.
    Max Memory :      1204 MB
    Max Swap   :      4171 MB

    Max Processes  :         4
    Max Threads    :         7

The output (if any) follows:

--------------------------------------------------------------------------
WARNING: It appears that your OpenFabrics subsystem is configured to only
allow registering part of your physical memory.  This can cause MPI jobs to
run with erratic performance, hang, and/or crash.

This may be caused by your OpenFabrics vendor limiting the amount of
physical memory that can be registered.  You should investigate the
relevant Linux kernel module parameters that control how much physical
memory can be registered, and increase them to allow registering all
physical memory on your machine.

See this Open MPI FAQ item for more information on these Linux kernel module
parameters:

    http://www.open-mpi.org/faq/?category=openfabrics#ib-locked-pages

  Local host:              node10
  Registerable memory:     32768 MiB
  Total memory:            65508 MiB

Your MPI job will continue, but may be behave poorly and/or hang.
--------------------------------------------------------------------------
[node10:31859] 1 more process has sent help message help-mpi-btl-openib.txt / reg mem limit low
[node10:31859] Set MCA parameter "orte_base_help_aggregate" to 0 to see all help / error messages
[Threads] Nodes: 2 Threads/Node: 2
[Realtime]	 237.849160
[Clocktime]	 297.620000
