Sender: LSF System <hpcadmin@node02>
Subject: Job 16552: </gpfs1/openmpi/bin/mpirun ./hybrid 6 10000> Done

Job </gpfs1/openmpi/bin/mpirun ./hybrid 6 10000> was submitted from host <head1> by user <kmd14> in cluster <head1_cluster1>.
Job was executed on host(s) <1*node02>, in queue <medium_priority>, as user <kmd14> in cluster <head1_cluster1>.
                            <1*node14>
                            <1*node10>
                            <1*node08>
</gpfs1/kmd14> was used as the home directory.
</gpfs1/kmd14/297M/Assignments/ExtraGrades/mergesort> was used as the working directory.
Started at Wed Apr 16 02:40:02 2014
Results reported at Wed Apr 16 02:40:04 2014

Your job looked like:

------------------------------------------------------------
# LSBATCH: User input
/gpfs1/openmpi/bin/mpirun ./hybrid 6 10000
------------------------------------------------------------

Successfully completed.

Resource usage summary:

    CPU time   :      4.28 sec.
    Max Memory :         2 MB
    Max Swap   :        30 MB

    Max Processes  :         1
    Max Threads    :         1

The output (if any) follows:

--------------------------------------------------------------------------
WARNING: It appears that your OpenFabrics subsystem is configured to only
allow registering part of your physical memory.  This can cause MPI jobs to
run with erratic performance, hang, and/or crash.

This may be caused by your OpenFabrics vendor limiting the amount of
physical memory that can be registered.  You should investigate the
relevant Linux kernel module parameters that control how much physical
memory can be registered, and increase them to allow registering all
physical memory on your machine.

See this Open MPI FAQ item for more information on these Linux kernel module
parameters:

    http://www.open-mpi.org/faq/?category=openfabrics#ib-locked-pages

  Local host:              node14
  Registerable memory:     32768 MiB
  Total memory:            65508 MiB

Your MPI job will continue, but may be behave poorly and/or hang.
--------------------------------------------------------------------------
[Threads] Nodes: 4 Threads/Node: 6
[Realtime]	 0.454384
[Clocktime]	 1.200000
[node02:13965] 3 more processes have sent help message help-mpi-btl-openib.txt / reg mem limit low
[node02:13965] Set MCA parameter "orte_base_help_aggregate" to 0 to see all help / error messages
Sender: LSF System <hpcadmin@node02>
Subject: Job 16553: </gpfs1/openmpi/bin/mpirun ./hybrid 6 1000000> Done

Job </gpfs1/openmpi/bin/mpirun ./hybrid 6 1000000> was submitted from host <head1> by user <kmd14> in cluster <head1_cluster1>.
Job was executed on host(s) <1*node02>, in queue <medium_priority>, as user <kmd14> in cluster <head1_cluster1>.
                            <1*node14>
                            <1*node10>
                            <1*node08>
</gpfs1/kmd14> was used as the home directory.
</gpfs1/kmd14/297M/Assignments/ExtraGrades/mergesort> was used as the working directory.
Started at Wed Apr 16 02:40:04 2014
Results reported at Wed Apr 16 02:40:07 2014

Your job looked like:

------------------------------------------------------------
# LSBATCH: User input
/gpfs1/openmpi/bin/mpirun ./hybrid 6 1000000
------------------------------------------------------------

Successfully completed.

Resource usage summary:

    CPU time   :      6.51 sec.
    Max Memory :         2 MB
    Max Swap   :        30 MB

    Max Processes  :         1
    Max Threads    :         1

The output (if any) follows:

--------------------------------------------------------------------------
WARNING: It appears that your OpenFabrics subsystem is configured to only
allow registering part of your physical memory.  This can cause MPI jobs to
run with erratic performance, hang, and/or crash.

This may be caused by your OpenFabrics vendor limiting the amount of
physical memory that can be registered.  You should investigate the
relevant Linux kernel module parameters that control how much physical
memory can be registered, and increase them to allow registering all
physical memory on your machine.

See this Open MPI FAQ item for more information on these Linux kernel module
parameters:

    http://www.open-mpi.org/faq/?category=openfabrics#ib-locked-pages

  Local host:              node14
  Registerable memory:     32768 MiB
  Total memory:            65508 MiB

Your MPI job will continue, but may be behave poorly and/or hang.
--------------------------------------------------------------------------
[Threads] Nodes: 4 Threads/Node: 6
[Realtime]	 0.715109
[Clocktime]	 1.580000
[node02:14012] 3 more processes have sent help message help-mpi-btl-openib.txt / reg mem limit low
[node02:14012] Set MCA parameter "orte_base_help_aggregate" to 0 to see all help / error messages
Sender: LSF System <hpcadmin@node16>
Subject: Job 16554: </gpfs1/openmpi/bin/mpirun ./hybrid 6 100000000> Done

Job </gpfs1/openmpi/bin/mpirun ./hybrid 6 100000000> was submitted from host <head1> by user <kmd14> in cluster <head1_cluster1>.
Job was executed on host(s) <1*node16>, in queue <medium_priority>, as user <kmd14> in cluster <head1_cluster1>.
                            <1*node14>
                            <1*node13>
                            <1*node08>
</gpfs1/kmd14> was used as the home directory.
</gpfs1/kmd14/297M/Assignments/ExtraGrades/mergesort> was used as the working directory.
Started at Wed Apr 16 02:40:08 2014
Results reported at Wed Apr 16 02:40:48 2014

Your job looked like:

------------------------------------------------------------
# LSBATCH: User input
/gpfs1/openmpi/bin/mpirun ./hybrid 6 100000000
------------------------------------------------------------

Successfully completed.

Resource usage summary:

    CPU time   :    111.82 sec.
    Max Memory :       491 MB
    Max Swap   :      1173 MB

    Max Processes  :         4
    Max Threads    :        12

The output (if any) follows:

--------------------------------------------------------------------------
WARNING: It appears that your OpenFabrics subsystem is configured to only
allow registering part of your physical memory.  This can cause MPI jobs to
run with erratic performance, hang, and/or crash.

This may be caused by your OpenFabrics vendor limiting the amount of
physical memory that can be registered.  You should investigate the
relevant Linux kernel module parameters that control how much physical
memory can be registered, and increase them to allow registering all
physical memory on your machine.

See this Open MPI FAQ item for more information on these Linux kernel module
parameters:

    http://www.open-mpi.org/faq/?category=openfabrics#ib-locked-pages

  Local host:              node16
  Registerable memory:     32768 MiB
  Total memory:            65508 MiB

Your MPI job will continue, but may be behave poorly and/or hang.
--------------------------------------------------------------------------
[Threads] Nodes: 4 Threads/Node: 6
[node16:24237] 3 more processes have sent help message help-mpi-btl-openib.txt / reg mem limit low
[node16:24237] Set MCA parameter "orte_base_help_aggregate" to 0 to see all help / error messages
[Realtime]	 28.221637
[Clocktime]	 31.600000
Sender: LSF System <hpcadmin@node02>
Subject: Job 16555: </gpfs1/openmpi/bin/mpirun ./hybrid 6 200000000> Done

Job </gpfs1/openmpi/bin/mpirun ./hybrid 6 200000000> was submitted from host <head1> by user <kmd14> in cluster <head1_cluster1>.
Job was executed on host(s) <1*node02>, in queue <medium_priority>, as user <kmd14> in cluster <head1_cluster1>.
                            <1*node14>
                            <1*node10>
                            <1*node13>
</gpfs1/kmd14> was used as the home directory.
</gpfs1/kmd14/297M/Assignments/ExtraGrades/mergesort> was used as the working directory.
Started at Wed Apr 16 02:40:07 2014
Results reported at Wed Apr 16 02:40:53 2014

Your job looked like:

------------------------------------------------------------
# LSBATCH: User input
/gpfs1/openmpi/bin/mpirun ./hybrid 6 200000000
------------------------------------------------------------

Successfully completed.

Resource usage summary:

    CPU time   :    222.72 sec.
    Max Memory :         2 MB
    Max Swap   :        30 MB

    Max Processes  :         1
    Max Threads    :         1

The output (if any) follows:

--------------------------------------------------------------------------
WARNING: It appears that your OpenFabrics subsystem is configured to only
allow registering part of your physical memory.  This can cause MPI jobs to
run with erratic performance, hang, and/or crash.

This may be caused by your OpenFabrics vendor limiting the amount of
physical memory that can be registered.  You should investigate the
relevant Linux kernel module parameters that control how much physical
memory can be registered, and increase them to allow registering all
physical memory on your machine.

See this Open MPI FAQ item for more information on these Linux kernel module
parameters:

    http://www.open-mpi.org/faq/?category=openfabrics#ib-locked-pages

  Local host:              node14
  Registerable memory:     32768 MiB
  Total memory:            65508 MiB

Your MPI job will continue, but may be behave poorly and/or hang.
--------------------------------------------------------------------------
[node02:14433] 3 more processes have sent help message help-mpi-btl-openib.txt / reg mem limit low
[node02:14433] Set MCA parameter "orte_base_help_aggregate" to 0 to see all help / error messages
[Threads] Nodes: 4 Threads/Node: 6
[Realtime]	 37.149460
[Clocktime]	 57.210000
Sender: LSF System <hpcadmin@node16>
Subject: Job 16556: </gpfs1/openmpi/bin/mpirun ./hybrid 6 400000000> Done

Job </gpfs1/openmpi/bin/mpirun ./hybrid 6 400000000> was submitted from host <head1> by user <kmd14> in cluster <head1_cluster1>.
Job was executed on host(s) <1*node16>, in queue <medium_priority>, as user <kmd14> in cluster <head1_cluster1>.
                            <1*node03>
                            <1*node02>
                            <1*node14>
</gpfs1/kmd14> was used as the home directory.
</gpfs1/kmd14/297M/Assignments/ExtraGrades/mergesort> was used as the working directory.
Started at Wed Apr 16 02:40:17 2014
Results reported at Wed Apr 16 02:42:20 2014

Your job looked like:

------------------------------------------------------------
# LSBATCH: User input
/gpfs1/openmpi/bin/mpirun ./hybrid 6 400000000
------------------------------------------------------------

Successfully completed.

Resource usage summary:

    CPU time   :    505.88 sec.
    Max Memory :         6 MB
    Max Swap   :       162 MB

    Max Processes  :         2
    Max Threads    :         4

The output (if any) follows:

--------------------------------------------------------------------------
WARNING: It appears that your OpenFabrics subsystem is configured to only
allow registering part of your physical memory.  This can cause MPI jobs to
run with erratic performance, hang, and/or crash.

This may be caused by your OpenFabrics vendor limiting the amount of
physical memory that can be registered.  You should investigate the
relevant Linux kernel module parameters that control how much physical
memory can be registered, and increase them to allow registering all
physical memory on your machine.

See this Open MPI FAQ item for more information on these Linux kernel module
parameters:

    http://www.open-mpi.org/faq/?category=openfabrics#ib-locked-pages

  Local host:              node03
  Registerable memory:     32768 MiB
  Total memory:            65508 MiB

Your MPI job will continue, but may be behave poorly and/or hang.
--------------------------------------------------------------------------
[node16:24412] 3 more processes have sent help message help-mpi-btl-openib.txt / reg mem limit low
[node16:24412] Set MCA parameter "orte_base_help_aggregate" to 0 to see all help / error messages
[Threads] Nodes: 4 Threads/Node: 6
[Realtime]	 98.085754
[Clocktime]	 120.360000
Sender: LSF System <hpcadmin@node16>
Subject: Job 16557: </gpfs1/openmpi/bin/mpirun ./hybrid 6 500000000> Done

Job </gpfs1/openmpi/bin/mpirun ./hybrid 6 500000000> was submitted from host <head1> by user <kmd14> in cluster <head1_cluster1>.
Job was executed on host(s) <1*node16>, in queue <medium_priority>, as user <kmd14> in cluster <head1_cluster1>.
                            <1*node03>
                            <1*node14>
                            <1*node10>
</gpfs1/kmd14> was used as the home directory.
</gpfs1/kmd14/297M/Assignments/ExtraGrades/mergesort> was used as the working directory.
Started at Wed Apr 16 02:40:17 2014
Results reported at Wed Apr 16 02:42:50 2014

Your job looked like:

------------------------------------------------------------
# LSBATCH: User input
/gpfs1/openmpi/bin/mpirun ./hybrid 6 500000000
------------------------------------------------------------

Successfully completed.

Resource usage summary:

    CPU time   :    676.26 sec.
    Max Memory :        26 MB
    Max Swap   :       496 MB

    Max Processes  :         6
    Max Threads    :        12

The output (if any) follows:

--------------------------------------------------------------------------
WARNING: It appears that your OpenFabrics subsystem is configured to only
allow registering part of your physical memory.  This can cause MPI jobs to
run with erratic performance, hang, and/or crash.

This may be caused by your OpenFabrics vendor limiting the amount of
physical memory that can be registered.  You should investigate the
relevant Linux kernel module parameters that control how much physical
memory can be registered, and increase them to allow registering all
physical memory on your machine.

See this Open MPI FAQ item for more information on these Linux kernel module
parameters:

    http://www.open-mpi.org/faq/?category=openfabrics#ib-locked-pages

  Local host:              node16
  Registerable memory:     32768 MiB
  Total memory:            65508 MiB

Your MPI job will continue, but may be behave poorly and/or hang.
--------------------------------------------------------------------------
[node16:24411] 3 more processes have sent help message help-mpi-btl-openib.txt / reg mem limit low
[node16:24411] Set MCA parameter "orte_base_help_aggregate" to 0 to see all help / error messages
[Threads] Nodes: 4 Threads/Node: 6
[Realtime]	 120.996120
[Clocktime]	 166.690000
