Sender: LSF System <hpcadmin@node01>
Subject: Job 16570: </gpfs1/openmpi/bin/mpirun ./hybrid 8 10000> Done

Job </gpfs1/openmpi/bin/mpirun ./hybrid 8 10000> was submitted from host <head1> by user <kmd14> in cluster <head1_cluster1>.
Job was executed on host(s) <1*node01>, in queue <medium_priority>, as user <kmd14> in cluster <head1_cluster1>.
                            <1*node03>
                            <1*node16>
                            <1*node02>
</gpfs1/kmd14> was used as the home directory.
</gpfs1/kmd14/297M/Assignments/ExtraGrades/mergesort> was used as the working directory.
Started at Wed Apr 16 02:40:17 2014
Results reported at Wed Apr 16 02:40:18 2014

Your job looked like:

------------------------------------------------------------
# LSBATCH: User input
/gpfs1/openmpi/bin/mpirun ./hybrid 8 10000
------------------------------------------------------------

Successfully completed.

Resource usage summary:

    CPU time   :      5.01 sec.
    Max Memory :         1 MB
    Max Swap   :        30 MB

    Max Processes  :         1
    Max Threads    :         1

The output (if any) follows:

--------------------------------------------------------------------------
WARNING: It appears that your OpenFabrics subsystem is configured to only
allow registering part of your physical memory.  This can cause MPI jobs to
run with erratic performance, hang, and/or crash.

This may be caused by your OpenFabrics vendor limiting the amount of
physical memory that can be registered.  You should investigate the
relevant Linux kernel module parameters that control how much physical
memory can be registered, and increase them to allow registering all
physical memory on your machine.

See this Open MPI FAQ item for more information on these Linux kernel module
parameters:

    http://www.open-mpi.org/faq/?category=openfabrics#ib-locked-pages

  Local host:              node03
  Registerable memory:     32768 MiB
  Total memory:            65508 MiB

Your MPI job will continue, but may be behave poorly and/or hang.
--------------------------------------------------------------------------
[Threads] Nodes: 4 Threads/Node: 8
[Realtime]	 0.370864
[Clocktime]	 1.220000
[node01:20737] 3 more processes have sent help message help-mpi-btl-openib.txt / reg mem limit low
[node01:20737] Set MCA parameter "orte_base_help_aggregate" to 0 to see all help / error messages
Sender: LSF System <hpcadmin@node01>
Subject: Job 16571: </gpfs1/openmpi/bin/mpirun ./hybrid 8 1000000> Done

Job </gpfs1/openmpi/bin/mpirun ./hybrid 8 1000000> was submitted from host <head1> by user <kmd14> in cluster <head1_cluster1>.
Job was executed on host(s) <1*node01>, in queue <medium_priority>, as user <kmd14> in cluster <head1_cluster1>.
                            <1*node03>
                            <1*node16>
                            <1*node02>
</gpfs1/kmd14> was used as the home directory.
</gpfs1/kmd14/297M/Assignments/ExtraGrades/mergesort> was used as the working directory.
Started at Wed Apr 16 02:40:19 2014
Results reported at Wed Apr 16 02:40:22 2014

Your job looked like:

------------------------------------------------------------
# LSBATCH: User input
/gpfs1/openmpi/bin/mpirun ./hybrid 8 1000000
------------------------------------------------------------

Successfully completed.

Resource usage summary:

    CPU time   :      7.44 sec.
    Max Memory :         1 MB
    Max Swap   :        30 MB

    Max Processes  :         1
    Max Threads    :         1

The output (if any) follows:

--------------------------------------------------------------------------
WARNING: It appears that your OpenFabrics subsystem is configured to only
allow registering part of your physical memory.  This can cause MPI jobs to
run with erratic performance, hang, and/or crash.

This may be caused by your OpenFabrics vendor limiting the amount of
physical memory that can be registered.  You should investigate the
relevant Linux kernel module parameters that control how much physical
memory can be registered, and increase them to allow registering all
physical memory on your machine.

See this Open MPI FAQ item for more information on these Linux kernel module
parameters:

    http://www.open-mpi.org/faq/?category=openfabrics#ib-locked-pages

  Local host:              node03
  Registerable memory:     32768 MiB
  Total memory:            65508 MiB

Your MPI job will continue, but may be behave poorly and/or hang.
--------------------------------------------------------------------------
[Threads] Nodes: 4 Threads/Node: 8
[Realtime]	 0.551674
[Clocktime]	 1.820000
[node01:20808] 3 more processes have sent help message help-mpi-btl-openib.txt / reg mem limit low
[node01:20808] Set MCA parameter "orte_base_help_aggregate" to 0 to see all help / error messages
Sender: LSF System <hpcadmin@node01>
Subject: Job 16572: </gpfs1/openmpi/bin/mpirun ./hybrid 8 100000000> Done

Job </gpfs1/openmpi/bin/mpirun ./hybrid 8 100000000> was submitted from host <head1> by user <kmd14> in cluster <head1_cluster1>.
Job was executed on host(s) <1*node01>, in queue <medium_priority>, as user <kmd14> in cluster <head1_cluster1>.
                            <1*node03>
                            <1*node16>
                            <1*node02>
</gpfs1/kmd14> was used as the home directory.
</gpfs1/kmd14/297M/Assignments/ExtraGrades/mergesort> was used as the working directory.
Started at Wed Apr 16 02:40:22 2014
Results reported at Wed Apr 16 02:40:39 2014

Your job looked like:

------------------------------------------------------------
# LSBATCH: User input
/gpfs1/openmpi/bin/mpirun ./hybrid 8 100000000
------------------------------------------------------------

Successfully completed.

Resource usage summary:

    CPU time   :     98.55 sec.
    Max Memory :         1 MB
    Max Swap   :        30 MB

    Max Processes  :         1
    Max Threads    :         1

The output (if any) follows:

--------------------------------------------------------------------------
WARNING: It appears that your OpenFabrics subsystem is configured to only
allow registering part of your physical memory.  This can cause MPI jobs to
run with erratic performance, hang, and/or crash.

This may be caused by your OpenFabrics vendor limiting the amount of
physical memory that can be registered.  You should investigate the
relevant Linux kernel module parameters that control how much physical
memory can be registered, and increase them to allow registering all
physical memory on your machine.

See this Open MPI FAQ item for more information on these Linux kernel module
parameters:

    http://www.open-mpi.org/faq/?category=openfabrics#ib-locked-pages

  Local host:              node01
  Registerable memory:     32768 MiB
  Total memory:            65508 MiB

Your MPI job will continue, but may be behave poorly and/or hang.
--------------------------------------------------------------------------
[Threads] Nodes: 4 Threads/Node: 8
[node01:20867] 3 more processes have sent help message help-mpi-btl-openib.txt / reg mem limit low
[node01:20867] Set MCA parameter "orte_base_help_aggregate" to 0 to see all help / error messages
[Realtime]	 12.210881
[Clocktime]	 26.180000
Sender: LSF System <hpcadmin@node01>
Subject: Job 16573: </gpfs1/openmpi/bin/mpirun ./hybrid 8 200000000> Done

Job </gpfs1/openmpi/bin/mpirun ./hybrid 8 200000000> was submitted from host <head1> by user <kmd14> in cluster <head1_cluster1>.
Job was executed on host(s) <1*node01>, in queue <medium_priority>, as user <kmd14> in cluster <head1_cluster1>.
                            <1*node03>
                            <1*node16>
                            <1*node02>
</gpfs1/kmd14> was used as the home directory.
</gpfs1/kmd14/297M/Assignments/ExtraGrades/mergesort> was used as the working directory.
Started at Wed Apr 16 02:40:26 2014
Results reported at Wed Apr 16 02:41:03 2014

Your job looked like:

------------------------------------------------------------
# LSBATCH: User input
/gpfs1/openmpi/bin/mpirun ./hybrid 8 200000000
------------------------------------------------------------

Successfully completed.

Resource usage summary:

    CPU time   :    190.28 sec.
    Max Memory :       464 MB
    Max Swap   :      1881 MB

    Max Processes  :         4
    Max Threads    :         7

The output (if any) follows:

--------------------------------------------------------------------------
WARNING: It appears that your OpenFabrics subsystem is configured to only
allow registering part of your physical memory.  This can cause MPI jobs to
run with erratic performance, hang, and/or crash.

This may be caused by your OpenFabrics vendor limiting the amount of
physical memory that can be registered.  You should investigate the
relevant Linux kernel module parameters that control how much physical
memory can be registered, and increase them to allow registering all
physical memory on your machine.

See this Open MPI FAQ item for more information on these Linux kernel module
parameters:

    http://www.open-mpi.org/faq/?category=openfabrics#ib-locked-pages

  Local host:              node01
  Registerable memory:     32768 MiB
  Total memory:            65508 MiB

Your MPI job will continue, but may be behave poorly and/or hang.
--------------------------------------------------------------------------
[Threads] Nodes: 4 Threads/Node: 8
[node01:20977] 3 more processes have sent help message help-mpi-btl-openib.txt / reg mem limit low
[node01:20977] Set MCA parameter "orte_base_help_aggregate" to 0 to see all help / error messages
[Realtime]	 22.815809
[Clocktime]	 50.010000
Sender: LSF System <hpcadmin@node01>
Subject: Job 16574: </gpfs1/openmpi/bin/mpirun ./hybrid 8 400000000> Done

Job </gpfs1/openmpi/bin/mpirun ./hybrid 8 400000000> was submitted from host <head1> by user <kmd14> in cluster <head1_cluster1>.
Job was executed on host(s) <1*node01>, in queue <medium_priority>, as user <kmd14> in cluster <head1_cluster1>.
                            <1*node03>
                            <1*node16>
                            <1*node14>
</gpfs1/kmd14> was used as the home directory.
</gpfs1/kmd14/297M/Assignments/ExtraGrades/mergesort> was used as the working directory.
Started at Wed Apr 16 02:40:27 2014
Results reported at Wed Apr 16 02:41:42 2014

Your job looked like:

------------------------------------------------------------
# LSBATCH: User input
/gpfs1/openmpi/bin/mpirun ./hybrid 8 400000000
------------------------------------------------------------

Successfully completed.

Resource usage summary:

    CPU time   :    400.91 sec.
    Max Memory :       648 MB
    Max Swap   :      1197 MB

    Max Processes  :         4
    Max Threads    :        57

The output (if any) follows:

--------------------------------------------------------------------------
WARNING: It appears that your OpenFabrics subsystem is configured to only
allow registering part of your physical memory.  This can cause MPI jobs to
run with erratic performance, hang, and/or crash.

This may be caused by your OpenFabrics vendor limiting the amount of
physical memory that can be registered.  You should investigate the
relevant Linux kernel module parameters that control how much physical
memory can be registered, and increase them to allow registering all
physical memory on your machine.

See this Open MPI FAQ item for more information on these Linux kernel module
parameters:

    http://www.open-mpi.org/faq/?category=openfabrics#ib-locked-pages

  Local host:              node01
  Registerable memory:     32768 MiB
  Total memory:            65508 MiB

Your MPI job will continue, but may be behave poorly and/or hang.
--------------------------------------------------------------------------
[node01:21330] 3 more processes have sent help message help-mpi-btl-openib.txt / reg mem limit low
[node01:21330] Set MCA parameter "orte_base_help_aggregate" to 0 to see all help / error messages
[Threads] Nodes: 4 Threads/Node: 8
[Realtime]	 61.379877
[Clocktime]	 115.200000
Sender: LSF System <hpcadmin@node03>
Subject: Job 16575: </gpfs1/openmpi/bin/mpirun ./hybrid 8 500000000> Done

Job </gpfs1/openmpi/bin/mpirun ./hybrid 8 500000000> was submitted from host <head1> by user <kmd14> in cluster <head1_cluster1>.
Job was executed on host(s) <1*node03>, in queue <medium_priority>, as user <kmd14> in cluster <head1_cluster1>.
                            <1*node16>
                            <1*node10>
                            <1*node02>
</gpfs1/kmd14> was used as the home directory.
</gpfs1/kmd14/297M/Assignments/ExtraGrades/mergesort> was used as the working directory.
Started at Wed Apr 16 02:40:35 2014
Results reported at Wed Apr 16 02:42:23 2014

Your job looked like:

------------------------------------------------------------
# LSBATCH: User input
/gpfs1/openmpi/bin/mpirun ./hybrid 8 500000000
------------------------------------------------------------

Successfully completed.

Resource usage summary:

    CPU time   :    586.72 sec.
    Max Memory :      1805 MB
    Max Swap   :      4170 MB

    Max Processes  :         6
    Max Threads    :       110

The output (if any) follows:

--------------------------------------------------------------------------
WARNING: It appears that your OpenFabrics subsystem is configured to only
allow registering part of your physical memory.  This can cause MPI jobs to
run with erratic performance, hang, and/or crash.

This may be caused by your OpenFabrics vendor limiting the amount of
physical memory that can be registered.  You should investigate the
relevant Linux kernel module parameters that control how much physical
memory can be registered, and increase them to allow registering all
physical memory on your machine.

See this Open MPI FAQ item for more information on these Linux kernel module
parameters:

    http://www.open-mpi.org/faq/?category=openfabrics#ib-locked-pages

  Local host:              node02
  Registerable memory:     32768 MiB
  Total memory:            65508 MiB

Your MPI job will continue, but may be behave poorly and/or hang.
--------------------------------------------------------------------------
[node03:04910] 3 more processes have sent help message help-mpi-btl-openib.txt / reg mem limit low
[node03:04910] Set MCA parameter "orte_base_help_aggregate" to 0 to see all help / error messages
[Threads] Nodes: 4 Threads/Node: 8
[Realtime]	 83.210521
[Clocktime]	 135.490000
