Sender: LSF System <hpcadmin@node10>
Subject: Job 16486: </gpfs1/openmpi/bin/mpirun ./hybrid 1 10000> Done

Job </gpfs1/openmpi/bin/mpirun ./hybrid 1 10000> was submitted from host <head1> by user <kmd14> in cluster <head1_cluster1>.
Job was executed on host(s) <node10>, in queue <medium_priority>, as user <kmd14> in cluster <head1_cluster1>.
</gpfs1/kmd14> was used as the home directory.
</gpfs1/kmd14/297M/Assignments/ExtraGrades/mergesort> was used as the working directory.
Started at Wed Apr 16 02:37:59 2014
Results reported at Wed Apr 16 02:38:00 2014

Your job looked like:

------------------------------------------------------------
# LSBATCH: User input
/gpfs1/openmpi/bin/mpirun ./hybrid 1 10000
------------------------------------------------------------

Successfully completed.

Resource usage summary:

    CPU time   :      0.06 sec.
    Max Memory :         1 MB
    Max Swap   :        30 MB

    Max Processes  :         1
    Max Threads    :         1

The output (if any) follows:

--------------------------------------------------------------------------
WARNING: It appears that your OpenFabrics subsystem is configured to only
allow registering part of your physical memory.  This can cause MPI jobs to
run with erratic performance, hang, and/or crash.

This may be caused by your OpenFabrics vendor limiting the amount of
physical memory that can be registered.  You should investigate the
relevant Linux kernel module parameters that control how much physical
memory can be registered, and increase them to allow registering all
physical memory on your machine.

See this Open MPI FAQ item for more information on these Linux kernel module
parameters:

    http://www.open-mpi.org/faq/?category=openfabrics#ib-locked-pages

  Local host:              node10
  Registerable memory:     32768 MiB
  Total memory:            65508 MiB

Your MPI job will continue, but may be behave poorly and/or hang.
--------------------------------------------------------------------------
[Threads] Nodes: 1 Threads/Node: 1
[Realtime]	 0.004109
[Clocktime]	 0.000000
Sender: LSF System <hpcadmin@node10>
Subject: Job 16487: </gpfs1/openmpi/bin/mpirun ./hybrid 1 1000000> Done

Job </gpfs1/openmpi/bin/mpirun ./hybrid 1 1000000> was submitted from host <head1> by user <kmd14> in cluster <head1_cluster1>.
Job was executed on host(s) <node10>, in queue <medium_priority>, as user <kmd14> in cluster <head1_cluster1>.
</gpfs1/kmd14> was used as the home directory.
</gpfs1/kmd14/297M/Assignments/ExtraGrades/mergesort> was used as the working directory.
Started at Wed Apr 16 02:37:59 2014
Results reported at Wed Apr 16 02:38:06 2014

Your job looked like:

------------------------------------------------------------
# LSBATCH: User input
/gpfs1/openmpi/bin/mpirun ./hybrid 1 1000000
------------------------------------------------------------

Successfully completed.

Resource usage summary:

    CPU time   :      0.73 sec.
    Max Memory :         1 MB
    Max Swap   :        30 MB

    Max Processes  :         1
    Max Threads    :         1

The output (if any) follows:

--------------------------------------------------------------------------
WARNING: It appears that your OpenFabrics subsystem is configured to only
allow registering part of your physical memory.  This can cause MPI jobs to
run with erratic performance, hang, and/or crash.

This may be caused by your OpenFabrics vendor limiting the amount of
physical memory that can be registered.  You should investigate the
relevant Linux kernel module parameters that control how much physical
memory can be registered, and increase them to allow registering all
physical memory on your machine.

See this Open MPI FAQ item for more information on these Linux kernel module
parameters:

    http://www.open-mpi.org/faq/?category=openfabrics#ib-locked-pages

  Local host:              node10
  Registerable memory:     32768 MiB
  Total memory:            65508 MiB

Your MPI job will continue, but may be behave poorly and/or hang.
--------------------------------------------------------------------------
[Threads] Nodes: 1 Threads/Node: 1
[Realtime]	 0.653893
[Clocktime]	 0.650000
Sender: LSF System <hpcadmin@node10>
Subject: Job 16488: </gpfs1/openmpi/bin/mpirun ./hybrid 1 100000000> Done

Job </gpfs1/openmpi/bin/mpirun ./hybrid 1 100000000> was submitted from host <head1> by user <kmd14> in cluster <head1_cluster1>.
Job was executed on host(s) <node10>, in queue <medium_priority>, as user <kmd14> in cluster <head1_cluster1>.
</gpfs1/kmd14> was used as the home directory.
</gpfs1/kmd14/297M/Assignments/ExtraGrades/mergesort> was used as the working directory.
Started at Wed Apr 16 02:37:59 2014
Results reported at Wed Apr 16 02:39:17 2014

Your job looked like:

------------------------------------------------------------
# LSBATCH: User input
/gpfs1/openmpi/bin/mpirun ./hybrid 1 100000000
------------------------------------------------------------

Successfully completed.

Resource usage summary:

    CPU time   :     65.58 sec.
    Max Memory :       580 MB
    Max Swap   :      1052 MB

    Max Processes  :         4
    Max Threads    :         7

The output (if any) follows:

--------------------------------------------------------------------------
WARNING: It appears that your OpenFabrics subsystem is configured to only
allow registering part of your physical memory.  This can cause MPI jobs to
run with erratic performance, hang, and/or crash.

This may be caused by your OpenFabrics vendor limiting the amount of
physical memory that can be registered.  You should investigate the
relevant Linux kernel module parameters that control how much physical
memory can be registered, and increase them to allow registering all
physical memory on your machine.

See this Open MPI FAQ item for more information on these Linux kernel module
parameters:

    http://www.open-mpi.org/faq/?category=openfabrics#ib-locked-pages

  Local host:              node10
  Registerable memory:     32768 MiB
  Total memory:            65508 MiB

Your MPI job will continue, but may be behave poorly and/or hang.
--------------------------------------------------------------------------
[Threads] Nodes: 1 Threads/Node: 1
[Realtime]	 75.291326
[Clocktime]	 63.190000
Sender: LSF System <hpcadmin@node10>
Subject: Job 16489: </gpfs1/openmpi/bin/mpirun ./hybrid 1 200000000> Done

Job </gpfs1/openmpi/bin/mpirun ./hybrid 1 200000000> was submitted from host <head1> by user <kmd14> in cluster <head1_cluster1>.
Job was executed on host(s) <node10>, in queue <medium_priority>, as user <kmd14> in cluster <head1_cluster1>.
</gpfs1/kmd14> was used as the home directory.
</gpfs1/kmd14/297M/Assignments/ExtraGrades/mergesort> was used as the working directory.
Started at Wed Apr 16 02:37:59 2014
Results reported at Wed Apr 16 02:40:29 2014

Your job looked like:

------------------------------------------------------------
# LSBATCH: User input
/gpfs1/openmpi/bin/mpirun ./hybrid 1 200000000
------------------------------------------------------------

Successfully completed.

Resource usage summary:

    CPU time   :    133.66 sec.
    Max Memory :      1152 MB
    Max Swap   :      1815 MB

    Max Processes  :         4
    Max Threads    :         7

The output (if any) follows:

--------------------------------------------------------------------------
WARNING: It appears that your OpenFabrics subsystem is configured to only
allow registering part of your physical memory.  This can cause MPI jobs to
run with erratic performance, hang, and/or crash.

This may be caused by your OpenFabrics vendor limiting the amount of
physical memory that can be registered.  You should investigate the
relevant Linux kernel module parameters that control how much physical
memory can be registered, and increase them to allow registering all
physical memory on your machine.

See this Open MPI FAQ item for more information on these Linux kernel module
parameters:

    http://www.open-mpi.org/faq/?category=openfabrics#ib-locked-pages

  Local host:              node10
  Registerable memory:     32768 MiB
  Total memory:            65508 MiB

Your MPI job will continue, but may be behave poorly and/or hang.
--------------------------------------------------------------------------
[Threads] Nodes: 1 Threads/Node: 1
[Realtime]	 144.312183
[Clocktime]	 128.900000
Sender: LSF System <hpcadmin@node10>
Subject: Job 16490: </gpfs1/openmpi/bin/mpirun ./hybrid 1 400000000> Done

Job </gpfs1/openmpi/bin/mpirun ./hybrid 1 400000000> was submitted from host <head1> by user <kmd14> in cluster <head1_cluster1>.
Job was executed on host(s) <node10>, in queue <medium_priority>, as user <kmd14> in cluster <head1_cluster1>.
</gpfs1/kmd14> was used as the home directory.
</gpfs1/kmd14/297M/Assignments/ExtraGrades/mergesort> was used as the working directory.
Started at Wed Apr 16 02:37:59 2014
Results reported at Wed Apr 16 02:42:59 2014

Your job looked like:

------------------------------------------------------------
# LSBATCH: User input
/gpfs1/openmpi/bin/mpirun ./hybrid 1 400000000
------------------------------------------------------------

Successfully completed.

Resource usage summary:

    CPU time   :    270.62 sec.
    Max Memory :      2297 MB
    Max Swap   :      3341 MB

    Max Processes  :         4
    Max Threads    :         7

The output (if any) follows:

--------------------------------------------------------------------------
WARNING: It appears that your OpenFabrics subsystem is configured to only
allow registering part of your physical memory.  This can cause MPI jobs to
run with erratic performance, hang, and/or crash.

This may be caused by your OpenFabrics vendor limiting the amount of
physical memory that can be registered.  You should investigate the
relevant Linux kernel module parameters that control how much physical
memory can be registered, and increase them to allow registering all
physical memory on your machine.

See this Open MPI FAQ item for more information on these Linux kernel module
parameters:

    http://www.open-mpi.org/faq/?category=openfabrics#ib-locked-pages

  Local host:              node10
  Registerable memory:     32768 MiB
  Total memory:            65508 MiB

Your MPI job will continue, but may be behave poorly and/or hang.
--------------------------------------------------------------------------
[Threads] Nodes: 1 Threads/Node: 1
[Realtime]	 289.342089
[Clocktime]	 261.150000
Sender: LSF System <hpcadmin@node10>
Subject: Job 16491: </gpfs1/openmpi/bin/mpirun ./hybrid 1 500000000> Done

Job </gpfs1/openmpi/bin/mpirun ./hybrid 1 500000000> was submitted from host <head1> by user <kmd14> in cluster <head1_cluster1>.
Job was executed on host(s) <node10>, in queue <medium_priority>, as user <kmd14> in cluster <head1_cluster1>.
</gpfs1/kmd14> was used as the home directory.
</gpfs1/kmd14/297M/Assignments/ExtraGrades/mergesort> was used as the working directory.
Started at Wed Apr 16 02:37:59 2014
Results reported at Wed Apr 16 02:44:50 2014

Your job looked like:

------------------------------------------------------------
# LSBATCH: User input
/gpfs1/openmpi/bin/mpirun ./hybrid 1 500000000
------------------------------------------------------------

Successfully completed.

Resource usage summary:

    CPU time   :    382.59 sec.
    Max Memory :      2871 MB
    Max Swap   :      4104 MB

    Max Processes  :         4
    Max Threads    :         7

The output (if any) follows:

--------------------------------------------------------------------------
WARNING: It appears that your OpenFabrics subsystem is configured to only
allow registering part of your physical memory.  This can cause MPI jobs to
run with erratic performance, hang, and/or crash.

This may be caused by your OpenFabrics vendor limiting the amount of
physical memory that can be registered.  You should investigate the
relevant Linux kernel module parameters that control how much physical
memory can be registered, and increase them to allow registering all
physical memory on your machine.

See this Open MPI FAQ item for more information on these Linux kernel module
parameters:

    http://www.open-mpi.org/faq/?category=openfabrics#ib-locked-pages

  Local host:              node10
  Registerable memory:     32768 MiB
  Total memory:            65508 MiB

Your MPI job will continue, but may be behave poorly and/or hang.
--------------------------------------------------------------------------
[Threads] Nodes: 1 Threads/Node: 1
[Realtime]	 398.987305
[Clocktime]	 370.770000
