Sender: LSF System <hpcadmin@node03>
Subject: Job 16789: </gpfs1/openmpi/bin/mpirun ./mpi 1000000> Done

Job </gpfs1/openmpi/bin/mpirun ./mpi 1000000> was submitted from host <head1> by user <kmd14> in cluster <head1_cluster1>.
Job was executed on host(s) <1*node03>, in queue <medium_priority>, as user <kmd14> in cluster <head1_cluster1>.
                            <1*node08>
                            <1*node10>
                            <1*node16>
</gpfs1/kmd14> was used as the home directory.
</gpfs1/kmd14/297M/Assignments/ExtraGrades/mergesort> was used as the working directory.
Started at Wed Apr 16 02:47:57 2014
Results reported at Wed Apr 16 02:47:59 2014

Your job looked like:

------------------------------------------------------------
# LSBATCH: User input
/gpfs1/openmpi/bin/mpirun ./mpi 1000000
------------------------------------------------------------

Successfully completed.

Resource usage summary:

    CPU time   :      2.15 sec.
    Max Memory :         1 MB
    Max Swap   :        30 MB

    Max Processes  :         1
    Max Threads    :         1

The output (if any) follows:

--------------------------------------------------------------------------
WARNING: It appears that your OpenFabrics subsystem is configured to only
allow registering part of your physical memory.  This can cause MPI jobs to
run with erratic performance, hang, and/or crash.

This may be caused by your OpenFabrics vendor limiting the amount of
physical memory that can be registered.  You should investigate the
relevant Linux kernel module parameters that control how much physical
memory can be registered, and increase them to allow registering all
physical memory on your machine.

See this Open MPI FAQ item for more information on these Linux kernel module
parameters:

    http://www.open-mpi.org/faq/?category=openfabrics#ib-locked-pages

  Local host:              node03
  Registerable memory:     32768 MiB
  Total memory:            65508 MiB

Your MPI job will continue, but may be behave poorly and/or hang.
--------------------------------------------------------------------------
[Nodes] 4
[Realtime]	 0.583869
[Clocktime]	 0.520000
[node03:13539] 3 more processes have sent help message help-mpi-btl-openib.txt / reg mem limit low
[node03:13539] Set MCA parameter "orte_base_help_aggregate" to 0 to see all help / error messages
Sender: LSF System <hpcadmin@node01>
Subject: Job 16788: </gpfs1/openmpi/bin/mpirun ./mpi 10000> Done

Job </gpfs1/openmpi/bin/mpirun ./mpi 10000> was submitted from host <head1> by user <kmd14> in cluster <head1_cluster1>.
Job was executed on host(s) <1*node01>, in queue <medium_priority>, as user <kmd14> in cluster <head1_cluster1>.
                            <1*node13>
                            <1*node15>
                            <1*node14>
</gpfs1/kmd14> was used as the home directory.
</gpfs1/kmd14/297M/Assignments/ExtraGrades/mergesort> was used as the working directory.
Started at Wed Apr 16 02:47:57 2014
Results reported at Wed Apr 16 02:48:00 2014

Your job looked like:

------------------------------------------------------------
# LSBATCH: User input
/gpfs1/openmpi/bin/mpirun ./mpi 10000
------------------------------------------------------------

Successfully completed.

Resource usage summary:

    CPU time   :      0.53 sec.
    Max Memory :         1 MB
    Max Swap   :        30 MB

    Max Processes  :         1
    Max Threads    :         1

The output (if any) follows:

--------------------------------------------------------------------------
WARNING: It appears that your OpenFabrics subsystem is configured to only
allow registering part of your physical memory.  This can cause MPI jobs to
run with erratic performance, hang, and/or crash.

This may be caused by your OpenFabrics vendor limiting the amount of
physical memory that can be registered.  You should investigate the
relevant Linux kernel module parameters that control how much physical
memory can be registered, and increase them to allow registering all
physical memory on your machine.

See this Open MPI FAQ item for more information on these Linux kernel module
parameters:

    http://www.open-mpi.org/faq/?category=openfabrics#ib-locked-pages

  Local host:              node01
  Registerable memory:     32768 MiB
  Total memory:            65508 MiB

Your MPI job will continue, but may be behave poorly and/or hang.
--------------------------------------------------------------------------
[Nodes] 4
[Realtime]	 0.170000
[Clocktime]	 0.110000
[node01:27560] 3 more processes have sent help message help-mpi-btl-openib.txt / reg mem limit low
[node01:27560] Set MCA parameter "orte_base_help_aggregate" to 0 to see all help / error messages
Sender: LSF System <hpcadmin@node03>
Subject: Job 16790: </gpfs1/openmpi/bin/mpirun ./mpi 100000000> Done

Job </gpfs1/openmpi/bin/mpirun ./mpi 100000000> was submitted from host <head1> by user <kmd14> in cluster <head1_cluster1>.
Job was executed on host(s) <1*node03>, in queue <medium_priority>, as user <kmd14> in cluster <head1_cluster1>.
                            <1*node08>
                            <1*node10>
                            <1*node16>
</gpfs1/kmd14> was used as the home directory.
</gpfs1/kmd14/297M/Assignments/ExtraGrades/mergesort> was used as the working directory.
Started at Wed Apr 16 02:48:00 2014
Results reported at Wed Apr 16 02:48:58 2014

Your job looked like:

------------------------------------------------------------
# LSBATCH: User input
/gpfs1/openmpi/bin/mpirun ./mpi 100000000
------------------------------------------------------------

Successfully completed.

Resource usage summary:

    CPU time   :    183.22 sec.
    Max Memory :         1 MB
    Max Swap   :        30 MB

    Max Processes  :         1
    Max Threads    :         1

The output (if any) follows:

--------------------------------------------------------------------------
WARNING: It appears that your OpenFabrics subsystem is configured to only
allow registering part of your physical memory.  This can cause MPI jobs to
run with erratic performance, hang, and/or crash.

This may be caused by your OpenFabrics vendor limiting the amount of
physical memory that can be registered.  You should investigate the
relevant Linux kernel module parameters that control how much physical
memory can be registered, and increase them to allow registering all
physical memory on your machine.

See this Open MPI FAQ item for more information on these Linux kernel module
parameters:

    http://www.open-mpi.org/faq/?category=openfabrics#ib-locked-pages

  Local host:              node03
  Registerable memory:     32768 MiB
  Total memory:            65508 MiB

Your MPI job will continue, but may be behave poorly and/or hang.
--------------------------------------------------------------------------
[Nodes] 4
[node03:13571] 3 more processes have sent help message help-mpi-btl-openib.txt / reg mem limit low
[node03:13571] Set MCA parameter "orte_base_help_aggregate" to 0 to see all help / error messages
[Realtime]	 52.020003
[Clocktime]	 46.190000
Sender: LSF System <hpcadmin@node01>
Subject: Job 16791: </gpfs1/openmpi/bin/mpirun ./mpi 200000000> Done

Job </gpfs1/openmpi/bin/mpirun ./mpi 200000000> was submitted from host <head1> by user <kmd14> in cluster <head1_cluster1>.
Job was executed on host(s) <1*node01>, in queue <medium_priority>, as user <kmd14> in cluster <head1_cluster1>.
                            <1*node13>
                            <1*node15>
                            <1*node14>
</gpfs1/kmd14> was used as the home directory.
</gpfs1/kmd14/297M/Assignments/ExtraGrades/mergesort> was used as the working directory.
Started at Wed Apr 16 02:48:01 2014
Results reported at Wed Apr 16 02:49:44 2014

Your job looked like:

------------------------------------------------------------
# LSBATCH: User input
/gpfs1/openmpi/bin/mpirun ./mpi 200000000
------------------------------------------------------------

Successfully completed.

Resource usage summary:

    CPU time   :    350.25 sec.
    Max Memory :       737 MB
    Max Swap   :      1474 MB

    Max Processes  :         4
    Max Threads    :         8

The output (if any) follows:

--------------------------------------------------------------------------
WARNING: It appears that your OpenFabrics subsystem is configured to only
allow registering part of your physical memory.  This can cause MPI jobs to
run with erratic performance, hang, and/or crash.

This may be caused by your OpenFabrics vendor limiting the amount of
physical memory that can be registered.  You should investigate the
relevant Linux kernel module parameters that control how much physical
memory can be registered, and increase them to allow registering all
physical memory on your machine.

See this Open MPI FAQ item for more information on these Linux kernel module
parameters:

    http://www.open-mpi.org/faq/?category=openfabrics#ib-locked-pages

  Local host:              node01
  Registerable memory:     32768 MiB
  Total memory:            65508 MiB

Your MPI job will continue, but may be behave poorly and/or hang.
--------------------------------------------------------------------------
[Nodes] 4
[node01:27582] 3 more processes have sent help message help-mpi-btl-openib.txt / reg mem limit low
[node01:27582] Set MCA parameter "orte_base_help_aggregate" to 0 to see all help / error messages
[Realtime]	 96.776785
[Clocktime]	 95.780000
Sender: LSF System <hpcadmin@node13>
Subject: Job 16792: </gpfs1/openmpi/bin/mpirun ./mpi 400000000> Done

Job </gpfs1/openmpi/bin/mpirun ./mpi 400000000> was submitted from host <head1> by user <kmd14> in cluster <head1_cluster1>.
Job was executed on host(s) <1*node13>, in queue <medium_priority>, as user <kmd14> in cluster <head1_cluster1>.
                            <1*node02>
                            <1*node15>
                            <1*node14>
</gpfs1/kmd14> was used as the home directory.
</gpfs1/kmd14/297M/Assignments/ExtraGrades/mergesort> was used as the working directory.
Started at Wed Apr 16 02:48:03 2014
Results reported at Wed Apr 16 02:52:03 2014

Your job looked like:

------------------------------------------------------------
# LSBATCH: User input
/gpfs1/openmpi/bin/mpirun ./mpi 400000000
------------------------------------------------------------

Successfully completed.

Resource usage summary:

    CPU time   :    754.57 sec.
    Max Memory :      1558 MB
    Max Swap   :      2783 MB

    Max Processes  :         6
    Max Threads    :        12

The output (if any) follows:

--------------------------------------------------------------------------
WARNING: It appears that your OpenFabrics subsystem is configured to only
allow registering part of your physical memory.  This can cause MPI jobs to
run with erratic performance, hang, and/or crash.

This may be caused by your OpenFabrics vendor limiting the amount of
physical memory that can be registered.  You should investigate the
relevant Linux kernel module parameters that control how much physical
memory can be registered, and increase them to allow registering all
physical memory on your machine.

See this Open MPI FAQ item for more information on these Linux kernel module
parameters:

    http://www.open-mpi.org/faq/?category=openfabrics#ib-locked-pages

  Local host:              node02
  Registerable memory:     32768 MiB
  Total memory:            65508 MiB

Your MPI job will continue, but may be behave poorly and/or hang.
--------------------------------------------------------------------------
[node13:07729] 3 more processes have sent help message help-mpi-btl-openib.txt / reg mem limit low
[node13:07729] Set MCA parameter "orte_base_help_aggregate" to 0 to see all help / error messages
[Nodes] 4
[Realtime]	 215.804869
[Clocktime]	 201.810000
Sender: LSF System <hpcadmin@node02>
Subject: Job 16793: </gpfs1/openmpi/bin/mpirun ./mpi 500000000> Done

Job </gpfs1/openmpi/bin/mpirun ./mpi 500000000> was submitted from host <head1> by user <kmd14> in cluster <head1_cluster1>.
Job was executed on host(s) <1*node02>, in queue <medium_priority>, as user <kmd14> in cluster <head1_cluster1>.
                            <1*node03>
                            <1*node08>
                            <1*node10>
</gpfs1/kmd14> was used as the home directory.
</gpfs1/kmd14/297M/Assignments/ExtraGrades/mergesort> was used as the working directory.
Started at Wed Apr 16 02:48:03 2014
Results reported at Wed Apr 16 02:53:26 2014

Your job looked like:

------------------------------------------------------------
# LSBATCH: User input
/gpfs1/openmpi/bin/mpirun ./mpi 500000000
------------------------------------------------------------

Successfully completed.

Resource usage summary:

    CPU time   :   1051.11 sec.
    Max Memory :      2002 MB
    Max Swap   :      3355 MB

    Max Processes  :         6
    Max Threads    :        12

The output (if any) follows:

--------------------------------------------------------------------------
WARNING: It appears that your OpenFabrics subsystem is configured to only
allow registering part of your physical memory.  This can cause MPI jobs to
run with erratic performance, hang, and/or crash.

This may be caused by your OpenFabrics vendor limiting the amount of
physical memory that can be registered.  You should investigate the
relevant Linux kernel module parameters that control how much physical
memory can be registered, and increase them to allow registering all
physical memory on your machine.

See this Open MPI FAQ item for more information on these Linux kernel module
parameters:

    http://www.open-mpi.org/faq/?category=openfabrics#ib-locked-pages

  Local host:              node02
  Registerable memory:     32768 MiB
  Total memory:            65508 MiB

Your MPI job will continue, but may be behave poorly and/or hang.
--------------------------------------------------------------------------
[node02:23067] 3 more processes have sent help message help-mpi-btl-openib.txt / reg mem limit low
[node02:23067] Set MCA parameter "orte_base_help_aggregate" to 0 to see all help / error messages
[Nodes] 4
[Realtime]	 310.924093
[Clocktime]	 283.910000
