Sender: LSF System <hpcadmin@node08>
Subject: Job 16378: <./shared 2 10000> Done

Job <./shared 2 10000> was submitted from host <head1> by user <kmd14> in cluster <head1_cluster1>.
Job was executed on host(s) <2*node08>, in queue <medium_priority>, as user <kmd14> in cluster <head1_cluster1>.
</gpfs1/kmd14> was used as the home directory.
</gpfs1/kmd14/297M/Assignments/ExtraGrades/mergesort> was used as the working directory.
Started at Wed Apr 16 02:31:21 2014
Results reported at Wed Apr 16 02:31:24 2014

Your job looked like:

------------------------------------------------------------
# LSBATCH: User input
./shared 2 10000
------------------------------------------------------------

Successfully completed.

Resource usage summary:

    CPU time   :      0.03 sec.
    Max Memory :         1 MB
    Max Swap   :        30 MB

    Max Processes  :         1
    Max Threads    :         1

The output (if any) follows:

[Threads] 2
Input 10000
[Realtime]	 0.009416
[Clocktime]	 0.000000
Sender: LSF System <hpcadmin@node08>
Subject: Job 16379: <./shared 2 1000000> Done

Job <./shared 2 1000000> was submitted from host <head1> by user <kmd14> in cluster <head1_cluster1>.
Job was executed on host(s) <2*node08>, in queue <medium_priority>, as user <kmd14> in cluster <head1_cluster1>.
</gpfs1/kmd14> was used as the home directory.
</gpfs1/kmd14/297M/Assignments/ExtraGrades/mergesort> was used as the working directory.
Started at Wed Apr 16 02:31:21 2014
Results reported at Wed Apr 16 02:31:25 2014

Your job looked like:

------------------------------------------------------------
# LSBATCH: User input
./shared 2 1000000
------------------------------------------------------------

Successfully completed.

Resource usage summary:

    CPU time   :      0.70 sec.
    Max Memory :         1 MB
    Max Swap   :        30 MB

    Max Processes  :         1
    Max Threads    :         1

The output (if any) follows:

[Threads] 2
Input 1000000
[Realtime]	 0.663335
[Clocktime]	 0.660000
Sender: LSF System <hpcadmin@node13>
Subject: Job 16380: <./shared 2 100000000> Done

Job <./shared 2 100000000> was submitted from host <head1> by user <kmd14> in cluster <head1_cluster1>.
Job was executed on host(s) <2*node13>, in queue <medium_priority>, as user <kmd14> in cluster <head1_cluster1>.
</gpfs1/kmd14> was used as the home directory.
</gpfs1/kmd14/297M/Assignments/ExtraGrades/mergesort> was used as the working directory.
Started at Wed Apr 16 02:31:21 2014
Results reported at Wed Apr 16 02:32:22 2014

Your job looked like:

------------------------------------------------------------
# LSBATCH: User input
./shared 2 100000000
------------------------------------------------------------

Successfully completed.

Resource usage summary:

    CPU time   :     60.39 sec.
    Max Memory :       531 MB
    Max Swap   :       895 MB

    Max Processes  :         3
    Max Threads    :         4

The output (if any) follows:

[Threads] 2
Input 100000000
[Realtime]	 59.000563
[Clocktime]	 58.990000
Sender: LSF System <hpcadmin@node13>
Subject: Job 16381: <./shared 2 200000000> Done

Job <./shared 2 200000000> was submitted from host <head1> by user <kmd14> in cluster <head1_cluster1>.
Job was executed on host(s) <2*node13>, in queue <medium_priority>, as user <kmd14> in cluster <head1_cluster1>.
</gpfs1/kmd14> was used as the home directory.
</gpfs1/kmd14/297M/Assignments/ExtraGrades/mergesort> was used as the working directory.
Started at Wed Apr 16 02:31:21 2014
Results reported at Wed Apr 16 02:33:23 2014

Your job looked like:

------------------------------------------------------------
# LSBATCH: User input
./shared 2 200000000
------------------------------------------------------------

Successfully completed.

Resource usage summary:

    CPU time   :    121.80 sec.
    Max Memory :      1265 MB
    Max Swap   :      1658 MB

    Max Processes  :         3
    Max Threads    :         4

The output (if any) follows:

[Threads] 2
Input 200000000
[Realtime]	 119.094868
[Clocktime]	 119.070000
Sender: LSF System <hpcadmin@node13>
Subject: Job 16382: <./shared 2 400000000> Done

Job <./shared 2 400000000> was submitted from host <head1> by user <kmd14> in cluster <head1_cluster1>.
Job was executed on host(s) <2*node13>, in queue <medium_priority>, as user <kmd14> in cluster <head1_cluster1>.
</gpfs1/kmd14> was used as the home directory.
</gpfs1/kmd14/297M/Assignments/ExtraGrades/mergesort> was used as the working directory.
Started at Wed Apr 16 02:31:21 2014
Results reported at Wed Apr 16 02:35:29 2014

Your job looked like:

------------------------------------------------------------
# LSBATCH: User input
./shared 2 400000000
------------------------------------------------------------

Successfully completed.

Resource usage summary:

    CPU time   :    247.61 sec.
    Max Memory :      2675 MB
    Max Swap   :      3183 MB

    Max Processes  :         3
    Max Threads    :         4

The output (if any) follows:

[Threads] 2
Input 400000000
[Realtime]	 242.258588
[Clocktime]	 242.210000
Sender: LSF System <hpcadmin@node13>
Subject: Job 16383: <./shared 2 500000000> Done

Job <./shared 2 500000000> was submitted from host <head1> by user <kmd14> in cluster <head1_cluster1>.
Job was executed on host(s) <2*node13>, in queue <medium_priority>, as user <kmd14> in cluster <head1_cluster1>.
</gpfs1/kmd14> was used as the home directory.
</gpfs1/kmd14/297M/Assignments/ExtraGrades/mergesort> was used as the working directory.
Started at Wed Apr 16 02:31:21 2014
Results reported at Wed Apr 16 02:37:15 2014

Your job looked like:

------------------------------------------------------------
# LSBATCH: User input
./shared 2 500000000
------------------------------------------------------------

Successfully completed.

Resource usage summary:

    CPU time   :    353.97 sec.
    Max Memory :      3341 MB
    Max Swap   :      3946 MB

    Max Processes  :         3
    Max Threads    :         4

The output (if any) follows:

[Threads] 2
Input 500000000
[Realtime]	 346.974918
[Clocktime]	 346.920000
