Sender: LSF System <hpcadmin@node16>
Subject: Job 9407: </gpfs1/openmpi/bin/mpirun ./product 250000> Done

Job </gpfs1/openmpi/bin/mpirun ./product 250000> was submitted from host <head1> by user <kmd14> in cluster <head1_cluster1>.
Job was executed on host(s) <8*node16>, in queue <medium_priority>, as user <kmd14> in cluster <head1_cluster1>.
</gpfs1/kmd14> was used as the home directory.
</gpfs1/kmd14/297M/Assignments/Assignment 1/MPI> was used as the working directory.
Started at Mon Feb 24 16:30:26 2014
Results reported at Mon Feb 24 16:30:30 2014

Your job looked like:

------------------------------------------------------------
# LSBATCH: User input
/gpfs1/openmpi/bin/mpirun ./product 250000
------------------------------------------------------------

Successfully completed.

Resource usage summary:

    CPU time   :      0.94 sec.
    Max Memory :         1 MB
    Max Swap   :        30 MB

    Max Processes  :         1
    Max Threads    :         1

The output (if any) follows:

--------------------------------------------------------------------------
WARNING: It appears that your OpenFabrics subsystem is configured to only
allow registering part of your physical memory.  This can cause MPI jobs to
run with erratic performance, hang, and/or crash.

This may be caused by your OpenFabrics vendor limiting the amount of
physical memory that can be registered.  You should investigate the
relevant Linux kernel module parameters that control how much physical
memory can be registered, and increase them to allow registering all
physical memory on your machine.

See this Open MPI FAQ item for more information on these Linux kernel module
parameters:

    http://www.open-mpi.org/faq/?category=openfabrics#ib-locked-pages

  Local host:              node16
  Registerable memory:     32768 MiB
  Total memory:            65508 MiB

Your MPI job will continue, but may be behave poorly and/or hang.
--------------------------------------------------------------------------
Processor 3: sum of squares up to 250000*250000 is 5208364583375000
Processor 4: sum of squares up to 250000*250000 is 5208364583375000
Processor 5: sum of squares up to 250000*250000 is 5208364583375000
Processor 6: sum of squares up to 250000*250000 is 5208364583375000
Processor 7: sum of squares up to 250000*250000 is 5208364583375000
Processor 0: sum of squares up to 250000*250000 is 5208364583375000
This took only 0.003596 seconds.
Processor 1: sum of squares up to 250000*250000 is 5208364583375000
Processor 2: sum of squares up to 250000*250000 is 5208364583375000
[node16:12207] 7 more processes have sent help message help-mpi-btl-openib.txt / reg mem limit low
[node16:12207] Set MCA parameter "orte_base_help_aggregate" to 0 to see all help / error messages
Sender: LSF System <hpcadmin@node16>
Subject: Job 9406: </gpfs1/openmpi/bin/mpirun ./product 200000> Done

Job </gpfs1/openmpi/bin/mpirun ./product 200000> was submitted from host <head1> by user <kmd14> in cluster <head1_cluster1>.
Job was executed on host(s) <8*node16>, in queue <medium_priority>, as user <kmd14> in cluster <head1_cluster1>.
</gpfs1/kmd14> was used as the home directory.
</gpfs1/kmd14/297M/Assignments/Assignment 1/MPI> was used as the working directory.
Started at Mon Feb 24 16:30:26 2014
Results reported at Mon Feb 24 16:30:30 2014

Your job looked like:

------------------------------------------------------------
# LSBATCH: User input
/gpfs1/openmpi/bin/mpirun ./product 200000
------------------------------------------------------------

Successfully completed.

Resource usage summary:

    CPU time   :      1.03 sec.
    Max Memory :         1 MB
    Max Swap   :        30 MB

    Max Processes  :         1
    Max Threads    :         1

The output (if any) follows:

--------------------------------------------------------------------------
WARNING: It appears that your OpenFabrics subsystem is configured to only
allow registering part of your physical memory.  This can cause MPI jobs to
run with erratic performance, hang, and/or crash.

This may be caused by your OpenFabrics vendor limiting the amount of
physical memory that can be registered.  You should investigate the
relevant Linux kernel module parameters that control how much physical
memory can be registered, and increase them to allow registering all
physical memory on your machine.

See this Open MPI FAQ item for more information on these Linux kernel module
parameters:

    http://www.open-mpi.org/faq/?category=openfabrics#ib-locked-pages

  Local host:              node16
  Registerable memory:     32768 MiB
  Total memory:            65508 MiB

Your MPI job will continue, but may be behave poorly and/or hang.
--------------------------------------------------------------------------
Processor 3: sum of squares up to 200000*200000 is 2666686666700000
Processor 4: sum of squares up to 200000*200000 is 2666686666700000
Processor 5: sum of squares up to 200000*200000 is 2666686666700000
Processor 6: sum of squares up to 200000*200000 is 2666686666700000
Processor 7: sum of squares up to 200000*200000 is 2666686666700000
Processor 0: sum of squares up to 200000*200000 is 2666686666700000
This took only 0.003962 seconds.
Processor 1: sum of squares up to 200000*200000 is 2666686666700000
Processor 2: sum of squares up to 200000*200000 is 2666686666700000
[node16:12206] 7 more processes have sent help message help-mpi-btl-openib.txt / reg mem limit low
[node16:12206] Set MCA parameter "orte_base_help_aggregate" to 0 to see all help / error messages
Sender: LSF System <hpcadmin@node16>
Subject: Job 9410: </gpfs1/openmpi/bin/mpirun ./product 400000> Done

Job </gpfs1/openmpi/bin/mpirun ./product 400000> was submitted from host <head1> by user <kmd14> in cluster <head1_cluster1>.
Job was executed on host(s) <8*node16>, in queue <medium_priority>, as user <kmd14> in cluster <head1_cluster1>.
</gpfs1/kmd14> was used as the home directory.
</gpfs1/kmd14/297M/Assignments/Assignment 1/MPI> was used as the working directory.
Started at Mon Feb 24 16:30:30 2014
Results reported at Mon Feb 24 16:30:37 2014

Your job looked like:

------------------------------------------------------------
# LSBATCH: User input
/gpfs1/openmpi/bin/mpirun ./product 400000
------------------------------------------------------------

Successfully completed.

Resource usage summary:

    CPU time   :      0.49 sec.
    Max Memory :         1 MB
    Max Swap   :        30 MB

    Max Processes  :         1
    Max Threads    :         1

The output (if any) follows:

--------------------------------------------------------------------------
WARNING: It appears that your OpenFabrics subsystem is configured to only
allow registering part of your physical memory.  This can cause MPI jobs to
run with erratic performance, hang, and/or crash.

This may be caused by your OpenFabrics vendor limiting the amount of
physical memory that can be registered.  You should investigate the
relevant Linux kernel module parameters that control how much physical
memory can be registered, and increase them to allow registering all
physical memory on your machine.

See this Open MPI FAQ item for more information on these Linux kernel module
parameters:

    http://www.open-mpi.org/faq/?category=openfabrics#ib-locked-pages

  Local host:              node16
  Registerable memory:     32768 MiB
  Total memory:            65508 MiB

Your MPI job will continue, but may be behave poorly and/or hang.
--------------------------------------------------------------------------
Processor 2: sum of squares up to 400000*400000 is 21333413333400000
Processor 3: sum of squares up to 400000*400000 is 21333413333400000
Processor 4: sum of squares up to 400000*400000 is 21333413333400000
Processor 5: sum of squares up to 400000*400000 is 21333413333400000
Processor 6: sum of squares up to 400000*400000 is 21333413333400000
Processor 7: sum of squares up to 400000*400000 is 21333413333400000
Processor 0: sum of squares up to 400000*400000 is 21333413333400000
This took only 0.001234 seconds.
Processor 1: sum of squares up to 400000*400000 is 21333413333400000
[node16:12264] 7 more processes have sent help message help-mpi-btl-openib.txt / reg mem limit low
[node16:12264] Set MCA parameter "orte_base_help_aggregate" to 0 to see all help / error messages
Sender: LSF System <hpcadmin@node01>
Subject: Job 9408: </gpfs1/openmpi/bin/mpirun ./product 300000> Done

Job </gpfs1/openmpi/bin/mpirun ./product 300000> was submitted from host <head1> by user <kmd14> in cluster <head1_cluster1>.
Job was executed on host(s) <8*node01>, in queue <medium_priority>, as user <kmd14> in cluster <head1_cluster1>.
</gpfs1/kmd14> was used as the home directory.
</gpfs1/kmd14/297M/Assignments/Assignment 1/MPI> was used as the working directory.
Started at Mon Feb 24 16:30:26 2014
Results reported at Mon Feb 24 16:30:37 2014

Your job looked like:

------------------------------------------------------------
# LSBATCH: User input
/gpfs1/openmpi/bin/mpirun ./product 300000
------------------------------------------------------------

Successfully completed.

Resource usage summary:

    CPU time   :      0.43 sec.
    Max Memory :         2 MB
    Max Swap   :        30 MB

    Max Processes  :         1
    Max Threads    :         1

The output (if any) follows:

--------------------------------------------------------------------------
WARNING: It appears that your OpenFabrics subsystem is configured to only
allow registering part of your physical memory.  This can cause MPI jobs to
run with erratic performance, hang, and/or crash.

This may be caused by your OpenFabrics vendor limiting the amount of
physical memory that can be registered.  You should investigate the
relevant Linux kernel module parameters that control how much physical
memory can be registered, and increase them to allow registering all
physical memory on your machine.

See this Open MPI FAQ item for more information on these Linux kernel module
parameters:

    http://www.open-mpi.org/faq/?category=openfabrics#ib-locked-pages

  Local host:              node01
  Registerable memory:     32768 MiB
  Total memory:            65508 MiB

Your MPI job will continue, but may be behave poorly and/or hang.
--------------------------------------------------------------------------
Processor 3: sum of squares up to 300000*300000 is 9000045000050000
Processor 4: sum of squares up to 300000*300000 is 9000045000050000
Processor 5: sum of squares up to 300000*300000 is 9000045000050000
Processor 6: sum of squares up to 300000*300000 is 9000045000050000
Processor 7: sum of squares up to 300000*300000 is 9000045000050000
Processor 0: sum of squares up to 300000*300000 is 9000045000050000
This took only 0.001423 seconds.
Processor 1: sum of squares up to 300000*300000 is 9000045000050000
Processor 2: sum of squares up to 300000*300000 is 9000045000050000
[node01:22618] 7 more processes have sent help message help-mpi-btl-openib.txt / reg mem limit low
[node01:22618] Set MCA parameter "orte_base_help_aggregate" to 0 to see all help / error messages
Sender: LSF System <hpcadmin@node04>
Subject: Job 9404: </gpfs1/openmpi/bin/mpirun ./product 100000> Done

Job </gpfs1/openmpi/bin/mpirun ./product 100000> was submitted from host <head1> by user <kmd14> in cluster <head1_cluster1>.
Job was executed on host(s) <8*node04>, in queue <medium_priority>, as user <kmd14> in cluster <head1_cluster1>.
</gpfs1/kmd14> was used as the home directory.
</gpfs1/kmd14/297M/Assignments/Assignment 1/MPI> was used as the working directory.
Started at Mon Feb 24 16:30:26 2014
Results reported at Mon Feb 24 16:30:37 2014

Your job looked like:

------------------------------------------------------------
# LSBATCH: User input
/gpfs1/openmpi/bin/mpirun ./product 100000
------------------------------------------------------------

Successfully completed.

Resource usage summary:

    CPU time   :      0.33 sec.
    Max Memory :         1 MB
    Max Swap   :        30 MB

    Max Processes  :         1
    Max Threads    :         1

The output (if any) follows:

--------------------------------------------------------------------------
WARNING: It appears that your OpenFabrics subsystem is configured to only
allow registering part of your physical memory.  This can cause MPI jobs to
run with erratic performance, hang, and/or crash.

This may be caused by your OpenFabrics vendor limiting the amount of
physical memory that can be registered.  You should investigate the
relevant Linux kernel module parameters that control how much physical
memory can be registered, and increase them to allow registering all
physical memory on your machine.

See this Open MPI FAQ item for more information on these Linux kernel module
parameters:

    http://www.open-mpi.org/faq/?category=openfabrics#ib-locked-pages

  Local host:              node04
  Registerable memory:     32768 MiB
  Total memory:            65508 MiB

Your MPI job will continue, but may be behave poorly and/or hang.
--------------------------------------------------------------------------
Processor 2: sum of squares up to 100000*100000 is 333338333350000
Processor 3: sum of squares up to 100000*100000 is 333338333350000
Processor 4: sum of squares up to 100000*100000 is 333338333350000
Processor 5: sum of squares up to 100000*100000 is 333338333350000
Processor 6: sum of squares up to 100000*100000 is 333338333350000
Processor 7: sum of squares up to 100000*100000 is 333338333350000
Processor 0: sum of squares up to 100000*100000 is 333338333350000
This took only 0.000150 seconds.
Processor 1: sum of squares up to 100000*100000 is 333338333350000
[node04:02641] 7 more processes have sent help message help-mpi-btl-openib.txt / reg mem limit low
[node04:02641] Set MCA parameter "orte_base_help_aggregate" to 0 to see all help / error messages
Sender: LSF System <hpcadmin@node16>
Subject: Job 9411: </gpfs1/openmpi/bin/mpirun ./product 450000> Done

Job </gpfs1/openmpi/bin/mpirun ./product 450000> was submitted from host <head1> by user <kmd14> in cluster <head1_cluster1>.
Job was executed on host(s) <8*node16>, in queue <medium_priority>, as user <kmd14> in cluster <head1_cluster1>.
</gpfs1/kmd14> was used as the home directory.
</gpfs1/kmd14/297M/Assignments/Assignment 1/MPI> was used as the working directory.
Started at Mon Feb 24 16:30:31 2014
Results reported at Mon Feb 24 16:30:38 2014

Your job looked like:

------------------------------------------------------------
# LSBATCH: User input
/gpfs1/openmpi/bin/mpirun ./product 450000
------------------------------------------------------------

Successfully completed.

Resource usage summary:

    CPU time   :      0.49 sec.
    Max Memory :         1 MB
    Max Swap   :        30 MB

    Max Processes  :         1
    Max Threads    :         1

The output (if any) follows:

--------------------------------------------------------------------------
WARNING: It appears that your OpenFabrics subsystem is configured to only
allow registering part of your physical memory.  This can cause MPI jobs to
run with erratic performance, hang, and/or crash.

This may be caused by your OpenFabrics vendor limiting the amount of
physical memory that can be registered.  You should investigate the
relevant Linux kernel module parameters that control how much physical
memory can be registered, and increase them to allow registering all
physical memory on your machine.

See this Open MPI FAQ item for more information on these Linux kernel module
parameters:

    http://www.open-mpi.org/faq/?category=openfabrics#ib-locked-pages

  Local host:              node16
  Registerable memory:     32768 MiB
  Total memory:            65508 MiB

Your MPI job will continue, but may be behave poorly and/or hang.
--------------------------------------------------------------------------
Processor 5: sum of squares up to 450000*450000 is 30375101250075000
Processor 6: sum of squares up to 450000*450000 is 30375101250075000
Processor 7: sum of squares up to 450000*450000 is 30375101250075000
Processor 0: sum of squares up to 450000*450000 is 30375101250075000
This took only 0.001717 seconds.
Processor 1: sum of squares up to 450000*450000 is 30375101250075000
Processor 2: sum of squares up to 450000*450000 is 30375101250075000
Processor 3: sum of squares up to 450000*450000 is 30375101250075000
Processor 4: sum of squares up to 450000*450000 is 30375101250075000
[node16:12307] 7 more processes have sent help message help-mpi-btl-openib.txt / reg mem limit low
[node16:12307] Set MCA parameter "orte_base_help_aggregate" to 0 to see all help / error messages
Sender: LSF System <hpcadmin@node06>
Subject: Job 9405: </gpfs1/openmpi/bin/mpirun ./product 150000> Done

Job </gpfs1/openmpi/bin/mpirun ./product 150000> was submitted from host <head1> by user <kmd14> in cluster <head1_cluster1>.
Job was executed on host(s) <8*node06>, in queue <medium_priority>, as user <kmd14> in cluster <head1_cluster1>.
</gpfs1/kmd14> was used as the home directory.
</gpfs1/kmd14/297M/Assignments/Assignment 1/MPI> was used as the working directory.
Started at Mon Feb 24 16:30:26 2014
Results reported at Mon Feb 24 16:30:38 2014

Your job looked like:

------------------------------------------------------------
# LSBATCH: User input
/gpfs1/openmpi/bin/mpirun ./product 150000
------------------------------------------------------------

Successfully completed.

Resource usage summary:

    CPU time   :      0.50 sec.
    Max Memory :         1 MB
    Max Swap   :        30 MB

    Max Processes  :         1
    Max Threads    :         1

The output (if any) follows:

--------------------------------------------------------------------------
WARNING: It appears that your OpenFabrics subsystem is configured to only
allow registering part of your physical memory.  This can cause MPI jobs to
run with erratic performance, hang, and/or crash.

This may be caused by your OpenFabrics vendor limiting the amount of
physical memory that can be registered.  You should investigate the
relevant Linux kernel module parameters that control how much physical
memory can be registered, and increase them to allow registering all
physical memory on your machine.

See this Open MPI FAQ item for more information on these Linux kernel module
parameters:

    http://www.open-mpi.org/faq/?category=openfabrics#ib-locked-pages

  Local host:              node06
  Registerable memory:     32768 MiB
  Total memory:            65508 MiB

Your MPI job will continue, but may be behave poorly and/or hang.
--------------------------------------------------------------------------
Processor 2: sum of squares up to 150000*150000 is 1125011250025000
Processor 3: sum of squares up to 150000*150000 is 1125011250025000
Processor 4: sum of squares up to 150000*150000 is 1125011250025000
Processor 5: sum of squares up to 150000*150000 is 1125011250025000
Processor 6: sum of squares up to 150000*150000 is 1125011250025000
Processor 7: sum of squares up to 150000*150000 is 1125011250025000
Processor 0: sum of squares up to 150000*150000 is 1125011250025000
This took only 0.001898 seconds.
Processor 1: sum of squares up to 150000*150000 is 1125011250025000
[node06:27813] 7 more processes have sent help message help-mpi-btl-openib.txt / reg mem limit low
[node06:27813] Set MCA parameter "orte_base_help_aggregate" to 0 to see all help / error messages
Sender: LSF System <hpcadmin@node03>
Subject: Job 9415: </gpfs1/openmpi/bin/mpirun ./product 650000> Done

Job </gpfs1/openmpi/bin/mpirun ./product 650000> was submitted from host <head1> by user <kmd14> in cluster <head1_cluster1>.
Job was executed on host(s) <8*node03>, in queue <medium_priority>, as user <kmd14> in cluster <head1_cluster1>.
</gpfs1/kmd14> was used as the home directory.
</gpfs1/kmd14/297M/Assignments/Assignment 1/MPI> was used as the working directory.
Started at Mon Feb 24 16:30:33 2014
Results reported at Mon Feb 24 16:30:40 2014

Your job looked like:

------------------------------------------------------------
# LSBATCH: User input
/gpfs1/openmpi/bin/mpirun ./product 650000
------------------------------------------------------------

Successfully completed.

Resource usage summary:

    CPU time   :      0.48 sec.
    Max Memory :         1 MB
    Max Swap   :        30 MB

    Max Processes  :         1
    Max Threads    :         1

The output (if any) follows:

--------------------------------------------------------------------------
WARNING: It appears that your OpenFabrics subsystem is configured to only
allow registering part of your physical memory.  This can cause MPI jobs to
run with erratic performance, hang, and/or crash.

This may be caused by your OpenFabrics vendor limiting the amount of
physical memory that can be registered.  You should investigate the
relevant Linux kernel module parameters that control how much physical
memory can be registered, and increase them to allow registering all
physical memory on your machine.

See this Open MPI FAQ item for more information on these Linux kernel module
parameters:

    http://www.open-mpi.org/faq/?category=openfabrics#ib-locked-pages

  Local host:              node03
  Registerable memory:     32768 MiB
  Total memory:            65508 MiB

Your MPI job will continue, but may be behave poorly and/or hang.
--------------------------------------------------------------------------
Processor 0: sum of squares up to 650000*650000 is 91541877916750080
This took only 0.001854 seconds.
Processor 1: sum of squares up to 650000*650000 is 91541877916750080
Processor 2: sum of squares up to 650000*650000 is 91541877916750080
Processor 3: sum of squares up to 650000*650000 is 91541877916750080
Processor 4: sum of squares up to 650000*650000 is 91541877916750080
Processor 5: sum of squares up to 650000*650000 is 91541877916750080
Processor 6: sum of squares up to 650000*650000 is 91541877916750080
Processor 7: sum of squares up to 650000*650000 is 91541877916750080
[node03:15270] 7 more processes have sent help message help-mpi-btl-openib.txt / reg mem limit low
[node03:15270] Set MCA parameter "orte_base_help_aggregate" to 0 to see all help / error messages
Sender: LSF System <hpcadmin@node16>
Subject: Job 9420: </gpfs1/openmpi/bin/mpirun ./product 900000> Done

Job </gpfs1/openmpi/bin/mpirun ./product 900000> was submitted from host <head1> by user <kmd14> in cluster <head1_cluster1>.
Job was executed on host(s) <8*node16>, in queue <medium_priority>, as user <kmd14> in cluster <head1_cluster1>.
</gpfs1/kmd14> was used as the home directory.
</gpfs1/kmd14/297M/Assignments/Assignment 1/MPI> was used as the working directory.
Started at Mon Feb 24 16:30:38 2014
Results reported at Mon Feb 24 16:30:40 2014

Your job looked like:

------------------------------------------------------------
# LSBATCH: User input
/gpfs1/openmpi/bin/mpirun ./product 900000
------------------------------------------------------------

Successfully completed.

Resource usage summary:

    CPU time   :      0.52 sec.

The output (if any) follows:

--------------------------------------------------------------------------
WARNING: It appears that your OpenFabrics subsystem is configured to only
allow registering part of your physical memory.  This can cause MPI jobs to
run with erratic performance, hang, and/or crash.

This may be caused by your OpenFabrics vendor limiting the amount of
physical memory that can be registered.  You should investigate the
relevant Linux kernel module parameters that control how much physical
memory can be registered, and increase them to allow registering all
physical memory on your machine.

See this Open MPI FAQ item for more information on these Linux kernel module
parameters:

    http://www.open-mpi.org/faq/?category=openfabrics#ib-locked-pages

  Local host:              node16
  Registerable memory:     32768 MiB
  Total memory:            65508 MiB

Your MPI job will continue, but may be behave poorly and/or hang.
--------------------------------------------------------------------------
Processor 2: sum of squares up to 900000*900000 is 243000405000000096
Processor 3: sum of squares up to 900000*900000 is 243000405000000096
Processor 4: sum of squares up to 900000*900000 is 243000405000000096
Processor 5: sum of squares up to 900000*900000 is 243000405000000096
Processor 6: sum of squares up to 900000*900000 is 243000405000000096
Processor 7: sum of squares up to 900000*900000 is 243000405000000096
Processor 0: sum of squares up to 900000*900000 is 243000405000000096
This took only 0.003152 seconds.
Processor 1: sum of squares up to 900000*900000 is 243000405000000096
[node16:12338] 7 more processes have sent help message help-mpi-btl-openib.txt / reg mem limit low
[node16:12338] Set MCA parameter "orte_base_help_aggregate" to 0 to see all help / error messages
Sender: LSF System <hpcadmin@node03>
Subject: Job 9416: </gpfs1/openmpi/bin/mpirun ./product 700000> Done

Job </gpfs1/openmpi/bin/mpirun ./product 700000> was submitted from host <head1> by user <kmd14> in cluster <head1_cluster1>.
Job was executed on host(s) <8*node03>, in queue <medium_priority>, as user <kmd14> in cluster <head1_cluster1>.
</gpfs1/kmd14> was used as the home directory.
</gpfs1/kmd14/297M/Assignments/Assignment 1/MPI> was used as the working directory.
Started at Mon Feb 24 16:30:34 2014
Results reported at Mon Feb 24 16:30:41 2014

Your job looked like:

------------------------------------------------------------
# LSBATCH: User input
/gpfs1/openmpi/bin/mpirun ./product 700000
------------------------------------------------------------

Successfully completed.

Resource usage summary:

    CPU time   :      0.47 sec.
    Max Memory :         1 MB
    Max Swap   :        30 MB

    Max Processes  :         1
    Max Threads    :         1

The output (if any) follows:

--------------------------------------------------------------------------
WARNING: It appears that your OpenFabrics subsystem is configured to only
allow registering part of your physical memory.  This can cause MPI jobs to
run with erratic performance, hang, and/or crash.

This may be caused by your OpenFabrics vendor limiting the amount of
physical memory that can be registered.  You should investigate the
relevant Linux kernel module parameters that control how much physical
memory can be registered, and increase them to allow registering all
physical memory on your machine.

See this Open MPI FAQ item for more information on these Linux kernel module
parameters:

    http://www.open-mpi.org/faq/?category=openfabrics#ib-locked-pages

  Local host:              node03
  Registerable memory:     32768 MiB
  Total memory:            65508 MiB

Your MPI job will continue, but may be behave poorly and/or hang.
--------------------------------------------------------------------------
Processor 0: sum of squares up to 700000*700000 is 114333578333400080
This took only 0.002003 seconds.
Processor 1: sum of squares up to 700000*700000 is 114333578333400080
Processor 2: sum of squares up to 700000*700000 is 114333578333400080
Processor 3: sum of squares up to 700000*700000 is 114333578333400080
Processor 4: sum of squares up to 700000*700000 is 114333578333400080
Processor 5: sum of squares up to 700000*700000 is 114333578333400080
Processor 6: sum of squares up to 700000*700000 is 114333578333400080
Processor 7: sum of squares up to 700000*700000 is 114333578333400080
[node03:15299] 7 more processes have sent help message help-mpi-btl-openib.txt / reg mem limit low
[node03:15299] Set MCA parameter "orte_base_help_aggregate" to 0 to see all help / error messages
Sender: LSF System <hpcadmin@node13>
Subject: Job 9409: </gpfs1/openmpi/bin/mpirun ./product 350000> Done

Job </gpfs1/openmpi/bin/mpirun ./product 350000> was submitted from host <head1> by user <kmd14> in cluster <head1_cluster1>.
Job was executed on host(s) <8*node13>, in queue <medium_priority>, as user <kmd14> in cluster <head1_cluster1>.
</gpfs1/kmd14> was used as the home directory.
</gpfs1/kmd14/297M/Assignments/Assignment 1/MPI> was used as the working directory.
Started at Mon Feb 24 16:30:30 2014
Results reported at Mon Feb 24 16:30:42 2014

Your job looked like:

------------------------------------------------------------
# LSBATCH: User input
/gpfs1/openmpi/bin/mpirun ./product 350000
------------------------------------------------------------

Successfully completed.

Resource usage summary:

    CPU time   :      0.49 sec.
    Max Memory :         1 MB
    Max Swap   :        30 MB

    Max Processes  :         1
    Max Threads    :         1

The output (if any) follows:

--------------------------------------------------------------------------
WARNING: It appears that your OpenFabrics subsystem is configured to only
allow registering part of your physical memory.  This can cause MPI jobs to
run with erratic performance, hang, and/or crash.

This may be caused by your OpenFabrics vendor limiting the amount of
physical memory that can be registered.  You should investigate the
relevant Linux kernel module parameters that control how much physical
memory can be registered, and increase them to allow registering all
physical memory on your machine.

See this Open MPI FAQ item for more information on these Linux kernel module
parameters:

    http://www.open-mpi.org/faq/?category=openfabrics#ib-locked-pages

  Local host:              node13
  Registerable memory:     32768 MiB
  Total memory:            65508 MiB

Your MPI job will continue, but may be behave poorly and/or hang.
--------------------------------------------------------------------------
Processor 2: sum of squares up to 350000*350000 is 14291727916725000
Processor 3: sum of squares up to 350000*350000 is 14291727916725000
Processor 4: sum of squares up to 350000*350000 is 14291727916725000
Processor 5: sum of squares up to 350000*350000 is 14291727916725000
Processor 6: sum of squares up to 350000*350000 is 14291727916725000
Processor 7: sum of squares up to 350000*350000 is 14291727916725000
Processor 0: sum of squares up to 350000*350000 is 14291727916725000
This took only 0.001125 seconds.
Processor 1: sum of squares up to 350000*350000 is 14291727916725000
[node13:28711] 7 more processes have sent help message help-mpi-btl-openib.txt / reg mem limit low
[node13:28711] Set MCA parameter "orte_base_help_aggregate" to 0 to see all help / error messages
Sender: LSF System <hpcadmin@node13>
Subject: Job 9417: </gpfs1/openmpi/bin/mpirun ./product 750000> Done

Job </gpfs1/openmpi/bin/mpirun ./product 750000> was submitted from host <head1> by user <kmd14> in cluster <head1_cluster1>.
Job was executed on host(s) <8*node13>, in queue <medium_priority>, as user <kmd14> in cluster <head1_cluster1>.
</gpfs1/kmd14> was used as the home directory.
</gpfs1/kmd14/297M/Assignments/Assignment 1/MPI> was used as the working directory.
Started at Mon Feb 24 16:30:37 2014
Results reported at Mon Feb 24 16:30:43 2014

Your job looked like:

------------------------------------------------------------
# LSBATCH: User input
/gpfs1/openmpi/bin/mpirun ./product 750000
------------------------------------------------------------

Successfully completed.

Resource usage summary:

    CPU time   :      0.48 sec.
    Max Memory :         2 MB
    Max Swap   :        30 MB

    Max Processes  :         1
    Max Threads    :         1

The output (if any) follows:

--------------------------------------------------------------------------
WARNING: It appears that your OpenFabrics subsystem is configured to only
allow registering part of your physical memory.  This can cause MPI jobs to
run with erratic performance, hang, and/or crash.

This may be caused by your OpenFabrics vendor limiting the amount of
physical memory that can be registered.  You should investigate the
relevant Linux kernel module parameters that control how much physical
memory can be registered, and increase them to allow registering all
physical memory on your machine.

See this Open MPI FAQ item for more information on these Linux kernel module
parameters:

    http://www.open-mpi.org/faq/?category=openfabrics#ib-locked-pages

  Local host:              node13
  Registerable memory:     32768 MiB
  Total memory:            65508 MiB

Your MPI job will continue, but may be behave poorly and/or hang.
--------------------------------------------------------------------------
Processor 0: sum of squares up to 750000*750000 is 140625281250050080
This took only 0.001916 seconds.
Processor 1: sum of squares up to 750000*750000 is 140625281250050080
Processor 2: sum of squares up to 750000*750000 is 140625281250050080
Processor 3: sum of squares up to 750000*750000 is 140625281250050080
Processor 4: sum of squares up to 750000*750000 is 140625281250050080
Processor 5: sum of squares up to 750000*750000 is 140625281250050080
Processor 6: sum of squares up to 750000*750000 is 140625281250050080
Processor 7: sum of squares up to 750000*750000 is 140625281250050080
[node13:28753] 7 more processes have sent help message help-mpi-btl-openib.txt / reg mem limit low
[node13:28753] Set MCA parameter "orte_base_help_aggregate" to 0 to see all help / error messages
Sender: LSF System <hpcadmin@node04>
Subject: Job 9412: </gpfs1/openmpi/bin/mpirun ./product 500000> Done

Job </gpfs1/openmpi/bin/mpirun ./product 500000> was submitted from host <head1> by user <kmd14> in cluster <head1_cluster1>.
Job was executed on host(s) <8*node04>, in queue <medium_priority>, as user <kmd14> in cluster <head1_cluster1>.
</gpfs1/kmd14> was used as the home directory.
</gpfs1/kmd14/297M/Assignments/Assignment 1/MPI> was used as the working directory.
Started at Mon Feb 24 16:30:32 2014
Results reported at Mon Feb 24 16:30:44 2014

Your job looked like:

------------------------------------------------------------
# LSBATCH: User input
/gpfs1/openmpi/bin/mpirun ./product 500000
------------------------------------------------------------

Successfully completed.

Resource usage summary:

    CPU time   :      0.49 sec.
    Max Memory :         1 MB
    Max Swap   :        30 MB

    Max Processes  :         1
    Max Threads    :         1

The output (if any) follows:

--------------------------------------------------------------------------
WARNING: It appears that your OpenFabrics subsystem is configured to only
allow registering part of your physical memory.  This can cause MPI jobs to
run with erratic performance, hang, and/or crash.

This may be caused by your OpenFabrics vendor limiting the amount of
physical memory that can be registered.  You should investigate the
relevant Linux kernel module parameters that control how much physical
memory can be registered, and increase them to allow registering all
physical memory on your machine.

See this Open MPI FAQ item for more information on these Linux kernel module
parameters:

    http://www.open-mpi.org/faq/?category=openfabrics#ib-locked-pages

  Local host:              node04
  Registerable memory:     32768 MiB
  Total memory:            65508 MiB

Your MPI job will continue, but may be behave poorly and/or hang.
--------------------------------------------------------------------------
Processor 2: sum of squares up to 500000*500000 is 41666791666750000
Processor 3: sum of squares up to 500000*500000 is 41666791666750000
Processor 4: sum of squares up to 500000*500000 is 41666791666750000
Processor 5: sum of squares up to 500000*500000 is 41666791666750000
Processor 6: sum of squares up to 500000*500000 is 41666791666750000
Processor 7: sum of squares up to 500000*500000 is 41666791666750000
Processor 0: sum of squares up to 500000*500000 is 41666791666750000
This took only 0.000705 seconds.
Processor 1: sum of squares up to 500000*500000 is 41666791666750000
[node04:02683] 7 more processes have sent help message help-mpi-btl-openib.txt / reg mem limit low
[node04:02683] Set MCA parameter "orte_base_help_aggregate" to 0 to see all help / error messages
Sender: LSF System <hpcadmin@node01>
Subject: Job 9414: </gpfs1/openmpi/bin/mpirun ./product 600000> Done

Job </gpfs1/openmpi/bin/mpirun ./product 600000> was submitted from host <head1> by user <kmd14> in cluster <head1_cluster1>.
Job was executed on host(s) <8*node01>, in queue <medium_priority>, as user <kmd14> in cluster <head1_cluster1>.
</gpfs1/kmd14> was used as the home directory.
</gpfs1/kmd14/297M/Assignments/Assignment 1/MPI> was used as the working directory.
Started at Mon Feb 24 16:30:32 2014
Results reported at Mon Feb 24 16:30:44 2014

Your job looked like:

------------------------------------------------------------
# LSBATCH: User input
/gpfs1/openmpi/bin/mpirun ./product 600000
------------------------------------------------------------

Successfully completed.

Resource usage summary:

    CPU time   :      0.52 sec.
    Max Memory :         1 MB
    Max Swap   :        30 MB

    Max Processes  :         1
    Max Threads    :         1

The output (if any) follows:

--------------------------------------------------------------------------
WARNING: It appears that your OpenFabrics subsystem is configured to only
allow registering part of your physical memory.  This can cause MPI jobs to
run with erratic performance, hang, and/or crash.

This may be caused by your OpenFabrics vendor limiting the amount of
physical memory that can be registered.  You should investigate the
relevant Linux kernel module parameters that control how much physical
memory can be registered, and increase them to allow registering all
physical memory on your machine.

See this Open MPI FAQ item for more information on these Linux kernel module
parameters:

    http://www.open-mpi.org/faq/?category=openfabrics#ib-locked-pages

  Local host:              node01
  Registerable memory:     32768 MiB
  Total memory:            65508 MiB

Your MPI job will continue, but may be behave poorly and/or hang.
--------------------------------------------------------------------------
Processor 0: sum of squares up to 600000*600000 is 72000180000100000
This took only 0.001804 seconds.
Processor 1: sum of squares up to 600000*600000 is 72000180000100000
Processor 2: sum of squares up to 600000*600000 is 72000180000100000
Processor 3: sum of squares up to 600000*600000 is 72000180000100000
Processor 4: sum of squares up to 600000*600000 is 72000180000100000
Processor 5: sum of squares up to 600000*600000 is 72000180000100000
Processor 6: sum of squares up to 600000*600000 is 72000180000100000
Processor 7: sum of squares up to 600000*600000 is 72000180000100000
[node01:22648] 7 more processes have sent help message help-mpi-btl-openib.txt / reg mem limit low
[node01:22648] Set MCA parameter "orte_base_help_aggregate" to 0 to see all help / error messages
Sender: LSF System <hpcadmin@node06>
Subject: Job 9413: </gpfs1/openmpi/bin/mpirun ./product 550000> Done

Job </gpfs1/openmpi/bin/mpirun ./product 550000> was submitted from host <head1> by user <kmd14> in cluster <head1_cluster1>.
Job was executed on host(s) <8*node06>, in queue <medium_priority>, as user <kmd14> in cluster <head1_cluster1>.
</gpfs1/kmd14> was used as the home directory.
</gpfs1/kmd14/297M/Assignments/Assignment 1/MPI> was used as the working directory.
Started at Mon Feb 24 16:30:32 2014
Results reported at Mon Feb 24 16:30:44 2014

Your job looked like:

------------------------------------------------------------
# LSBATCH: User input
/gpfs1/openmpi/bin/mpirun ./product 550000
------------------------------------------------------------

Successfully completed.

Resource usage summary:

    CPU time   :      0.53 sec.
    Max Memory :         1 MB
    Max Swap   :        30 MB

    Max Processes  :         1
    Max Threads    :         1

The output (if any) follows:

--------------------------------------------------------------------------
WARNING: It appears that your OpenFabrics subsystem is configured to only
allow registering part of your physical memory.  This can cause MPI jobs to
run with erratic performance, hang, and/or crash.

This may be caused by your OpenFabrics vendor limiting the amount of
physical memory that can be registered.  You should investigate the
relevant Linux kernel module parameters that control how much physical
memory can be registered, and increase them to allow registering all
physical memory on your machine.

See this Open MPI FAQ item for more information on these Linux kernel module
parameters:

    http://www.open-mpi.org/faq/?category=openfabrics#ib-locked-pages

  Local host:              node06
  Registerable memory:     32768 MiB
  Total memory:            65508 MiB

Your MPI job will continue, but may be behave poorly and/or hang.
--------------------------------------------------------------------------
Processor 0: sum of squares up to 550000*550000 is 55458484583425000
This took only 0.002027 seconds.
Processor 1: sum of squares up to 550000*550000 is 55458484583425000
Processor 2: sum of squares up to 550000*550000 is 55458484583425000
Processor 3: sum of squares up to 550000*550000 is 55458484583425000
Processor 4: sum of squares up to 550000*550000 is 55458484583425000
Processor 5: sum of squares up to 550000*550000 is 55458484583425000
Processor 6: sum of squares up to 550000*550000 is 55458484583425000
Processor 7: sum of squares up to 550000*550000 is 55458484583425000
[node06:27858] 7 more processes have sent help message help-mpi-btl-openib.txt / reg mem limit low
[node06:27858] Set MCA parameter "orte_base_help_aggregate" to 0 to see all help / error messages
Sender: LSF System <hpcadmin@node04>
Subject: Job 9418: </gpfs1/openmpi/bin/mpirun ./product 800000> Done

Job </gpfs1/openmpi/bin/mpirun ./product 800000> was submitted from host <head1> by user <kmd14> in cluster <head1_cluster1>.
Job was executed on host(s) <8*node04>, in queue <medium_priority>, as user <kmd14> in cluster <head1_cluster1>.
</gpfs1/kmd14> was used as the home directory.
</gpfs1/kmd14/297M/Assignments/Assignment 1/MPI> was used as the working directory.
Started at Mon Feb 24 16:30:38 2014
Results reported at Mon Feb 24 16:30:45 2014

Your job looked like:

------------------------------------------------------------
# LSBATCH: User input
/gpfs1/openmpi/bin/mpirun ./product 800000
------------------------------------------------------------

Successfully completed.

Resource usage summary:

    CPU time   :      0.49 sec.
    Max Memory :         1 MB
    Max Swap   :        30 MB

    Max Processes  :         1
    Max Threads    :         1

The output (if any) follows:

--------------------------------------------------------------------------
WARNING: It appears that your OpenFabrics subsystem is configured to only
allow registering part of your physical memory.  This can cause MPI jobs to
run with erratic performance, hang, and/or crash.

This may be caused by your OpenFabrics vendor limiting the amount of
physical memory that can be registered.  You should investigate the
relevant Linux kernel module parameters that control how much physical
memory can be registered, and increase them to allow registering all
physical memory on your machine.

See this Open MPI FAQ item for more information on these Linux kernel module
parameters:

    http://www.open-mpi.org/faq/?category=openfabrics#ib-locked-pages

  Local host:              node04
  Registerable memory:     32768 MiB
  Total memory:            65508 MiB

Your MPI job will continue, but may be behave poorly and/or hang.
--------------------------------------------------------------------------
Processor 0: sum of squares up to 800000*800000 is 170666986666700096
This took only 0.002159 seconds.
Processor 1: sum of squares up to 800000*800000 is 170666986666700096
Processor 2: sum of squares up to 800000*800000 is 170666986666700096
Processor 3: sum of squares up to 800000*800000 is 170666986666700096
Processor 4: sum of squares up to 800000*800000 is 170666986666700096
Processor 5: sum of squares up to 800000*800000 is 170666986666700096
Processor 6: sum of squares up to 800000*800000 is 170666986666700096
Processor 7: sum of squares up to 800000*800000 is 170666986666700096
[node04:02713] 7 more processes have sent help message help-mpi-btl-openib.txt / reg mem limit low
[node04:02713] Set MCA parameter "orte_base_help_aggregate" to 0 to see all help / error messages
Sender: LSF System <hpcadmin@node01>
Subject: Job 9421: </gpfs1/openmpi/bin/mpirun ./product 950000> Done

Job </gpfs1/openmpi/bin/mpirun ./product 950000> was submitted from host <head1> by user <kmd14> in cluster <head1_cluster1>.
Job was executed on host(s) <8*node01>, in queue <medium_priority>, as user <kmd14> in cluster <head1_cluster1>.
</gpfs1/kmd14> was used as the home directory.
</gpfs1/kmd14/297M/Assignments/Assignment 1/MPI> was used as the working directory.
Started at Mon Feb 24 16:30:38 2014
Results reported at Mon Feb 24 16:30:45 2014

Your job looked like:

------------------------------------------------------------
# LSBATCH: User input
/gpfs1/openmpi/bin/mpirun ./product 950000
------------------------------------------------------------

Successfully completed.

Resource usage summary:

    CPU time   :      0.53 sec.
    Max Memory :         1 MB
    Max Swap   :        30 MB

    Max Processes  :         1
    Max Threads    :         1

The output (if any) follows:

--------------------------------------------------------------------------
WARNING: It appears that your OpenFabrics subsystem is configured to only
allow registering part of your physical memory.  This can cause MPI jobs to
run with erratic performance, hang, and/or crash.

This may be caused by your OpenFabrics vendor limiting the amount of
physical memory that can be registered.  You should investigate the
relevant Linux kernel module parameters that control how much physical
memory can be registered, and increase them to allow registering all
physical memory on your machine.

See this Open MPI FAQ item for more information on these Linux kernel module
parameters:

    http://www.open-mpi.org/faq/?category=openfabrics#ib-locked-pages

  Local host:              node01
  Registerable memory:     32768 MiB
  Total memory:            65508 MiB

Your MPI job will continue, but may be behave poorly and/or hang.
--------------------------------------------------------------------------
Processor 0: sum of squares up to 950000*950000 is 285792117916650080
This took only 0.002526 seconds.
Processor 1: sum of squares up to 950000*950000 is 285792117916650080
Processor 2: sum of squares up to 950000*950000 is 285792117916650080
Processor 3: sum of squares up to 950000*950000 is 285792117916650080
Processor 4: sum of squares up to 950000*950000 is 285792117916650080
Processor 5: sum of squares up to 950000*950000 is 285792117916650080
Processor 6: sum of squares up to 950000*950000 is 285792117916650080
Processor 7: sum of squares up to 950000*950000 is 285792117916650080
[node01:22690] 7 more processes have sent help message help-mpi-btl-openib.txt / reg mem limit low
[node01:22690] Set MCA parameter "orte_base_help_aggregate" to 0 to see all help / error messages
Sender: LSF System <hpcadmin@node06>
Subject: Job 9422: </gpfs1/openmpi/bin/mpirun ./product 1000000> Done

Job </gpfs1/openmpi/bin/mpirun ./product 1000000> was submitted from host <head1> by user <kmd14> in cluster <head1_cluster1>.
Job was executed on host(s) <8*node06>, in queue <medium_priority>, as user <kmd14> in cluster <head1_cluster1>.
</gpfs1/kmd14> was used as the home directory.
</gpfs1/kmd14/297M/Assignments/Assignment 1/MPI> was used as the working directory.
Started at Mon Feb 24 16:30:40 2014
Results reported at Mon Feb 24 16:30:45 2014

Your job looked like:

------------------------------------------------------------
# LSBATCH: User input
/gpfs1/openmpi/bin/mpirun ./product 1000000
------------------------------------------------------------

Successfully completed.

Resource usage summary:

    CPU time   :      0.52 sec.
    Max Memory :         1 MB
    Max Swap   :        30 MB

    Max Processes  :         1
    Max Threads    :         1

The output (if any) follows:

--------------------------------------------------------------------------
WARNING: It appears that your OpenFabrics subsystem is configured to only
allow registering part of your physical memory.  This can cause MPI jobs to
run with erratic performance, hang, and/or crash.

This may be caused by your OpenFabrics vendor limiting the amount of
physical memory that can be registered.  You should investigate the
relevant Linux kernel module parameters that control how much physical
memory can be registered, and increase them to allow registering all
physical memory on your machine.

See this Open MPI FAQ item for more information on these Linux kernel module
parameters:

    http://www.open-mpi.org/faq/?category=openfabrics#ib-locked-pages

  Local host:              node06
  Registerable memory:     32768 MiB
  Total memory:            65508 MiB

Your MPI job will continue, but may be behave poorly and/or hang.
--------------------------------------------------------------------------
Processor 0: sum of squares up to 1000000*1000000 is 333333833333252800
This took only 0.003251 seconds.
Processor 1: sum of squares up to 1000000*1000000 is 333333833333252800
Processor 2: sum of squares up to 1000000*1000000 is 333333833333252800
Processor 3: sum of squares up to 1000000*1000000 is 333333833333252800
Processor 4: sum of squares up to 1000000*1000000 is 333333833333252800
Processor 5: sum of squares up to 1000000*1000000 is 333333833333252800
Processor 6: sum of squares up to 1000000*1000000 is 333333833333252800
Processor 7: sum of squares up to 1000000*1000000 is 333333833333252800
[node06:28285] 7 more processes have sent help message help-mpi-btl-openib.txt / reg mem limit low
[node06:28285] Set MCA parameter "orte_base_help_aggregate" to 0 to see all help / error messages
Sender: LSF System <hpcadmin@node16>
Subject: Job 9419: </gpfs1/openmpi/bin/mpirun ./product 850000> Done

Job </gpfs1/openmpi/bin/mpirun ./product 850000> was submitted from host <head1> by user <kmd14> in cluster <head1_cluster1>.
Job was executed on host(s) <8*node16>, in queue <medium_priority>, as user <kmd14> in cluster <head1_cluster1>.
</gpfs1/kmd14> was used as the home directory.
</gpfs1/kmd14/297M/Assignments/Assignment 1/MPI> was used as the working directory.
Started at Mon Feb 24 16:30:38 2014
Results reported at Mon Feb 24 16:30:51 2014

Your job looked like:

------------------------------------------------------------
# LSBATCH: User input
/gpfs1/openmpi/bin/mpirun ./product 850000
------------------------------------------------------------

Successfully completed.

Resource usage summary:

    CPU time   :      0.46 sec.
    Max Memory :         1 MB
    Max Swap   :        30 MB

    Max Processes  :         1
    Max Threads    :         1

The output (if any) follows:

--------------------------------------------------------------------------
WARNING: It appears that your OpenFabrics subsystem is configured to only
allow registering part of your physical memory.  This can cause MPI jobs to
run with erratic performance, hang, and/or crash.

This may be caused by your OpenFabrics vendor limiting the amount of
physical memory that can be registered.  You should investigate the
relevant Linux kernel module parameters that control how much physical
memory can be registered, and increase them to allow registering all
physical memory on your machine.

See this Open MPI FAQ item for more information on these Linux kernel module
parameters:

    http://www.open-mpi.org/faq/?category=openfabrics#ib-locked-pages

  Local host:              node16
  Registerable memory:     32768 MiB
  Total memory:            65508 MiB

Your MPI job will continue, but may be behave poorly and/or hang.
--------------------------------------------------------------------------
Processor 3: sum of squares up to 850000*850000 is 204708694583350080
Processor 4: sum of squares up to 850000*850000 is 204708694583350080
Processor 5: sum of squares up to 850000*850000 is 204708694583350080
Processor 6: sum of squares up to 850000*850000 is 204708694583350080
Processor 7: sum of squares up to 850000*850000 is 204708694583350080
Processor 0: sum of squares up to 850000*850000 is 204708694583350080
This took only 0.001194 seconds.
Processor 1: sum of squares up to 850000*850000 is 204708694583350080
Processor 2: sum of squares up to 850000*850000 is 204708694583350080
[node16:12367] 7 more processes have sent help message help-mpi-btl-openib.txt / reg mem limit low
[node16:12367] Set MCA parameter "orte_base_help_aggregate" to 0 to see all help / error messages
