Sender: LSF System <hpcadmin@node04>
Subject: Job 9357: </gpfs1/openmpi/bin/mpirun ./product 600000> Done

Job </gpfs1/openmpi/bin/mpirun ./product 600000> was submitted from host <head1> by user <kmd14> in cluster <head1_cluster1>.
Job was executed on host(s) <2*node04>, in queue <medium_priority>, as user <kmd14> in cluster <head1_cluster1>.
</gpfs1/kmd14> was used as the home directory.
</gpfs1/kmd14/297M/Assignments/Assignment 1/MPI> was used as the working directory.
Started at Mon Feb 24 16:29:55 2014
Results reported at Mon Feb 24 16:30:04 2014

Your job looked like:

------------------------------------------------------------
# LSBATCH: User input
/gpfs1/openmpi/bin/mpirun ./product 600000
------------------------------------------------------------

Successfully completed.

Resource usage summary:

    CPU time   :      0.27 sec.
    Max Memory :         1 MB
    Max Swap   :        30 MB

    Max Processes  :         1
    Max Threads    :         1

The output (if any) follows:

--------------------------------------------------------------------------
WARNING: It appears that your OpenFabrics subsystem is configured to only
allow registering part of your physical memory.  This can cause MPI jobs to
run with erratic performance, hang, and/or crash.

This may be caused by your OpenFabrics vendor limiting the amount of
physical memory that can be registered.  You should investigate the
relevant Linux kernel module parameters that control how much physical
memory can be registered, and increase them to allow registering all
physical memory on your machine.

See this Open MPI FAQ item for more information on these Linux kernel module
parameters:

    http://www.open-mpi.org/faq/?category=openfabrics#ib-locked-pages

  Local host:              node04
  Registerable memory:     32768 MiB
  Total memory:            65508 MiB

Your MPI job will continue, but may be behave poorly and/or hang.
--------------------------------------------------------------------------
Processor 0: sum of squares up to 600000*600000 is 72000179999989040
This took only 0.006039 seconds.
Processor 1: sum of squares up to 600000*600000 is 72000179999989040
[node04:02084] 1 more process has sent help message help-mpi-btl-openib.txt / reg mem limit low
[node04:02084] Set MCA parameter "orte_base_help_aggregate" to 0 to see all help / error messages
Sender: LSF System <hpcadmin@node04>
Subject: Job 9356: </gpfs1/openmpi/bin/mpirun ./product 550000> Done

Job </gpfs1/openmpi/bin/mpirun ./product 550000> was submitted from host <head1> by user <kmd14> in cluster <head1_cluster1>.
Job was executed on host(s) <2*node04>, in queue <medium_priority>, as user <kmd14> in cluster <head1_cluster1>.
</gpfs1/kmd14> was used as the home directory.
</gpfs1/kmd14/297M/Assignments/Assignment 1/MPI> was used as the working directory.
Started at Mon Feb 24 16:29:55 2014
Results reported at Mon Feb 24 16:30:04 2014

Your job looked like:

------------------------------------------------------------
# LSBATCH: User input
/gpfs1/openmpi/bin/mpirun ./product 550000
------------------------------------------------------------

Successfully completed.

Resource usage summary:

    CPU time   :      0.25 sec.
    Max Memory :         1 MB
    Max Swap   :        16 MB

    Max Processes  :         1
    Max Threads    :         2

The output (if any) follows:

--------------------------------------------------------------------------
WARNING: It appears that your OpenFabrics subsystem is configured to only
allow registering part of your physical memory.  This can cause MPI jobs to
run with erratic performance, hang, and/or crash.

This may be caused by your OpenFabrics vendor limiting the amount of
physical memory that can be registered.  You should investigate the
relevant Linux kernel module parameters that control how much physical
memory can be registered, and increase them to allow registering all
physical memory on your machine.

See this Open MPI FAQ item for more information on these Linux kernel module
parameters:

    http://www.open-mpi.org/faq/?category=openfabrics#ib-locked-pages

  Local host:              node04
  Registerable memory:     32768 MiB
  Total memory:            65508 MiB

Your MPI job will continue, but may be behave poorly and/or hang.
--------------------------------------------------------------------------
Processor 0: sum of squares up to 550000*550000 is 55458484583339040
This took only 0.005583 seconds.
Processor 1: sum of squares up to 550000*550000 is 55458484583339040
[node04:02081] 1 more process has sent help message help-mpi-btl-openib.txt / reg mem limit low
[node04:02081] Set MCA parameter "orte_base_help_aggregate" to 0 to see all help / error messages
Sender: LSF System <hpcadmin@node03>
Subject: Job 9348: </gpfs1/openmpi/bin/mpirun ./product 150000> Done

Job </gpfs1/openmpi/bin/mpirun ./product 150000> was submitted from host <head1> by user <kmd14> in cluster <head1_cluster1>.
Job was executed on host(s) <2*node03>, in queue <medium_priority>, as user <kmd14> in cluster <head1_cluster1>.
</gpfs1/kmd14> was used as the home directory.
</gpfs1/kmd14/297M/Assignments/Assignment 1/MPI> was used as the working directory.
Started at Mon Feb 24 16:29:55 2014
Results reported at Mon Feb 24 16:30:04 2014

Your job looked like:

------------------------------------------------------------
# LSBATCH: User input
/gpfs1/openmpi/bin/mpirun ./product 150000
------------------------------------------------------------

Successfully completed.

Resource usage summary:

    CPU time   :      0.17 sec.
    Max Memory :         1 MB
    Max Swap   :        30 MB

    Max Processes  :         1
    Max Threads    :         1

The output (if any) follows:

--------------------------------------------------------------------------
WARNING: It appears that your OpenFabrics subsystem is configured to only
allow registering part of your physical memory.  This can cause MPI jobs to
run with erratic performance, hang, and/or crash.

This may be caused by your OpenFabrics vendor limiting the amount of
physical memory that can be registered.  You should investigate the
relevant Linux kernel module parameters that control how much physical
memory can be registered, and increase them to allow registering all
physical memory on your machine.

See this Open MPI FAQ item for more information on these Linux kernel module
parameters:

    http://www.open-mpi.org/faq/?category=openfabrics#ib-locked-pages

  Local host:              node03
  Registerable memory:     32768 MiB
  Total memory:            65508 MiB

Your MPI job will continue, but may be behave poorly and/or hang.
--------------------------------------------------------------------------
Processor 0: sum of squares up to 150000*150000 is 1125011250025000
This took only 0.001478 seconds.
Processor 1: sum of squares up to 150000*150000 is 1125011250025000
[node03:15049] 1 more process has sent help message help-mpi-btl-openib.txt / reg mem limit low
[node03:15049] Set MCA parameter "orte_base_help_aggregate" to 0 to see all help / error messages
Sender: LSF System <hpcadmin@node03>
Subject: Job 9349: </gpfs1/openmpi/bin/mpirun ./product 200000> Done

Job </gpfs1/openmpi/bin/mpirun ./product 200000> was submitted from host <head1> by user <kmd14> in cluster <head1_cluster1>.
Job was executed on host(s) <2*node03>, in queue <medium_priority>, as user <kmd14> in cluster <head1_cluster1>.
</gpfs1/kmd14> was used as the home directory.
</gpfs1/kmd14/297M/Assignments/Assignment 1/MPI> was used as the working directory.
Started at Mon Feb 24 16:29:55 2014
Results reported at Mon Feb 24 16:30:04 2014

Your job looked like:

------------------------------------------------------------
# LSBATCH: User input
/gpfs1/openmpi/bin/mpirun ./product 200000
------------------------------------------------------------

Successfully completed.

Resource usage summary:

    CPU time   :      0.18 sec.
    Max Memory :         1 MB
    Max Swap   :        30 MB

    Max Processes  :         1
    Max Threads    :         1

The output (if any) follows:

--------------------------------------------------------------------------
WARNING: It appears that your OpenFabrics subsystem is configured to only
allow registering part of your physical memory.  This can cause MPI jobs to
run with erratic performance, hang, and/or crash.

This may be caused by your OpenFabrics vendor limiting the amount of
physical memory that can be registered.  You should investigate the
relevant Linux kernel module parameters that control how much physical
memory can be registered, and increase them to allow registering all
physical memory on your machine.

See this Open MPI FAQ item for more information on these Linux kernel module
parameters:

    http://www.open-mpi.org/faq/?category=openfabrics#ib-locked-pages

  Local host:              node03
  Registerable memory:     32768 MiB
  Total memory:            65508 MiB

Your MPI job will continue, but may be behave poorly and/or hang.
--------------------------------------------------------------------------
Processor 0: sum of squares up to 200000*200000 is 2666686666700000
This took only 0.002041 seconds.
Processor 1: sum of squares up to 200000*200000 is 2666686666700000
[node03:15050] 1 more process has sent help message help-mpi-btl-openib.txt / reg mem limit low
[node03:15050] Set MCA parameter "orte_base_help_aggregate" to 0 to see all help / error messages
Sender: LSF System <hpcadmin@node06>
Subject: Job 9365: </gpfs1/openmpi/bin/mpirun ./product 1000000> Done

Job </gpfs1/openmpi/bin/mpirun ./product 1000000> was submitted from host <head1> by user <kmd14> in cluster <head1_cluster1>.
Job was executed on host(s) <2*node06>, in queue <medium_priority>, as user <kmd14> in cluster <head1_cluster1>.
</gpfs1/kmd14> was used as the home directory.
</gpfs1/kmd14/297M/Assignments/Assignment 1/MPI> was used as the working directory.
Started at Mon Feb 24 16:29:56 2014
Results reported at Mon Feb 24 16:30:05 2014

Your job looked like:

------------------------------------------------------------
# LSBATCH: User input
/gpfs1/openmpi/bin/mpirun ./product 1000000
------------------------------------------------------------

Successfully completed.

Resource usage summary:

    CPU time   :      0.16 sec.
    Max Memory :         1 MB
    Max Swap   :        30 MB

    Max Processes  :         1
    Max Threads    :         1

The output (if any) follows:

--------------------------------------------------------------------------
WARNING: It appears that your OpenFabrics subsystem is configured to only
allow registering part of your physical memory.  This can cause MPI jobs to
run with erratic performance, hang, and/or crash.

This may be caused by your OpenFabrics vendor limiting the amount of
physical memory that can be registered.  You should investigate the
relevant Linux kernel module parameters that control how much physical
memory can be registered, and increase them to allow registering all
physical memory on your machine.

See this Open MPI FAQ item for more information on these Linux kernel module
parameters:

    http://www.open-mpi.org/faq/?category=openfabrics#ib-locked-pages

  Local host:              node06
  Registerable memory:     32768 MiB
  Total memory:            65508 MiB

Your MPI job will continue, but may be behave poorly and/or hang.
--------------------------------------------------------------------------
Processor 0: sum of squares up to 1000000*1000000 is 333333833333182336
This took only 0.004977 seconds.
Processor 1: sum of squares up to 1000000*1000000 is 333333833333182336
[node06:27599] 1 more process has sent help message help-mpi-btl-openib.txt / reg mem limit low
[node06:27599] Set MCA parameter "orte_base_help_aggregate" to 0 to see all help / error messages
Sender: LSF System <hpcadmin@node06>
Subject: Job 9364: </gpfs1/openmpi/bin/mpirun ./product 950000> Done

Job </gpfs1/openmpi/bin/mpirun ./product 950000> was submitted from host <head1> by user <kmd14> in cluster <head1_cluster1>.
Job was executed on host(s) <2*node06>, in queue <medium_priority>, as user <kmd14> in cluster <head1_cluster1>.
</gpfs1/kmd14> was used as the home directory.
</gpfs1/kmd14/297M/Assignments/Assignment 1/MPI> was used as the working directory.
Started at Mon Feb 24 16:29:56 2014
Results reported at Mon Feb 24 16:30:05 2014

Your job looked like:

------------------------------------------------------------
# LSBATCH: User input
/gpfs1/openmpi/bin/mpirun ./product 950000
------------------------------------------------------------

Successfully completed.

Resource usage summary:

    CPU time   :      0.15 sec.
    Max Memory :         1 MB
    Max Swap   :        30 MB

    Max Processes  :         1
    Max Threads    :         1

The output (if any) follows:

--------------------------------------------------------------------------
WARNING: It appears that your OpenFabrics subsystem is configured to only
allow registering part of your physical memory.  This can cause MPI jobs to
run with erratic performance, hang, and/or crash.

This may be caused by your OpenFabrics vendor limiting the amount of
physical memory that can be registered.  You should investigate the
relevant Linux kernel module parameters that control how much physical
memory can be registered, and increase them to allow registering all
physical memory on your machine.

See this Open MPI FAQ item for more information on these Linux kernel module
parameters:

    http://www.open-mpi.org/faq/?category=openfabrics#ib-locked-pages

  Local host:              node06
  Registerable memory:     32768 MiB
  Total memory:            65508 MiB

Your MPI job will continue, but may be behave poorly and/or hang.
--------------------------------------------------------------------------
Processor 0: sum of squares up to 950000*950000 is 285792117916576896
This took only 0.004722 seconds.
Processor 1: sum of squares up to 950000*950000 is 285792117916576896
[node06:27600] 1 more process has sent help message help-mpi-btl-openib.txt / reg mem limit low
[node06:27600] Set MCA parameter "orte_base_help_aggregate" to 0 to see all help / error messages
Sender: LSF System <hpcadmin@node03>
Subject: Job 9354: </gpfs1/openmpi/bin/mpirun ./product 450000> Done

Job </gpfs1/openmpi/bin/mpirun ./product 450000> was submitted from host <head1> by user <kmd14> in cluster <head1_cluster1>.
Job was executed on host(s) <2*node03>, in queue <medium_priority>, as user <kmd14> in cluster <head1_cluster1>.
</gpfs1/kmd14> was used as the home directory.
</gpfs1/kmd14/297M/Assignments/Assignment 1/MPI> was used as the working directory.
Started at Mon Feb 24 16:29:55 2014
Results reported at Mon Feb 24 16:30:25 2014

Your job looked like:

------------------------------------------------------------
# LSBATCH: User input
/gpfs1/openmpi/bin/mpirun ./product 450000
------------------------------------------------------------

Successfully completed.

Resource usage summary:

    CPU time   :      0.20 sec.
    Max Memory :         1 MB
    Max Swap   :        30 MB

    Max Processes  :         1
    Max Threads    :         1

The output (if any) follows:

--------------------------------------------------------------------------
WARNING: It appears that your OpenFabrics subsystem is configured to only
allow registering part of your physical memory.  This can cause MPI jobs to
run with erratic performance, hang, and/or crash.

This may be caused by your OpenFabrics vendor limiting the amount of
physical memory that can be registered.  You should investigate the
relevant Linux kernel module parameters that control how much physical
memory can be registered, and increase them to allow registering all
physical memory on your machine.

See this Open MPI FAQ item for more information on these Linux kernel module
parameters:

    http://www.open-mpi.org/faq/?category=openfabrics#ib-locked-pages

  Local host:              node03
  Registerable memory:     32768 MiB
  Total memory:            65508 MiB

Your MPI job will continue, but may be behave poorly and/or hang.
--------------------------------------------------------------------------
Processor 0: sum of squares up to 450000*450000 is 30375101250039040
This took only 0.004520 seconds.
Processor 1: sum of squares up to 450000*450000 is 30375101250039040
[node03:15106] 1 more process has sent help message help-mpi-btl-openib.txt / reg mem limit low
[node03:15106] Set MCA parameter "orte_base_help_aggregate" to 0 to see all help / error messages
Sender: LSF System <hpcadmin@node03>
Subject: Job 9355: </gpfs1/openmpi/bin/mpirun ./product 500000> Done

Job </gpfs1/openmpi/bin/mpirun ./product 500000> was submitted from host <head1> by user <kmd14> in cluster <head1_cluster1>.
Job was executed on host(s) <2*node03>, in queue <medium_priority>, as user <kmd14> in cluster <head1_cluster1>.
</gpfs1/kmd14> was used as the home directory.
</gpfs1/kmd14/297M/Assignments/Assignment 1/MPI> was used as the working directory.
Started at Mon Feb 24 16:29:55 2014
Results reported at Mon Feb 24 16:30:25 2014

Your job looked like:

------------------------------------------------------------
# LSBATCH: User input
/gpfs1/openmpi/bin/mpirun ./product 500000
------------------------------------------------------------

Successfully completed.

Resource usage summary:

    CPU time   :      0.18 sec.
    Max Memory :         1 MB
    Max Swap   :        30 MB

    Max Processes  :         1
    Max Threads    :         1

The output (if any) follows:

--------------------------------------------------------------------------
WARNING: It appears that your OpenFabrics subsystem is configured to only
allow registering part of your physical memory.  This can cause MPI jobs to
run with erratic performance, hang, and/or crash.

This may be caused by your OpenFabrics vendor limiting the amount of
physical memory that can be registered.  You should investigate the
relevant Linux kernel module parameters that control how much physical
memory can be registered, and increase them to allow registering all
physical memory on your machine.

See this Open MPI FAQ item for more information on these Linux kernel module
parameters:

    http://www.open-mpi.org/faq/?category=openfabrics#ib-locked-pages

  Local host:              node03
  Registerable memory:     32768 MiB
  Total memory:            65508 MiB

Your MPI job will continue, but may be behave poorly and/or hang.
--------------------------------------------------------------------------
Processor 0: sum of squares up to 500000*500000 is 41666791666689040
This took only 0.003446 seconds.
Processor 1: sum of squares up to 500000*500000 is 41666791666689040
[node03:15102] 1 more process has sent help message help-mpi-btl-openib.txt / reg mem limit low
[node03:15102] Set MCA parameter "orte_base_help_aggregate" to 0 to see all help / error messages
Sender: LSF System <hpcadmin@node03>
Subject: Job 9352: </gpfs1/openmpi/bin/mpirun ./product 350000> Done

Job </gpfs1/openmpi/bin/mpirun ./product 350000> was submitted from host <head1> by user <kmd14> in cluster <head1_cluster1>.
Job was executed on host(s) <2*node03>, in queue <medium_priority>, as user <kmd14> in cluster <head1_cluster1>.
</gpfs1/kmd14> was used as the home directory.
</gpfs1/kmd14/297M/Assignments/Assignment 1/MPI> was used as the working directory.
Started at Mon Feb 24 16:29:55 2014
Results reported at Mon Feb 24 16:30:25 2014

Your job looked like:

------------------------------------------------------------
# LSBATCH: User input
/gpfs1/openmpi/bin/mpirun ./product 350000
------------------------------------------------------------

Successfully completed.

Resource usage summary:

    CPU time   :      0.18 sec.
    Max Memory :         1 MB
    Max Swap   :        30 MB

    Max Processes  :         1
    Max Threads    :         1

The output (if any) follows:

--------------------------------------------------------------------------
WARNING: It appears that your OpenFabrics subsystem is configured to only
allow registering part of your physical memory.  This can cause MPI jobs to
run with erratic performance, hang, and/or crash.

This may be caused by your OpenFabrics vendor limiting the amount of
physical memory that can be registered.  You should investigate the
relevant Linux kernel module parameters that control how much physical
memory can be registered, and increase them to allow registering all
physical memory on your machine.

See this Open MPI FAQ item for more information on these Linux kernel module
parameters:

    http://www.open-mpi.org/faq/?category=openfabrics#ib-locked-pages

  Local host:              node03
  Registerable memory:     32768 MiB
  Total memory:            65508 MiB

Your MPI job will continue, but may be behave poorly and/or hang.
--------------------------------------------------------------------------
Processor 0: sum of squares up to 350000*350000 is 14291727916725000
This took only 0.002982 seconds.
Processor 1: sum of squares up to 350000*350000 is 14291727916725000
[node03:15105] 1 more process has sent help message help-mpi-btl-openib.txt / reg mem limit low
[node03:15105] Set MCA parameter "orte_base_help_aggregate" to 0 to see all help / error messages
Sender: LSF System <hpcadmin@node03>
Subject: Job 9353: </gpfs1/openmpi/bin/mpirun ./product 400000> Done

Job </gpfs1/openmpi/bin/mpirun ./product 400000> was submitted from host <head1> by user <kmd14> in cluster <head1_cluster1>.
Job was executed on host(s) <2*node03>, in queue <medium_priority>, as user <kmd14> in cluster <head1_cluster1>.
</gpfs1/kmd14> was used as the home directory.
</gpfs1/kmd14/297M/Assignments/Assignment 1/MPI> was used as the working directory.
Started at Mon Feb 24 16:29:55 2014
Results reported at Mon Feb 24 16:30:25 2014

Your job looked like:

------------------------------------------------------------
# LSBATCH: User input
/gpfs1/openmpi/bin/mpirun ./product 400000
------------------------------------------------------------

Successfully completed.

Resource usage summary:

    CPU time   :      0.17 sec.
    Max Memory :         1 MB
    Max Swap   :        30 MB

    Max Processes  :         1
    Max Threads    :         1

The output (if any) follows:

--------------------------------------------------------------------------
WARNING: It appears that your OpenFabrics subsystem is configured to only
allow registering part of your physical memory.  This can cause MPI jobs to
run with erratic performance, hang, and/or crash.

This may be caused by your OpenFabrics vendor limiting the amount of
physical memory that can be registered.  You should investigate the
relevant Linux kernel module parameters that control how much physical
memory can be registered, and increase them to allow registering all
physical memory on your machine.

See this Open MPI FAQ item for more information on these Linux kernel module
parameters:

    http://www.open-mpi.org/faq/?category=openfabrics#ib-locked-pages

  Local host:              node03
  Registerable memory:     32768 MiB
  Total memory:            65508 MiB

Your MPI job will continue, but may be behave poorly and/or hang.
--------------------------------------------------------------------------
Processor 0: sum of squares up to 400000*400000 is 21333413333389040
This took only 0.004043 seconds.
Processor 1: sum of squares up to 400000*400000 is 21333413333389040
[node03:15104] 1 more process has sent help message help-mpi-btl-openib.txt / reg mem limit low
[node03:15104] Set MCA parameter "orte_base_help_aggregate" to 0 to see all help / error messages
Sender: LSF System <hpcadmin@node03>
Subject: Job 9351: </gpfs1/openmpi/bin/mpirun ./product 300000> Done

Job </gpfs1/openmpi/bin/mpirun ./product 300000> was submitted from host <head1> by user <kmd14> in cluster <head1_cluster1>.
Job was executed on host(s) <2*node03>, in queue <medium_priority>, as user <kmd14> in cluster <head1_cluster1>.
</gpfs1/kmd14> was used as the home directory.
</gpfs1/kmd14/297M/Assignments/Assignment 1/MPI> was used as the working directory.
Started at Mon Feb 24 16:29:55 2014
Results reported at Mon Feb 24 16:30:25 2014

Your job looked like:

------------------------------------------------------------
# LSBATCH: User input
/gpfs1/openmpi/bin/mpirun ./product 300000
------------------------------------------------------------

Successfully completed.

Resource usage summary:

    CPU time   :      0.17 sec.
    Max Memory :         1 MB
    Max Swap   :        30 MB

    Max Processes  :         1
    Max Threads    :         1

The output (if any) follows:

--------------------------------------------------------------------------
WARNING: It appears that your OpenFabrics subsystem is configured to only
allow registering part of your physical memory.  This can cause MPI jobs to
run with erratic performance, hang, and/or crash.

This may be caused by your OpenFabrics vendor limiting the amount of
physical memory that can be registered.  You should investigate the
relevant Linux kernel module parameters that control how much physical
memory can be registered, and increase them to allow registering all
physical memory on your machine.

See this Open MPI FAQ item for more information on these Linux kernel module
parameters:

    http://www.open-mpi.org/faq/?category=openfabrics#ib-locked-pages

  Local host:              node03
  Registerable memory:     32768 MiB
  Total memory:            65508 MiB

Your MPI job will continue, but may be behave poorly and/or hang.
--------------------------------------------------------------------------
Processor 0: sum of squares up to 300000*300000 is 9000045000050000
This took only 0.003014 seconds.
Processor 1: sum of squares up to 300000*300000 is 9000045000050000
[node03:15100] 1 more process has sent help message help-mpi-btl-openib.txt / reg mem limit low
[node03:15100] Set MCA parameter "orte_base_help_aggregate" to 0 to see all help / error messages
Sender: LSF System <hpcadmin@node03>
Subject: Job 9350: </gpfs1/openmpi/bin/mpirun ./product 250000> Done

Job </gpfs1/openmpi/bin/mpirun ./product 250000> was submitted from host <head1> by user <kmd14> in cluster <head1_cluster1>.
Job was executed on host(s) <2*node03>, in queue <medium_priority>, as user <kmd14> in cluster <head1_cluster1>.
</gpfs1/kmd14> was used as the home directory.
</gpfs1/kmd14/297M/Assignments/Assignment 1/MPI> was used as the working directory.
Started at Mon Feb 24 16:29:55 2014
Results reported at Mon Feb 24 16:30:25 2014

Your job looked like:

------------------------------------------------------------
# LSBATCH: User input
/gpfs1/openmpi/bin/mpirun ./product 250000
------------------------------------------------------------

Successfully completed.

Resource usage summary:

    CPU time   :      0.14 sec.
    Max Memory :         1 MB
    Max Swap   :        30 MB

    Max Processes  :         1
    Max Threads    :         1

The output (if any) follows:

--------------------------------------------------------------------------
WARNING: It appears that your OpenFabrics subsystem is configured to only
allow registering part of your physical memory.  This can cause MPI jobs to
run with erratic performance, hang, and/or crash.

This may be caused by your OpenFabrics vendor limiting the amount of
physical memory that can be registered.  You should investigate the
relevant Linux kernel module parameters that control how much physical
memory can be registered, and increase them to allow registering all
physical memory on your machine.

See this Open MPI FAQ item for more information on these Linux kernel module
parameters:

    http://www.open-mpi.org/faq/?category=openfabrics#ib-locked-pages

  Local host:              node03
  Registerable memory:     32768 MiB
  Total memory:            65508 MiB

Your MPI job will continue, but may be behave poorly and/or hang.
--------------------------------------------------------------------------
Processor 0: sum of squares up to 250000*250000 is 5208364583375000
This took only 0.002535 seconds.
Processor 1: sum of squares up to 250000*250000 is 5208364583375000
[node03:15083] 1 more process has sent help message help-mpi-btl-openib.txt / reg mem limit low
[node03:15083] Set MCA parameter "orte_base_help_aggregate" to 0 to see all help / error messages
Sender: LSF System <hpcadmin@node04>
Subject: Job 9361: </gpfs1/openmpi/bin/mpirun ./product 800000> Done

Job </gpfs1/openmpi/bin/mpirun ./product 800000> was submitted from host <head1> by user <kmd14> in cluster <head1_cluster1>.
Job was executed on host(s) <2*node04>, in queue <medium_priority>, as user <kmd14> in cluster <head1_cluster1>.
</gpfs1/kmd14> was used as the home directory.
</gpfs1/kmd14/297M/Assignments/Assignment 1/MPI> was used as the working directory.
Started at Mon Feb 24 16:29:56 2014
Results reported at Mon Feb 24 16:30:25 2014

Your job looked like:

------------------------------------------------------------
# LSBATCH: User input
/gpfs1/openmpi/bin/mpirun ./product 800000
------------------------------------------------------------

Successfully completed.

Resource usage summary:

    CPU time   :      0.19 sec.
    Max Memory :         1 MB
    Max Swap   :        30 MB

    Max Processes  :         1
    Max Threads    :         1

The output (if any) follows:

--------------------------------------------------------------------------
WARNING: It appears that your OpenFabrics subsystem is configured to only
allow registering part of your physical memory.  This can cause MPI jobs to
run with erratic performance, hang, and/or crash.

This may be caused by your OpenFabrics vendor limiting the amount of
physical memory that can be registered.  You should investigate the
relevant Linux kernel module parameters that control how much physical
memory can be registered, and increase them to allow registering all
physical memory on your machine.

See this Open MPI FAQ item for more information on these Linux kernel module
parameters:

    http://www.open-mpi.org/faq/?category=openfabrics#ib-locked-pages

  Local host:              node04
  Registerable memory:     32768 MiB
  Total memory:            65508 MiB

Your MPI job will continue, but may be behave poorly and/or hang.
--------------------------------------------------------------------------
Processor 0: sum of squares up to 800000*800000 is 170666986666476896
This took only 0.007627 seconds.
Processor 1: sum of squares up to 800000*800000 is 170666986666476896
[node04:02137] 1 more process has sent help message help-mpi-btl-openib.txt / reg mem limit low
[node04:02137] Set MCA parameter "orte_base_help_aggregate" to 0 to see all help / error messages
Sender: LSF System <hpcadmin@node04>
Subject: Job 9363: </gpfs1/openmpi/bin/mpirun ./product 900000> Done

Job </gpfs1/openmpi/bin/mpirun ./product 900000> was submitted from host <head1> by user <kmd14> in cluster <head1_cluster1>.
Job was executed on host(s) <2*node04>, in queue <medium_priority>, as user <kmd14> in cluster <head1_cluster1>.
</gpfs1/kmd14> was used as the home directory.
</gpfs1/kmd14/297M/Assignments/Assignment 1/MPI> was used as the working directory.
Started at Mon Feb 24 16:29:56 2014
Results reported at Mon Feb 24 16:30:25 2014

Your job looked like:

------------------------------------------------------------
# LSBATCH: User input
/gpfs1/openmpi/bin/mpirun ./product 900000
------------------------------------------------------------

Successfully completed.

Resource usage summary:

    CPU time   :      0.18 sec.
    Max Memory :         1 MB
    Max Swap   :        30 MB

    Max Processes  :         1
    Max Threads    :         1

The output (if any) follows:

--------------------------------------------------------------------------
WARNING: It appears that your OpenFabrics subsystem is configured to only
allow registering part of your physical memory.  This can cause MPI jobs to
run with erratic performance, hang, and/or crash.

This may be caused by your OpenFabrics vendor limiting the amount of
physical memory that can be registered.  You should investigate the
relevant Linux kernel module parameters that control how much physical
memory can be registered, and increase them to allow registering all
physical memory on your machine.

See this Open MPI FAQ item for more information on these Linux kernel module
parameters:

    http://www.open-mpi.org/faq/?category=openfabrics#ib-locked-pages

  Local host:              node04
  Registerable memory:     32768 MiB
  Total memory:            65508 MiB

Your MPI job will continue, but may be behave poorly and/or hang.
--------------------------------------------------------------------------
Processor 0: sum of squares up to 900000*900000 is 243000404999876896
This took only 0.007813 seconds.
Processor 1: sum of squares up to 900000*900000 is 243000404999876896
[node04:02139] 1 more process has sent help message help-mpi-btl-openib.txt / reg mem limit low
[node04:02139] Set MCA parameter "orte_base_help_aggregate" to 0 to see all help / error messages
Sender: LSF System <hpcadmin@node04>
Subject: Job 9359: </gpfs1/openmpi/bin/mpirun ./product 700000> Done

Job </gpfs1/openmpi/bin/mpirun ./product 700000> was submitted from host <head1> by user <kmd14> in cluster <head1_cluster1>.
Job was executed on host(s) <2*node04>, in queue <medium_priority>, as user <kmd14> in cluster <head1_cluster1>.
</gpfs1/kmd14> was used as the home directory.
</gpfs1/kmd14/297M/Assignments/Assignment 1/MPI> was used as the working directory.
Started at Mon Feb 24 16:29:56 2014
Results reported at Mon Feb 24 16:30:25 2014

Your job looked like:

------------------------------------------------------------
# LSBATCH: User input
/gpfs1/openmpi/bin/mpirun ./product 700000
------------------------------------------------------------

Successfully completed.

Resource usage summary:

    CPU time   :      0.19 sec.
    Max Memory :         1 MB
    Max Swap   :        30 MB

    Max Processes  :         1
    Max Threads    :         1

The output (if any) follows:

--------------------------------------------------------------------------
WARNING: It appears that your OpenFabrics subsystem is configured to only
allow registering part of your physical memory.  This can cause MPI jobs to
run with erratic performance, hang, and/or crash.

This may be caused by your OpenFabrics vendor limiting the amount of
physical memory that can be registered.  You should investigate the
relevant Linux kernel module parameters that control how much physical
memory can be registered, and increase them to allow registering all
physical memory on your machine.

See this Open MPI FAQ item for more information on these Linux kernel module
parameters:

    http://www.open-mpi.org/faq/?category=openfabrics#ib-locked-pages

  Local host:              node04
  Registerable memory:     32768 MiB
  Total memory:            65508 MiB

Your MPI job will continue, but may be behave poorly and/or hang.
--------------------------------------------------------------------------
Processor 0: sum of squares up to 700000*700000 is 114333578333189200
This took only 0.006999 seconds.
Processor 1: sum of squares up to 700000*700000 is 114333578333189200
[node04:02126] 1 more process has sent help message help-mpi-btl-openib.txt / reg mem limit low
[node04:02126] Set MCA parameter "orte_base_help_aggregate" to 0 to see all help / error messages
Sender: LSF System <hpcadmin@node04>
Subject: Job 9360: </gpfs1/openmpi/bin/mpirun ./product 750000> Done

Job </gpfs1/openmpi/bin/mpirun ./product 750000> was submitted from host <head1> by user <kmd14> in cluster <head1_cluster1>.
Job was executed on host(s) <2*node04>, in queue <medium_priority>, as user <kmd14> in cluster <head1_cluster1>.
</gpfs1/kmd14> was used as the home directory.
</gpfs1/kmd14/297M/Assignments/Assignment 1/MPI> was used as the working directory.
Started at Mon Feb 24 16:29:56 2014
Results reported at Mon Feb 24 16:30:25 2014

Your job looked like:

------------------------------------------------------------
# LSBATCH: User input
/gpfs1/openmpi/bin/mpirun ./product 750000
------------------------------------------------------------

Successfully completed.

Resource usage summary:

    CPU time   :      0.19 sec.
    Max Memory :         1 MB
    Max Swap   :        30 MB

    Max Processes  :         1
    Max Threads    :         1

The output (if any) follows:

--------------------------------------------------------------------------
WARNING: It appears that your OpenFabrics subsystem is configured to only
allow registering part of your physical memory.  This can cause MPI jobs to
run with erratic performance, hang, and/or crash.

This may be caused by your OpenFabrics vendor limiting the amount of
physical memory that can be registered.  You should investigate the
relevant Linux kernel module parameters that control how much physical
memory can be registered, and increase them to allow registering all
physical memory on your machine.

See this Open MPI FAQ item for more information on these Linux kernel module
parameters:

    http://www.open-mpi.org/faq/?category=openfabrics#ib-locked-pages

  Local host:              node04
  Registerable memory:     32768 MiB
  Total memory:            65508 MiB

Your MPI job will continue, but may be behave poorly and/or hang.
--------------------------------------------------------------------------
Processor 0: sum of squares up to 750000*750000 is 140625281249789200
This took only 0.004281 seconds.
Processor 1: sum of squares up to 750000*750000 is 140625281249789200
[node04:02140] 1 more process has sent help message help-mpi-btl-openib.txt / reg mem limit low
[node04:02140] Set MCA parameter "orte_base_help_aggregate" to 0 to see all help / error messages
Sender: LSF System <hpcadmin@node04>
Subject: Job 9362: </gpfs1/openmpi/bin/mpirun ./product 850000> Done

Job </gpfs1/openmpi/bin/mpirun ./product 850000> was submitted from host <head1> by user <kmd14> in cluster <head1_cluster1>.
Job was executed on host(s) <2*node04>, in queue <medium_priority>, as user <kmd14> in cluster <head1_cluster1>.
</gpfs1/kmd14> was used as the home directory.
</gpfs1/kmd14/297M/Assignments/Assignment 1/MPI> was used as the working directory.
Started at Mon Feb 24 16:29:56 2014
Results reported at Mon Feb 24 16:30:25 2014

Your job looked like:

------------------------------------------------------------
# LSBATCH: User input
/gpfs1/openmpi/bin/mpirun ./product 850000
------------------------------------------------------------

Successfully completed.

Resource usage summary:

    CPU time   :      0.18 sec.
    Max Memory :         1 MB
    Max Swap   :        30 MB

    Max Processes  :         1
    Max Threads    :         1

The output (if any) follows:

--------------------------------------------------------------------------
WARNING: It appears that your OpenFabrics subsystem is configured to only
allow registering part of your physical memory.  This can cause MPI jobs to
run with erratic performance, hang, and/or crash.

This may be caused by your OpenFabrics vendor limiting the amount of
physical memory that can be registered.  You should investigate the
relevant Linux kernel module parameters that control how much physical
memory can be registered, and increase them to allow registering all
physical memory on your machine.

See this Open MPI FAQ item for more information on these Linux kernel module
parameters:

    http://www.open-mpi.org/faq/?category=openfabrics#ib-locked-pages

  Local host:              node04
  Registerable memory:     32768 MiB
  Total memory:            65508 MiB

Your MPI job will continue, but may be behave poorly and/or hang.
--------------------------------------------------------------------------
Processor 0: sum of squares up to 850000*850000 is 204708694583176896
This took only 0.004266 seconds.
Processor 1: sum of squares up to 850000*850000 is 204708694583176896
[node04:02138] 1 more process has sent help message help-mpi-btl-openib.txt / reg mem limit low
[node04:02138] Set MCA parameter "orte_base_help_aggregate" to 0 to see all help / error messages
Sender: LSF System <hpcadmin@node04>
Subject: Job 9358: </gpfs1/openmpi/bin/mpirun ./product 650000> Done

Job </gpfs1/openmpi/bin/mpirun ./product 650000> was submitted from host <head1> by user <kmd14> in cluster <head1_cluster1>.
Job was executed on host(s) <2*node04>, in queue <medium_priority>, as user <kmd14> in cluster <head1_cluster1>.
</gpfs1/kmd14> was used as the home directory.
</gpfs1/kmd14/297M/Assignments/Assignment 1/MPI> was used as the working directory.
Started at Mon Feb 24 16:29:56 2014
Results reported at Mon Feb 24 16:30:25 2014

Your job looked like:

------------------------------------------------------------
# LSBATCH: User input
/gpfs1/openmpi/bin/mpirun ./product 650000
------------------------------------------------------------

Successfully completed.

Resource usage summary:

    CPU time   :      0.20 sec.
    Max Memory :         1 MB
    Max Swap   :        30 MB

    Max Processes  :         1
    Max Threads    :         1

The output (if any) follows:

--------------------------------------------------------------------------
WARNING: It appears that your OpenFabrics subsystem is configured to only
allow registering part of your physical memory.  This can cause MPI jobs to
run with erratic performance, hang, and/or crash.

This may be caused by your OpenFabrics vendor limiting the amount of
physical memory that can be registered.  You should investigate the
relevant Linux kernel module parameters that control how much physical
memory can be registered, and increase them to allow registering all
physical memory on your machine.

See this Open MPI FAQ item for more information on these Linux kernel module
parameters:

    http://www.open-mpi.org/faq/?category=openfabrics#ib-locked-pages

  Local host:              node04
  Registerable memory:     32768 MiB
  Total memory:            65508 MiB

Your MPI job will continue, but may be behave poorly and/or hang.
--------------------------------------------------------------------------
Processor 0: sum of squares up to 650000*650000 is 91541877916589200
This took only 0.006515 seconds.
Processor 1: sum of squares up to 650000*650000 is 91541877916589200
[node04:02121] 1 more process has sent help message help-mpi-btl-openib.txt / reg mem limit low
[node04:02121] Set MCA parameter "orte_base_help_aggregate" to 0 to see all help / error messages
Sender: LSF System <hpcadmin@node01>
Subject: Job 9347: </gpfs1/openmpi/bin/mpirun ./product 100000> Done

Job </gpfs1/openmpi/bin/mpirun ./product 100000> was submitted from host <head1> by user <kmd14> in cluster <head1_cluster1>.
Job was executed on host(s) <2*node01>, in queue <medium_priority>, as user <kmd14> in cluster <head1_cluster1>.
</gpfs1/kmd14> was used as the home directory.
</gpfs1/kmd14/297M/Assignments/Assignment 1/MPI> was used as the working directory.
Started at Mon Feb 24 16:29:56 2014
Results reported at Mon Feb 24 16:30:31 2014

Your job looked like:

------------------------------------------------------------
# LSBATCH: User input
/gpfs1/openmpi/bin/mpirun ./product 100000
------------------------------------------------------------

Successfully completed.

Resource usage summary:

    CPU time   :      0.11 sec.
    Max Memory :         1 MB
    Max Swap   :        30 MB

    Max Processes  :         1
    Max Threads    :         1

The output (if any) follows:

--------------------------------------------------------------------------
WARNING: It appears that your OpenFabrics subsystem is configured to only
allow registering part of your physical memory.  This can cause MPI jobs to
run with erratic performance, hang, and/or crash.

This may be caused by your OpenFabrics vendor limiting the amount of
physical memory that can be registered.  You should investigate the
relevant Linux kernel module parameters that control how much physical
memory can be registered, and increase them to allow registering all
physical memory on your machine.

See this Open MPI FAQ item for more information on these Linux kernel module
parameters:

    http://www.open-mpi.org/faq/?category=openfabrics#ib-locked-pages

  Local host:              node01
  Registerable memory:     32768 MiB
  Total memory:            65508 MiB

Your MPI job will continue, but may be behave poorly and/or hang.
--------------------------------------------------------------------------
Processor 0: sum of squares up to 100000*100000 is 333338333350000
This took only 0.001171 seconds.
Processor 1: sum of squares up to 100000*100000 is 333338333350000
[node01:22569] 1 more process has sent help message help-mpi-btl-openib.txt / reg mem limit low
[node01:22569] Set MCA parameter "orte_base_help_aggregate" to 0 to see all help / error messages
