Sender: LSF System <hpcadmin@node08>
Subject: Job 16499: </gpfs1/openmpi/bin/mpirun ./hybrid 1 1000000> Done

Job </gpfs1/openmpi/bin/mpirun ./hybrid 1 1000000> was submitted from host <head1> by user <kmd14> in cluster <head1_cluster1>.
Job was executed on host(s) <1*node08>, in queue <medium_priority>, as user <kmd14> in cluster <head1_cluster1>.
                            <1*node14>
                            <1*node13>
                            <1*node16>
</gpfs1/kmd14> was used as the home directory.
</gpfs1/kmd14/297M/Assignments/ExtraGrades/mergesort> was used as the working directory.
Started at Wed Apr 16 02:38:00 2014
Results reported at Wed Apr 16 02:38:05 2014

Your job looked like:

------------------------------------------------------------
# LSBATCH: User input
/gpfs1/openmpi/bin/mpirun ./hybrid 1 1000000
------------------------------------------------------------

Successfully completed.

Resource usage summary:

    CPU time   :      2.14 sec.
    Max Memory :         1 MB
    Max Swap   :        30 MB

    Max Processes  :         1
    Max Threads    :         1

The output (if any) follows:

--------------------------------------------------------------------------
WARNING: It appears that your OpenFabrics subsystem is configured to only
allow registering part of your physical memory.  This can cause MPI jobs to
run with erratic performance, hang, and/or crash.

This may be caused by your OpenFabrics vendor limiting the amount of
physical memory that can be registered.  You should investigate the
relevant Linux kernel module parameters that control how much physical
memory can be registered, and increase them to allow registering all
physical memory on your machine.

See this Open MPI FAQ item for more information on these Linux kernel module
parameters:

    http://www.open-mpi.org/faq/?category=openfabrics#ib-locked-pages

  Local host:              node14
  Registerable memory:     32768 MiB
  Total memory:            65508 MiB

Your MPI job will continue, but may be behave poorly and/or hang.
--------------------------------------------------------------------------
[Threads] Nodes: 4 Threads/Node: 1
[Realtime]	 0.607995
[Clocktime]	 0.500000
[node08:08323] 3 more processes have sent help message help-mpi-btl-openib.txt / reg mem limit low
[node08:08323] Set MCA parameter "orte_base_help_aggregate" to 0 to see all help / error messages
Sender: LSF System <hpcadmin@node10>
Subject: Job 16498: </gpfs1/openmpi/bin/mpirun ./hybrid 1 10000> Done

Job </gpfs1/openmpi/bin/mpirun ./hybrid 1 10000> was submitted from host <head1> by user <kmd14> in cluster <head1_cluster1>.
Job was executed on host(s) <1*node10>, in queue <medium_priority>, as user <kmd14> in cluster <head1_cluster1>.
                            <1*node08>
                            <1*node14>
                            <1*node13>
</gpfs1/kmd14> was used as the home directory.
</gpfs1/kmd14/297M/Assignments/ExtraGrades/mergesort> was used as the working directory.
Started at Wed Apr 16 02:38:00 2014
Results reported at Wed Apr 16 02:38:07 2014

Your job looked like:

------------------------------------------------------------
# LSBATCH: User input
/gpfs1/openmpi/bin/mpirun ./hybrid 1 10000
------------------------------------------------------------

Successfully completed.

Resource usage summary:

    CPU time   :      0.33 sec.
    Max Memory :         2 MB
    Max Swap   :        30 MB

    Max Processes  :         1
    Max Threads    :         1

The output (if any) follows:

--------------------------------------------------------------------------
WARNING: It appears that your OpenFabrics subsystem is configured to only
allow registering part of your physical memory.  This can cause MPI jobs to
run with erratic performance, hang, and/or crash.

This may be caused by your OpenFabrics vendor limiting the amount of
physical memory that can be registered.  You should investigate the
relevant Linux kernel module parameters that control how much physical
memory can be registered, and increase them to allow registering all
physical memory on your machine.

See this Open MPI FAQ item for more information on these Linux kernel module
parameters:

    http://www.open-mpi.org/faq/?category=openfabrics#ib-locked-pages

  Local host:              node10
  Registerable memory:     32768 MiB
  Total memory:            65508 MiB

Your MPI job will continue, but may be behave poorly and/or hang.
--------------------------------------------------------------------------
[Threads] Nodes: 4 Threads/Node: 1
[Realtime]	 0.135359
[Clocktime]	 0.070000
[node10:31844] 3 more processes have sent help message help-mpi-btl-openib.txt / reg mem limit low
[node10:31844] Set MCA parameter "orte_base_help_aggregate" to 0 to see all help / error messages
Sender: LSF System <hpcadmin@node08>
Subject: Job 16500: </gpfs1/openmpi/bin/mpirun ./hybrid 1 100000000> Done

Job </gpfs1/openmpi/bin/mpirun ./hybrid 1 100000000> was submitted from host <head1> by user <kmd14> in cluster <head1_cluster1>.
Job was executed on host(s) <1*node08>, in queue <medium_priority>, as user <kmd14> in cluster <head1_cluster1>.
                            <1*node14>
                            <1*node13>
                            <1*node16>
</gpfs1/kmd14> was used as the home directory.
</gpfs1/kmd14/297M/Assignments/ExtraGrades/mergesort> was used as the working directory.
Started at Wed Apr 16 02:38:05 2014
Results reported at Wed Apr 16 02:40:06 2014

Your job looked like:

------------------------------------------------------------
# LSBATCH: User input
/gpfs1/openmpi/bin/mpirun ./hybrid 1 100000000
------------------------------------------------------------

Successfully completed.

Resource usage summary:

    CPU time   :    191.35 sec.
    Max Memory :        11 MB
    Max Swap   :       167 MB

    Max Processes  :         2
    Max Threads    :         4

The output (if any) follows:

--------------------------------------------------------------------------
WARNING: It appears that your OpenFabrics subsystem is configured to only
allow registering part of your physical memory.  This can cause MPI jobs to
run with erratic performance, hang, and/or crash.

This may be caused by your OpenFabrics vendor limiting the amount of
physical memory that can be registered.  You should investigate the
relevant Linux kernel module parameters that control how much physical
memory can be registered, and increase them to allow registering all
physical memory on your machine.

See this Open MPI FAQ item for more information on these Linux kernel module
parameters:

    http://www.open-mpi.org/faq/?category=openfabrics#ib-locked-pages

  Local host:              node14
  Registerable memory:     32768 MiB
  Total memory:            65508 MiB

Your MPI job will continue, but may be behave poorly and/or hang.
--------------------------------------------------------------------------
[Threads] Nodes: 4 Threads/Node: 1
[node08:08335] 3 more processes have sent help message help-mpi-btl-openib.txt / reg mem limit low
[node08:08335] Set MCA parameter "orte_base_help_aggregate" to 0 to see all help / error messages
[Realtime]	 59.064789
[Clocktime]	 46.640000
Sender: LSF System <hpcadmin@node10>
Subject: Job 16501: </gpfs1/openmpi/bin/mpirun ./hybrid 1 200000000> Done

Job </gpfs1/openmpi/bin/mpirun ./hybrid 1 200000000> was submitted from host <head1> by user <kmd14> in cluster <head1_cluster1>.
Job was executed on host(s) <1*node10>, in queue <medium_priority>, as user <kmd14> in cluster <head1_cluster1>.
                            <1*node14>
                            <1*node13>
                            <1*node08>
</gpfs1/kmd14> was used as the home directory.
</gpfs1/kmd14/297M/Assignments/ExtraGrades/mergesort> was used as the working directory.
Started at Wed Apr 16 02:38:09 2014
Results reported at Wed Apr 16 02:40:58 2014

Your job looked like:

------------------------------------------------------------
# LSBATCH: User input
/gpfs1/openmpi/bin/mpirun ./hybrid 1 200000000
------------------------------------------------------------

Successfully completed.

Resource usage summary:

    CPU time   :    434.62 sec.
    Max Memory :       797 MB
    Max Swap   :      1881 MB

    Max Processes  :         6
    Max Threads    :        12

The output (if any) follows:

--------------------------------------------------------------------------
WARNING: It appears that your OpenFabrics subsystem is configured to only
allow registering part of your physical memory.  This can cause MPI jobs to
run with erratic performance, hang, and/or crash.

This may be caused by your OpenFabrics vendor limiting the amount of
physical memory that can be registered.  You should investigate the
relevant Linux kernel module parameters that control how much physical
memory can be registered, and increase them to allow registering all
physical memory on your machine.

See this Open MPI FAQ item for more information on these Linux kernel module
parameters:

    http://www.open-mpi.org/faq/?category=openfabrics#ib-locked-pages

  Local host:              node10
  Registerable memory:     32768 MiB
  Total memory:            65508 MiB

Your MPI job will continue, but may be behave poorly and/or hang.
--------------------------------------------------------------------------
[Threads] Nodes: 4 Threads/Node: 1
[node10:31895] 3 more processes have sent help message help-mpi-btl-openib.txt / reg mem limit low
[node10:31895] Set MCA parameter "orte_base_help_aggregate" to 0 to see all help / error messages
[Realtime]	 156.921937
[Clocktime]	 134.210000
Sender: LSF System <hpcadmin@node10>
Subject: Job 16502: </gpfs1/openmpi/bin/mpirun ./hybrid 1 400000000> Done

Job </gpfs1/openmpi/bin/mpirun ./hybrid 1 400000000> was submitted from host <head1> by user <kmd14> in cluster <head1_cluster1>.
Job was executed on host(s) <1*node10>, in queue <medium_priority>, as user <kmd14> in cluster <head1_cluster1>.
                            <1*node14>
                            <1*node03>
                            <1*node08>
</gpfs1/kmd14> was used as the home directory.
</gpfs1/kmd14/297M/Assignments/ExtraGrades/mergesort> was used as the working directory.
Started at Wed Apr 16 02:38:16 2014
Results reported at Wed Apr 16 02:42:20 2014

Your job looked like:

------------------------------------------------------------
# LSBATCH: User input
/gpfs1/openmpi/bin/mpirun ./hybrid 1 400000000
------------------------------------------------------------

Successfully completed.

Resource usage summary:

    CPU time   :    715.91 sec.
    Max Memory :      2258 MB
    Max Swap   :      3552 MB

    Max Processes  :         6
    Max Threads    :        12

The output (if any) follows:

--------------------------------------------------------------------------
WARNING: It appears that your OpenFabrics subsystem is configured to only
allow registering part of your physical memory.  This can cause MPI jobs to
run with erratic performance, hang, and/or crash.

This may be caused by your OpenFabrics vendor limiting the amount of
physical memory that can be registered.  You should investigate the
relevant Linux kernel module parameters that control how much physical
memory can be registered, and increase them to allow registering all
physical memory on your machine.

See this Open MPI FAQ item for more information on these Linux kernel module
parameters:

    http://www.open-mpi.org/faq/?category=openfabrics#ib-locked-pages

  Local host:              node10
  Registerable memory:     32768 MiB
  Total memory:            65508 MiB

Your MPI job will continue, but may be behave poorly and/or hang.
--------------------------------------------------------------------------
[node10:31904] 3 more processes have sent help message help-mpi-btl-openib.txt / reg mem limit low
[node10:31904] Set MCA parameter "orte_base_help_aggregate" to 0 to see all help / error messages
[Threads] Nodes: 4 Threads/Node: 1
[Realtime]	 230.451749
[Clocktime]	 203.140000
Sender: LSF System <hpcadmin@node15>
Subject: Job 16503: </gpfs1/openmpi/bin/mpirun ./hybrid 1 500000000> Done

Job </gpfs1/openmpi/bin/mpirun ./hybrid 1 500000000> was submitted from host <head1> by user <kmd14> in cluster <head1_cluster1>.
Job was executed on host(s) <1*node15>, in queue <medium_priority>, as user <kmd14> in cluster <head1_cluster1>.
                            <1*node02>
                            <1*node13>
                            <1*node16>
</gpfs1/kmd14> was used as the home directory.
</gpfs1/kmd14/297M/Assignments/ExtraGrades/mergesort> was used as the working directory.
Started at Wed Apr 16 02:38:25 2014
Results reported at Wed Apr 16 02:43:50 2014

Your job looked like:

------------------------------------------------------------
# LSBATCH: User input
/gpfs1/openmpi/bin/mpirun ./hybrid 1 500000000
------------------------------------------------------------

Successfully completed.

Resource usage summary:

    CPU time   :   1053.32 sec.
    Max Memory :      1749 MB
    Max Swap   :      3361 MB

    Max Processes  :         6
    Max Threads    :        12

The output (if any) follows:

--------------------------------------------------------------------------
WARNING: It appears that your OpenFabrics subsystem is configured to only
allow registering part of your physical memory.  This can cause MPI jobs to
run with erratic performance, hang, and/or crash.

This may be caused by your OpenFabrics vendor limiting the amount of
physical memory that can be registered.  You should investigate the
relevant Linux kernel module parameters that control how much physical
memory can be registered, and increase them to allow registering all
physical memory on your machine.

See this Open MPI FAQ item for more information on these Linux kernel module
parameters:

    http://www.open-mpi.org/faq/?category=openfabrics#ib-locked-pages

  Local host:              node15
  Registerable memory:     32768 MiB
  Total memory:            65508 MiB

Your MPI job will continue, but may be behave poorly and/or hang.
--------------------------------------------------------------------------
[node15:28653] 3 more processes have sent help message help-mpi-btl-openib.txt / reg mem limit low
[node15:28653] Set MCA parameter "orte_base_help_aggregate" to 0 to see all help / error messages
[Threads] Nodes: 4 Threads/Node: 1
[Realtime]	 311.203351
[Clocktime]	 294.120000
