Sender: LSF System <hpcadmin@node13>
Subject: Job 16528: </gpfs1/openmpi/bin/mpirun ./hybrid 4 10000> Done

Job </gpfs1/openmpi/bin/mpirun ./hybrid 4 10000> was submitted from host <head1> by user <kmd14> in cluster <head1_cluster1>.
Job was executed on host(s) <1*node13>, in queue <medium_priority>, as user <kmd14> in cluster <head1_cluster1>.
                            <1*node03>
</gpfs1/kmd14> was used as the home directory.
</gpfs1/kmd14/297M/Assignments/ExtraGrades/mergesort> was used as the working directory.
Started at Wed Apr 16 02:38:36 2014
Results reported at Wed Apr 16 02:38:39 2014

Your job looked like:

------------------------------------------------------------
# LSBATCH: User input
/gpfs1/openmpi/bin/mpirun ./hybrid 4 10000
------------------------------------------------------------

Successfully completed.

Resource usage summary:

    CPU time   :      1.19 sec.
    Max Memory :         2 MB
    Max Swap   :        30 MB

    Max Processes  :         1
    Max Threads    :         1

The output (if any) follows:

--------------------------------------------------------------------------
WARNING: It appears that your OpenFabrics subsystem is configured to only
allow registering part of your physical memory.  This can cause MPI jobs to
run with erratic performance, hang, and/or crash.

This may be caused by your OpenFabrics vendor limiting the amount of
physical memory that can be registered.  You should investigate the
relevant Linux kernel module parameters that control how much physical
memory can be registered, and increase them to allow registering all
physical memory on your machine.

See this Open MPI FAQ item for more information on these Linux kernel module
parameters:

    http://www.open-mpi.org/faq/?category=openfabrics#ib-locked-pages

  Local host:              node13
  Registerable memory:     32768 MiB
  Total memory:            65508 MiB

Your MPI job will continue, but may be behave poorly and/or hang.
--------------------------------------------------------------------------
[Threads] Nodes: 2 Threads/Node: 4
[Realtime]	 0.168784
[Clocktime]	 0.350000
[node13:29780] 1 more process has sent help message help-mpi-btl-openib.txt / reg mem limit low
[node13:29780] Set MCA parameter "orte_base_help_aggregate" to 0 to see all help / error messages
Sender: LSF System <hpcadmin@node13>
Subject: Job 16529: </gpfs1/openmpi/bin/mpirun ./hybrid 4 1000000> Done

Job </gpfs1/openmpi/bin/mpirun ./hybrid 4 1000000> was submitted from host <head1> by user <kmd14> in cluster <head1_cluster1>.
Job was executed on host(s) <1*node13>, in queue <medium_priority>, as user <kmd14> in cluster <head1_cluster1>.
                            <1*node14>
</gpfs1/kmd14> was used as the home directory.
</gpfs1/kmd14/297M/Assignments/ExtraGrades/mergesort> was used as the working directory.
Started at Wed Apr 16 02:38:39 2014
Results reported at Wed Apr 16 02:38:42 2014

Your job looked like:

------------------------------------------------------------
# LSBATCH: User input
/gpfs1/openmpi/bin/mpirun ./hybrid 4 1000000
------------------------------------------------------------

Successfully completed.

Resource usage summary:

    CPU time   :      3.03 sec.
    Max Memory :         2 MB
    Max Swap   :        30 MB

    Max Processes  :         1
    Max Threads    :         1

The output (if any) follows:

--------------------------------------------------------------------------
WARNING: It appears that your OpenFabrics subsystem is configured to only
allow registering part of your physical memory.  This can cause MPI jobs to
run with erratic performance, hang, and/or crash.

This may be caused by your OpenFabrics vendor limiting the amount of
physical memory that can be registered.  You should investigate the
relevant Linux kernel module parameters that control how much physical
memory can be registered, and increase them to allow registering all
physical memory on your machine.

See this Open MPI FAQ item for more information on these Linux kernel module
parameters:

    http://www.open-mpi.org/faq/?category=openfabrics#ib-locked-pages

  Local host:              node13
  Registerable memory:     32768 MiB
  Total memory:            65508 MiB

Your MPI job will continue, but may be behave poorly and/or hang.
--------------------------------------------------------------------------
[Threads] Nodes: 2 Threads/Node: 4
[Realtime]	 0.528321
[Clocktime]	 1.510000
[node13:29811] 1 more process has sent help message help-mpi-btl-openib.txt / reg mem limit low
[node13:29811] Set MCA parameter "orte_base_help_aggregate" to 0 to see all help / error messages
Sender: LSF System <hpcadmin@node13>
Subject: Job 16530: </gpfs1/openmpi/bin/mpirun ./hybrid 4 100000000> Done

Job </gpfs1/openmpi/bin/mpirun ./hybrid 4 100000000> was submitted from host <head1> by user <kmd14> in cluster <head1_cluster1>.
Job was executed on host(s) <1*node13>, in queue <medium_priority>, as user <kmd14> in cluster <head1_cluster1>.
                            <1*node14>
</gpfs1/kmd14> was used as the home directory.
</gpfs1/kmd14/297M/Assignments/ExtraGrades/mergesort> was used as the working directory.
Started at Wed Apr 16 02:38:43 2014
Results reported at Wed Apr 16 02:39:12 2014

Your job looked like:

------------------------------------------------------------
# LSBATCH: User input
/gpfs1/openmpi/bin/mpirun ./hybrid 4 100000000
------------------------------------------------------------

Successfully completed.

Resource usage summary:

    CPU time   :     91.92 sec.
    Max Memory :         2 MB
    Max Swap   :        30 MB

    Max Processes  :         1
    Max Threads    :         1

The output (if any) follows:

--------------------------------------------------------------------------
WARNING: It appears that your OpenFabrics subsystem is configured to only
allow registering part of your physical memory.  This can cause MPI jobs to
run with erratic performance, hang, and/or crash.

This may be caused by your OpenFabrics vendor limiting the amount of
physical memory that can be registered.  You should investigate the
relevant Linux kernel module parameters that control how much physical
memory can be registered, and increase them to allow registering all
physical memory on your machine.

See this Open MPI FAQ item for more information on these Linux kernel module
parameters:

    http://www.open-mpi.org/faq/?category=openfabrics#ib-locked-pages

  Local host:              node13
  Registerable memory:     32768 MiB
  Total memory:            65508 MiB

Your MPI job will continue, but may be behave poorly and/or hang.
--------------------------------------------------------------------------
[Threads] Nodes: 2 Threads/Node: 4
[node13:29836] 1 more process has sent help message help-mpi-btl-openib.txt / reg mem limit low
[node13:29836] Set MCA parameter "orte_base_help_aggregate" to 0 to see all help / error messages
[Realtime]	 24.544323
[Clocktime]	 46.730000
Sender: LSF System <hpcadmin@node15>
Subject: Job 16531: </gpfs1/openmpi/bin/mpirun ./hybrid 4 200000000> Done

Job </gpfs1/openmpi/bin/mpirun ./hybrid 4 200000000> was submitted from host <head1> by user <kmd14> in cluster <head1_cluster1>.
Job was executed on host(s) <1*node15>, in queue <medium_priority>, as user <kmd14> in cluster <head1_cluster1>.
                            <1*node03>
</gpfs1/kmd14> was used as the home directory.
</gpfs1/kmd14/297M/Assignments/ExtraGrades/mergesort> was used as the working directory.
Started at Wed Apr 16 02:38:57 2014
Results reported at Wed Apr 16 02:39:43 2014

Your job looked like:

------------------------------------------------------------
# LSBATCH: User input
/gpfs1/openmpi/bin/mpirun ./hybrid 4 200000000
------------------------------------------------------------

Successfully completed.

Resource usage summary:

    CPU time   :    176.50 sec.
    Max Memory :         1 MB
    Max Swap   :        30 MB

    Max Processes  :         1
    Max Threads    :         1

The output (if any) follows:

--------------------------------------------------------------------------
WARNING: It appears that your OpenFabrics subsystem is configured to only
allow registering part of your physical memory.  This can cause MPI jobs to
run with erratic performance, hang, and/or crash.

This may be caused by your OpenFabrics vendor limiting the amount of
physical memory that can be registered.  You should investigate the
relevant Linux kernel module parameters that control how much physical
memory can be registered, and increase them to allow registering all
physical memory on your machine.

See this Open MPI FAQ item for more information on these Linux kernel module
parameters:

    http://www.open-mpi.org/faq/?category=openfabrics#ib-locked-pages

  Local host:              node15
  Registerable memory:     32768 MiB
  Total memory:            65508 MiB

Your MPI job will continue, but may be behave poorly and/or hang.
--------------------------------------------------------------------------
[node15:28750] 1 more process has sent help message help-mpi-btl-openib.txt / reg mem limit low
[node15:28750] Set MCA parameter "orte_base_help_aggregate" to 0 to see all help / error messages
[Threads] Nodes: 2 Threads/Node: 4
[Realtime]	 40.437105
[Clocktime]	 85.570000
Sender: LSF System <hpcadmin@node15>
Subject: Job 16532: </gpfs1/openmpi/bin/mpirun ./hybrid 4 400000000> Done

Job </gpfs1/openmpi/bin/mpirun ./hybrid 4 400000000> was submitted from host <head1> by user <kmd14> in cluster <head1_cluster1>.
Job was executed on host(s) <1*node15>, in queue <medium_priority>, as user <kmd14> in cluster <head1_cluster1>.
                            <1*node13>
</gpfs1/kmd14> was used as the home directory.
</gpfs1/kmd14/297M/Assignments/ExtraGrades/mergesort> was used as the working directory.
Started at Wed Apr 16 02:39:01 2014
Results reported at Wed Apr 16 02:40:45 2014

Your job looked like:

------------------------------------------------------------
# LSBATCH: User input
/gpfs1/openmpi/bin/mpirun ./hybrid 4 400000000
------------------------------------------------------------

Successfully completed.

Resource usage summary:

    CPU time   :    367.83 sec.
    Max Memory :        10 MB
    Max Swap   :       167 MB

    Max Processes  :         2
    Max Threads    :         4

The output (if any) follows:

--------------------------------------------------------------------------
WARNING: It appears that your OpenFabrics subsystem is configured to only
allow registering part of your physical memory.  This can cause MPI jobs to
run with erratic performance, hang, and/or crash.

This may be caused by your OpenFabrics vendor limiting the amount of
physical memory that can be registered.  You should investigate the
relevant Linux kernel module parameters that control how much physical
memory can be registered, and increase them to allow registering all
physical memory on your machine.

See this Open MPI FAQ item for more information on these Linux kernel module
parameters:

    http://www.open-mpi.org/faq/?category=openfabrics#ib-locked-pages

  Local host:              node13
  Registerable memory:     32768 MiB
  Total memory:            65508 MiB

Your MPI job will continue, but may be behave poorly and/or hang.
--------------------------------------------------------------------------
[node15:28784] 1 more process has sent help message help-mpi-btl-openib.txt / reg mem limit low
[node15:28784] Set MCA parameter "orte_base_help_aggregate" to 0 to see all help / error messages
[Threads] Nodes: 2 Threads/Node: 4
[Realtime]	 91.071180
[Clocktime]	 182.880000
Sender: LSF System <hpcadmin@node15>
Subject: Job 16533: </gpfs1/openmpi/bin/mpirun ./hybrid 4 500000000> Done

Job </gpfs1/openmpi/bin/mpirun ./hybrid 4 500000000> was submitted from host <head1> by user <kmd14> in cluster <head1_cluster1>.
Job was executed on host(s) <1*node15>, in queue <medium_priority>, as user <kmd14> in cluster <head1_cluster1>.
                            <1*node13>
</gpfs1/kmd14> was used as the home directory.
</gpfs1/kmd14/297M/Assignments/ExtraGrades/mergesort> was used as the working directory.
Started at Wed Apr 16 02:39:01 2014
Results reported at Wed Apr 16 02:41:26 2014

Your job looked like:

------------------------------------------------------------
# LSBATCH: User input
/gpfs1/openmpi/bin/mpirun ./hybrid 4 500000000
------------------------------------------------------------

Successfully completed.

Resource usage summary:

    CPU time   :    513.22 sec.
    Max Memory :        10 MB
    Max Swap   :       167 MB

    Max Processes  :         2
    Max Threads    :         4

The output (if any) follows:

--------------------------------------------------------------------------
WARNING: It appears that your OpenFabrics subsystem is configured to only
allow registering part of your physical memory.  This can cause MPI jobs to
run with erratic performance, hang, and/or crash.

This may be caused by your OpenFabrics vendor limiting the amount of
physical memory that can be registered.  You should investigate the
relevant Linux kernel module parameters that control how much physical
memory can be registered, and increase them to allow registering all
physical memory on your machine.

See this Open MPI FAQ item for more information on these Linux kernel module
parameters:

    http://www.open-mpi.org/faq/?category=openfabrics#ib-locked-pages

  Local host:              node15
  Registerable memory:     32768 MiB
  Total memory:            65508 MiB

Your MPI job will continue, but may be behave poorly and/or hang.
--------------------------------------------------------------------------
[node15:28783] 1 more process has sent help message help-mpi-btl-openib.txt / reg mem limit low
[node15:28783] Set MCA parameter "orte_base_help_aggregate" to 0 to see all help / error messages
[Threads] Nodes: 2 Threads/Node: 4
[Realtime]	 128.786993
[Clocktime]	 249.280000
