Sender: LSF System <hpcadmin@node03>
Subject: Job 16582: </gpfs1/openmpi/bin/mpirun ./hybrid 12 10000> Done

Job </gpfs1/openmpi/bin/mpirun ./hybrid 12 10000> was submitted from host <head1> by user <kmd14> in cluster <head1_cluster1>.
Job was executed on host(s) <1*node03>, in queue <medium_priority>, as user <kmd14> in cluster <head1_cluster1>.
                            <1*node08>
</gpfs1/kmd14> was used as the home directory.
</gpfs1/kmd14/297M/Assignments/ExtraGrades/mergesort> was used as the working directory.
Started at Wed Apr 16 02:40:26 2014
Results reported at Wed Apr 16 02:40:44 2014

Your job looked like:

------------------------------------------------------------
# LSBATCH: User input
/gpfs1/openmpi/bin/mpirun ./hybrid 12 10000
------------------------------------------------------------

Successfully completed.

Resource usage summary:

    CPU time   :      2.75 sec.
    Max Memory :         2 MB
    Max Swap   :        82 MB

    Max Processes  :         2
    Max Threads    :         2

The output (if any) follows:

--------------------------------------------------------------------------
WARNING: It appears that your OpenFabrics subsystem is configured to only
allow registering part of your physical memory.  This can cause MPI jobs to
run with erratic performance, hang, and/or crash.

This may be caused by your OpenFabrics vendor limiting the amount of
physical memory that can be registered.  You should investigate the
relevant Linux kernel module parameters that control how much physical
memory can be registered, and increase them to allow registering all
physical memory on your machine.

See this Open MPI FAQ item for more information on these Linux kernel module
parameters:

    http://www.open-mpi.org/faq/?category=openfabrics#ib-locked-pages

  Local host:              node03
  Registerable memory:     32768 MiB
  Total memory:            65508 MiB

Your MPI job will continue, but may be behave poorly and/or hang.
--------------------------------------------------------------------------
[Threads] Nodes: 2 Threads/Node: 12
[Realtime]	 0.608574
[Clocktime]	 2.000000
[node03:04718] 1 more process has sent help message help-mpi-btl-openib.txt / reg mem limit low
[node03:04718] Set MCA parameter "orte_base_help_aggregate" to 0 to see all help / error messages
Sender: LSF System <hpcadmin@node03>
Subject: Job 16583: </gpfs1/openmpi/bin/mpirun ./hybrid 12 1000000> Done

Job </gpfs1/openmpi/bin/mpirun ./hybrid 12 1000000> was submitted from host <head1> by user <kmd14> in cluster <head1_cluster1>.
Job was executed on host(s) <1*node03>, in queue <medium_priority>, as user <kmd14> in cluster <head1_cluster1>.
                            <1*node16>
</gpfs1/kmd14> was used as the home directory.
</gpfs1/kmd14/297M/Assignments/ExtraGrades/mergesort> was used as the working directory.
Started at Wed Apr 16 02:40:35 2014
Results reported at Wed Apr 16 02:40:47 2014

Your job looked like:

------------------------------------------------------------
# LSBATCH: User input
/gpfs1/openmpi/bin/mpirun ./hybrid 12 1000000
------------------------------------------------------------

Successfully completed.

Resource usage summary:

    CPU time   :      4.51 sec.
    Max Memory :         1 MB
    Max Swap   :        82 MB

    Max Processes  :         2
    Max Threads    :         2

The output (if any) follows:

--------------------------------------------------------------------------
WARNING: It appears that your OpenFabrics subsystem is configured to only
allow registering part of your physical memory.  This can cause MPI jobs to
run with erratic performance, hang, and/or crash.

This may be caused by your OpenFabrics vendor limiting the amount of
physical memory that can be registered.  You should investigate the
relevant Linux kernel module parameters that control how much physical
memory can be registered, and increase them to allow registering all
physical memory on your machine.

See this Open MPI FAQ item for more information on these Linux kernel module
parameters:

    http://www.open-mpi.org/faq/?category=openfabrics#ib-locked-pages

  Local host:              node03
  Registerable memory:     32768 MiB
  Total memory:            65508 MiB

Your MPI job will continue, but may be behave poorly and/or hang.
--------------------------------------------------------------------------
[Threads] Nodes: 2 Threads/Node: 12
[Realtime]	 1.103066
[Clocktime]	 3.250000
[node03:04930] 1 more process has sent help message help-mpi-btl-openib.txt / reg mem limit low
[node03:04930] Set MCA parameter "orte_base_help_aggregate" to 0 to see all help / error messages
Sender: LSF System <hpcadmin@node16>
Subject: Job 16584: </gpfs1/openmpi/bin/mpirun ./hybrid 12 100000000> Done

Job </gpfs1/openmpi/bin/mpirun ./hybrid 12 100000000> was submitted from host <head1> by user <kmd14> in cluster <head1_cluster1>.
Job was executed on host(s) <1*node16>, in queue <medium_priority>, as user <kmd14> in cluster <head1_cluster1>.
                            <1*node10>
</gpfs1/kmd14> was used as the home directory.
</gpfs1/kmd14/297M/Assignments/ExtraGrades/mergesort> was used as the working directory.
Started at Wed Apr 16 02:40:27 2014
Results reported at Wed Apr 16 02:41:01 2014

Your job looked like:

------------------------------------------------------------
# LSBATCH: User input
/gpfs1/openmpi/bin/mpirun ./hybrid 12 100000000
------------------------------------------------------------

Successfully completed.

Resource usage summary:

    CPU time   :     84.99 sec.
    Max Memory :         2 MB
    Max Swap   :        30 MB

    Max Processes  :         1
    Max Threads    :         1

The output (if any) follows:

--------------------------------------------------------------------------
WARNING: It appears that your OpenFabrics subsystem is configured to only
allow registering part of your physical memory.  This can cause MPI jobs to
run with erratic performance, hang, and/or crash.

This may be caused by your OpenFabrics vendor limiting the amount of
physical memory that can be registered.  You should investigate the
relevant Linux kernel module parameters that control how much physical
memory can be registered, and increase them to allow registering all
physical memory on your machine.

See this Open MPI FAQ item for more information on these Linux kernel module
parameters:

    http://www.open-mpi.org/faq/?category=openfabrics#ib-locked-pages

  Local host:              node10
  Registerable memory:     32768 MiB
  Total memory:            65508 MiB

Your MPI job will continue, but may be behave poorly and/or hang.
--------------------------------------------------------------------------
[Threads] Nodes: 2 Threads/Node: 12
[node16:24558] 1 more process has sent help message help-mpi-btl-openib.txt / reg mem limit low
[node16:24558] Set MCA parameter "orte_base_help_aggregate" to 0 to see all help / error messages
[Realtime]	 25.120871
[Clocktime]	 37.470000
Sender: LSF System <hpcadmin@node10>
Subject: Job 16585: </gpfs1/openmpi/bin/mpirun ./hybrid 12 200000000> Done

Job </gpfs1/openmpi/bin/mpirun ./hybrid 12 200000000> was submitted from host <head1> by user <kmd14> in cluster <head1_cluster1>.
Job was executed on host(s) <1*node10>, in queue <medium_priority>, as user <kmd14> in cluster <head1_cluster1>.
                            <1*node15>
</gpfs1/kmd14> was used as the home directory.
</gpfs1/kmd14/297M/Assignments/ExtraGrades/mergesort> was used as the working directory.
Started at Wed Apr 16 02:40:30 2014
Results reported at Wed Apr 16 02:41:16 2014

Your job looked like:

------------------------------------------------------------
# LSBATCH: User input
/gpfs1/openmpi/bin/mpirun ./hybrid 12 200000000
------------------------------------------------------------

Successfully completed.

Resource usage summary:

    CPU time   :    178.45 sec.
    Max Memory :         2 MB
    Max Swap   :        30 MB

    Max Processes  :         1
    Max Threads    :         1

The output (if any) follows:

--------------------------------------------------------------------------
WARNING: It appears that your OpenFabrics subsystem is configured to only
allow registering part of your physical memory.  This can cause MPI jobs to
run with erratic performance, hang, and/or crash.

This may be caused by your OpenFabrics vendor limiting the amount of
physical memory that can be registered.  You should investigate the
relevant Linux kernel module parameters that control how much physical
memory can be registered, and increase them to allow registering all
physical memory on your machine.

See this Open MPI FAQ item for more information on these Linux kernel module
parameters:

    http://www.open-mpi.org/faq/?category=openfabrics#ib-locked-pages

  Local host:              node10
  Registerable memory:     32768 MiB
  Total memory:            65508 MiB

Your MPI job will continue, but may be behave poorly and/or hang.
--------------------------------------------------------------------------
[Threads] Nodes: 2 Threads/Node: 12
[node10:00832] 1 more process has sent help message help-mpi-btl-openib.txt / reg mem limit low
[node10:00832] Set MCA parameter "orte_base_help_aggregate" to 0 to see all help / error messages
[Realtime]	 40.383033
[Clocktime]	 87.260000
Sender: LSF System <hpcadmin@node03>
Subject: Job 16586: </gpfs1/openmpi/bin/mpirun ./hybrid 12 400000000> Done

Job </gpfs1/openmpi/bin/mpirun ./hybrid 12 400000000> was submitted from host <head1> by user <kmd14> in cluster <head1_cluster1>.
Job was executed on host(s) <1*node03>, in queue <medium_priority>, as user <kmd14> in cluster <head1_cluster1>.
                            <1*node16>
</gpfs1/kmd14> was used as the home directory.
</gpfs1/kmd14/297M/Assignments/ExtraGrades/mergesort> was used as the working directory.
Started at Wed Apr 16 02:40:41 2014
Results reported at Wed Apr 16 02:42:14 2014

Your job looked like:

------------------------------------------------------------
# LSBATCH: User input
/gpfs1/openmpi/bin/mpirun ./hybrid 12 400000000
------------------------------------------------------------

Successfully completed.

Resource usage summary:

    CPU time   :    337.30 sec.
    Max Memory :       285 MB
    Max Swap   :      3407 MB

    Max Processes  :         4
    Max Threads    :         7

The output (if any) follows:

--------------------------------------------------------------------------
WARNING: It appears that your OpenFabrics subsystem is configured to only
allow registering part of your physical memory.  This can cause MPI jobs to
run with erratic performance, hang, and/or crash.

This may be caused by your OpenFabrics vendor limiting the amount of
physical memory that can be registered.  You should investigate the
relevant Linux kernel module parameters that control how much physical
memory can be registered, and increase them to allow registering all
physical memory on your machine.

See this Open MPI FAQ item for more information on these Linux kernel module
parameters:

    http://www.open-mpi.org/faq/?category=openfabrics#ib-locked-pages

  Local host:              node03
  Registerable memory:     32768 MiB
  Total memory:            65508 MiB

Your MPI job will continue, but may be behave poorly and/or hang.
--------------------------------------------------------------------------
[node03:04937] 1 more process has sent help message help-mpi-btl-openib.txt / reg mem limit low
[node03:04937] Set MCA parameter "orte_base_help_aggregate" to 0 to see all help / error messages
[Threads] Nodes: 2 Threads/Node: 12
[Realtime]	 72.879690
[Clocktime]	 156.180000
Sender: LSF System <hpcadmin@node15>
Subject: Job 16587: </gpfs1/openmpi/bin/mpirun ./hybrid 12 500000000> Done

Job </gpfs1/openmpi/bin/mpirun ./hybrid 12 500000000> was submitted from host <head1> by user <kmd14> in cluster <head1_cluster1>.
Job was executed on host(s) <1*node15>, in queue <medium_priority>, as user <kmd14> in cluster <head1_cluster1>.
                            <1*node02>
</gpfs1/kmd14> was used as the home directory.
</gpfs1/kmd14/297M/Assignments/ExtraGrades/mergesort> was used as the working directory.
Started at Wed Apr 16 02:40:37 2014
Results reported at Wed Apr 16 02:42:29 2014

Your job looked like:

------------------------------------------------------------
# LSBATCH: User input
/gpfs1/openmpi/bin/mpirun ./hybrid 12 500000000
------------------------------------------------------------

Successfully completed.

Resource usage summary:

    CPU time   :    506.48 sec.
    Max Memory :        10 MB
    Max Swap   :       167 MB

    Max Processes  :         2
    Max Threads    :         4

The output (if any) follows:

--------------------------------------------------------------------------
WARNING: It appears that your OpenFabrics subsystem is configured to only
allow registering part of your physical memory.  This can cause MPI jobs to
run with erratic performance, hang, and/or crash.

This may be caused by your OpenFabrics vendor limiting the amount of
physical memory that can be registered.  You should investigate the
relevant Linux kernel module parameters that control how much physical
memory can be registered, and increase them to allow registering all
physical memory on your machine.

See this Open MPI FAQ item for more information on these Linux kernel module
parameters:

    http://www.open-mpi.org/faq/?category=openfabrics#ib-locked-pages

  Local host:              node15
  Registerable memory:     32768 MiB
  Total memory:            65508 MiB

Your MPI job will continue, but may be behave poorly and/or hang.
--------------------------------------------------------------------------
[node15:29806] 1 more process has sent help message help-mpi-btl-openib.txt / reg mem limit low
[node15:29806] Set MCA parameter "orte_base_help_aggregate" to 0 to see all help / error messages
[Threads] Nodes: 2 Threads/Node: 12
[Realtime]	 99.923164
[Clocktime]	 245.590000
