Sender: LSF System <hpcadmin@node15>
Subject: Job 16493: </gpfs1/openmpi/bin/mpirun ./hybrid 1 1000000> Done

Job </gpfs1/openmpi/bin/mpirun ./hybrid 1 1000000> was submitted from host <head1> by user <kmd14> in cluster <head1_cluster1>.
Job was executed on host(s) <1*node15>, in queue <medium_priority>, as user <kmd14> in cluster <head1_cluster1>.
                            <1*node03>
</gpfs1/kmd14> was used as the home directory.
</gpfs1/kmd14/297M/Assignments/ExtraGrades/mergesort> was used as the working directory.
Started at Wed Apr 16 02:37:59 2014
Results reported at Wed Apr 16 02:38:02 2014

Your job looked like:

------------------------------------------------------------
# LSBATCH: User input
/gpfs1/openmpi/bin/mpirun ./hybrid 1 1000000
------------------------------------------------------------

Successfully completed.

Resource usage summary:

    CPU time   :      1.47 sec.
    Max Memory :         1 MB
    Max Swap   :        30 MB

    Max Processes  :         1
    Max Threads    :         1

The output (if any) follows:

--------------------------------------------------------------------------
WARNING: It appears that your OpenFabrics subsystem is configured to only
allow registering part of your physical memory.  This can cause MPI jobs to
run with erratic performance, hang, and/or crash.

This may be caused by your OpenFabrics vendor limiting the amount of
physical memory that can be registered.  You should investigate the
relevant Linux kernel module parameters that control how much physical
memory can be registered, and increase them to allow registering all
physical memory on your machine.

See this Open MPI FAQ item for more information on these Linux kernel module
parameters:

    http://www.open-mpi.org/faq/?category=openfabrics#ib-locked-pages

  Local host:              node15
  Registerable memory:     32768 MiB
  Total memory:            65508 MiB

Your MPI job will continue, but may be behave poorly and/or hang.
--------------------------------------------------------------------------
[Threads] Nodes: 2 Threads/Node: 1
[Realtime]	 0.825729
[Clocktime]	 0.800000
[node15:28177] 1 more process has sent help message help-mpi-btl-openib.txt / reg mem limit low
[node15:28177] Set MCA parameter "orte_base_help_aggregate" to 0 to see all help / error messages
Sender: LSF System <hpcadmin@node10>
Subject: Job 16492: </gpfs1/openmpi/bin/mpirun ./hybrid 1 10000> Done

Job </gpfs1/openmpi/bin/mpirun ./hybrid 1 10000> was submitted from host <head1> by user <kmd14> in cluster <head1_cluster1>.
Job was executed on host(s) <1*node10>, in queue <medium_priority>, as user <kmd14> in cluster <head1_cluster1>.
                            <1*node15>
</gpfs1/kmd14> was used as the home directory.
</gpfs1/kmd14/297M/Assignments/ExtraGrades/mergesort> was used as the working directory.
Started at Wed Apr 16 02:37:59 2014
Results reported at Wed Apr 16 02:38:06 2014

Your job looked like:

------------------------------------------------------------
# LSBATCH: User input
/gpfs1/openmpi/bin/mpirun ./hybrid 1 10000
------------------------------------------------------------

Successfully completed.

Resource usage summary:

    CPU time   :      0.18 sec.
    Max Memory :         1 MB
    Max Swap   :        30 MB

    Max Processes  :         1
    Max Threads    :         1

The output (if any) follows:

--------------------------------------------------------------------------
WARNING: It appears that your OpenFabrics subsystem is configured to only
allow registering part of your physical memory.  This can cause MPI jobs to
run with erratic performance, hang, and/or crash.

This may be caused by your OpenFabrics vendor limiting the amount of
physical memory that can be registered.  You should investigate the
relevant Linux kernel module parameters that control how much physical
memory can be registered, and increase them to allow registering all
physical memory on your machine.

See this Open MPI FAQ item for more information on these Linux kernel module
parameters:

    http://www.open-mpi.org/faq/?category=openfabrics#ib-locked-pages

  Local host:              node10
  Registerable memory:     32768 MiB
  Total memory:            65508 MiB

Your MPI job will continue, but may be behave poorly and/or hang.
--------------------------------------------------------------------------
[Threads] Nodes: 2 Threads/Node: 1
[Realtime]	 0.081101
[Clocktime]	 0.050000
[node10:31410] 1 more process has sent help message help-mpi-btl-openib.txt / reg mem limit low
[node10:31410] Set MCA parameter "orte_base_help_aggregate" to 0 to see all help / error messages
Sender: LSF System <hpcadmin@node03>
Subject: Job 16494: </gpfs1/openmpi/bin/mpirun ./hybrid 1 100000000> Done

Job </gpfs1/openmpi/bin/mpirun ./hybrid 1 100000000> was submitted from host <head1> by user <kmd14> in cluster <head1_cluster1>.
Job was executed on host(s) <1*node03>, in queue <medium_priority>, as user <kmd14> in cluster <head1_cluster1>.
                            <1*node02>
</gpfs1/kmd14> was used as the home directory.
</gpfs1/kmd14/297M/Assignments/ExtraGrades/mergesort> was used as the working directory.
Started at Wed Apr 16 02:37:59 2014
Results reported at Wed Apr 16 02:40:08 2014

Your job looked like:

------------------------------------------------------------
# LSBATCH: User input
/gpfs1/openmpi/bin/mpirun ./hybrid 1 100000000
------------------------------------------------------------

Successfully completed.

Resource usage summary:

    CPU time   :    139.12 sec.
    Max Memory :       250 MB
    Max Swap   :       548 MB

    Max Processes  :         2
    Max Threads    :         4

The output (if any) follows:

--------------------------------------------------------------------------
WARNING: It appears that your OpenFabrics subsystem is configured to only
allow registering part of your physical memory.  This can cause MPI jobs to
run with erratic performance, hang, and/or crash.

This may be caused by your OpenFabrics vendor limiting the amount of
physical memory that can be registered.  You should investigate the
relevant Linux kernel module parameters that control how much physical
memory can be registered, and increase them to allow registering all
physical memory on your machine.

See this Open MPI FAQ item for more information on these Linux kernel module
parameters:

    http://www.open-mpi.org/faq/?category=openfabrics#ib-locked-pages

  Local host:              node02
  Registerable memory:     32768 MiB
  Total memory:            65508 MiB

Your MPI job will continue, but may be behave poorly and/or hang.
--------------------------------------------------------------------------
[Threads] Nodes: 2 Threads/Node: 1
[node03:02951] 1 more process has sent help message help-mpi-btl-openib.txt / reg mem limit low
[node03:02951] Set MCA parameter "orte_base_help_aggregate" to 0 to see all help / error messages
[Realtime]	 79.221932
[Clocktime]	 65.340000
Sender: LSF System <hpcadmin@node03>
Subject: Job 16495: </gpfs1/openmpi/bin/mpirun ./hybrid 1 200000000> Done

Job </gpfs1/openmpi/bin/mpirun ./hybrid 1 200000000> was submitted from host <head1> by user <kmd14> in cluster <head1_cluster1>.
Job was executed on host(s) <1*node03>, in queue <medium_priority>, as user <kmd14> in cluster <head1_cluster1>.
                            <1*node02>
</gpfs1/kmd14> was used as the home directory.
</gpfs1/kmd14/297M/Assignments/ExtraGrades/mergesort> was used as the working directory.
Started at Wed Apr 16 02:37:59 2014
Results reported at Wed Apr 16 02:40:41 2014

Your job looked like:

------------------------------------------------------------
# LSBATCH: User input
/gpfs1/openmpi/bin/mpirun ./hybrid 1 200000000
------------------------------------------------------------

Successfully completed.

Resource usage summary:

    CPU time   :    279.36 sec.
    Max Memory :        10 MB
    Max Swap   :       167 MB

    Max Processes  :         2
    Max Threads    :         4

The output (if any) follows:

--------------------------------------------------------------------------
WARNING: It appears that your OpenFabrics subsystem is configured to only
allow registering part of your physical memory.  This can cause MPI jobs to
run with erratic performance, hang, and/or crash.

This may be caused by your OpenFabrics vendor limiting the amount of
physical memory that can be registered.  You should investigate the
relevant Linux kernel module parameters that control how much physical
memory can be registered, and increase them to allow registering all
physical memory on your machine.

See this Open MPI FAQ item for more information on these Linux kernel module
parameters:

    http://www.open-mpi.org/faq/?category=openfabrics#ib-locked-pages

  Local host:              node03
  Registerable memory:     32768 MiB
  Total memory:            65508 MiB

Your MPI job will continue, but may be behave poorly and/or hang.
--------------------------------------------------------------------------
[node03:02952] 1 more process has sent help message help-mpi-btl-openib.txt / reg mem limit low
[node03:02952] Set MCA parameter "orte_base_help_aggregate" to 0 to see all help / error messages
[Threads] Nodes: 2 Threads/Node: 1
[Realtime]	 151.044530
[Clocktime]	 141.240000
Sender: LSF System <hpcadmin@node02>
Subject: Job 16496: </gpfs1/openmpi/bin/mpirun ./hybrid 1 400000000> Done

Job </gpfs1/openmpi/bin/mpirun ./hybrid 1 400000000> was submitted from host <head1> by user <kmd14> in cluster <head1_cluster1>.
Job was executed on host(s) <1*node02>, in queue <medium_priority>, as user <kmd14> in cluster <head1_cluster1>.
                            <1*node08>
</gpfs1/kmd14> was used as the home directory.
</gpfs1/kmd14/297M/Assignments/ExtraGrades/mergesort> was used as the working directory.
Started at Wed Apr 16 02:37:59 2014
Results reported at Wed Apr 16 02:43:10 2014

Your job looked like:

------------------------------------------------------------
# LSBATCH: User input
/gpfs1/openmpi/bin/mpirun ./hybrid 1 400000000
------------------------------------------------------------

Successfully completed.

Resource usage summary:

    CPU time   :    494.50 sec.
    Max Memory :      1155 MB
    Max Swap   :      1692 MB

    Max Processes  :         2
    Max Threads    :         4

The output (if any) follows:

--------------------------------------------------------------------------
WARNING: It appears that your OpenFabrics subsystem is configured to only
allow registering part of your physical memory.  This can cause MPI jobs to
run with erratic performance, hang, and/or crash.

This may be caused by your OpenFabrics vendor limiting the amount of
physical memory that can be registered.  You should investigate the
relevant Linux kernel module parameters that control how much physical
memory can be registered, and increase them to allow registering all
physical memory on your machine.

See this Open MPI FAQ item for more information on these Linux kernel module
parameters:

    http://www.open-mpi.org/faq/?category=openfabrics#ib-locked-pages

  Local host:              node02
  Registerable memory:     32768 MiB
  Total memory:            65508 MiB

Your MPI job will continue, but may be behave poorly and/or hang.
--------------------------------------------------------------------------
[node02:12768] 1 more process has sent help message help-mpi-btl-openib.txt / reg mem limit low
[node02:12768] Set MCA parameter "orte_base_help_aggregate" to 0 to see all help / error messages
[Threads] Nodes: 2 Threads/Node: 1
[Realtime]	 300.505584
[Clocktime]	 262.140000
Sender: LSF System <hpcadmin@node08>
Subject: Job 16497: </gpfs1/openmpi/bin/mpirun ./hybrid 1 500000000> Done

Job </gpfs1/openmpi/bin/mpirun ./hybrid 1 500000000> was submitted from host <head1> by user <kmd14> in cluster <head1_cluster1>.
Job was executed on host(s) <1*node08>, in queue <medium_priority>, as user <kmd14> in cluster <head1_cluster1>.
                            <1*node14>
</gpfs1/kmd14> was used as the home directory.
</gpfs1/kmd14/297M/Assignments/ExtraGrades/mergesort> was used as the working directory.
Started at Wed Apr 16 02:37:59 2014
Results reported at Wed Apr 16 02:45:50 2014

Your job looked like:

------------------------------------------------------------
# LSBATCH: User input
/gpfs1/openmpi/bin/mpirun ./hybrid 1 500000000
------------------------------------------------------------

Successfully completed.

Resource usage summary:

    CPU time   :    823.62 sec.
    Max Memory :      1441 MB
    Max Swap   :      2073 MB

    Max Processes  :         2
    Max Threads    :         4

The output (if any) follows:

--------------------------------------------------------------------------
WARNING: It appears that your OpenFabrics subsystem is configured to only
allow registering part of your physical memory.  This can cause MPI jobs to
run with erratic performance, hang, and/or crash.

This may be caused by your OpenFabrics vendor limiting the amount of
physical memory that can be registered.  You should investigate the
relevant Linux kernel module parameters that control how much physical
memory can be registered, and increase them to allow registering all
physical memory on your machine.

See this Open MPI FAQ item for more information on these Linux kernel module
parameters:

    http://www.open-mpi.org/faq/?category=openfabrics#ib-locked-pages

  Local host:              node14
  Registerable memory:     32768 MiB
  Total memory:            65508 MiB

Your MPI job will continue, but may be behave poorly and/or hang.
--------------------------------------------------------------------------
[node08:08310] 1 more process has sent help message help-mpi-btl-openib.txt / reg mem limit low
[node08:08310] Set MCA parameter "orte_base_help_aggregate" to 0 to see all help / error messages
[Threads] Nodes: 2 Threads/Node: 1
[Realtime]	 455.044125
[Clocktime]	 374.220000
